[2026-05-23 12:03:13] ============================================================
[2026-05-23 12:03:13]   JOB START   : home_occupancy_fedmd_all_small
[2026-05-23 12:03:13]   PID         : 2236
[2026-05-23 12:03:13]   Log         : /c/Users/ggad/Desktop/HomeSenseKD/logs/phase2/home_occupancy_fedmd_all_small.log
[2026-05-23 12:03:13]   Results dir : /c/Users/ggad/Desktop/HomeSenseKD/results/phase2
[2026-05-23 12:03:13]   Fig dir     : /c/Users/ggad/Desktop/HomeSenseKD/results/phase2/figures
[2026-05-23 12:03:13]   Cmd         : /c/Users/ggad/Desktop/HomeSenseKD/venv/Scripts/python.exe /c/Users/ggad/Desktop/HomeSenseKD/run_fedkd.py \
[2026-05-23 12:03:13]                   --config /c/Users/ggad/Desktop/HomeSenseKD/config/home_occupancy.yaml \
[2026-05-23 12:03:13]                   --algorithm fedmd --heterogeneity all_small \
[2026-05-23 12:03:13]                   --override experiment.results_dir=/c/Users/ggad/Desktop/HomeSenseKD/results/phase2 \
[2026-05-23 12:03:13]                              experiment.fig_dir=/c/Users/ggad/Desktop/HomeSenseKD/results/phase2/figures
[2026-05-23 12:03:13] ============================================================
[2026-05-23 12:03:14] WARNING: All log messages before absl::InitializeLog() is called are written to STDERR
[2026-05-23 12:03:14] I0000 00:00:1779552194.775139   26652 port.cc:153] oneDNN custom operations are on. You may see slightly different numerical results due to floating-point round-off errors from different computation orders. To turn them off, set the environment variable `TF_ENABLE_ONEDNN_OPTS=0`.
[2026-05-23 12:03:19] WARNING: All log messages before absl::InitializeLog() is called are written to STDERR
[2026-05-23 12:03:19] I0000 00:00:1779552199.335250   26652 port.cc:153] oneDNN custom operations are on. You may see slightly different numerical results due to floating-point round-off errors from different computation orders. To turn them off, set the environment variable `TF_ENABLE_ONEDNN_OPTS=0`.
[2026-05-23 12:03:23] Warning: You are sending unauthenticated requests to the HF Hub. Please set a HF_TOKEN to enable higher rate limits and faster downloads.
[2026-05-23 12:06:08] I0000 00:00:1779552368.625382   26652 cpu_feature_guard.cc:227] This TensorFlow binary is optimized to use available CPU instructions in performance-critical operations.
[2026-05-23 12:06:08] To enable the following instructions: SSE3 SSE4.1 SSE4.2 AVX AVX2 AVX_VNNI FMA, in other operations, rebuild TensorFlow with the appropriate compiler flags.
[2026-05-23 12:06:08] WARNING:tensorflow:TensorFlow GPU support is not available on native Windows for TensorFlow >= 2.11. Even if CUDA/cuDNN are installed, GPU will not be used. Please use WSL2 or the TensorFlow-DirectML plugin.
