[2026-05-29 19:29:44] ============================================================
[2026-05-29 19:29:44]   JOB START   : home_occupancy_fedmd_skewed
[2026-05-29 19:29:44]   PID         : 2305
[2026-05-29 19:29:44]   Log         : /c/Users/ggad/Desktop/HomeSenseKD/logs/phase2/home_occupancy_fedmd_skewed.log
[2026-05-29 19:29:44]   Results dir : /c/Users/ggad/Desktop/HomeSenseKD/results/phase2
[2026-05-29 19:29:44]   Fig dir     : /c/Users/ggad/Desktop/HomeSenseKD/results/phase2/figures
[2026-05-29 19:29:44]   Cmd         : /c/Users/ggad/Desktop/HomeSenseKD/venv/Scripts/python.exe /c/Users/ggad/Desktop/HomeSenseKD/run_fedkd.py \
[2026-05-29 19:29:44]                   --config /c/Users/ggad/Desktop/HomeSenseKD/config/home_occupancy.yaml \
[2026-05-29 19:29:44]                   --algorithm fedmd --heterogeneity skewed \
[2026-05-29 19:29:44]                   --override experiment.results_dir=/c/Users/ggad/Desktop/HomeSenseKD/results/phase2 \
[2026-05-29 19:29:44]                              experiment.fig_dir=/c/Users/ggad/Desktop/HomeSenseKD/results/phase2/figures
[2026-05-29 19:29:44] ============================================================
[2026-05-29 19:30:04] WARNING: All log messages before absl::InitializeLog() is called are written to STDERR
[2026-05-29 19:30:04] I0000 00:00:1780097404.162884    5648 port.cc:153] oneDNN custom operations are on. You may see slightly different numerical results due to floating-point round-off errors from different computation orders. To turn them off, set the environment variable `TF_ENABLE_ONEDNN_OPTS=0`.
[2026-05-29 19:30:40] WARNING: All log messages before absl::InitializeLog() is called are written to STDERR
[2026-05-29 19:30:40] I0000 00:00:1780097440.917425    5648 port.cc:153] oneDNN custom operations are on. You may see slightly different numerical results due to floating-point round-off errors from different computation orders. To turn them off, set the environment variable `TF_ENABLE_ONEDNN_OPTS=0`.
[2026-05-29 19:31:25] Warning: You are sending unauthenticated requests to the HF Hub. Please set a HF_TOKEN to enable higher rate limits and faster downloads.
[2026-05-29 19:41:27] I0000 00:00:1780098087.582174    5648 cpu_feature_guard.cc:227] This TensorFlow binary is optimized to use available CPU instructions in performance-critical operations.
[2026-05-29 19:41:27] To enable the following instructions: SSE3 SSE4.1 SSE4.2 AVX AVX2 AVX_VNNI FMA, in other operations, rebuild TensorFlow with the appropriate compiler flags.
[2026-05-29 19:41:28] WARNING:tensorflow:TensorFlow GPU support is not available on native Windows for TensorFlow >= 2.11. Even if CUDA/cuDNN are installed, GPU will not be used. Please use WSL2 or the TensorFlow-DirectML plugin.
