[2026-05-23 12:03:12] ============================================================
[2026-05-23 12:03:12]   Global run — all phases
[2026-05-23 12:03:12]   Run started : 2026-05-23 12:03:12
[2026-05-23 12:03:12]   Host        : WIN-VP35KLEOC2D
[2026-05-23 12:03:12]   OS          : MINGW64_NT-10.0-26200 WIN-VP35KLEOC2D 3.6.5-22c95533.x86_64 2025-10-10 12:02 UTC x86_64 Msys
[2026-05-23 12:03:13]   CPU         : 12 logical cores
[2026-05-23 12:03:13]   RAM         : N/A
[2026-05-23 12:03:13]   GPU         : N/A (nvidia-smi not found)
[2026-05-23 12:03:13]   Python      : Python 3.11.1
[2026-05-23 12:03:13]   Phase       : 2   Jobs: 2   Dry-run: false
[2026-05-23 12:03:13]   Log dir     : /c/Users/ggad/Desktop/HomeSenseKD/logs
[2026-05-23 12:03:13]   Results dir : 
[2026-05-23 12:03:13]   Master log  : /c/Users/ggad/Desktop/HomeSenseKD/logs/master_20260523_120312.log
[2026-05-23 12:03:13] ============================================================
[2026-05-23 12:03:13]   Scope : 7 algorithms x 3 heterogeneity distributions
[2026-05-23 12:03:13] ============================================================
[2026-05-23 12:03:13]   JOB START   : home_occupancy_fedmd_uniform
[2026-05-23 12:03:13]   PID         : 2237
[2026-05-23 12:03:13]   Log         : /c/Users/ggad/Desktop/HomeSenseKD/logs/phase2/home_occupancy_fedmd_uniform.log
[2026-05-23 12:03:13]   Results dir : /c/Users/ggad/Desktop/HomeSenseKD/results/phase2
[2026-05-23 12:03:13]   Fig dir     : /c/Users/ggad/Desktop/HomeSenseKD/results/phase2/figures
[2026-05-23 12:03:13]   Cmd         : /c/Users/ggad/Desktop/HomeSenseKD/venv/Scripts/python.exe /c/Users/ggad/Desktop/HomeSenseKD/run_fedkd.py \
[2026-05-23 12:03:13]                   --config /c/Users/ggad/Desktop/HomeSenseKD/config/home_occupancy.yaml \
[2026-05-23 12:03:13]                   --algorithm fedmd --heterogeneity uniform \
[2026-05-23 12:03:13]                   --override experiment.results_dir=/c/Users/ggad/Desktop/HomeSenseKD/results/phase2 \
[2026-05-23 12:03:13]                              experiment.fig_dir=/c/Users/ggad/Desktop/HomeSenseKD/results/phase2/figures
[2026-05-23 12:03:13] ============================================================
[2026-05-23 12:03:13] ============================================================
[2026-05-23 12:03:13]   JOB START   : home_occupancy_fedmd_all_small
[2026-05-23 12:03:13]   PID         : 2236
[2026-05-23 12:03:13]   Log         : /c/Users/ggad/Desktop/HomeSenseKD/logs/phase2/home_occupancy_fedmd_all_small.log
[2026-05-23 12:03:13]   Results dir : /c/Users/ggad/Desktop/HomeSenseKD/results/phase2
[2026-05-23 12:03:13]   Fig dir     : /c/Users/ggad/Desktop/HomeSenseKD/results/phase2/figures
[2026-05-23 12:03:13]   Cmd         : /c/Users/ggad/Desktop/HomeSenseKD/venv/Scripts/python.exe /c/Users/ggad/Desktop/HomeSenseKD/run_fedkd.py \
[2026-05-23 12:03:13]                   --config /c/Users/ggad/Desktop/HomeSenseKD/config/home_occupancy.yaml \
[2026-05-23 12:03:13]                   --algorithm fedmd --heterogeneity all_small \
[2026-05-23 12:03:13]                   --override experiment.results_dir=/c/Users/ggad/Desktop/HomeSenseKD/results/phase2 \
[2026-05-23 12:03:13]                              experiment.fig_dir=/c/Users/ggad/Desktop/HomeSenseKD/results/phase2/figures
[2026-05-23 12:03:13] ============================================================
[2026-05-23 12:03:14] WARNING: All log messages before absl::InitializeLog() is called are written to STDERR
[2026-05-23 12:03:14] I0000 00:00:1779552194.775139   26652 port.cc:153] oneDNN custom operations are on. You may see slightly different numerical results due to floating-point round-off errors from different computation orders. To turn them off, set the environment variable `TF_ENABLE_ONEDNN_OPTS=0`.
[2026-05-23 12:03:14] WARNING: All log messages before absl::InitializeLog() is called are written to STDERR
[2026-05-23 12:03:14] I0000 00:00:1779552194.775172   22432 port.cc:153] oneDNN custom operations are on. You may see slightly different numerical results due to floating-point round-off errors from different computation orders. To turn them off, set the environment variable `TF_ENABLE_ONEDNN_OPTS=0`.
[2026-05-23 12:03:19] WARNING: All log messages before absl::InitializeLog() is called are written to STDERR
[2026-05-23 12:03:19] WARNING: All log messages before absl::InitializeLog() is called are written to STDERR
[2026-05-23 12:03:19] I0000 00:00:1779552199.335255   22432 port.cc:153] oneDNN custom operations are on. You may see slightly different numerical results due to floating-point round-off errors from different computation orders. To turn them off, set the environment variable `TF_ENABLE_ONEDNN_OPTS=0`.
[2026-05-23 12:03:19] I0000 00:00:1779552199.335250   26652 port.cc:153] oneDNN custom operations are on. You may see slightly different numerical results due to floating-point round-off errors from different computation orders. To turn them off, set the environment variable `TF_ENABLE_ONEDNN_OPTS=0`.
[2026-05-23 12:03:23] Warning: You are sending unauthenticated requests to the HF Hub. Please set a HF_TOKEN to enable higher rate limits and faster downloads.
[2026-05-23 12:03:23] Warning: You are sending unauthenticated requests to the HF Hub. Please set a HF_TOKEN to enable higher rate limits and faster downloads.
[2026-05-23 12:06:08] I0000 00:00:1779552368.625382   26652 cpu_feature_guard.cc:227] This TensorFlow binary is optimized to use available CPU instructions in performance-critical operations.
[2026-05-23 12:06:08] To enable the following instructions: SSE3 SSE4.1 SSE4.2 AVX AVX2 AVX_VNNI FMA, in other operations, rebuild TensorFlow with the appropriate compiler flags.
[2026-05-23 12:06:08] I0000 00:00:1779552368.665899   22432 cpu_feature_guard.cc:227] This TensorFlow binary is optimized to use available CPU instructions in performance-critical operations.
[2026-05-23 12:06:08] To enable the following instructions: SSE3 SSE4.1 SSE4.2 AVX AVX2 AVX_VNNI FMA, in other operations, rebuild TensorFlow with the appropriate compiler flags.
[2026-05-23 12:06:08] WARNING:tensorflow:TensorFlow GPU support is not available on native Windows for TensorFlow >= 2.11. Even if CUDA/cuDNN are installed, GPU will not be used. Please use WSL2 or the TensorFlow-DirectML plugin.
[2026-05-23 12:06:08] WARNING:tensorflow:TensorFlow GPU support is not available on native Windows for TensorFlow >= 2.11. Even if CUDA/cuDNN are installed, GPU will not be used. Please use WSL2 or the TensorFlow-DirectML plugin.
[2026-05-28 12:26:14]   Saved tiers_home_occupancy_all_small.png
[2026-05-28 12:26:14] =================================================================
[2026-05-28 12:26:14]   Dataset    : home_occupancy  (public: home_har)
[2026-05-28 12:26:14]   Algorithms : ['fedmd']
[2026-05-28 12:26:14]   Heterogen. : all_small  ->  ['small', 'small', 'small', 'small', 'small', 'small']...
[2026-05-28 12:26:14]   Seeds      : [42, 123, 456]
[2026-05-28 12:26:14]   Settings   : ['iid', 'noniid']
[2026-05-28 12:26:14] =================================================================
[2026-05-28 12:26:14] 
[2026-05-28 12:26:14] [seed=42]  FEDMD  dataset=home_occupancy  hetero=all_small
[2026-05-28 12:26:14] Loading HomeOccupancy...
[2026-05-28 12:26:14]   empty_1: 192
[2026-05-28 12:26:14]   empty_2: 183
[2026-05-28 12:26:14]   empty_3 test: 181
[2026-05-28 12:26:14]   sleep_1: 191
[2026-05-28 12:26:14]   sleep_2: 189
[2026-05-28 12:26:14]   sleep_3 test: 181
[2026-05-28 12:26:14]   work_1: 118
[2026-05-28 12:26:14]   work_2: 175
[2026-05-28 12:26:14]   work_3 test: 193
[2026-05-28 12:26:14]   -> 1048 train, 555 test
[2026-05-28 12:26:14] Loading HomeHAR...
[2026-05-28 12:26:14]   data1/drink.csv: 210
[2026-05-28 12:26:14]   data1/eat.csv: 198
[2026-05-28 12:26:14]   data1/empty.csv: 190
[2026-05-28 12:26:14]   data1/sleep.csv: 199
[2026-05-28 12:26:14]   data1/smoke.csv: 198
[2026-05-28 12:26:14]   data1/watch.csv: 190
[2026-05-28 12:26:14]   data1/work.csv: 190
[2026-05-28 12:26:14]   -> 1375 public
[2026-05-28 12:26:14] 
[2026-05-28 12:26:14] =================================================================
[2026-05-28 12:26:14]   FEDMD — IID
[2026-05-28 12:26:14] =================================================================
[2026-05-28 12:26:14]   Round   1/50 | Avg: 0.4274 | Min: 0.1964 | Max: 0.6811
[2026-05-28 12:26:14]   Round   2/50 | Avg: 0.4029 | Min: 0.1964 | Max: 0.6505
[2026-05-28 12:26:14]   Round   3/50 | Avg: 0.5194 | Min: 0.2000 | Max: 0.7946
[2026-05-28 12:26:14]   Round   4/50 | Avg: 0.5841 | Min: 0.5207 | Max: 0.7820
[2026-05-28 12:26:14]   Round   5/50 | Avg: 0.5623 | Min: 0.5207 | Max: 0.6523
[2026-05-28 12:26:14]   Round   6/50 | Avg: 0.5456 | Min: 0.5207 | Max: 0.6703
[2026-05-28 12:26:14]   Round   7/50 | Avg: 0.5790 | Min: 0.5207 | Max: 0.6793
[2026-05-28 12:26:14]   Round   8/50 | Avg: 0.6345 | Min: 0.5207 | Max: 0.8613
[2026-05-28 12:26:14]   Round   9/50 | Avg: 0.6957 | Min: 0.5207 | Max: 0.8883
[2026-05-28 12:26:14]   Round  10/50 | Avg: 0.7115 | Min: 0.5279 | Max: 0.8829
[2026-05-28 12:26:14]   Round  11/50 | Avg: 0.7747 | Min: 0.5369 | Max: 0.9153
[2026-05-28 12:26:14]   Round  12/50 | Avg: 0.7845 | Min: 0.5369 | Max: 0.9243
[2026-05-28 12:26:14]   Round  13/50 | Avg: 0.8276 | Min: 0.6198 | Max: 0.9279
[2026-05-28 12:26:14]   Round  14/50 | Avg: 0.8623 | Min: 0.7045 | Max: 0.9171
[2026-05-28 12:26:14]   Round  15/50 | Avg: 0.8357 | Min: 0.7279 | Max: 0.9207
[2026-05-28 12:26:14]   Round  16/50 | Avg: 0.8474 | Min: 0.7081 | Max: 0.9207
[2026-05-28 12:26:14]   Round  17/50 | Avg: 0.8802 | Min: 0.7586 | Max: 0.9315
[2026-05-28 12:26:14]   Round  18/50 | Avg: 0.8777 | Min: 0.7640 | Max: 0.9225
[2026-05-28 12:26:14]   Round  19/50 | Avg: 0.8638 | Min: 0.7153 | Max: 0.9333
[2026-05-28 12:26:14]   Round  20/50 | Avg: 0.8659 | Min: 0.6847 | Max: 0.9207
[2026-05-28 12:26:14]   Round  21/50 | Avg: 0.8871 | Min: 0.7405 | Max: 0.9333
[2026-05-28 12:26:14]   Round  22/50 | Avg: 0.8680 | Min: 0.7423 | Max: 0.9297
[2026-05-28 12:26:14]   Round  23/50 | Avg: 0.8934 | Min: 0.7550 | Max: 0.9243
[2026-05-28 12:26:14]   Round  24/50 | Avg: 0.8937 | Min: 0.8198 | Max: 0.9207
[2026-05-28 12:26:14]   Round  25/50 | Avg: 0.8642 | Min: 0.7532 | Max: 0.9333
[2026-05-28 12:26:14]   Round  26/50 | Avg: 0.8745 | Min: 0.7459 | Max: 0.9297
[2026-05-28 12:26:14]   Round  27/50 | Avg: 0.8850 | Min: 0.7694 | Max: 0.9225
[2026-05-28 12:26:14]   Round  28/50 | Avg: 0.8748 | Min: 0.7658 | Max: 0.9135
[2026-05-28 12:26:14]   Round  29/50 | Avg: 0.8832 | Min: 0.7315 | Max: 0.9207
[2026-05-28 12:26:14]   Round  30/50 | Avg: 0.8768 | Min: 0.7658 | Max: 0.9207
[2026-05-28 12:26:14]   Round  31/50 | Avg: 0.8745 | Min: 0.7333 | Max: 0.9225
[2026-05-28 12:26:14]   Round  32/50 | Avg: 0.8711 | Min: 0.7459 | Max: 0.9189
[2026-05-28 12:26:14]   Round  33/50 | Avg: 0.8806 | Min: 0.6811 | Max: 0.9207
[2026-05-28 12:26:14]   Round  34/50 | Avg: 0.8932 | Min: 0.7748 | Max: 0.9351
[2026-05-28 12:26:14]   Round  35/50 | Avg: 0.8868 | Min: 0.8108 | Max: 0.9279
[2026-05-28 12:26:14]   Round  36/50 | Avg: 0.8831 | Min: 0.8072 | Max: 0.9261
[2026-05-28 12:26:14]   Round  37/50 | Avg: 0.8767 | Min: 0.7369 | Max: 0.9243
[2026-05-28 12:26:14]   Round  38/50 | Avg: 0.8848 | Min: 0.7856 | Max: 0.9279
[2026-05-28 12:26:14]   Round  39/50 | Avg: 0.8868 | Min: 0.8378 | Max: 0.9225
[2026-05-28 12:26:14]   Round  40/50 | Avg: 0.8611 | Min: 0.7297 | Max: 0.9243
[2026-05-28 12:26:14]   Round  41/50 | Avg: 0.8770 | Min: 0.7694 | Max: 0.9315
[2026-05-28 12:26:14]   Round  42/50 | Avg: 0.8677 | Min: 0.7477 | Max: 0.9189
[2026-05-28 12:26:14]   Round  43/50 | Avg: 0.8777 | Min: 0.7838 | Max: 0.9297
[2026-05-28 12:26:14]   Round  44/50 | Avg: 0.8782 | Min: 0.8324 | Max: 0.9171
[2026-05-28 12:26:14]   Round  45/50 | Avg: 0.8705 | Min: 0.7315 | Max: 0.9225
[2026-05-28 12:26:14]   Round  46/50 | Avg: 0.8699 | Min: 0.7892 | Max: 0.9189
[2026-05-28 12:26:14]   Round  47/50 | Avg: 0.8757 | Min: 0.7694 | Max: 0.9279
[2026-05-28 12:26:14]   Round  48/50 | Avg: 0.8632 | Min: 0.7532 | Max: 0.9261
[2026-05-28 12:26:14]   Round  49/50 | Avg: 0.8655 | Min: 0.7982 | Max: 0.9297
[2026-05-28 12:26:14]   Round  50/50 | Avg: 0.8713 | Min: 0.7550 | Max: 0.9243
[2026-05-28 12:26:14]   FEDMD — IID done.
[2026-05-28 12:26:14] 
[2026-05-28 12:26:14] =================================================================
[2026-05-28 12:26:14]   FEDMD — NONIID
[2026-05-28 12:26:14] =================================================================
[2026-05-28 12:26:14]   Round   1/50 | Avg: 0.3315 | Min: 0.3261 | Max: 0.3477
[2026-05-28 12:26:14]   Round   2/50 | Avg: 0.3458 | Min: 0.3261 | Max: 0.6018
[2026-05-28 12:26:14]   Round   3/50 | Avg: 0.3345 | Min: 0.3261 | Max: 0.3856
[2026-05-28 12:26:14]   Round   4/50 | Avg: 0.3329 | Min: 0.3261 | Max: 0.3477
[2026-05-28 12:26:14]   Round   5/50 | Avg: 0.3326 | Min: 0.3261 | Max: 0.3477
[2026-05-28 12:26:14]   Round   6/50 | Avg: 0.3348 | Min: 0.1946 | Max: 0.4793
[2026-05-28 12:26:14]   Round   7/50 | Avg: 0.3422 | Min: 0.3261 | Max: 0.5171
[2026-05-28 12:26:14]   Round   8/50 | Avg: 0.3489 | Min: 0.3261 | Max: 0.6523
[2026-05-28 12:26:14]   Round   9/50 | Avg: 0.3475 | Min: 0.2973 | Max: 0.6523
[2026-05-28 12:26:14]   Round  10/50 | Avg: 0.3424 | Min: 0.1946 | Max: 0.6523
[2026-05-28 12:26:14]   Round  11/50 | Avg: 0.3586 | Min: 0.1946 | Max: 0.6523
[2026-05-28 12:26:14]   Round  12/50 | Avg: 0.3702 | Min: 0.3261 | Max: 0.6523
[2026-05-28 12:26:14]   Round  13/50 | Avg: 0.3587 | Min: 0.1946 | Max: 0.6523
[2026-05-28 12:26:14]   Round  14/50 | Avg: 0.3586 | Min: 0.1946 | Max: 0.6523
[2026-05-28 12:26:14]   Round  15/50 | Avg: 0.3635 | Min: 0.2559 | Max: 0.6523
[2026-05-28 12:26:14]   Round  16/50 | Avg: 0.3750 | Min: 0.3261 | Max: 0.6523
[2026-05-28 12:26:14]   Round  17/50 | Avg: 0.3784 | Min: 0.3261 | Max: 0.6523
[2026-05-28 12:26:14]   Round  18/50 | Avg: 0.3905 | Min: 0.3261 | Max: 0.6523
[2026-05-28 12:26:14]   Round  19/50 | Avg: 0.3926 | Min: 0.3261 | Max: 0.6523
[2026-05-28 12:26:14]   Round  20/50 | Avg: 0.3890 | Min: 0.2306 | Max: 0.6523
[2026-05-28 12:26:14]   Round  21/50 | Avg: 0.4062 | Min: 0.1946 | Max: 0.7135
[2026-05-28 12:26:14]   Round  22/50 | Avg: 0.4331 | Min: 0.1982 | Max: 0.8883
[2026-05-28 12:26:14]   Round  23/50 | Avg: 0.4430 | Min: 0.3261 | Max: 0.6847
[2026-05-28 12:26:14]   Round  24/50 | Avg: 0.4455 | Min: 0.3261 | Max: 0.6523
[2026-05-28 12:26:14]   Round  25/50 | Avg: 0.4477 | Min: 0.3261 | Max: 0.7045
[2026-05-28 12:26:14]   Round  26/50 | Avg: 0.4556 | Min: 0.3261 | Max: 0.7225
[2026-05-28 12:26:14]   Round  27/50 | Avg: 0.4639 | Min: 0.3261 | Max: 0.7225
[2026-05-28 12:26:14]   Round  28/50 | Avg: 0.4619 | Min: 0.2288 | Max: 0.6937
[2026-05-28 12:26:14]   Round  29/50 | Avg: 0.4585 | Min: 0.2126 | Max: 0.6829
[2026-05-28 12:26:14]   Round  30/50 | Avg: 0.4685 | Min: 0.2216 | Max: 0.7423
[2026-05-28 12:26:14]   Round  31/50 | Avg: 0.4695 | Min: 0.1982 | Max: 0.7441
[2026-05-28 12:26:14]   Round  32/50 | Avg: 0.4710 | Min: 0.1946 | Max: 0.7117
[2026-05-28 12:26:14]   Round  33/50 | Avg: 0.4849 | Min: 0.1946 | Max: 0.7261
[2026-05-28 12:26:14]   Round  34/50 | Avg: 0.4831 | Min: 0.1946 | Max: 0.7207
[2026-05-28 12:26:14]   Round  35/50 | Avg: 0.4876 | Min: 0.1946 | Max: 0.6829
[2026-05-28 12:26:14]   Round  36/50 | Avg: 0.4957 | Min: 0.1946 | Max: 0.7369
[2026-05-28 12:26:14]   Round  37/50 | Avg: 0.4977 | Min: 0.1946 | Max: 0.7117
[2026-05-28 12:26:14]   Round  38/50 | Avg: 0.5177 | Min: 0.1946 | Max: 0.7099
[2026-05-28 12:26:14]   Round  39/50 | Avg: 0.5353 | Min: 0.1946 | Max: 0.7658
[2026-05-28 12:26:14]   Round  40/50 | Avg: 0.5346 | Min: 0.1946 | Max: 0.7189
[2026-05-28 12:26:14]   Round  41/50 | Avg: 0.5426 | Min: 0.1946 | Max: 0.7351
[2026-05-28 12:26:14]   Round  42/50 | Avg: 0.5434 | Min: 0.1946 | Max: 0.7387
[2026-05-28 12:26:14]   Round  43/50 | Avg: 0.5500 | Min: 0.1946 | Max: 0.7802
[2026-05-28 12:26:14]   Round  44/50 | Avg: 0.5532 | Min: 0.1946 | Max: 0.7640
[2026-05-28 12:26:14]   Round  45/50 | Avg: 0.5577 | Min: 0.1946 | Max: 0.7676
[2026-05-28 12:26:14]   Round  46/50 | Avg: 0.5606 | Min: 0.1946 | Max: 0.7640
[2026-05-28 12:26:14]   Round  47/50 | Avg: 0.5549 | Min: 0.1946 | Max: 0.7676
[2026-05-28 12:26:14]   Round  48/50 | Avg: 0.5702 | Min: 0.1946 | Max: 0.8306
[2026-05-28 12:26:14]   Round  49/50 | Avg: 0.5616 | Min: 0.1946 | Max: 0.8252
[2026-05-28 12:26:14]   Round  50/50 | Avg: 0.5605 | Min: 0.1946 | Max: 0.8018
[2026-05-28 12:26:14]   FEDMD — NONIID done.
[2026-05-28 12:26:14] 
[2026-05-28 12:26:14] [seed=123]  FEDMD  dataset=home_occupancy  hetero=all_small
[2026-05-28 12:26:14] Loading HomeOccupancy...
[2026-05-28 12:26:14]   empty_1: 192
[2026-05-28 12:26:14]   empty_2: 183
[2026-05-28 12:26:14]   empty_3 test: 181
[2026-05-28 12:26:14]   sleep_1: 191
[2026-05-28 12:26:14]   sleep_2: 189
[2026-05-28 12:26:14]   sleep_3 test: 181
[2026-05-28 12:26:14]   work_1: 118
[2026-05-28 12:26:14]   work_2: 175
[2026-05-28 12:26:14]   work_3 test: 193
[2026-05-28 12:26:14]   -> 1048 train, 555 test
[2026-05-28 12:26:14] Loading HomeHAR...
[2026-05-28 12:26:14]   data1/drink.csv: 210
[2026-05-28 12:26:14]   data1/eat.csv: 198
[2026-05-28 12:26:14]   data1/empty.csv: 190
[2026-05-28 12:26:14]   data1/sleep.csv: 199
[2026-05-28 12:26:14]   data1/smoke.csv: 198
[2026-05-28 12:26:14]   data1/watch.csv: 190
[2026-05-28 12:26:14]   data1/work.csv: 190
[2026-05-28 12:26:14]   -> 1375 public
[2026-05-28 12:26:14] 
[2026-05-28 12:26:14] =================================================================
[2026-05-28 12:26:14]   FEDMD — IID
[2026-05-28 12:26:14] =================================================================
[2026-05-28 12:26:14]   Round   1/50 | Avg: 0.4090 | Min: 0.3261 | Max: 0.6414
[2026-05-28 12:26:14]   Round   2/50 | Avg: 0.4020 | Min: 0.2036 | Max: 0.7027
[2026-05-28 12:26:14]   Round   3/50 | Avg: 0.3613 | Min: 0.1946 | Max: 0.6414
[2026-05-28 12:26:14]   Round   4/50 | Avg: 0.6190 | Min: 0.2324 | Max: 0.8018
[2026-05-28 12:26:14]   Round   5/50 | Avg: 0.6441 | Min: 0.5207 | Max: 0.9099
[2026-05-28 12:26:14]   Round   6/50 | Avg: 0.6277 | Min: 0.5207 | Max: 0.8955
[2026-05-28 12:26:14]   Round   7/50 | Avg: 0.5672 | Min: 0.5207 | Max: 0.7405
[2026-05-28 12:26:14]   Round   8/50 | Avg: 0.6256 | Min: 0.5207 | Max: 0.8685
[2026-05-28 12:26:14]   Round   9/50 | Avg: 0.6241 | Min: 0.5207 | Max: 0.9117
[2026-05-29 19:28:01]   Round  10/50 | Avg: 0.6683 | Min: 0.5207 | Max: 0.9153
[2026-05-29 19:28:01]   Round  11/50 | Avg: 0.6412 | Min: 0.5207 | Max: 0.8703
[2026-05-29 19:28:01]   Round  12/50 | Avg: 0.6574 | Min: 0.5207 | Max: 0.9243
[2026-05-29 19:28:01]   Round  13/50 | Avg: 0.6876 | Min: 0.5207 | Max: 0.8829
[2026-05-29 19:28:01]   Round  14/50 | Avg: 0.7063 | Min: 0.5207 | Max: 0.9189
[2026-05-29 19:28:01]   Round  15/50 | Avg: 0.6934 | Min: 0.5532 | Max: 0.9189
[2026-05-29 19:28:01]   Round  16/50 | Avg: 0.7187 | Min: 0.5207 | Max: 0.9135
[2026-05-29 19:28:01]   Round  17/50 | Avg: 0.7438 | Min: 0.6378 | Max: 0.9153
[2026-05-29 19:28:01]   Round  18/50 | Avg: 0.7443 | Min: 0.5694 | Max: 0.8973
[2026-05-29 19:28:01]   Round  19/50 | Avg: 0.7403 | Min: 0.5225 | Max: 0.9009
[2026-05-29 19:28:01]   Round  20/50 | Avg: 0.7799 | Min: 0.6685 | Max: 0.9261
[2026-05-29 19:28:01]   Round  21/50 | Avg: 0.7714 | Min: 0.6865 | Max: 0.9243
[2026-05-29 19:28:01]   Round  22/50 | Avg: 0.7681 | Min: 0.6414 | Max: 0.9297
[2026-05-29 19:28:01]   Round  23/50 | Avg: 0.7636 | Min: 0.6054 | Max: 0.9153
[2026-05-29 19:28:01]   Round  24/50 | Avg: 0.7905 | Min: 0.7027 | Max: 0.9297
[2026-05-29 19:28:01]   Round  25/50 | Avg: 0.7615 | Min: 0.6486 | Max: 0.9117
[2026-05-29 19:28:01]   Round  26/50 | Avg: 0.7791 | Min: 0.6523 | Max: 0.9261
[2026-05-29 19:28:01]   Round  27/50 | Avg: 0.7813 | Min: 0.6450 | Max: 0.9225
[2026-05-29 19:28:01]   Round  28/50 | Avg: 0.7877 | Min: 0.6198 | Max: 0.9297
[2026-05-29 19:28:01]   Round  29/50 | Avg: 0.7771 | Min: 0.6505 | Max: 0.9207
[2026-05-29 19:28:01]   Round  30/50 | Avg: 0.8016 | Min: 0.6613 | Max: 0.9243
[2026-05-29 19:28:01]   Round  31/50 | Avg: 0.7932 | Min: 0.6757 | Max: 0.9189
[2026-05-29 19:28:01]   Round  32/50 | Avg: 0.7931 | Min: 0.6829 | Max: 0.9297
[2026-05-29 19:28:01]   Round  33/50 | Avg: 0.8244 | Min: 0.6775 | Max: 0.9315
[2026-05-29 19:28:01]   Round  34/50 | Avg: 0.8036 | Min: 0.6450 | Max: 0.9315
[2026-05-29 19:28:01]   Round  35/50 | Avg: 0.8261 | Min: 0.6955 | Max: 0.9315
[2026-05-29 19:28:01]   Round  36/50 | Avg: 0.8295 | Min: 0.7153 | Max: 0.9351
[2026-05-29 19:28:01]   Round  37/50 | Avg: 0.8138 | Min: 0.6955 | Max: 0.9279
[2026-05-29 19:28:01]   Round  38/50 | Avg: 0.8322 | Min: 0.7099 | Max: 0.9333
[2026-05-29 19:28:01]   Round  39/50 | Avg: 0.8341 | Min: 0.6775 | Max: 0.9261
[2026-05-29 19:28:01]   Round  40/50 | Avg: 0.8400 | Min: 0.6919 | Max: 0.9333
[2026-05-29 19:28:01]   Round  41/50 | Avg: 0.8519 | Min: 0.7405 | Max: 0.9333
[2026-05-29 19:28:01]   Round  42/50 | Avg: 0.8459 | Min: 0.6468 | Max: 0.9351
[2026-05-29 19:28:01]   Round  43/50 | Avg: 0.8485 | Min: 0.6468 | Max: 0.9333
[2026-05-29 19:28:01]   Round  44/50 | Avg: 0.8514 | Min: 0.6955 | Max: 0.9351
[2026-05-29 19:28:01]   Round  45/50 | Avg: 0.8527 | Min: 0.7117 | Max: 0.9315
[2026-05-29 19:28:01]   Round  46/50 | Avg: 0.8577 | Min: 0.6919 | Max: 0.9333
[2026-05-29 19:28:01]   Round  47/50 | Avg: 0.8583 | Min: 0.7045 | Max: 0.9315
[2026-05-29 19:28:01]   Round  48/50 | Avg: 0.8525 | Min: 0.6973 | Max: 0.9315
[2026-05-29 19:28:01]   Round  49/50 | Avg: 0.8543 | Min: 0.7063 | Max: 0.9297
[2026-05-29 19:28:01]   Round  50/50 | Avg: 0.8551 | Min: 0.6955 | Max: 0.9369
[2026-05-29 19:28:01]   FEDMD — IID done.
[2026-05-29 19:28:01] 
[2026-05-29 19:28:01] =================================================================
[2026-05-29 19:28:01]   FEDMD — NONIID
[2026-05-29 19:28:01] =================================================================
[2026-05-29 19:28:01]   Round   1/50 | Avg: 0.3379 | Min: 0.3261 | Max: 0.4324
[2026-05-29 19:28:01]   Round   2/50 | Avg: 0.3337 | Min: 0.3261 | Max: 0.3477
[2026-05-29 19:28:01]   Round   3/50 | Avg: 0.3337 | Min: 0.3261 | Max: 0.3477
[2026-05-29 19:28:01]   Round   4/50 | Avg: 0.3326 | Min: 0.3261 | Max: 0.3477
[2026-05-29 19:28:01]   Round   5/50 | Avg: 0.3374 | Min: 0.3261 | Max: 0.4216
[2026-05-29 19:28:01]   Round   6/50 | Avg: 0.3654 | Min: 0.3261 | Max: 0.6739
[2026-05-29 19:28:01]   Round   7/50 | Avg: 0.3636 | Min: 0.3261 | Max: 0.6721
[2026-05-29 19:28:01]   Round   8/50 | Avg: 0.3623 | Min: 0.3261 | Max: 0.6739
[2026-05-29 19:28:01]   Round   9/50 | Avg: 0.3763 | Min: 0.3261 | Max: 0.6721
[2026-05-29 19:28:01]   Round  10/50 | Avg: 0.3896 | Min: 0.3261 | Max: 0.6631
[2026-05-29 19:28:01]   Round  11/50 | Avg: 0.4012 | Min: 0.3261 | Max: 0.6739
[2026-05-29 19:28:01]   Round  12/50 | Avg: 0.4266 | Min: 0.3261 | Max: 0.6703
[2026-05-29 19:28:01]   Round  13/50 | Avg: 0.4250 | Min: 0.3261 | Max: 0.6739
[2026-05-29 19:28:01]   Round  14/50 | Avg: 0.4263 | Min: 0.3261 | Max: 0.6739
[2026-05-29 19:28:01]   Round  15/50 | Avg: 0.4311 | Min: 0.3261 | Max: 0.7477
[2026-05-29 19:28:01]   Round  16/50 | Avg: 0.4311 | Min: 0.3261 | Max: 0.7333
[2026-05-29 19:28:01]   Round  17/50 | Avg: 0.4238 | Min: 0.2108 | Max: 0.7333
[2026-05-29 19:28:01]   Round  18/50 | Avg: 0.4319 | Min: 0.3261 | Max: 0.8162
[2026-05-29 19:28:01]   Round  19/50 | Avg: 0.4468 | Min: 0.3261 | Max: 0.7838
[2026-05-29 19:28:01]   Round  20/50 | Avg: 0.4481 | Min: 0.3261 | Max: 0.8270
[2026-05-29 19:28:01]   Round  21/50 | Avg: 0.4832 | Min: 0.3261 | Max: 0.8090
[2026-05-29 19:28:01]   Round  22/50 | Avg: 0.4904 | Min: 0.3261 | Max: 0.8486
[2026-05-29 19:28:01]   Round  23/50 | Avg: 0.4981 | Min: 0.3261 | Max: 0.8054
[2026-05-29 19:28:01]   Round  24/50 | Avg: 0.5107 | Min: 0.3261 | Max: 0.8577
[2026-05-29 19:28:01]   Round  25/50 | Avg: 0.5170 | Min: 0.3261 | Max: 0.8216
[2026-05-29 19:28:01]   Round  26/50 | Avg: 0.5203 | Min: 0.3261 | Max: 0.7946
[2026-05-29 19:28:01]   Round  27/50 | Avg: 0.5247 | Min: 0.3261 | Max: 0.8595
[2026-05-29 19:28:01]   Round  28/50 | Avg: 0.5424 | Min: 0.3261 | Max: 0.9009
[2026-05-29 19:28:01]   Round  29/50 | Avg: 0.5303 | Min: 0.3261 | Max: 0.8595
[2026-05-29 19:28:01]   Round  30/50 | Avg: 0.5376 | Min: 0.3261 | Max: 0.8432
[2026-05-29 19:28:01]   Round  31/50 | Avg: 0.5385 | Min: 0.3261 | Max: 0.8901
[2026-05-29 19:28:01]   Round  32/50 | Avg: 0.5523 | Min: 0.3261 | Max: 0.9045
[2026-05-29 19:28:01]   Round  33/50 | Avg: 0.5400 | Min: 0.3261 | Max: 0.8595
[2026-05-29 19:28:01]   Round  34/50 | Avg: 0.5516 | Min: 0.3261 | Max: 0.8991
[2026-05-29 19:28:01]   Round  35/50 | Avg: 0.5471 | Min: 0.3261 | Max: 0.9081
[2026-05-29 19:28:01]   Round  36/50 | Avg: 0.5590 | Min: 0.3261 | Max: 0.9063
[2026-05-29 19:28:01]   Round  37/50 | Avg: 0.5592 | Min: 0.3261 | Max: 0.8721
[2026-05-29 19:28:01]   Round  38/50 | Avg: 0.5753 | Min: 0.3261 | Max: 0.9063
[2026-05-29 19:28:01]   Round  39/50 | Avg: 0.5663 | Min: 0.3261 | Max: 0.8937
[2026-05-29 19:28:01]   Round  40/50 | Avg: 0.5810 | Min: 0.3261 | Max: 0.9063
[2026-05-29 19:28:01]   Round  41/50 | Avg: 0.5812 | Min: 0.3261 | Max: 0.9027
[2026-05-29 19:28:01]   Round  42/50 | Avg: 0.5877 | Min: 0.3261 | Max: 0.8883
[2026-05-29 19:28:01]   Round  43/50 | Avg: 0.5841 | Min: 0.3261 | Max: 0.8829
[2026-05-29 19:28:01]   Round  44/50 | Avg: 0.5939 | Min: 0.3261 | Max: 0.8559
[2026-05-29 19:28:01]   Round  45/50 | Avg: 0.5905 | Min: 0.3261 | Max: 0.8991
[2026-05-29 19:28:01]   Round  46/50 | Avg: 0.5934 | Min: 0.3261 | Max: 0.8180
[2026-05-29 19:28:01]   Round  47/50 | Avg: 0.5989 | Min: 0.3261 | Max: 0.8793
[2026-05-29 19:28:01]   Round  48/50 | Avg: 0.5985 | Min: 0.3261 | Max: 0.9171
[2026-05-29 19:28:01]   Round  49/50 | Avg: 0.6043 | Min: 0.3261 | Max: 0.8901
[2026-05-29 19:28:01]   Round  50/50 | Avg: 0.5978 | Min: 0.3261 | Max: 0.8937
[2026-05-29 19:28:01]   FEDMD — NONIID done.
[2026-05-29 19:28:01] 
[2026-05-29 19:28:01] [seed=456]  FEDMD  dataset=home_occupancy  hetero=all_small
[2026-05-29 19:28:01] Loading HomeOccupancy...
[2026-05-29 19:28:01]   empty_1: 192
[2026-05-29 19:28:01]   empty_2: 183
[2026-05-29 19:28:01]   empty_3 test: 181
[2026-05-29 19:28:01]   sleep_1: 191
[2026-05-29 19:28:01]   sleep_2: 189
[2026-05-29 19:28:01]   sleep_3 test: 181
[2026-05-29 19:28:01]   work_1: 118
[2026-05-29 19:28:01]   work_2: 175
[2026-05-29 19:28:01]   work_3 test: 193
[2026-05-29 19:28:01]   -> 1048 train, 555 test
[2026-05-29 19:28:01] Loading HomeHAR...
[2026-05-29 19:28:01]   data1/drink.csv: 210
[2026-05-29 19:28:01]   data1/eat.csv: 198
[2026-05-29 19:28:01]   data1/empty.csv: 190
[2026-05-29 19:28:01]   data1/sleep.csv: 199
[2026-05-29 19:28:01]   data1/smoke.csv: 198
[2026-05-29 19:28:01]   data1/watch.csv: 190
[2026-05-29 19:28:01]   data1/work.csv: 190
[2026-05-29 19:28:01]   -> 1375 public
[2026-05-29 19:28:01] 
[2026-05-29 19:28:01] =================================================================
[2026-05-29 19:28:01]   FEDMD — IID
[2026-05-29 19:28:01] =================================================================
[2026-05-29 19:28:01]   Round   1/50 | Avg: 0.4102 | Min: 0.2505 | Max: 0.6865
[2026-05-29 19:28:01]   Round   2/50 | Avg: 0.2896 | Min: 0.1946 | Max: 0.4450
[2026-05-29 19:28:01]   Round   3/50 | Avg: 0.5399 | Min: 0.2721 | Max: 0.7964
[2026-05-29 19:28:01]   Round   4/50 | Avg: 0.5818 | Min: 0.4793 | Max: 0.7459
[2026-05-29 19:28:01]   Round   5/50 | Avg: 0.5902 | Min: 0.5207 | Max: 0.7405
[2026-05-29 19:28:01]   Round   6/50 | Avg: 0.6119 | Min: 0.5207 | Max: 0.7658
[2026-05-29 19:28:01]   Round   7/50 | Avg: 0.6383 | Min: 0.5225 | Max: 0.7730
[2026-05-29 19:28:01]   Round   8/50 | Avg: 0.7595 | Min: 0.5333 | Max: 0.8973
[2026-05-29 19:28:01]   Round   9/50 | Avg: 0.8209 | Min: 0.6342 | Max: 0.9315
[2026-05-29 19:28:01]   Round  10/50 | Avg: 0.8198 | Min: 0.5514 | Max: 0.9207
[2026-05-29 19:28:01]   Round  11/50 | Avg: 0.8537 | Min: 0.6865 | Max: 0.9387
[2026-05-29 19:28:01]   Round  12/50 | Avg: 0.8557 | Min: 0.7459 | Max: 0.9243
[2026-05-29 19:28:01]   Round  13/50 | Avg: 0.8731 | Min: 0.6937 | Max: 0.9279
[2026-05-29 19:28:01]   Round  14/50 | Avg: 0.8795 | Min: 0.7423 | Max: 0.9333
[2026-05-29 19:28:01]   Round  15/50 | Avg: 0.8721 | Min: 0.7099 | Max: 0.9315
[2026-05-29 19:28:01]   Round  16/50 | Avg: 0.8786 | Min: 0.7982 | Max: 0.9279
[2026-05-29 19:28:01]   Round  17/50 | Avg: 0.8705 | Min: 0.7622 | Max: 0.9279
[2026-05-29 19:28:01]   Round  18/50 | Avg: 0.8841 | Min: 0.7874 | Max: 0.9297
[2026-05-29 19:28:01]   Round  19/50 | Avg: 0.8740 | Min: 0.7730 | Max: 0.9297
[2026-05-29 19:28:01]   Round  20/50 | Avg: 0.8955 | Min: 0.7766 | Max: 0.9297
[2026-05-29 19:28:01]   Round  21/50 | Avg: 0.8902 | Min: 0.7279 | Max: 0.9315
[2026-05-29 19:28:01]   Round  22/50 | Avg: 0.8891 | Min: 0.7514 | Max: 0.9333
[2026-05-29 19:28:01]   Round  23/50 | Avg: 0.8870 | Min: 0.8036 | Max: 0.9243
[2026-05-29 19:28:01]   Round  24/50 | Avg: 0.8910 | Min: 0.8144 | Max: 0.9279
[2026-05-29 19:28:01]   Round  25/50 | Avg: 0.8723 | Min: 0.7495 | Max: 0.9297
[2026-05-29 19:28:01]   Round  26/50 | Avg: 0.8919 | Min: 0.7658 | Max: 0.9297
[2026-05-29 19:28:01]   Round  27/50 | Avg: 0.8864 | Min: 0.7964 | Max: 0.9315
[2026-05-29 19:28:01]   Round  28/50 | Avg: 0.8781 | Min: 0.7640 | Max: 0.9333
[2026-05-29 19:28:01]   Round  29/50 | Avg: 0.8890 | Min: 0.8216 | Max: 0.9333
[2026-05-29 19:28:01]   Round  30/50 | Avg: 0.8884 | Min: 0.8252 | Max: 0.9261
[2026-05-29 19:28:01]   Round  31/50 | Avg: 0.8821 | Min: 0.7640 | Max: 0.9333
[2026-05-29 19:28:01]   Round  32/50 | Avg: 0.8842 | Min: 0.7892 | Max: 0.9315
[2026-05-29 19:28:01]   Round  33/50 | Avg: 0.8746 | Min: 0.7459 | Max: 0.9297
[2026-05-29 19:28:01]   Round  34/50 | Avg: 0.8841 | Min: 0.7784 | Max: 0.9333
[2026-05-29 19:28:01]   Round  35/50 | Avg: 0.8901 | Min: 0.8270 | Max: 0.9369
[2026-05-29 19:28:01]   Round  36/50 | Avg: 0.8733 | Min: 0.7964 | Max: 0.9315
[2026-05-29 19:28:01]   Round  37/50 | Avg: 0.8783 | Min: 0.7838 | Max: 0.9261
[2026-05-29 19:28:01]   Round  38/50 | Avg: 0.8845 | Min: 0.7784 | Max: 0.9297
[2026-05-29 19:28:01]   Round  39/50 | Avg: 0.8702 | Min: 0.7495 | Max: 0.9225
[2026-05-29 19:28:01]   Round  40/50 | Avg: 0.8825 | Min: 0.8234 | Max: 0.9297
[2026-05-29 19:28:01]   Round  41/50 | Avg: 0.8679 | Min: 0.7784 | Max: 0.9297
[2026-05-29 19:28:01]   Round  42/50 | Avg: 0.8797 | Min: 0.7802 | Max: 0.9369
[2026-05-29 19:28:01]   Round  43/50 | Avg: 0.8800 | Min: 0.7784 | Max: 0.9171
[2026-05-29 19:28:01]   Round  44/50 | Avg: 0.8701 | Min: 0.7694 | Max: 0.9297
[2026-05-29 19:28:01]   Round  45/50 | Avg: 0.8814 | Min: 0.7279 | Max: 0.9243
[2026-05-29 19:28:01]   Round  46/50 | Avg: 0.8775 | Min: 0.7586 | Max: 0.9369
[2026-05-29 19:28:01]   Round  47/50 | Avg: 0.8824 | Min: 0.7928 | Max: 0.9315
[2026-05-29 19:28:01]   Round  48/50 | Avg: 0.8759 | Min: 0.8000 | Max: 0.9207
[2026-05-29 19:28:01]   Round  49/50 | Avg: 0.8626 | Min: 0.7532 | Max: 0.9261
[2026-05-29 19:28:01]   Round  50/50 | Avg: 0.8788 | Min: 0.7946 | Max: 0.9207
[2026-05-29 19:28:01]   FEDMD — IID done.
[2026-05-29 19:28:01] 
[2026-05-29 19:28:01] =================================================================
[2026-05-29 19:28:01]   FEDMD — NONIID
[2026-05-29 19:28:01] =================================================================
[2026-05-29 19:28:01]   Round   1/50 | Avg: 0.3358 | Min: 0.3261 | Max: 0.3892
[2026-05-29 19:28:01]   Round   2/50 | Avg: 0.3326 | Min: 0.3261 | Max: 0.3477
[2026-05-29 19:28:01]   Round   3/50 | Avg: 0.3327 | Min: 0.3261 | Max: 0.3477
[2026-05-29 19:28:01]   Round   4/50 | Avg: 0.3326 | Min: 0.3261 | Max: 0.3477
[2026-05-29 19:28:01]   Round   5/50 | Avg: 0.3468 | Min: 0.3261 | Max: 0.4793
[2026-05-29 19:28:01]   Round   6/50 | Avg: 0.3390 | Min: 0.3261 | Max: 0.4775
[2026-05-29 19:28:01]   Round   7/50 | Avg: 0.3709 | Min: 0.3225 | Max: 0.6468
[2026-05-29 19:28:01]   Round   8/50 | Avg: 0.3872 | Min: 0.3261 | Max: 0.6505
[2026-05-29 19:28:01]   Round   9/50 | Avg: 0.3877 | Min: 0.3261 | Max: 0.6523
[2026-05-29 19:28:01]   Round  10/50 | Avg: 0.3822 | Min: 0.3261 | Max: 0.6523
[2026-05-29 19:28:01]   Round  11/50 | Avg: 0.3778 | Min: 0.2523 | Max: 0.6523
[2026-05-29 19:28:01]   Round  12/50 | Avg: 0.3826 | Min: 0.3261 | Max: 0.6523
[2026-05-29 19:28:01]   Round  13/50 | Avg: 0.3798 | Min: 0.3009 | Max: 0.6523
[2026-05-29 19:28:01]   Round  14/50 | Avg: 0.3825 | Min: 0.3261 | Max: 0.6523
[2026-05-29 19:28:01]   Round  15/50 | Avg: 0.4035 | Min: 0.3261 | Max: 0.6649
[2026-05-29 19:28:01]   Round  16/50 | Avg: 0.4220 | Min: 0.3261 | Max: 0.6613
[2026-05-29 19:28:01]   Round  17/50 | Avg: 0.4350 | Min: 0.3261 | Max: 0.6721
[2026-05-29 19:28:01]   Round  18/50 | Avg: 0.4432 | Min: 0.3261 | Max: 0.6577
[2026-05-29 19:28:01]   Round  19/50 | Avg: 0.4474 | Min: 0.1946 | Max: 0.6811
[2026-05-29 19:28:01]   Round  20/50 | Avg: 0.4556 | Min: 0.1946 | Max: 0.7297
[2026-05-29 19:28:01]   Round  21/50 | Avg: 0.4682 | Min: 0.3261 | Max: 0.8216
[2026-05-29 19:28:01]   Round  22/50 | Avg: 0.4705 | Min: 0.1946 | Max: 0.6991
[2026-05-29 19:28:01]   Round  23/50 | Avg: 0.4818 | Min: 0.1946 | Max: 0.7495
[2026-05-29 19:28:01]   Round  24/50 | Avg: 0.4900 | Min: 0.1946 | Max: 0.8018
[2026-05-29 19:28:01]   Round  25/50 | Avg: 0.4967 | Min: 0.1946 | Max: 0.7694
[2026-05-29 19:28:01]   Round  26/50 | Avg: 0.4982 | Min: 0.1946 | Max: 0.7297
[2026-05-29 19:28:01]   Round  27/50 | Avg: 0.5205 | Min: 0.1946 | Max: 0.7892
[2026-05-29 19:28:01]   Round  28/50 | Avg: 0.5366 | Min: 0.1946 | Max: 0.8018
[2026-05-29 19:28:01]   Round  29/50 | Avg: 0.5328 | Min: 0.1946 | Max: 0.7586
[2026-05-29 19:28:01]   Round  30/50 | Avg: 0.5323 | Min: 0.1946 | Max: 0.7586
[2026-05-29 19:28:01]   Round  31/50 | Avg: 0.5590 | Min: 0.1946 | Max: 0.8126
[2026-05-29 19:28:01]   Round  32/50 | Avg: 0.5487 | Min: 0.1946 | Max: 0.7568
[2026-05-29 19:28:01]   Round  33/50 | Avg: 0.5686 | Min: 0.1946 | Max: 0.9099
[2026-05-29 19:28:01]   Round  34/50 | Avg: 0.5697 | Min: 0.1946 | Max: 0.9099
[2026-05-29 19:28:01]   Round  35/50 | Avg: 0.5732 | Min: 0.1964 | Max: 0.8216
[2026-05-29 19:28:01]   Round  36/50 | Avg: 0.5807 | Min: 0.1946 | Max: 0.8649
[2026-05-29 19:28:01]   Round  37/50 | Avg: 0.5832 | Min: 0.1946 | Max: 0.9063
[2026-05-29 19:28:01]   Round  38/50 | Avg: 0.5842 | Min: 0.1946 | Max: 0.8865
[2026-05-29 19:28:01]   Round  39/50 | Avg: 0.5838 | Min: 0.1982 | Max: 0.8991
[2026-05-29 19:28:01]   Round  40/50 | Avg: 0.6014 | Min: 0.1982 | Max: 0.8883
[2026-05-29 19:28:01]   Round  41/50 | Avg: 0.6050 | Min: 0.1982 | Max: 0.8577
[2026-05-29 19:28:01]   Round  42/50 | Avg: 0.6046 | Min: 0.2090 | Max: 0.8955
[2026-05-29 19:28:01]   Round  43/50 | Avg: 0.6086 | Min: 0.2072 | Max: 0.8991
[2026-05-29 19:28:01]   Round  44/50 | Avg: 0.6050 | Min: 0.2018 | Max: 0.9063
[2026-05-29 19:28:01]   Round  45/50 | Avg: 0.6099 | Min: 0.1982 | Max: 0.8883
[2026-05-29 19:28:01]   Round  46/50 | Avg: 0.6003 | Min: 0.1982 | Max: 0.8162
[2026-05-29 19:28:01]   Round  47/50 | Avg: 0.6165 | Min: 0.2072 | Max: 0.8811
[2026-05-29 19:28:01]   Round  48/50 | Avg: 0.6105 | Min: 0.2306 | Max: 0.8414
[2026-05-29 19:28:01]   Round  49/50 | Avg: 0.6037 | Min: 0.2108 | Max: 0.8811
[2026-05-29 19:28:01]   Round  50/50 | Avg: 0.6137 | Min: 0.2216 | Max: 0.8811
[2026-05-29 19:28:01]   FEDMD — NONIID done.
[2026-05-29 19:28:01]   Saved final_ci_home_occupancy_all_small.png
[2026-05-29 19:28:01]   Saved per_client_home_occupancy_all_small.png
[2026-05-29 19:28:01] 
[2026-05-29 19:28:01] =================================================================
[2026-05-29 19:28:01]   All experiments complete.
[2026-05-29 19:28:01]   Results  ->  C:\Users\ggad\Desktop\HomeSenseKD\results\phase2
[2026-05-29 19:28:01]   Figures  ->  C:\Users\ggad\Desktop\HomeSenseKD\results\phase2\figures
[2026-05-29 19:28:01] =================================================================
[2026-05-29 19:29:43] ============================================================
[2026-05-29 19:29:43]   JOB DONE    : home_occupancy_fedmd_all_small  (exit 0)
[2026-05-29 19:29:43]   Full log    : /c/Users/ggad/Desktop/HomeSenseKD/logs/phase2/home_occupancy_fedmd_all_small.log
[2026-05-29 19:29:43] ============================================================
[2026-05-29 19:29:44] ============================================================
[2026-05-29 19:29:44]   JOB START   : home_occupancy_fedmd_skewed
[2026-05-29 19:29:44]   PID         : 2305
[2026-05-29 19:29:44]   Log         : /c/Users/ggad/Desktop/HomeSenseKD/logs/phase2/home_occupancy_fedmd_skewed.log
[2026-05-29 19:29:44]   Results dir : /c/Users/ggad/Desktop/HomeSenseKD/results/phase2
[2026-05-29 19:29:44]   Fig dir     : /c/Users/ggad/Desktop/HomeSenseKD/results/phase2/figures
[2026-05-29 19:29:44]   Cmd         : /c/Users/ggad/Desktop/HomeSenseKD/venv/Scripts/python.exe /c/Users/ggad/Desktop/HomeSenseKD/run_fedkd.py \
[2026-05-29 19:29:44]                   --config /c/Users/ggad/Desktop/HomeSenseKD/config/home_occupancy.yaml \
[2026-05-29 19:29:44]                   --algorithm fedmd --heterogeneity skewed \
[2026-05-29 19:29:44]                   --override experiment.results_dir=/c/Users/ggad/Desktop/HomeSenseKD/results/phase2 \
[2026-05-29 19:29:44]                              experiment.fig_dir=/c/Users/ggad/Desktop/HomeSenseKD/results/phase2/figures
[2026-05-29 19:29:44] ============================================================
[2026-05-29 19:30:04] WARNING: All log messages before absl::InitializeLog() is called are written to STDERR
[2026-05-29 19:30:04] I0000 00:00:1780097404.162884    5648 port.cc:153] oneDNN custom operations are on. You may see slightly different numerical results due to floating-point round-off errors from different computation orders. To turn them off, set the environment variable `TF_ENABLE_ONEDNN_OPTS=0`.
[2026-05-29 19:30:40] WARNING: All log messages before absl::InitializeLog() is called are written to STDERR
[2026-05-29 19:30:40] I0000 00:00:1780097440.917425    5648 port.cc:153] oneDNN custom operations are on. You may see slightly different numerical results due to floating-point round-off errors from different computation orders. To turn them off, set the environment variable `TF_ENABLE_ONEDNN_OPTS=0`.
[2026-05-29 19:31:25] Warning: You are sending unauthenticated requests to the HF Hub. Please set a HF_TOKEN to enable higher rate limits and faster downloads.
[2026-05-29 19:41:27] I0000 00:00:1780098087.582174    5648 cpu_feature_guard.cc:227] This TensorFlow binary is optimized to use available CPU instructions in performance-critical operations.
[2026-05-29 19:41:27] To enable the following instructions: SSE3 SSE4.1 SSE4.2 AVX AVX2 AVX_VNNI FMA, in other operations, rebuild TensorFlow with the appropriate compiler flags.
[2026-05-29 19:41:28] WARNING:tensorflow:TensorFlow GPU support is not available on native Windows for TensorFlow >= 2.11. Even if CUDA/cuDNN are installed, GPU will not be used. Please use WSL2 or the TensorFlow-DirectML plugin.
