[2026-06-03 02:53:29] ============================================================
[2026-06-03 02:53:29]   JOB START   : cifar10_fedakd_uniform
[2026-06-03 02:53:29]   PID         : 364402
[2026-06-03 02:53:29]   Log         : /home/gad/Desktop/HomeSenseKD/logs/phase1/cifar10_fedakd_uniform.log
[2026-06-03 02:53:29]   Results dir : /home/gad/Desktop/HomeSenseKD/results/phase1
[2026-06-03 02:53:29]   Fig dir     : /home/gad/Desktop/HomeSenseKD/results/phase1/figures
[2026-06-03 02:53:29]   Cmd         : /home/gad/Desktop/HomeSenseKD/myenv/bin/python /home/gad/Desktop/HomeSenseKD/run_fedkd.py \
[2026-06-03 02:53:29]                   --config /home/gad/Desktop/HomeSenseKD/config/cifar10.yaml \
[2026-06-03 02:53:29]                   --algorithm fedakd --heterogeneity uniform \
[2026-06-03 02:53:29]                   --override experiment.results_dir=/home/gad/Desktop/HomeSenseKD/results/phase1 \
[2026-06-03 02:53:29]                              experiment.fig_dir=/home/gad/Desktop/HomeSenseKD/results/phase1/figures
[2026-06-03 02:53:29] ============================================================
[2026-06-05 10:53:46] WARNING: All log messages before absl::InitializeLog() is called are written to STDERR
[2026-06-05 10:53:46] I0000 00:00:1780469610.673420  364408 port.cc:153] oneDNN custom operations are on. You may see slightly different numerical results due to floating-point round-off errors from different computation orders. To turn them off, set the environment variable `TF_ENABLE_ONEDNN_OPTS=0`.
[2026-06-05 10:53:46] I0000 00:00:1780469610.674726  364408 cudart_stub.cc:31] Could not find cuda drivers on your machine, GPU will not be used.
[2026-06-05 10:53:46] I0000 00:00:1780469610.754758  364408 cpu_feature_guard.cc:227] This TensorFlow binary is optimized to use available CPU instructions in performance-critical operations.
[2026-06-05 10:53:46] To enable the following instructions: AVX2 AVX_VNNI FMA, in other operations, rebuild TensorFlow with the appropriate compiler flags.
[2026-06-05 10:53:46] WARNING: All log messages before absl::InitializeLog() is called are written to STDERR
[2026-06-05 10:53:46] I0000 00:00:1780469612.716353  364408 port.cc:153] oneDNN custom operations are on. You may see slightly different numerical results due to floating-point round-off errors from different computation orders. To turn them off, set the environment variable `TF_ENABLE_ONEDNN_OPTS=0`.
[2026-06-05 10:53:46] I0000 00:00:1780469612.716883  364408 cudart_stub.cc:31] Could not find cuda drivers on your machine, GPU will not be used.
[2026-06-05 10:53:46] E0000 00:00:1780469618.390865  364408 cuda_platform.cc:52] failed call to cuInit: INTERNAL: CUDA error: Failed call to cuInit: CUDA_ERROR_NO_DEVICE: no CUDA-capable device is detected
[2026-06-05 10:53:46]   Saved tiers_cifar10_uniform.png
[2026-06-05 10:53:46] =================================================================
[2026-06-05 10:53:46]   Dataset    : cifar10  (public: mnist)
[2026-06-05 10:53:46]   Algorithms : ['fedakd']
[2026-06-05 10:53:46]   Heterogen. : uniform  ->  ['small', 'small', 'small', 'small', 'small', 'small']...
[2026-06-05 10:53:46]   Seeds      : [42, 123, 456]
[2026-06-05 10:53:46]   Settings   : ['iid', 'noniid']
[2026-06-05 10:53:46] =================================================================
[2026-06-05 10:53:46] 
[2026-06-05 10:53:46] [seed=42]  FEDAKD  dataset=cifar10  hetero=uniform
[2026-06-05 10:53:46] Loading CIFAR-10...
[2026-06-05 10:53:46]   -> 50000 train, 10000 test
[2026-06-05 10:53:46] Loading MNIST...
[2026-06-05 10:53:46]   -> 60000 train, 10000 test
[2026-06-05 10:53:46] 
[2026-06-05 10:53:46] =================================================================
[2026-06-05 10:53:46]   FEDAKD — IID
[2026-06-05 10:53:46] =================================================================
[2026-06-05 10:53:46]   Round   1/50 | Avg: 0.3737 | Min: 0.3121 | Max: 0.4213
[2026-06-05 10:53:46]   Round   2/50 | Avg: 0.4085 | Min: 0.3571 | Max: 0.4434
[2026-06-05 10:53:46]   Round   3/50 | Avg: 0.4134 | Min: 0.3872 | Max: 0.4443
[2026-06-05 10:53:46]   Round   4/50 | Avg: 0.4164 | Min: 0.3775 | Max: 0.4473
[2026-06-05 10:53:46]   Round   5/50 | Avg: 0.4135 | Min: 0.3723 | Max: 0.4549
[2026-06-05 10:53:46]   Round   6/50 | Avg: 0.4186 | Min: 0.3708 | Max: 0.4510
[2026-06-05 10:53:46]   Round   7/50 | Avg: 0.4230 | Min: 0.3680 | Max: 0.4668
[2026-06-05 10:53:46]   Round   8/50 | Avg: 0.4234 | Min: 0.3762 | Max: 0.4752
[2026-06-05 10:53:46]   Round   9/50 | Avg: 0.4218 | Min: 0.3761 | Max: 0.4707
[2026-06-05 10:53:46]   Round  10/50 | Avg: 0.4238 | Min: 0.3805 | Max: 0.4702
[2026-06-05 10:53:46]   Round  11/50 | Avg: 0.4255 | Min: 0.3831 | Max: 0.4702
[2026-06-05 10:53:46]   Round  12/50 | Avg: 0.4275 | Min: 0.3769 | Max: 0.4723
[2026-06-05 10:53:46]   Round  13/50 | Avg: 0.4281 | Min: 0.3741 | Max: 0.4737
[2026-06-05 10:53:46]   Round  14/50 | Avg: 0.4258 | Min: 0.3742 | Max: 0.4713
[2026-06-05 10:53:46]   Round  15/50 | Avg: 0.4259 | Min: 0.3772 | Max: 0.4683
[2026-06-05 10:53:46]   Round  16/50 | Avg: 0.4239 | Min: 0.3755 | Max: 0.4668
[2026-06-05 10:53:46]   Round  17/50 | Avg: 0.4254 | Min: 0.3756 | Max: 0.4752
[2026-06-05 10:53:46]   Round  18/50 | Avg: 0.4253 | Min: 0.3774 | Max: 0.4670
[2026-06-05 10:53:46]   Round  19/50 | Avg: 0.4239 | Min: 0.3695 | Max: 0.4661
[2026-06-05 10:53:46]   Round  20/50 | Avg: 0.4231 | Min: 0.3695 | Max: 0.4713
[2026-06-05 10:53:46]   Round  21/50 | Avg: 0.4233 | Min: 0.3774 | Max: 0.4706
[2026-06-05 10:53:46]   Round  22/50 | Avg: 0.4236 | Min: 0.3822 | Max: 0.4693
[2026-06-05 10:53:46]   Round  23/50 | Avg: 0.4209 | Min: 0.3762 | Max: 0.4733
[2026-06-05 10:53:46]   Round  24/50 | Avg: 0.4197 | Min: 0.3751 | Max: 0.4573
[2026-06-05 10:53:46]   Round  25/50 | Avg: 0.4179 | Min: 0.3726 | Max: 0.4659
[2026-06-05 10:53:46]   Round  26/50 | Avg: 0.4167 | Min: 0.3683 | Max: 0.4515
[2026-06-05 10:53:46]   Round  27/50 | Avg: 0.4185 | Min: 0.3838 | Max: 0.4471
[2026-06-05 10:53:46]   Round  28/50 | Avg: 0.4192 | Min: 0.3769 | Max: 0.4605
[2026-06-05 10:53:46]   Round  29/50 | Avg: 0.4196 | Min: 0.3739 | Max: 0.4566
[2026-06-05 10:53:46]   Round  30/50 | Avg: 0.4188 | Min: 0.3818 | Max: 0.4639
[2026-06-05 10:53:46]   Round  31/50 | Avg: 0.4191 | Min: 0.3675 | Max: 0.4611
[2026-06-05 10:53:46]   Round  32/50 | Avg: 0.4168 | Min: 0.3766 | Max: 0.4448
[2026-06-05 10:53:46]   Round  33/50 | Avg: 0.4129 | Min: 0.3776 | Max: 0.4447
[2026-06-05 10:53:46]   Round  34/50 | Avg: 0.4156 | Min: 0.3726 | Max: 0.4591
[2026-06-05 10:53:46]   Round  35/50 | Avg: 0.4154 | Min: 0.3797 | Max: 0.4490
[2026-06-05 10:53:46]   Round  36/50 | Avg: 0.4177 | Min: 0.3766 | Max: 0.4608
[2026-06-05 10:53:46]   Round  37/50 | Avg: 0.4165 | Min: 0.3728 | Max: 0.4567
[2026-06-05 10:53:46]   Round  38/50 | Avg: 0.4139 | Min: 0.3723 | Max: 0.4588
[2026-06-05 10:53:46]   Round  39/50 | Avg: 0.4129 | Min: 0.3706 | Max: 0.4571
[2026-06-05 10:53:46]   Round  40/50 | Avg: 0.4129 | Min: 0.3761 | Max: 0.4527
[2026-06-05 10:53:46]   Round  41/50 | Avg: 0.4145 | Min: 0.3688 | Max: 0.4528
[2026-06-05 10:53:46]   Round  42/50 | Avg: 0.4120 | Min: 0.3707 | Max: 0.4571
[2026-06-05 10:53:46]   Round  43/50 | Avg: 0.4134 | Min: 0.3705 | Max: 0.4584
[2026-06-05 10:53:46]   Round  44/50 | Avg: 0.4135 | Min: 0.3744 | Max: 0.4442
[2026-06-05 10:53:46]   Round  45/50 | Avg: 0.4125 | Min: 0.3709 | Max: 0.4491
[2026-06-05 10:53:46]   Round  46/50 | Avg: 0.4137 | Min: 0.3714 | Max: 0.4586
[2026-06-05 10:53:46]   Round  47/50 | Avg: 0.4111 | Min: 0.3750 | Max: 0.4542
[2026-06-05 10:53:46]   Round  48/50 | Avg: 0.4129 | Min: 0.3736 | Max: 0.4594
[2026-06-05 10:53:46]   Round  49/50 | Avg: 0.4107 | Min: 0.3670 | Max: 0.4527
[2026-06-05 10:53:46]   Round  50/50 | Avg: 0.4108 | Min: 0.3694 | Max: 0.4541
[2026-06-05 10:53:46]   FEDAKD — IID done.
[2026-06-05 10:53:46] 
[2026-06-05 10:53:46] =================================================================
[2026-06-05 10:53:46]   FEDAKD — NONIID
[2026-06-05 10:53:46] =================================================================
[2026-06-05 10:53:46]   Round   1/50 | Avg: 0.3124 | Min: 0.1546 | Max: 0.4369
[2026-06-05 10:53:46]   Round   2/50 | Avg: 0.3415 | Min: 0.2095 | Max: 0.4692
[2026-06-05 10:53:46]   Round   3/50 | Avg: 0.3515 | Min: 0.2172 | Max: 0.4688
[2026-06-05 10:53:46]   Round   4/50 | Avg: 0.3563 | Min: 0.2634 | Max: 0.4766
[2026-06-05 10:53:46]   Round   5/50 | Avg: 0.3628 | Min: 0.2364 | Max: 0.4724
[2026-06-05 10:53:46]   Round   6/50 | Avg: 0.3599 | Min: 0.2611 | Max: 0.4689
[2026-06-05 10:53:46]   Round   7/50 | Avg: 0.3563 | Min: 0.2407 | Max: 0.4704
[2026-06-05 10:53:46]   Round   8/50 | Avg: 0.3607 | Min: 0.2558 | Max: 0.4574
[2026-06-05 10:53:46]   Round   9/50 | Avg: 0.3640 | Min: 0.2536 | Max: 0.4588
[2026-06-05 10:53:46]   Round  10/50 | Avg: 0.3635 | Min: 0.2556 | Max: 0.4541
[2026-06-05 10:53:46]   Round  11/50 | Avg: 0.3665 | Min: 0.2681 | Max: 0.4812
[2026-06-05 10:53:46]   Round  12/50 | Avg: 0.3617 | Min: 0.2554 | Max: 0.4709
[2026-06-05 10:53:46]   Round  13/50 | Avg: 0.3619 | Min: 0.2461 | Max: 0.4557
[2026-06-05 10:53:46]   Round  14/50 | Avg: 0.3630 | Min: 0.2623 | Max: 0.4550
[2026-06-05 10:53:46]   Round  15/50 | Avg: 0.3624 | Min: 0.2570 | Max: 0.4570
[2026-06-05 10:53:46]   Round  16/50 | Avg: 0.3594 | Min: 0.2418 | Max: 0.4508
[2026-06-05 10:53:46]   Round  17/50 | Avg: 0.3562 | Min: 0.2610 | Max: 0.4306
[2026-06-05 10:53:46]   Round  18/50 | Avg: 0.3576 | Min: 0.2567 | Max: 0.4531
[2026-06-05 10:53:46]   Round  19/50 | Avg: 0.3598 | Min: 0.2569 | Max: 0.4618
[2026-06-05 10:53:46]   Round  20/50 | Avg: 0.3588 | Min: 0.2573 | Max: 0.4485
[2026-06-05 10:53:46]   Round  21/50 | Avg: 0.3606 | Min: 0.2730 | Max: 0.4463
[2026-06-05 10:53:46]   Round  22/50 | Avg: 0.3598 | Min: 0.2466 | Max: 0.4744
[2026-06-05 10:53:46]   Round  23/50 | Avg: 0.3555 | Min: 0.2577 | Max: 0.4759
[2026-06-05 10:53:46]   Round  24/50 | Avg: 0.3568 | Min: 0.2580 | Max: 0.4654
[2026-06-05 10:53:46]   Round  25/50 | Avg: 0.3592 | Min: 0.2555 | Max: 0.4444
[2026-06-05 10:53:46]   Round  26/50 | Avg: 0.3578 | Min: 0.2467 | Max: 0.4502
[2026-06-05 10:53:46]   Round  27/50 | Avg: 0.3554 | Min: 0.2525 | Max: 0.4304
[2026-06-05 10:53:46]   Round  28/50 | Avg: 0.3602 | Min: 0.2505 | Max: 0.4631
[2026-06-05 10:53:46]   Round  29/50 | Avg: 0.3521 | Min: 0.2551 | Max: 0.4481
[2026-06-05 10:53:46]   Round  30/50 | Avg: 0.3614 | Min: 0.2543 | Max: 0.4662
[2026-06-05 10:53:46]   Round  31/50 | Avg: 0.3526 | Min: 0.2414 | Max: 0.4550
[2026-06-05 10:53:46]   Round  32/50 | Avg: 0.3551 | Min: 0.2479 | Max: 0.4593
[2026-06-05 10:53:46]   Round  33/50 | Avg: 0.3568 | Min: 0.2436 | Max: 0.4647
[2026-06-05 10:53:46]   Round  34/50 | Avg: 0.3539 | Min: 0.2446 | Max: 0.4517
[2026-06-05 10:53:46]   Round  35/50 | Avg: 0.3575 | Min: 0.2619 | Max: 0.4689
[2026-06-05 10:53:46]   Round  36/50 | Avg: 0.3536 | Min: 0.2544 | Max: 0.4712
[2026-06-05 10:53:46]   Round  37/50 | Avg: 0.3573 | Min: 0.2560 | Max: 0.4527
[2026-06-05 10:53:46]   Round  38/50 | Avg: 0.3540 | Min: 0.2464 | Max: 0.4566
[2026-06-05 10:53:46]   Round  39/50 | Avg: 0.3572 | Min: 0.2611 | Max: 0.4591
[2026-06-05 10:53:46]   Round  40/50 | Avg: 0.3537 | Min: 0.2404 | Max: 0.4501
[2026-06-05 10:53:46]   Round  41/50 | Avg: 0.3533 | Min: 0.2531 | Max: 0.4380
[2026-06-05 10:53:46]   Round  42/50 | Avg: 0.3510 | Min: 0.2537 | Max: 0.4576
[2026-06-05 10:53:46]   Round  43/50 | Avg: 0.3510 | Min: 0.2455 | Max: 0.4414
[2026-06-05 10:53:46]   Round  44/50 | Avg: 0.3511 | Min: 0.2398 | Max: 0.4409
[2026-06-05 10:53:46]   Round  45/50 | Avg: 0.3511 | Min: 0.2524 | Max: 0.4206
[2026-06-05 10:53:46]   Round  46/50 | Avg: 0.3530 | Min: 0.2511 | Max: 0.4336
[2026-06-05 10:53:46]   Round  47/50 | Avg: 0.3491 | Min: 0.2392 | Max: 0.4340
[2026-06-05 10:53:46]   Round  48/50 | Avg: 0.3509 | Min: 0.2478 | Max: 0.4437
[2026-06-05 10:53:46]   Round  49/50 | Avg: 0.3502 | Min: 0.2431 | Max: 0.4433
[2026-06-05 10:53:46]   Round  50/50 | Avg: 0.3507 | Min: 0.2667 | Max: 0.4406
[2026-06-05 10:53:46]   FEDAKD — NONIID done.
[2026-06-05 10:53:46] 
[2026-06-05 10:53:46] [seed=123]  FEDAKD  dataset=cifar10  hetero=uniform
[2026-06-05 10:53:46] Loading CIFAR-10...
[2026-06-05 10:53:46]   -> 50000 train, 10000 test
[2026-06-05 10:53:46] Loading MNIST...
[2026-06-05 10:53:46]   -> 60000 train, 10000 test
[2026-06-05 10:53:46] 
[2026-06-05 10:53:46] =================================================================
[2026-06-05 10:53:46]   FEDAKD — IID
[2026-06-05 10:53:46] =================================================================
[2026-06-05 10:53:46]   Round   1/50 | Avg: 0.3739 | Min: 0.3084 | Max: 0.4286
[2026-06-05 10:53:46]   Round   2/50 | Avg: 0.3984 | Min: 0.3596 | Max: 0.4303
[2026-06-05 10:53:46]   Round   3/50 | Avg: 0.4078 | Min: 0.3763 | Max: 0.4449
[2026-06-05 10:53:46]   Round   4/50 | Avg: 0.4129 | Min: 0.3683 | Max: 0.4441
[2026-06-05 10:53:46]   Round   5/50 | Avg: 0.4146 | Min: 0.3798 | Max: 0.4492
[2026-06-05 10:53:46]   Round   6/50 | Avg: 0.4199 | Min: 0.3874 | Max: 0.4516
[2026-06-05 10:53:46]   Round   7/50 | Avg: 0.4208 | Min: 0.3956 | Max: 0.4408
[2026-06-05 10:53:46]   Round   8/50 | Avg: 0.4225 | Min: 0.3925 | Max: 0.4581
[2026-06-05 10:53:46]   Round   9/50 | Avg: 0.4212 | Min: 0.3825 | Max: 0.4564
[2026-06-05 10:53:46]   Round  10/50 | Avg: 0.4214 | Min: 0.3835 | Max: 0.4556
[2026-06-05 10:53:46]   Round  11/50 | Avg: 0.4240 | Min: 0.3757 | Max: 0.4623
[2026-06-05 10:53:46]   Round  12/50 | Avg: 0.4257 | Min: 0.3763 | Max: 0.4581
[2026-06-05 10:53:46]   Round  13/50 | Avg: 0.4268 | Min: 0.3768 | Max: 0.4647
[2026-06-05 10:53:46]   Round  14/50 | Avg: 0.4270 | Min: 0.3829 | Max: 0.4583
[2026-06-05 10:53:46]   Round  15/50 | Avg: 0.4269 | Min: 0.3763 | Max: 0.4621
[2026-06-05 10:53:46]   Round  16/50 | Avg: 0.4256 | Min: 0.3780 | Max: 0.4614
[2026-06-05 10:53:46]   Round  17/50 | Avg: 0.4257 | Min: 0.3828 | Max: 0.4540
[2026-06-05 10:53:46]   Round  18/50 | Avg: 0.4266 | Min: 0.3858 | Max: 0.4633
[2026-06-05 10:53:46]   Round  19/50 | Avg: 0.4221 | Min: 0.3832 | Max: 0.4616
[2026-06-05 10:53:46]   Round  20/50 | Avg: 0.4260 | Min: 0.3816 | Max: 0.4642
[2026-06-05 10:53:46]   Round  21/50 | Avg: 0.4232 | Min: 0.3847 | Max: 0.4594
[2026-06-05 10:53:46]   Round  22/50 | Avg: 0.4230 | Min: 0.3840 | Max: 0.4619
[2026-06-05 10:53:46]   Round  23/50 | Avg: 0.4225 | Min: 0.3867 | Max: 0.4554
[2026-06-05 10:53:46]   Round  24/50 | Avg: 0.4224 | Min: 0.3815 | Max: 0.4605
[2026-06-05 10:53:46]   Round  25/50 | Avg: 0.4215 | Min: 0.3766 | Max: 0.4509
[2026-06-05 10:53:46]   Round  26/50 | Avg: 0.4198 | Min: 0.3797 | Max: 0.4595
[2026-06-05 10:53:46]   Round  27/50 | Avg: 0.4192 | Min: 0.3794 | Max: 0.4574
[2026-06-05 10:53:46]   Round  28/50 | Avg: 0.4210 | Min: 0.3822 | Max: 0.4607
[2026-06-05 10:53:46]   Round  29/50 | Avg: 0.4188 | Min: 0.3812 | Max: 0.4553
[2026-06-05 10:53:46]   Round  30/50 | Avg: 0.4208 | Min: 0.3774 | Max: 0.4596
[2026-06-05 10:53:46]   Round  31/50 | Avg: 0.4195 | Min: 0.3767 | Max: 0.4633
[2026-06-05 10:53:46]   Round  32/50 | Avg: 0.4211 | Min: 0.3806 | Max: 0.4573
[2026-06-05 10:53:46]   Round  33/50 | Avg: 0.4167 | Min: 0.3676 | Max: 0.4520
[2026-06-05 10:53:46]   Round  34/50 | Avg: 0.4173 | Min: 0.3766 | Max: 0.4457
[2026-06-05 10:53:46]   Round  35/50 | Avg: 0.4176 | Min: 0.3773 | Max: 0.4534
[2026-06-05 10:53:46]   Round  36/50 | Avg: 0.4180 | Min: 0.3756 | Max: 0.4546
[2026-06-05 10:53:46]   Round  37/50 | Avg: 0.4163 | Min: 0.3730 | Max: 0.4563
[2026-06-05 10:53:46]   Round  38/50 | Avg: 0.4174 | Min: 0.3765 | Max: 0.4463
[2026-06-05 10:53:46]   Round  39/50 | Avg: 0.4166 | Min: 0.3758 | Max: 0.4499
[2026-06-05 10:53:46]   Round  40/50 | Avg: 0.4175 | Min: 0.3820 | Max: 0.4571
[2026-06-05 10:53:46]   Round  41/50 | Avg: 0.4169 | Min: 0.3818 | Max: 0.4521
[2026-06-05 10:53:46]   Round  42/50 | Avg: 0.4156 | Min: 0.3772 | Max: 0.4475
[2026-06-05 10:53:46]   Round  43/50 | Avg: 0.4166 | Min: 0.3673 | Max: 0.4471
[2026-06-05 10:53:46]   Round  44/50 | Avg: 0.4178 | Min: 0.3738 | Max: 0.4437
[2026-06-05 10:53:46]   Round  45/50 | Avg: 0.4106 | Min: 0.3656 | Max: 0.4412
[2026-06-05 10:53:46]   Round  46/50 | Avg: 0.4134 | Min: 0.3687 | Max: 0.4463
[2026-06-05 10:53:46]   Round  47/50 | Avg: 0.4104 | Min: 0.3743 | Max: 0.4447
[2026-06-05 10:53:46]   Round  48/50 | Avg: 0.4094 | Min: 0.3663 | Max: 0.4403
[2026-06-05 10:53:46]   Round  49/50 | Avg: 0.4101 | Min: 0.3697 | Max: 0.4436
[2026-06-05 10:53:46]   Round  50/50 | Avg: 0.4118 | Min: 0.3694 | Max: 0.4410
[2026-06-05 10:53:46]   FEDAKD — IID done.
[2026-06-05 10:53:46] 
[2026-06-05 10:53:46] =================================================================
[2026-06-05 10:53:46]   FEDAKD — NONIID
[2026-06-05 10:53:46] =================================================================
[2026-06-05 10:53:46]   Round   1/50 | Avg: 0.2843 | Min: 0.1509 | Max: 0.3895
[2026-06-05 10:53:46]   Round   2/50 | Avg: 0.3208 | Min: 0.1581 | Max: 0.4120
[2026-06-05 10:53:46]   Round   3/50 | Avg: 0.3224 | Min: 0.2039 | Max: 0.4182
[2026-06-05 10:53:46]   Round   4/50 | Avg: 0.3347 | Min: 0.2215 | Max: 0.4434
[2026-06-05 10:53:46]   Round   5/50 | Avg: 0.3420 | Min: 0.2443 | Max: 0.4531
[2026-06-05 10:53:46]   Round   6/50 | Avg: 0.3427 | Min: 0.2242 | Max: 0.4368
[2026-06-05 10:53:46]   Round   7/50 | Avg: 0.3433 | Min: 0.2559 | Max: 0.4513
[2026-06-05 10:53:46]   Round   8/50 | Avg: 0.3464 | Min: 0.2436 | Max: 0.4495
[2026-06-05 10:53:46]   Round   9/50 | Avg: 0.3462 | Min: 0.2563 | Max: 0.4398
[2026-06-05 10:53:46]   Round  10/50 | Avg: 0.3442 | Min: 0.2480 | Max: 0.4318
[2026-06-05 10:53:46]   Round  11/50 | Avg: 0.3459 | Min: 0.2310 | Max: 0.4415
[2026-06-05 10:53:46]   Round  12/50 | Avg: 0.3422 | Min: 0.2378 | Max: 0.4471
[2026-06-05 10:53:46]   Round  13/50 | Avg: 0.3393 | Min: 0.2508 | Max: 0.4458
[2026-06-05 10:53:46]   Round  14/50 | Avg: 0.3439 | Min: 0.2337 | Max: 0.4406
[2026-06-05 10:53:46]   Round  15/50 | Avg: 0.3411 | Min: 0.2504 | Max: 0.4573
[2026-06-05 10:53:46]   Round  16/50 | Avg: 0.3445 | Min: 0.2330 | Max: 0.4340
[2026-06-05 10:53:46]   Round  17/50 | Avg: 0.3409 | Min: 0.2426 | Max: 0.4295
[2026-06-05 10:53:46]   Round  18/50 | Avg: 0.3369 | Min: 0.2483 | Max: 0.4285
[2026-06-05 10:53:46]   Round  19/50 | Avg: 0.3395 | Min: 0.2382 | Max: 0.4374
[2026-06-05 10:53:46]   Round  20/50 | Avg: 0.3380 | Min: 0.2390 | Max: 0.4256
[2026-06-05 10:53:46]   Round  21/50 | Avg: 0.3383 | Min: 0.2359 | Max: 0.4324
[2026-06-05 10:53:46]   Round  22/50 | Avg: 0.3414 | Min: 0.2575 | Max: 0.4340
[2026-06-05 10:53:46]   Round  23/50 | Avg: 0.3388 | Min: 0.2374 | Max: 0.4367
[2026-06-05 10:53:46]   Round  24/50 | Avg: 0.3417 | Min: 0.2542 | Max: 0.4551
[2026-06-05 10:53:46]   Round  25/50 | Avg: 0.3388 | Min: 0.2550 | Max: 0.4307
[2026-06-05 10:53:46]   Round  26/50 | Avg: 0.3365 | Min: 0.2474 | Max: 0.4361
[2026-06-05 10:53:46]   Round  27/50 | Avg: 0.3411 | Min: 0.2489 | Max: 0.4353
[2026-06-05 10:53:46]   Round  28/50 | Avg: 0.3384 | Min: 0.2484 | Max: 0.4326
[2026-06-05 10:53:46]   Round  29/50 | Avg: 0.3389 | Min: 0.2547 | Max: 0.4185
[2026-06-05 10:53:46]   Round  30/50 | Avg: 0.3360 | Min: 0.2478 | Max: 0.4302
[2026-06-05 10:53:46]   Round  31/50 | Avg: 0.3382 | Min: 0.2531 | Max: 0.4333
[2026-06-05 10:53:46]   Round  32/50 | Avg: 0.3365 | Min: 0.2537 | Max: 0.4236
[2026-06-05 10:53:46]   Round  33/50 | Avg: 0.3339 | Min: 0.2404 | Max: 0.4130
[2026-06-05 10:53:46]   Round  34/50 | Avg: 0.3359 | Min: 0.2478 | Max: 0.4294
[2026-06-05 10:53:46]   Round  35/50 | Avg: 0.3374 | Min: 0.2583 | Max: 0.4245
[2026-06-05 10:53:46]   Round  36/50 | Avg: 0.3359 | Min: 0.2437 | Max: 0.4280
[2026-06-05 10:53:46]   Round  37/50 | Avg: 0.3334 | Min: 0.2308 | Max: 0.4462
[2026-06-05 10:53:46]   Round  38/50 | Avg: 0.3385 | Min: 0.2465 | Max: 0.4305
[2026-06-05 10:53:46]   Round  39/50 | Avg: 0.3341 | Min: 0.2298 | Max: 0.4327
[2026-06-05 10:53:46]   Round  40/50 | Avg: 0.3333 | Min: 0.2299 | Max: 0.4191
[2026-06-05 10:53:46]   Round  41/50 | Avg: 0.3318 | Min: 0.2452 | Max: 0.4276
[2026-06-05 10:53:46]   Round  42/50 | Avg: 0.3335 | Min: 0.2432 | Max: 0.4184
[2026-06-05 10:53:46]   Round  43/50 | Avg: 0.3316 | Min: 0.2513 | Max: 0.4293
[2026-06-05 10:53:46]   Round  44/50 | Avg: 0.3333 | Min: 0.2434 | Max: 0.4301
[2026-06-05 10:53:46]   Round  45/50 | Avg: 0.3317 | Min: 0.2442 | Max: 0.4287
[2026-06-05 10:53:46]   Round  46/50 | Avg: 0.3322 | Min: 0.2543 | Max: 0.4210
[2026-06-05 10:53:46]   Round  47/50 | Avg: 0.3327 | Min: 0.2474 | Max: 0.4289
[2026-06-05 10:53:46]   Round  48/50 | Avg: 0.3326 | Min: 0.2378 | Max: 0.4325
[2026-06-05 10:53:46]   Round  49/50 | Avg: 0.3305 | Min: 0.2368 | Max: 0.4349
[2026-06-05 10:53:46]   Round  50/50 | Avg: 0.3340 | Min: 0.2454 | Max: 0.4293
[2026-06-05 10:53:46]   FEDAKD — NONIID done.
[2026-06-05 10:53:46] 
[2026-06-05 10:53:46] [seed=456]  FEDAKD  dataset=cifar10  hetero=uniform
[2026-06-05 10:53:46] Loading CIFAR-10...
[2026-06-05 10:53:46]   -> 50000 train, 10000 test
[2026-06-05 10:53:46] Loading MNIST...
[2026-06-05 10:53:46]   -> 60000 train, 10000 test
[2026-06-05 10:53:46] 
[2026-06-05 10:53:46] =================================================================
[2026-06-05 10:53:46]   FEDAKD — IID
[2026-06-05 10:53:46] =================================================================
[2026-06-05 10:53:46]   Round   1/50 | Avg: 0.3754 | Min: 0.3414 | Max: 0.4142
[2026-06-05 10:53:46]   Round   2/50 | Avg: 0.4052 | Min: 0.3552 | Max: 0.4392
[2026-06-05 10:53:46]   Round   3/50 | Avg: 0.4038 | Min: 0.3752 | Max: 0.4328
[2026-06-05 10:53:46]   Round   4/50 | Avg: 0.4053 | Min: 0.3710 | Max: 0.4397
[2026-06-05 10:53:46]   Round   5/50 | Avg: 0.4096 | Min: 0.3685 | Max: 0.4426
[2026-06-05 10:53:46]   Round   6/50 | Avg: 0.4093 | Min: 0.3734 | Max: 0.4492
[2026-06-05 10:53:46]   Round   7/50 | Avg: 0.4121 | Min: 0.3873 | Max: 0.4419
[2026-06-05 10:53:46]   Round   8/50 | Avg: 0.4167 | Min: 0.3696 | Max: 0.4552
[2026-06-05 10:53:46]   Round   9/50 | Avg: 0.4134 | Min: 0.3770 | Max: 0.4594
[2026-06-05 10:53:46]   Round  10/50 | Avg: 0.4162 | Min: 0.3745 | Max: 0.4562
[2026-06-05 10:53:46]   Round  11/50 | Avg: 0.4174 | Min: 0.3788 | Max: 0.4569
[2026-06-05 10:53:46]   Round  12/50 | Avg: 0.4150 | Min: 0.3706 | Max: 0.4531
[2026-06-05 10:53:46]   Round  13/50 | Avg: 0.4174 | Min: 0.3816 | Max: 0.4538
[2026-06-05 10:53:46]   Round  14/50 | Avg: 0.4173 | Min: 0.3779 | Max: 0.4526
[2026-06-05 10:53:46]   Round  15/50 | Avg: 0.4168 | Min: 0.3784 | Max: 0.4547
[2026-06-05 10:53:46]   Round  16/50 | Avg: 0.4180 | Min: 0.3678 | Max: 0.4649
[2026-06-05 10:53:46]   Round  17/50 | Avg: 0.4179 | Min: 0.3607 | Max: 0.4524
[2026-06-05 10:53:46]   Round  18/50 | Avg: 0.4208 | Min: 0.3840 | Max: 0.4631
[2026-06-05 10:53:46]   Round  19/50 | Avg: 0.4169 | Min: 0.3837 | Max: 0.4542
[2026-06-05 10:53:46]   Round  20/50 | Avg: 0.4176 | Min: 0.3763 | Max: 0.4569
[2026-06-05 10:53:46]   Round  21/50 | Avg: 0.4163 | Min: 0.3802 | Max: 0.4643
[2026-06-05 10:53:46]   Round  22/50 | Avg: 0.4148 | Min: 0.3828 | Max: 0.4536
[2026-06-05 10:53:46]   Round  23/50 | Avg: 0.4162 | Min: 0.3780 | Max: 0.4574
[2026-06-05 10:53:46]   Round  24/50 | Avg: 0.4120 | Min: 0.3765 | Max: 0.4533
[2026-06-05 10:53:46]   Round  25/50 | Avg: 0.4155 | Min: 0.3774 | Max: 0.4542
[2026-06-05 10:53:46]   Round  26/50 | Avg: 0.4161 | Min: 0.3820 | Max: 0.4606
[2026-06-05 10:53:46]   Round  27/50 | Avg: 0.4114 | Min: 0.3746 | Max: 0.4455
[2026-06-05 10:53:46]   Round  28/50 | Avg: 0.4140 | Min: 0.3742 | Max: 0.4461
[2026-06-05 10:53:46]   Round  29/50 | Avg: 0.4122 | Min: 0.3767 | Max: 0.4656
[2026-06-05 10:53:46]   Round  30/50 | Avg: 0.4110 | Min: 0.3738 | Max: 0.4606
[2026-06-05 10:53:46]   Round  31/50 | Avg: 0.4111 | Min: 0.3783 | Max: 0.4587
[2026-06-05 10:53:46]   Round  32/50 | Avg: 0.4095 | Min: 0.3745 | Max: 0.4438
[2026-06-05 10:53:46]   Round  33/50 | Avg: 0.4124 | Min: 0.3759 | Max: 0.4593
[2026-06-05 10:53:46]   Round  34/50 | Avg: 0.4100 | Min: 0.3721 | Max: 0.4507
[2026-06-05 10:53:46]   Round  35/50 | Avg: 0.4085 | Min: 0.3714 | Max: 0.4512
[2026-06-05 10:53:46]   Round  36/50 | Avg: 0.4048 | Min: 0.3727 | Max: 0.4474
[2026-06-05 10:53:46]   Round  37/50 | Avg: 0.4100 | Min: 0.3707 | Max: 0.4479
[2026-06-05 10:53:46]   Round  38/50 | Avg: 0.4062 | Min: 0.3683 | Max: 0.4460
[2026-06-05 10:53:46]   Round  39/50 | Avg: 0.4072 | Min: 0.3720 | Max: 0.4494
[2026-06-05 10:53:46]   Round  40/50 | Avg: 0.4092 | Min: 0.3766 | Max: 0.4639
[2026-06-05 10:53:46]   Round  41/50 | Avg: 0.4076 | Min: 0.3763 | Max: 0.4545
[2026-06-05 10:53:46]   Round  42/50 | Avg: 0.4071 | Min: 0.3598 | Max: 0.4545
[2026-06-05 10:53:46]   Round  43/50 | Avg: 0.4065 | Min: 0.3625 | Max: 0.4574
[2026-06-05 10:53:46]   Round  44/50 | Avg: 0.4074 | Min: 0.3709 | Max: 0.4364
[2026-06-05 10:53:46]   Round  45/50 | Avg: 0.4061 | Min: 0.3606 | Max: 0.4499
[2026-06-05 10:53:46]   Round  46/50 | Avg: 0.4071 | Min: 0.3662 | Max: 0.4413
[2026-06-05 10:53:46]   Round  47/50 | Avg: 0.4048 | Min: 0.3641 | Max: 0.4483
[2026-06-05 10:53:46]   Round  48/50 | Avg: 0.4063 | Min: 0.3711 | Max: 0.4454
[2026-06-05 10:53:46]   Round  49/50 | Avg: 0.4056 | Min: 0.3643 | Max: 0.4458
[2026-06-05 10:53:46]   Round  50/50 | Avg: 0.4048 | Min: 0.3673 | Max: 0.4363
[2026-06-05 10:53:46]   FEDAKD — IID done.
[2026-06-05 10:53:46] 
[2026-06-05 10:53:46] =================================================================
[2026-06-05 10:53:46]   FEDAKD — NONIID
[2026-06-05 10:53:46] =================================================================
[2026-06-05 10:53:46]   Round   1/50 | Avg: 0.3290 | Min: 0.2358 | Max: 0.4208
[2026-06-05 10:53:46]   Round   2/50 | Avg: 0.3656 | Min: 0.2905 | Max: 0.4871
[2026-06-05 10:53:46]   Round   3/50 | Avg: 0.3734 | Min: 0.2594 | Max: 0.4698
[2026-06-05 10:53:46]   Round   4/50 | Avg: 0.3841 | Min: 0.2885 | Max: 0.4898
[2026-06-05 10:53:46]   Round   5/50 | Avg: 0.3863 | Min: 0.3008 | Max: 0.4803
[2026-06-05 10:53:46]   Round   6/50 | Avg: 0.3861 | Min: 0.3081 | Max: 0.5146
[2026-06-05 10:53:46]   Round   7/50 | Avg: 0.3874 | Min: 0.3041 | Max: 0.5080
[2026-06-05 10:53:46]   Round   8/50 | Avg: 0.3904 | Min: 0.3057 | Max: 0.4925
[2026-06-05 10:53:46]   Round   9/50 | Avg: 0.3913 | Min: 0.3068 | Max: 0.5145
[2026-06-05 10:53:46]   Round  10/50 | Avg: 0.3858 | Min: 0.2977 | Max: 0.5027
[2026-06-05 10:53:46]   Round  11/50 | Avg: 0.3919 | Min: 0.3009 | Max: 0.5045
[2026-06-05 10:53:46]   Round  12/50 | Avg: 0.3901 | Min: 0.2888 | Max: 0.4938
[2026-06-05 10:53:46]   Round  13/50 | Avg: 0.3895 | Min: 0.3093 | Max: 0.5067
[2026-06-05 10:53:46]   Round  14/50 | Avg: 0.3858 | Min: 0.3089 | Max: 0.5003
[2026-06-05 10:53:46]   Round  15/50 | Avg: 0.3822 | Min: 0.3045 | Max: 0.4851
[2026-06-05 10:53:46]   Round  16/50 | Avg: 0.3841 | Min: 0.3042 | Max: 0.5081
[2026-06-05 10:53:46]   Round  17/50 | Avg: 0.3871 | Min: 0.3050 | Max: 0.5048
[2026-06-05 10:53:46]   Round  18/50 | Avg: 0.3858 | Min: 0.3113 | Max: 0.4958
[2026-06-05 10:53:46]   Round  19/50 | Avg: 0.3877 | Min: 0.3051 | Max: 0.4999
[2026-06-05 10:53:46]   Round  20/50 | Avg: 0.3845 | Min: 0.3015 | Max: 0.4913
[2026-06-05 10:53:46]   Round  21/50 | Avg: 0.3818 | Min: 0.3005 | Max: 0.4966
[2026-06-05 10:53:46]   Round  22/50 | Avg: 0.3784 | Min: 0.3141 | Max: 0.4933
[2026-06-05 10:53:46]   Round  23/50 | Avg: 0.3807 | Min: 0.3160 | Max: 0.5027
[2026-06-05 10:53:46]   Round  24/50 | Avg: 0.3801 | Min: 0.3030 | Max: 0.5062
[2026-06-05 10:53:46]   Round  25/50 | Avg: 0.3836 | Min: 0.3130 | Max: 0.4891
[2026-06-05 10:53:46]   Round  26/50 | Avg: 0.3802 | Min: 0.3061 | Max: 0.4735
[2026-06-05 10:53:46]   Round  27/50 | Avg: 0.3818 | Min: 0.3036 | Max: 0.4973
[2026-06-05 10:53:46]   Round  28/50 | Avg: 0.3795 | Min: 0.3150 | Max: 0.5006
[2026-06-05 10:53:46]   Round  29/50 | Avg: 0.3787 | Min: 0.2858 | Max: 0.4838
[2026-06-05 10:53:46]   Round  30/50 | Avg: 0.3786 | Min: 0.3055 | Max: 0.4771
[2026-06-05 10:53:46]   Round  31/50 | Avg: 0.3783 | Min: 0.3046 | Max: 0.5034
[2026-06-05 10:53:46]   Round  32/50 | Avg: 0.3780 | Min: 0.2982 | Max: 0.4885
[2026-06-05 10:53:46]   Round  33/50 | Avg: 0.3775 | Min: 0.3035 | Max: 0.5003
[2026-06-05 10:53:46]   Round  34/50 | Avg: 0.3764 | Min: 0.3024 | Max: 0.4881
[2026-06-05 10:53:46]   Round  35/50 | Avg: 0.3753 | Min: 0.3088 | Max: 0.4760
[2026-06-05 10:53:46]   Round  36/50 | Avg: 0.3758 | Min: 0.2824 | Max: 0.4710
[2026-06-05 10:53:46]   Round  37/50 | Avg: 0.3778 | Min: 0.3036 | Max: 0.4906
[2026-06-05 10:53:46]   Round  38/50 | Avg: 0.3763 | Min: 0.2959 | Max: 0.4598
[2026-06-05 10:53:46]   Round  39/50 | Avg: 0.3786 | Min: 0.3145 | Max: 0.4888
[2026-06-05 10:53:46]   Round  40/50 | Avg: 0.3774 | Min: 0.3055 | Max: 0.4898
[2026-06-05 10:53:46]   Round  41/50 | Avg: 0.3748 | Min: 0.3061 | Max: 0.4917
[2026-06-05 10:53:46]   Round  42/50 | Avg: 0.3739 | Min: 0.2807 | Max: 0.4742
[2026-06-05 10:53:46]   Round  43/50 | Avg: 0.3762 | Min: 0.3024 | Max: 0.4730
[2026-06-05 10:53:46]   Round  44/50 | Avg: 0.3758 | Min: 0.3091 | Max: 0.4805
[2026-06-05 10:53:46]   Round  45/50 | Avg: 0.3739 | Min: 0.2936 | Max: 0.4908
[2026-06-05 10:53:46]   Round  46/50 | Avg: 0.3740 | Min: 0.2979 | Max: 0.4869
[2026-06-05 10:53:46]   Round  47/50 | Avg: 0.3750 | Min: 0.3031 | Max: 0.4830
[2026-06-05 10:53:46]   Round  48/50 | Avg: 0.3726 | Min: 0.2863 | Max: 0.4792
[2026-06-05 10:53:46]   Round  49/50 | Avg: 0.3745 | Min: 0.3073 | Max: 0.4832
[2026-06-05 10:53:46]   Round  50/50 | Avg: 0.3744 | Min: 0.2997 | Max: 0.4764
[2026-06-05 10:53:46]   FEDAKD — NONIID done.
[2026-06-05 10:53:46]   Saved final_ci_cifar10_uniform.png
[2026-06-05 10:53:46]   Saved per_client_cifar10_uniform.png
[2026-06-05 10:53:46] 
[2026-06-05 10:53:46] =================================================================
[2026-06-05 10:53:46]   All experiments complete.
[2026-06-05 10:53:46]   Results  ->  /home/gad/Desktop/HomeSenseKD/results/phase1
[2026-06-05 10:53:46]   Figures  ->  /home/gad/Desktop/HomeSenseKD/results/phase1/figures
[2026-06-05 10:53:46] =================================================================
[2026-06-05 10:53:46] ============================================================
[2026-06-05 10:53:46]   JOB DONE    : cifar10_fedakd_uniform  (exit 0)
[2026-06-05 10:53:46]   Full log    : /home/gad/Desktop/HomeSenseKD/logs/phase1/cifar10_fedakd_uniform.log
[2026-06-05 10:53:46] ============================================================
