[2026-06-04 00:27:40] ============================================================
[2026-06-04 00:27:40]   JOB START   : cifar10_mks_uniform
[2026-06-04 00:27:40]   PID         : 4097299
[2026-06-04 00:27:40]   Log         : /home/gad/Desktop/HomeSenseKD/logs/phase1/cifar10_mks_uniform.log
[2026-06-04 00:27:40]   Results dir : /home/gad/Desktop/HomeSenseKD/results/phase1
[2026-06-04 00:27:40]   Fig dir     : /home/gad/Desktop/HomeSenseKD/results/phase1/figures
[2026-06-04 00:27:40]   Cmd         : /home/gad/Desktop/HomeSenseKD/myenv/bin/python /home/gad/Desktop/HomeSenseKD/run_fedkd.py \
[2026-06-04 00:27:40]                   --config /home/gad/Desktop/HomeSenseKD/config/cifar10.yaml \
[2026-06-04 00:27:40]                   --algorithm mks --heterogeneity uniform \
[2026-06-04 00:27:40]                   --override experiment.results_dir=/home/gad/Desktop/HomeSenseKD/results/phase1 \
[2026-06-04 00:27:40]                              experiment.fig_dir=/home/gad/Desktop/HomeSenseKD/results/phase1/figures
[2026-06-04 00:27:40] ============================================================
[2026-06-06 09:41:34] WARNING: All log messages before absl::InitializeLog() is called are written to STDERR
[2026-06-06 09:41:34] I0000 00:00:1780547261.499047 4097305 port.cc:153] oneDNN custom operations are on. You may see slightly different numerical results due to floating-point round-off errors from different computation orders. To turn them off, set the environment variable `TF_ENABLE_ONEDNN_OPTS=0`.
[2026-06-06 09:41:34] I0000 00:00:1780547261.499805 4097305 cudart_stub.cc:31] Could not find cuda drivers on your machine, GPU will not be used.
[2026-06-06 09:41:34] I0000 00:00:1780547261.585826 4097305 cpu_feature_guard.cc:227] This TensorFlow binary is optimized to use available CPU instructions in performance-critical operations.
[2026-06-06 09:41:34] To enable the following instructions: AVX2 AVX_VNNI FMA, in other operations, rebuild TensorFlow with the appropriate compiler flags.
[2026-06-06 09:41:34] WARNING: All log messages before absl::InitializeLog() is called are written to STDERR
[2026-06-06 09:41:34] I0000 00:00:1780547264.739940 4097305 port.cc:153] oneDNN custom operations are on. You may see slightly different numerical results due to floating-point round-off errors from different computation orders. To turn them off, set the environment variable `TF_ENABLE_ONEDNN_OPTS=0`.
[2026-06-06 09:41:34] I0000 00:00:1780547264.740592 4097305 cudart_stub.cc:31] Could not find cuda drivers on your machine, GPU will not be used.
[2026-06-06 09:41:34] E0000 00:00:1780547271.757850 4097305 cuda_platform.cc:52] failed call to cuInit: INTERNAL: CUDA error: Failed call to cuInit: CUDA_ERROR_NO_DEVICE: no CUDA-capable device is detected
[2026-06-06 09:41:34]   Saved tiers_cifar10_uniform.png
[2026-06-06 09:41:34] =================================================================
[2026-06-06 09:41:34]   Dataset    : cifar10  (public: mnist)
[2026-06-06 09:41:34]   Algorithms : ['mks']
[2026-06-06 09:41:34]   Heterogen. : uniform  ->  ['small', 'small', 'small', 'small', 'small', 'small']...
[2026-06-06 09:41:34]   Seeds      : [42, 123, 456]
[2026-06-06 09:41:34]   Settings   : ['iid', 'noniid']
[2026-06-06 09:41:34] =================================================================
[2026-06-06 09:41:34] 
[2026-06-06 09:41:34] [seed=42]  MKS  dataset=cifar10  hetero=uniform
[2026-06-06 09:41:34] Loading CIFAR-10...
[2026-06-06 09:41:34]   -> 50000 train, 10000 test
[2026-06-06 09:41:34] Loading MNIST...
[2026-06-06 09:41:34]   -> 60000 train, 10000 test
[2026-06-06 09:41:34] 
[2026-06-06 09:41:34] =================================================================
[2026-06-06 09:41:34]   MKS — IID
[2026-06-06 09:41:34] =================================================================
[2026-06-06 09:41:34]   Round   1/50 | Avg: 0.3664 | Min: 0.2792 | Max: 0.4157
[2026-06-06 09:41:34]   Round   2/50 | Avg: 0.3100 | Min: 0.2056 | Max: 0.3767
[2026-06-06 09:41:34]   Round   3/50 | Avg: 0.3262 | Min: 0.1589 | Max: 0.3848
[2026-06-06 09:41:34]   Round   4/50 | Avg: 0.3481 | Min: 0.2548 | Max: 0.3936
[2026-06-06 09:41:34]   Round   5/50 | Avg: 0.3734 | Min: 0.2860 | Max: 0.4234
[2026-06-06 09:41:34]   Round   6/50 | Avg: 0.4018 | Min: 0.3409 | Max: 0.4432
[2026-06-06 09:41:34]   Round   7/50 | Avg: 0.4185 | Min: 0.3650 | Max: 0.4577
[2026-06-06 09:41:34]   Round   8/50 | Avg: 0.4365 | Min: 0.3979 | Max: 0.4808
[2026-06-06 09:41:34]   Round   9/50 | Avg: 0.4471 | Min: 0.4097 | Max: 0.4911
[2026-06-06 09:41:34]   Round  10/50 | Avg: 0.4517 | Min: 0.4050 | Max: 0.4874
[2026-06-06 09:41:34]   Round  11/50 | Avg: 0.4657 | Min: 0.4280 | Max: 0.5018
[2026-06-06 09:41:34]   Round  12/50 | Avg: 0.4742 | Min: 0.4307 | Max: 0.5115
[2026-06-06 09:41:34]   Round  13/50 | Avg: 0.4781 | Min: 0.4271 | Max: 0.5147
[2026-06-06 09:41:34]   Round  14/50 | Avg: 0.4818 | Min: 0.3979 | Max: 0.5214
[2026-06-06 09:41:34]   Round  15/50 | Avg: 0.4903 | Min: 0.4428 | Max: 0.5274
[2026-06-06 09:41:34]   Round  16/50 | Avg: 0.4922 | Min: 0.4437 | Max: 0.5243
[2026-06-06 09:41:34]   Round  17/50 | Avg: 0.4953 | Min: 0.4512 | Max: 0.5320
[2026-06-06 09:41:34]   Round  18/50 | Avg: 0.5013 | Min: 0.4669 | Max: 0.5402
[2026-06-06 09:41:34]   Round  19/50 | Avg: 0.4995 | Min: 0.4653 | Max: 0.5415
[2026-06-06 09:41:34]   Round  20/50 | Avg: 0.5068 | Min: 0.4829 | Max: 0.5395
[2026-06-06 09:41:34]   Round  21/50 | Avg: 0.5073 | Min: 0.4729 | Max: 0.5388
[2026-06-06 09:41:34]   Round  22/50 | Avg: 0.5095 | Min: 0.4788 | Max: 0.5386
[2026-06-06 09:41:34]   Round  23/50 | Avg: 0.5115 | Min: 0.4846 | Max: 0.5441
[2026-06-06 09:41:34]   Round  24/50 | Avg: 0.5113 | Min: 0.4814 | Max: 0.5395
[2026-06-06 09:41:34]   Round  25/50 | Avg: 0.5090 | Min: 0.4695 | Max: 0.5463
[2026-06-06 09:41:34]   Round  26/50 | Avg: 0.5128 | Min: 0.4849 | Max: 0.5443
[2026-06-06 09:41:34]   Round  27/50 | Avg: 0.5142 | Min: 0.4956 | Max: 0.5449
[2026-06-06 09:41:34]   Round  28/50 | Avg: 0.5143 | Min: 0.4886 | Max: 0.5467
[2026-06-06 09:41:34]   Round  29/50 | Avg: 0.5110 | Min: 0.4790 | Max: 0.5436
[2026-06-06 09:41:34]   Round  30/50 | Avg: 0.5162 | Min: 0.4870 | Max: 0.5492
[2026-06-06 09:41:34]   Round  31/50 | Avg: 0.5141 | Min: 0.4866 | Max: 0.5459
[2026-06-06 09:41:34]   Round  32/50 | Avg: 0.5151 | Min: 0.4892 | Max: 0.5414
[2026-06-06 09:41:34]   Round  33/50 | Avg: 0.5156 | Min: 0.4881 | Max: 0.5460
[2026-06-06 09:41:34]   Round  34/50 | Avg: 0.5151 | Min: 0.4892 | Max: 0.5495
[2026-06-06 09:41:34]   Round  35/50 | Avg: 0.5152 | Min: 0.4768 | Max: 0.5452
[2026-06-06 09:41:34]   Round  36/50 | Avg: 0.5180 | Min: 0.4939 | Max: 0.5480
[2026-06-06 09:41:34]   Round  37/50 | Avg: 0.5166 | Min: 0.4863 | Max: 0.5471
[2026-06-06 09:41:34]   Round  38/50 | Avg: 0.5149 | Min: 0.4855 | Max: 0.5419
[2026-06-06 09:41:34]   Round  39/50 | Avg: 0.5147 | Min: 0.4890 | Max: 0.5438
[2026-06-06 09:41:34]   Round  40/50 | Avg: 0.5172 | Min: 0.4885 | Max: 0.5475
[2026-06-06 09:41:34]   Round  41/50 | Avg: 0.5165 | Min: 0.4949 | Max: 0.5487
[2026-06-06 09:41:34]   Round  42/50 | Avg: 0.5191 | Min: 0.4913 | Max: 0.5472
[2026-06-06 09:41:34]   Round  43/50 | Avg: 0.5156 | Min: 0.4882 | Max: 0.5460
[2026-06-06 09:41:34]   Round  44/50 | Avg: 0.5145 | Min: 0.4876 | Max: 0.5433
[2026-06-06 09:41:34]   Round  45/50 | Avg: 0.5169 | Min: 0.4860 | Max: 0.5451
[2026-06-06 09:41:34]   Round  46/50 | Avg: 0.5155 | Min: 0.4877 | Max: 0.5463
[2026-06-06 09:41:34]   Round  47/50 | Avg: 0.5159 | Min: 0.4834 | Max: 0.5471
[2026-06-06 09:41:34]   Round  48/50 | Avg: 0.5155 | Min: 0.4866 | Max: 0.5473
[2026-06-06 09:41:34]   Round  49/50 | Avg: 0.5147 | Min: 0.4859 | Max: 0.5461
[2026-06-06 09:41:34]   Round  50/50 | Avg: 0.5176 | Min: 0.4903 | Max: 0.5480
[2026-06-06 09:41:34]   MKS — IID done.
[2026-06-06 09:41:34] 
[2026-06-06 09:41:34] =================================================================
[2026-06-06 09:41:34]   MKS — NONIID
[2026-06-06 09:41:34] =================================================================
[2026-06-06 09:41:34]   Round   1/50 | Avg: 0.3071 | Min: 0.1664 | Max: 0.4165
[2026-06-06 09:41:34]   Round   2/50 | Avg: 0.2680 | Min: 0.1340 | Max: 0.3864
[2026-06-06 09:41:34]   Round   3/50 | Avg: 0.2961 | Min: 0.1588 | Max: 0.4147
[2026-06-06 09:41:34]   Round   4/50 | Avg: 0.3353 | Min: 0.2054 | Max: 0.4759
[2026-06-06 09:41:34]   Round   5/50 | Avg: 0.3552 | Min: 0.2263 | Max: 0.4944
[2026-06-06 09:41:34]   Round   6/50 | Avg: 0.3712 | Min: 0.2255 | Max: 0.4979
[2026-06-06 09:41:34]   Round   7/50 | Avg: 0.3893 | Min: 0.2726 | Max: 0.4959
[2026-06-06 09:41:34]   Round   8/50 | Avg: 0.4025 | Min: 0.3210 | Max: 0.5263
[2026-06-06 09:41:34]   Round   9/50 | Avg: 0.4097 | Min: 0.3285 | Max: 0.5317
[2026-06-06 09:41:34]   Round  10/50 | Avg: 0.4171 | Min: 0.3425 | Max: 0.5151
[2026-06-06 09:41:34]   Round  11/50 | Avg: 0.4204 | Min: 0.3421 | Max: 0.5123
[2026-06-06 09:41:34]   Round  12/50 | Avg: 0.4254 | Min: 0.3500 | Max: 0.5117
[2026-06-06 09:41:34]   Round  13/50 | Avg: 0.4251 | Min: 0.3540 | Max: 0.5212
[2026-06-06 09:41:34]   Round  14/50 | Avg: 0.4318 | Min: 0.3597 | Max: 0.5252
[2026-06-06 09:41:34]   Round  15/50 | Avg: 0.4350 | Min: 0.3429 | Max: 0.5232
[2026-06-06 09:41:34]   Round  16/50 | Avg: 0.4318 | Min: 0.3542 | Max: 0.5304
[2026-06-06 09:41:34]   Round  17/50 | Avg: 0.4361 | Min: 0.3592 | Max: 0.5208
[2026-06-06 09:41:34]   Round  18/50 | Avg: 0.4354 | Min: 0.3373 | Max: 0.5415
[2026-06-06 09:41:34]   Round  19/50 | Avg: 0.4392 | Min: 0.3708 | Max: 0.5531
[2026-06-06 09:41:34]   Round  20/50 | Avg: 0.4390 | Min: 0.3566 | Max: 0.5472
[2026-06-06 09:41:34]   Round  21/50 | Avg: 0.4386 | Min: 0.3546 | Max: 0.5331
[2026-06-06 09:41:34]   Round  22/50 | Avg: 0.4448 | Min: 0.3572 | Max: 0.5553
[2026-06-06 09:41:34]   Round  23/50 | Avg: 0.4441 | Min: 0.3476 | Max: 0.5512
[2026-06-06 09:41:34]   Round  24/50 | Avg: 0.4440 | Min: 0.3633 | Max: 0.5237
[2026-06-06 09:41:34]   Round  25/50 | Avg: 0.4441 | Min: 0.3756 | Max: 0.5355
[2026-06-06 09:41:34]   Round  26/50 | Avg: 0.4521 | Min: 0.3705 | Max: 0.5527
[2026-06-06 09:41:34]   Round  27/50 | Avg: 0.4474 | Min: 0.3678 | Max: 0.5230
[2026-06-06 09:41:34]   Round  28/50 | Avg: 0.4508 | Min: 0.3743 | Max: 0.5399
[2026-06-06 09:41:34]   Round  29/50 | Avg: 0.4482 | Min: 0.3660 | Max: 0.5496
[2026-06-06 09:41:34]   Round  30/50 | Avg: 0.4478 | Min: 0.3726 | Max: 0.5301
[2026-06-06 09:41:34]   Round  31/50 | Avg: 0.4523 | Min: 0.3721 | Max: 0.5498
[2026-06-06 09:41:34]   Round  32/50 | Avg: 0.4512 | Min: 0.3835 | Max: 0.5433
[2026-06-06 09:41:34]   Round  33/50 | Avg: 0.4512 | Min: 0.3579 | Max: 0.5650
[2026-06-06 09:41:34]   Round  34/50 | Avg: 0.4523 | Min: 0.3621 | Max: 0.5482
[2026-06-06 09:41:34]   Round  35/50 | Avg: 0.4532 | Min: 0.3669 | Max: 0.5492
[2026-06-06 09:41:34]   Round  36/50 | Avg: 0.4486 | Min: 0.3744 | Max: 0.5403
[2026-06-06 09:41:34]   Round  37/50 | Avg: 0.4523 | Min: 0.3823 | Max: 0.5413
[2026-06-06 09:41:34]   Round  38/50 | Avg: 0.4506 | Min: 0.3722 | Max: 0.5422
[2026-06-06 09:41:34]   Round  39/50 | Avg: 0.4493 | Min: 0.3721 | Max: 0.5411
[2026-06-06 09:41:34]   Round  40/50 | Avg: 0.4463 | Min: 0.3598 | Max: 0.5370
[2026-06-06 09:41:34]   Round  41/50 | Avg: 0.4529 | Min: 0.3627 | Max: 0.5402
[2026-06-06 09:41:34]   Round  42/50 | Avg: 0.4429 | Min: 0.3651 | Max: 0.5256
[2026-06-06 09:41:34]   Round  43/50 | Avg: 0.4510 | Min: 0.3637 | Max: 0.5398
[2026-06-06 09:41:34]   Round  44/50 | Avg: 0.4529 | Min: 0.3727 | Max: 0.5455
[2026-06-06 09:41:34]   Round  45/50 | Avg: 0.4548 | Min: 0.3811 | Max: 0.5455
[2026-06-06 09:41:34]   Round  46/50 | Avg: 0.4537 | Min: 0.3794 | Max: 0.5400
[2026-06-06 09:41:34]   Round  47/50 | Avg: 0.4504 | Min: 0.3654 | Max: 0.5506
[2026-06-06 09:41:34]   Round  48/50 | Avg: 0.4551 | Min: 0.3836 | Max: 0.5419
[2026-06-06 09:41:34]   Round  49/50 | Avg: 0.4575 | Min: 0.3864 | Max: 0.5575
[2026-06-06 09:41:34]   Round  50/50 | Avg: 0.4521 | Min: 0.3722 | Max: 0.5436
[2026-06-06 09:41:34]   MKS — NONIID done.
[2026-06-06 09:41:34] 
[2026-06-06 09:41:34] [seed=123]  MKS  dataset=cifar10  hetero=uniform
[2026-06-06 09:41:34] Loading CIFAR-10...
[2026-06-06 09:41:34]   -> 50000 train, 10000 test
[2026-06-06 09:41:34] Loading MNIST...
[2026-06-06 09:41:34]   -> 60000 train, 10000 test
[2026-06-06 09:41:34] 
[2026-06-06 09:41:34] =================================================================
[2026-06-06 09:41:34]   MKS — IID
[2026-06-06 09:41:34] =================================================================
[2026-06-06 09:41:34]   Round   1/50 | Avg: 0.3759 | Min: 0.3354 | Max: 0.4237
[2026-06-06 09:41:34]   Round   2/50 | Avg: 0.2938 | Min: 0.2146 | Max: 0.3539
[2026-06-06 09:41:34]   Round   3/50 | Avg: 0.3200 | Min: 0.1717 | Max: 0.3690
[2026-06-06 09:41:34]   Round   4/50 | Avg: 0.3336 | Min: 0.1929 | Max: 0.3853
[2026-06-06 09:41:34]   Round   5/50 | Avg: 0.3742 | Min: 0.2944 | Max: 0.4079
[2026-06-06 09:41:34]   Round   6/50 | Avg: 0.3942 | Min: 0.3309 | Max: 0.4244
[2026-06-06 09:41:34]   Round   7/50 | Avg: 0.4088 | Min: 0.3610 | Max: 0.4414
[2026-06-06 09:41:34]   Round   8/50 | Avg: 0.4190 | Min: 0.3700 | Max: 0.4560
[2026-06-06 09:41:34]   Round   9/50 | Avg: 0.4308 | Min: 0.3716 | Max: 0.4622
[2026-06-06 09:41:34]   Round  10/50 | Avg: 0.4418 | Min: 0.4014 | Max: 0.4738
[2026-06-06 09:41:34]   Round  11/50 | Avg: 0.4474 | Min: 0.4087 | Max: 0.4804
[2026-06-06 09:41:34]   Round  12/50 | Avg: 0.4593 | Min: 0.4356 | Max: 0.4848
[2026-06-06 09:41:34]   Round  13/50 | Avg: 0.4675 | Min: 0.4449 | Max: 0.4980
[2026-06-06 09:41:34]   Round  14/50 | Avg: 0.4768 | Min: 0.4455 | Max: 0.5070
[2026-06-06 09:41:34]   Round  15/50 | Avg: 0.4820 | Min: 0.4564 | Max: 0.5132
[2026-06-06 09:41:34]   Round  16/50 | Avg: 0.4872 | Min: 0.4639 | Max: 0.5117
[2026-06-06 09:41:34]   Round  17/50 | Avg: 0.4923 | Min: 0.4677 | Max: 0.5201
[2026-06-06 09:41:34]   Round  18/50 | Avg: 0.4932 | Min: 0.4719 | Max: 0.5219
[2026-06-06 09:41:34]   Round  19/50 | Avg: 0.4954 | Min: 0.4755 | Max: 0.5214
[2026-06-06 09:41:34]   Round  20/50 | Avg: 0.4988 | Min: 0.4817 | Max: 0.5255
[2026-06-06 09:41:34]   Round  21/50 | Avg: 0.5014 | Min: 0.4816 | Max: 0.5230
[2026-06-06 09:41:34]   Round  22/50 | Avg: 0.4996 | Min: 0.4782 | Max: 0.5210
[2026-06-06 09:41:34]   Round  23/50 | Avg: 0.5023 | Min: 0.4858 | Max: 0.5292
[2026-06-06 09:41:34]   Round  24/50 | Avg: 0.5017 | Min: 0.4856 | Max: 0.5238
[2026-06-06 09:41:34]   Round  25/50 | Avg: 0.5018 | Min: 0.4796 | Max: 0.5265
[2026-06-06 09:41:34]   Round  26/50 | Avg: 0.5014 | Min: 0.4680 | Max: 0.5258
[2026-06-06 09:41:34]   Round  27/50 | Avg: 0.5042 | Min: 0.4737 | Max: 0.5324
[2026-06-06 09:41:34]   Round  28/50 | Avg: 0.5068 | Min: 0.4854 | Max: 0.5323
[2026-06-06 09:41:34]   Round  29/50 | Avg: 0.5067 | Min: 0.4808 | Max: 0.5347
[2026-06-06 09:41:34]   Round  30/50 | Avg: 0.5077 | Min: 0.4534 | Max: 0.5360
[2026-06-06 09:41:34]   Round  31/50 | Avg: 0.5094 | Min: 0.4885 | Max: 0.5311
[2026-06-06 09:41:34]   Round  32/50 | Avg: 0.5087 | Min: 0.4593 | Max: 0.5352
[2026-06-06 09:41:34]   Round  33/50 | Avg: 0.5086 | Min: 0.4740 | Max: 0.5388
[2026-06-06 09:41:34]   Round  34/50 | Avg: 0.5093 | Min: 0.4725 | Max: 0.5361
[2026-06-06 09:41:34]   Round  35/50 | Avg: 0.5101 | Min: 0.4795 | Max: 0.5388
[2026-06-06 09:41:34]   Round  36/50 | Avg: 0.5088 | Min: 0.4859 | Max: 0.5357
[2026-06-06 09:41:34]   Round  37/50 | Avg: 0.5118 | Min: 0.4838 | Max: 0.5412
[2026-06-06 09:41:34]   Round  38/50 | Avg: 0.5115 | Min: 0.4854 | Max: 0.5365
[2026-06-06 09:41:34]   Round  39/50 | Avg: 0.5138 | Min: 0.4917 | Max: 0.5391
[2026-06-06 09:41:34]   Round  40/50 | Avg: 0.5120 | Min: 0.4915 | Max: 0.5403
[2026-06-06 09:41:34]   Round  41/50 | Avg: 0.5114 | Min: 0.4910 | Max: 0.5398
[2026-06-06 09:41:34]   Round  42/50 | Avg: 0.5117 | Min: 0.4932 | Max: 0.5437
[2026-06-06 09:41:34]   Round  43/50 | Avg: 0.5141 | Min: 0.4914 | Max: 0.5443
[2026-06-06 09:41:34]   Round  44/50 | Avg: 0.5142 | Min: 0.4937 | Max: 0.5377
[2026-06-06 09:41:34]   Round  45/50 | Avg: 0.5168 | Min: 0.5016 | Max: 0.5436
[2026-06-06 09:41:34]   Round  46/50 | Avg: 0.5151 | Min: 0.4978 | Max: 0.5425
[2026-06-06 09:41:34]   Round  47/50 | Avg: 0.5160 | Min: 0.4931 | Max: 0.5431
[2026-06-06 09:41:34]   Round  48/50 | Avg: 0.5164 | Min: 0.4971 | Max: 0.5404
[2026-06-06 09:41:34]   Round  49/50 | Avg: 0.5149 | Min: 0.4889 | Max: 0.5418
[2026-06-06 09:41:34]   Round  50/50 | Avg: 0.5176 | Min: 0.4979 | Max: 0.5424
[2026-06-06 09:41:34]   MKS — IID done.
[2026-06-06 09:41:34] 
[2026-06-06 09:41:34] =================================================================
[2026-06-06 09:41:34]   MKS — NONIID
[2026-06-06 09:41:34] =================================================================
[2026-06-06 09:41:34]   Round   1/50 | Avg: 0.2820 | Min: 0.1161 | Max: 0.3919
[2026-06-06 09:41:34]   Round   2/50 | Avg: 0.2568 | Min: 0.1000 | Max: 0.3811
[2026-06-06 09:41:34]   Round   3/50 | Avg: 0.2923 | Min: 0.1409 | Max: 0.4087
[2026-06-06 09:41:34]   Round   4/50 | Avg: 0.3302 | Min: 0.1932 | Max: 0.4339
[2026-06-06 09:41:34]   Round   5/50 | Avg: 0.3567 | Min: 0.2071 | Max: 0.4448
[2026-06-06 09:41:34]   Round   6/50 | Avg: 0.3713 | Min: 0.2653 | Max: 0.4799
[2026-06-06 09:41:34]   Round   7/50 | Avg: 0.3921 | Min: 0.3051 | Max: 0.4723
[2026-06-06 09:41:34]   Round   8/50 | Avg: 0.3988 | Min: 0.3092 | Max: 0.4826
[2026-06-06 09:41:34]   Round   9/50 | Avg: 0.4055 | Min: 0.3038 | Max: 0.4820
[2026-06-06 09:41:34]   Round  10/50 | Avg: 0.4141 | Min: 0.3038 | Max: 0.5018
[2026-06-06 09:41:34]   Round  11/50 | Avg: 0.4141 | Min: 0.3145 | Max: 0.4981
[2026-06-06 09:41:34]   Round  12/50 | Avg: 0.4238 | Min: 0.3153 | Max: 0.5061
[2026-06-06 09:41:34]   Round  13/50 | Avg: 0.4220 | Min: 0.3030 | Max: 0.4955
[2026-06-06 09:41:34]   Round  14/50 | Avg: 0.4272 | Min: 0.2943 | Max: 0.4925
[2026-06-06 09:41:34]   Round  15/50 | Avg: 0.4259 | Min: 0.3039 | Max: 0.4847
[2026-06-06 09:41:34]   Round  16/50 | Avg: 0.4288 | Min: 0.2945 | Max: 0.4932
[2026-06-06 09:41:34]   Round  17/50 | Avg: 0.4289 | Min: 0.3046 | Max: 0.4853
[2026-06-06 09:41:34]   Round  18/50 | Avg: 0.4337 | Min: 0.3028 | Max: 0.4966
[2026-06-06 09:41:34]   Round  19/50 | Avg: 0.4322 | Min: 0.3354 | Max: 0.5080
[2026-06-06 09:41:34]   Round  20/50 | Avg: 0.4372 | Min: 0.3205 | Max: 0.5041
[2026-06-06 09:41:34]   Round  21/50 | Avg: 0.4412 | Min: 0.3358 | Max: 0.5169
[2026-06-06 09:41:34]   Round  22/50 | Avg: 0.4435 | Min: 0.3350 | Max: 0.5180
[2026-06-06 09:41:34]   Round  23/50 | Avg: 0.4404 | Min: 0.3362 | Max: 0.5144
[2026-06-06 09:41:34]   Round  24/50 | Avg: 0.4406 | Min: 0.3328 | Max: 0.5079
[2026-06-06 09:41:34]   Round  25/50 | Avg: 0.4427 | Min: 0.3309 | Max: 0.5149
[2026-06-06 09:41:34]   Round  26/50 | Avg: 0.4424 | Min: 0.3232 | Max: 0.5140
[2026-06-06 09:41:34]   Round  27/50 | Avg: 0.4424 | Min: 0.3178 | Max: 0.5169
[2026-06-06 09:41:34]   Round  28/50 | Avg: 0.4439 | Min: 0.3146 | Max: 0.5220
[2026-06-06 09:41:34]   Round  29/50 | Avg: 0.4469 | Min: 0.3315 | Max: 0.5225
[2026-06-06 09:41:34]   Round  30/50 | Avg: 0.4436 | Min: 0.3311 | Max: 0.5193
[2026-06-06 09:41:34]   Round  31/50 | Avg: 0.4443 | Min: 0.3326 | Max: 0.5256
[2026-06-06 09:41:34]   Round  32/50 | Avg: 0.4465 | Min: 0.3210 | Max: 0.5221
[2026-06-06 09:41:34]   Round  33/50 | Avg: 0.4495 | Min: 0.3338 | Max: 0.5235
[2026-06-06 09:41:34]   Round  34/50 | Avg: 0.4426 | Min: 0.3321 | Max: 0.5169
[2026-06-06 09:41:34]   Round  35/50 | Avg: 0.4483 | Min: 0.3297 | Max: 0.5319
[2026-06-06 09:41:34]   Round  36/50 | Avg: 0.4488 | Min: 0.3378 | Max: 0.5288
[2026-06-06 09:41:34]   Round  37/50 | Avg: 0.4455 | Min: 0.3298 | Max: 0.5273
[2026-06-06 09:41:34]   Round  38/50 | Avg: 0.4501 | Min: 0.3426 | Max: 0.5283
[2026-06-06 09:41:34]   Round  39/50 | Avg: 0.4511 | Min: 0.3371 | Max: 0.5388
[2026-06-06 09:41:34]   Round  40/50 | Avg: 0.4482 | Min: 0.3482 | Max: 0.5223
[2026-06-06 09:41:34]   Round  41/50 | Avg: 0.4480 | Min: 0.3213 | Max: 0.5300
[2026-06-06 09:41:34]   Round  42/50 | Avg: 0.4484 | Min: 0.3409 | Max: 0.5315
[2026-06-06 09:41:34]   Round  43/50 | Avg: 0.4480 | Min: 0.3387 | Max: 0.5218
[2026-06-06 09:41:34]   Round  44/50 | Avg: 0.4486 | Min: 0.3431 | Max: 0.5274
[2026-06-06 09:41:34]   Round  45/50 | Avg: 0.4482 | Min: 0.3285 | Max: 0.5227
[2026-06-06 09:41:34]   Round  46/50 | Avg: 0.4461 | Min: 0.3256 | Max: 0.5300
[2026-06-06 09:41:34]   Round  47/50 | Avg: 0.4475 | Min: 0.3379 | Max: 0.5274
[2026-06-06 09:41:34]   Round  48/50 | Avg: 0.4494 | Min: 0.3261 | Max: 0.5294
[2026-06-06 09:41:34]   Round  49/50 | Avg: 0.4484 | Min: 0.3435 | Max: 0.5312
[2026-06-06 09:41:34]   Round  50/50 | Avg: 0.4454 | Min: 0.3362 | Max: 0.5231
[2026-06-06 09:41:34]   MKS — NONIID done.
[2026-06-06 09:41:34] 
[2026-06-06 09:41:34] [seed=456]  MKS  dataset=cifar10  hetero=uniform
[2026-06-06 09:41:34] Loading CIFAR-10...
[2026-06-06 09:41:34]   -> 50000 train, 10000 test
[2026-06-06 09:41:34] Loading MNIST...
[2026-06-06 09:41:34]   -> 60000 train, 10000 test
[2026-06-06 09:41:34] 
[2026-06-06 09:41:34] =================================================================
[2026-06-06 09:41:34]   MKS — IID
[2026-06-06 09:41:34] =================================================================
[2026-06-06 09:41:34]   Round   1/50 | Avg: 0.3772 | Min: 0.2995 | Max: 0.4191
[2026-06-06 09:41:34]   Round   2/50 | Avg: 0.3111 | Min: 0.2426 | Max: 0.3540
[2026-06-06 09:41:34]   Round   3/50 | Avg: 0.3399 | Min: 0.2514 | Max: 0.3880
[2026-06-06 09:41:34]   Round   4/50 | Avg: 0.3704 | Min: 0.3250 | Max: 0.3972
[2026-06-06 09:41:34]   Round   5/50 | Avg: 0.3905 | Min: 0.3403 | Max: 0.4255
[2026-06-06 09:41:34]   Round   6/50 | Avg: 0.4085 | Min: 0.3534 | Max: 0.4405
[2026-06-06 09:41:34]   Round   7/50 | Avg: 0.4295 | Min: 0.3898 | Max: 0.4587
[2026-06-06 09:41:34]   Round   8/50 | Avg: 0.4456 | Min: 0.4009 | Max: 0.4662
[2026-06-06 09:41:34]   Round   9/50 | Avg: 0.4588 | Min: 0.4194 | Max: 0.4815
[2026-06-06 09:41:34]   Round  10/50 | Avg: 0.4691 | Min: 0.4285 | Max: 0.4997
[2026-06-06 09:41:34]   Round  11/50 | Avg: 0.4748 | Min: 0.4087 | Max: 0.5114
[2026-06-06 09:41:34]   Round  12/50 | Avg: 0.4862 | Min: 0.4263 | Max: 0.5224
[2026-06-06 09:41:34]   Round  13/50 | Avg: 0.4941 | Min: 0.4655 | Max: 0.5245
[2026-06-06 09:41:34]   Round  14/50 | Avg: 0.4995 | Min: 0.4637 | Max: 0.5261
[2026-06-06 09:41:34]   Round  15/50 | Avg: 0.5047 | Min: 0.4737 | Max: 0.5378
[2026-06-06 09:41:34]   Round  16/50 | Avg: 0.5059 | Min: 0.4793 | Max: 0.5361
[2026-06-06 09:41:34]   Round  17/50 | Avg: 0.5044 | Min: 0.4755 | Max: 0.5414
[2026-06-06 09:41:34]   Round  18/50 | Avg: 0.5113 | Min: 0.4935 | Max: 0.5462
[2026-06-06 09:41:34]   Round  19/50 | Avg: 0.5143 | Min: 0.4946 | Max: 0.5457
[2026-06-06 09:41:34]   Round  20/50 | Avg: 0.5165 | Min: 0.4867 | Max: 0.5527
[2026-06-06 09:41:34]   Round  21/50 | Avg: 0.5156 | Min: 0.4885 | Max: 0.5518
[2026-06-06 09:41:34]   Round  22/50 | Avg: 0.5208 | Min: 0.4971 | Max: 0.5508
[2026-06-06 09:41:34]   Round  23/50 | Avg: 0.5186 | Min: 0.4745 | Max: 0.5552
[2026-06-06 09:41:34]   Round  24/50 | Avg: 0.5263 | Min: 0.5043 | Max: 0.5560
[2026-06-06 09:41:34]   Round  25/50 | Avg: 0.5261 | Min: 0.5016 | Max: 0.5614
[2026-06-06 09:41:34]   Round  26/50 | Avg: 0.5253 | Min: 0.4942 | Max: 0.5609
[2026-06-06 09:41:34]   Round  27/50 | Avg: 0.5272 | Min: 0.4975 | Max: 0.5655
[2026-06-06 09:41:34]   Round  28/50 | Avg: 0.5261 | Min: 0.5020 | Max: 0.5539
[2026-06-06 09:41:34]   Round  29/50 | Avg: 0.5270 | Min: 0.5016 | Max: 0.5576
[2026-06-06 09:41:34]   Round  30/50 | Avg: 0.5263 | Min: 0.5017 | Max: 0.5557
[2026-06-06 09:41:34]   Round  31/50 | Avg: 0.5239 | Min: 0.5013 | Max: 0.5570
[2026-06-06 09:41:34]   Round  32/50 | Avg: 0.5258 | Min: 0.5001 | Max: 0.5556
[2026-06-06 09:41:34]   Round  33/50 | Avg: 0.5283 | Min: 0.5044 | Max: 0.5610
[2026-06-06 09:41:34]   Round  34/50 | Avg: 0.5270 | Min: 0.5033 | Max: 0.5601
[2026-06-06 09:41:34]   Round  35/50 | Avg: 0.5272 | Min: 0.5022 | Max: 0.5614
[2026-06-06 09:41:34]   Round  36/50 | Avg: 0.5286 | Min: 0.4980 | Max: 0.5603
[2026-06-06 09:41:34]   Round  37/50 | Avg: 0.5271 | Min: 0.4985 | Max: 0.5607
[2026-06-06 09:41:34]   Round  38/50 | Avg: 0.5276 | Min: 0.4950 | Max: 0.5651
[2026-06-06 09:41:34]   Round  39/50 | Avg: 0.5237 | Min: 0.4923 | Max: 0.5537
[2026-06-06 09:41:34]   Round  40/50 | Avg: 0.5274 | Min: 0.4972 | Max: 0.5644
[2026-06-06 09:41:34]   Round  41/50 | Avg: 0.5258 | Min: 0.4943 | Max: 0.5617
[2026-06-06 09:41:34]   Round  42/50 | Avg: 0.5286 | Min: 0.4948 | Max: 0.5666
[2026-06-06 09:41:34]   Round  43/50 | Avg: 0.5249 | Min: 0.4963 | Max: 0.5573
[2026-06-06 09:41:34]   Round  44/50 | Avg: 0.5223 | Min: 0.4721 | Max: 0.5594
[2026-06-06 09:41:34]   Round  45/50 | Avg: 0.5254 | Min: 0.4998 | Max: 0.5650
[2026-06-06 09:41:34]   Round  46/50 | Avg: 0.5227 | Min: 0.4948 | Max: 0.5549
[2026-06-06 09:41:34]   Round  47/50 | Avg: 0.5241 | Min: 0.4900 | Max: 0.5663
[2026-06-06 09:41:34]   Round  48/50 | Avg: 0.5238 | Min: 0.4911 | Max: 0.5620
[2026-06-06 09:41:34]   Round  49/50 | Avg: 0.5221 | Min: 0.4923 | Max: 0.5667
[2026-06-06 09:41:34]   Round  50/50 | Avg: 0.5257 | Min: 0.4934 | Max: 0.5614
[2026-06-06 09:41:34]   MKS — IID done.
[2026-06-06 09:41:34] 
[2026-06-06 09:41:34] =================================================================
[2026-06-06 09:41:34]   MKS — NONIID
[2026-06-06 09:41:34] =================================================================
[2026-06-06 09:41:34]   Round   1/50 | Avg: 0.3318 | Min: 0.2220 | Max: 0.4233
[2026-06-06 09:41:34]   Round   2/50 | Avg: 0.2686 | Min: 0.1313 | Max: 0.3592
[2026-06-06 09:41:34]   Round   3/50 | Avg: 0.3095 | Min: 0.2290 | Max: 0.4006
[2026-06-06 09:41:34]   Round   4/50 | Avg: 0.3367 | Min: 0.2728 | Max: 0.4337
[2026-06-06 09:41:34]   Round   5/50 | Avg: 0.3597 | Min: 0.2841 | Max: 0.4500
[2026-06-06 09:41:34]   Round   6/50 | Avg: 0.3800 | Min: 0.3015 | Max: 0.4620
[2026-06-06 09:41:34]   Round   7/50 | Avg: 0.4060 | Min: 0.3358 | Max: 0.4862
[2026-06-06 09:41:34]   Round   8/50 | Avg: 0.4165 | Min: 0.3446 | Max: 0.5030
[2026-06-06 09:41:34]   Round   9/50 | Avg: 0.4325 | Min: 0.3521 | Max: 0.5258
[2026-06-06 09:41:34]   Round  10/50 | Avg: 0.4398 | Min: 0.3471 | Max: 0.5449
[2026-06-06 09:41:34]   Round  11/50 | Avg: 0.4489 | Min: 0.3591 | Max: 0.5428
[2026-06-06 09:41:34]   Round  12/50 | Avg: 0.4476 | Min: 0.3595 | Max: 0.5569
[2026-06-06 09:41:34]   Round  13/50 | Avg: 0.4537 | Min: 0.3677 | Max: 0.5570
[2026-06-06 09:41:34]   Round  14/50 | Avg: 0.4583 | Min: 0.3635 | Max: 0.5452
[2026-06-06 09:41:34]   Round  15/50 | Avg: 0.4635 | Min: 0.3712 | Max: 0.5622
[2026-06-06 09:41:34]   Round  16/50 | Avg: 0.4621 | Min: 0.3842 | Max: 0.5607
[2026-06-06 09:41:34]   Round  17/50 | Avg: 0.4668 | Min: 0.3777 | Max: 0.5584
[2026-06-06 09:41:34]   Round  18/50 | Avg: 0.4705 | Min: 0.3724 | Max: 0.5633
[2026-06-06 09:41:34]   Round  19/50 | Avg: 0.4681 | Min: 0.3722 | Max: 0.5657
[2026-06-06 09:41:34]   Round  20/50 | Avg: 0.4707 | Min: 0.3679 | Max: 0.5552
[2026-06-06 09:41:34]   Round  21/50 | Avg: 0.4676 | Min: 0.3620 | Max: 0.5615
[2026-06-06 09:41:34]   Round  22/50 | Avg: 0.4749 | Min: 0.3671 | Max: 0.5573
[2026-06-06 09:41:34]   Round  23/50 | Avg: 0.4780 | Min: 0.3723 | Max: 0.5660
[2026-06-06 09:41:34]   Round  24/50 | Avg: 0.4777 | Min: 0.3711 | Max: 0.5448
[2026-06-06 09:41:34]   Round  25/50 | Avg: 0.4755 | Min: 0.3646 | Max: 0.5730
[2026-06-06 09:41:34]   Round  26/50 | Avg: 0.4750 | Min: 0.3686 | Max: 0.5678
[2026-06-06 09:41:34]   Round  27/50 | Avg: 0.4806 | Min: 0.3745 | Max: 0.5780
[2026-06-06 09:41:34]   Round  28/50 | Avg: 0.4795 | Min: 0.3795 | Max: 0.5761
[2026-06-06 09:41:34]   Round  29/50 | Avg: 0.4789 | Min: 0.3748 | Max: 0.5823
[2026-06-06 09:41:34]   Round  30/50 | Avg: 0.4818 | Min: 0.3746 | Max: 0.5664
[2026-06-06 09:41:34]   Round  31/50 | Avg: 0.4780 | Min: 0.3751 | Max: 0.5497
[2026-06-06 09:41:34]   Round  32/50 | Avg: 0.4812 | Min: 0.3733 | Max: 0.5826
[2026-06-06 09:41:34]   Round  33/50 | Avg: 0.4815 | Min: 0.3786 | Max: 0.5774
[2026-06-06 09:41:34]   Round  34/50 | Avg: 0.4822 | Min: 0.3741 | Max: 0.5738
[2026-06-06 09:41:34]   Round  35/50 | Avg: 0.4820 | Min: 0.3706 | Max: 0.5734
[2026-06-06 09:41:34]   Round  36/50 | Avg: 0.4814 | Min: 0.3722 | Max: 0.5759
[2026-06-06 09:41:34]   Round  37/50 | Avg: 0.4807 | Min: 0.3745 | Max: 0.5741
[2026-06-06 09:41:34]   Round  38/50 | Avg: 0.4826 | Min: 0.3760 | Max: 0.5701
[2026-06-06 09:41:34]   Round  39/50 | Avg: 0.4764 | Min: 0.3615 | Max: 0.5730
[2026-06-06 09:41:34]   Round  40/50 | Avg: 0.4825 | Min: 0.3843 | Max: 0.5759
[2026-06-06 09:41:34]   Round  41/50 | Avg: 0.4804 | Min: 0.3703 | Max: 0.5797
[2026-06-06 09:41:34]   Round  42/50 | Avg: 0.4780 | Min: 0.3689 | Max: 0.5688
[2026-06-06 09:41:34]   Round  43/50 | Avg: 0.4778 | Min: 0.3665 | Max: 0.5801
[2026-06-06 09:41:34]   Round  44/50 | Avg: 0.4829 | Min: 0.3813 | Max: 0.5806
[2026-06-06 09:41:34]   Round  45/50 | Avg: 0.4744 | Min: 0.3684 | Max: 0.5694
[2026-06-06 09:41:34]   Round  46/50 | Avg: 0.4805 | Min: 0.3794 | Max: 0.5830
[2026-06-06 09:41:34]   Round  47/50 | Avg: 0.4820 | Min: 0.3749 | Max: 0.5789
[2026-06-06 09:41:34]   Round  48/50 | Avg: 0.4812 | Min: 0.3751 | Max: 0.5804
[2026-06-06 09:41:34]   Round  49/50 | Avg: 0.4800 | Min: 0.3629 | Max: 0.5815
[2026-06-06 09:41:34]   Round  50/50 | Avg: 0.4829 | Min: 0.3725 | Max: 0.5804
[2026-06-06 09:41:34]   MKS — NONIID done.
[2026-06-06 09:41:34]   Saved final_ci_cifar10_uniform.png
[2026-06-06 09:41:34]   Saved per_client_cifar10_uniform.png
[2026-06-06 09:41:34] 
[2026-06-06 09:41:34] =================================================================
[2026-06-06 09:41:34]   All experiments complete.
[2026-06-06 09:41:34]   Results  ->  /home/gad/Desktop/HomeSenseKD/results/phase1
[2026-06-06 09:41:34]   Figures  ->  /home/gad/Desktop/HomeSenseKD/results/phase1/figures
[2026-06-06 09:41:34] =================================================================
[2026-06-06 09:41:34] ============================================================
[2026-06-06 09:41:34]   JOB DONE    : cifar10_mks_uniform  (exit 0)
[2026-06-06 09:41:34]   Full log    : /home/gad/Desktop/HomeSenseKD/logs/phase1/cifar10_mks_uniform.log
[2026-06-06 09:41:34] ============================================================
