[2026-06-02 13:43:57] ============================================================
[2026-06-02 13:43:57]   JOB START   : cifar10_fedmd_uniform
[2026-06-02 13:43:57]   PID         : 1300027
[2026-06-02 13:43:57]   Log         : /home/gad/Desktop/HomeSenseKD/logs/phase1/cifar10_fedmd_uniform.log
[2026-06-02 13:43:57]   Results dir : /home/gad/Desktop/HomeSenseKD/results/phase1
[2026-06-02 13:43:57]   Fig dir     : /home/gad/Desktop/HomeSenseKD/results/phase1/figures
[2026-06-02 13:43:57]   Cmd         : /home/gad/Desktop/HomeSenseKD/myenv/bin/python /home/gad/Desktop/HomeSenseKD/run_fedkd.py \
[2026-06-02 13:43:57]                   --config /home/gad/Desktop/HomeSenseKD/config/cifar10.yaml \
[2026-06-02 13:43:57]                   --algorithm fedmd --heterogeneity uniform \
[2026-06-02 13:43:57]                   --override experiment.results_dir=/home/gad/Desktop/HomeSenseKD/results/phase1 \
[2026-06-02 13:43:57]                              experiment.fig_dir=/home/gad/Desktop/HomeSenseKD/results/phase1/figures
[2026-06-02 13:43:57] ============================================================
[2026-06-04 22:31:03] WARNING: All log messages before absl::InitializeLog() is called are written to STDERR
[2026-06-04 22:31:03] I0000 00:00:1780422238.001825 1300033 port.cc:153] oneDNN custom operations are on. You may see slightly different numerical results due to floating-point round-off errors from different computation orders. To turn them off, set the environment variable `TF_ENABLE_ONEDNN_OPTS=0`.
[2026-06-04 22:31:03] I0000 00:00:1780422238.002441 1300033 cudart_stub.cc:31] Could not find cuda drivers on your machine, GPU will not be used.
[2026-06-04 22:31:03] I0000 00:00:1780422238.061360 1300033 cpu_feature_guard.cc:227] This TensorFlow binary is optimized to use available CPU instructions in performance-critical operations.
[2026-06-04 22:31:03] To enable the following instructions: AVX2 AVX_VNNI FMA, in other operations, rebuild TensorFlow with the appropriate compiler flags.
[2026-06-04 22:31:03] WARNING: All log messages before absl::InitializeLog() is called are written to STDERR
[2026-06-04 22:31:03] I0000 00:00:1780422239.849670 1300033 port.cc:153] oneDNN custom operations are on. You may see slightly different numerical results due to floating-point round-off errors from different computation orders. To turn them off, set the environment variable `TF_ENABLE_ONEDNN_OPTS=0`.
[2026-06-04 22:31:03] I0000 00:00:1780422239.850118 1300033 cudart_stub.cc:31] Could not find cuda drivers on your machine, GPU will not be used.
[2026-06-04 22:31:03] E0000 00:00:1780422245.700726 1300033 cuda_platform.cc:52] failed call to cuInit: INTERNAL: CUDA error: Failed call to cuInit: CUDA_ERROR_NO_DEVICE: no CUDA-capable device is detected
[2026-06-04 22:31:03]   Saved tiers_cifar10_uniform.png
[2026-06-04 22:31:03] =================================================================
[2026-06-04 22:31:03]   Dataset    : cifar10  (public: mnist)
[2026-06-04 22:31:03]   Algorithms : ['fedmd']
[2026-06-04 22:31:03]   Heterogen. : uniform  ->  ['small', 'small', 'small', 'small', 'small', 'small']...
[2026-06-04 22:31:03]   Seeds      : [42, 123, 456]
[2026-06-04 22:31:03]   Settings   : ['iid', 'noniid']
[2026-06-04 22:31:03] =================================================================
[2026-06-04 22:31:03] 
[2026-06-04 22:31:03] [seed=42]  FEDMD  dataset=cifar10  hetero=uniform
[2026-06-04 22:31:03] Loading CIFAR-10...
[2026-06-04 22:31:03]   -> 50000 train, 10000 test
[2026-06-04 22:31:03] Loading MNIST...
[2026-06-04 22:31:03]   -> 60000 train, 10000 test
[2026-06-04 22:31:03] 
[2026-06-04 22:31:03] =================================================================
[2026-06-04 22:31:03]   FEDMD — IID
[2026-06-04 22:31:03] =================================================================
[2026-06-04 22:31:03]   Round   1/50 | Avg: 0.3750 | Min: 0.3265 | Max: 0.4149
[2026-06-04 22:31:03]   Round   2/50 | Avg: 0.4055 | Min: 0.3638 | Max: 0.4349
[2026-06-04 22:31:03]   Round   3/50 | Avg: 0.4118 | Min: 0.3863 | Max: 0.4364
[2026-06-04 22:31:03]   Round   4/50 | Avg: 0.4158 | Min: 0.3844 | Max: 0.4665
[2026-06-04 22:31:03]   Round   5/50 | Avg: 0.4156 | Min: 0.3893 | Max: 0.4685
[2026-06-04 22:31:03]   Round   6/50 | Avg: 0.4189 | Min: 0.3861 | Max: 0.4582
[2026-06-04 22:31:03]   Round   7/50 | Avg: 0.4207 | Min: 0.3802 | Max: 0.4733
[2026-06-04 22:31:03]   Round   8/50 | Avg: 0.4246 | Min: 0.3859 | Max: 0.4741
[2026-06-04 22:31:03]   Round   9/50 | Avg: 0.4226 | Min: 0.3846 | Max: 0.4691
[2026-06-04 22:31:03]   Round  10/50 | Avg: 0.4205 | Min: 0.3781 | Max: 0.4595
[2026-06-04 22:31:03]   Round  11/50 | Avg: 0.4209 | Min: 0.3808 | Max: 0.4579
[2026-06-04 22:31:03]   Round  12/50 | Avg: 0.4237 | Min: 0.3746 | Max: 0.4785
[2026-06-04 22:31:03]   Round  13/50 | Avg: 0.4250 | Min: 0.3840 | Max: 0.4702
[2026-06-04 22:31:03]   Round  14/50 | Avg: 0.4217 | Min: 0.3822 | Max: 0.4552
[2026-06-04 22:31:03]   Round  15/50 | Avg: 0.4242 | Min: 0.3815 | Max: 0.4712
[2026-06-04 22:31:03]   Round  16/50 | Avg: 0.4226 | Min: 0.3805 | Max: 0.4598
[2026-06-04 22:31:03]   Round  17/50 | Avg: 0.4238 | Min: 0.3746 | Max: 0.4673
[2026-06-04 22:31:03]   Round  18/50 | Avg: 0.4221 | Min: 0.3820 | Max: 0.4572
[2026-06-04 22:31:03]   Round  19/50 | Avg: 0.4206 | Min: 0.3775 | Max: 0.4632
[2026-06-04 22:31:03]   Round  20/50 | Avg: 0.4193 | Min: 0.3803 | Max: 0.4670
[2026-06-04 22:31:03]   Round  21/50 | Avg: 0.4176 | Min: 0.3766 | Max: 0.4686
[2026-06-04 22:31:03]   Round  22/50 | Avg: 0.4187 | Min: 0.3723 | Max: 0.4613
[2026-06-04 22:31:03]   Round  23/50 | Avg: 0.4197 | Min: 0.3765 | Max: 0.4611
[2026-06-04 22:31:03]   Round  24/50 | Avg: 0.4175 | Min: 0.3651 | Max: 0.4674
[2026-06-04 22:31:03]   Round  25/50 | Avg: 0.4167 | Min: 0.3694 | Max: 0.4707
[2026-06-04 22:31:03]   Round  26/50 | Avg: 0.4162 | Min: 0.3682 | Max: 0.4632
[2026-06-04 22:31:03]   Round  27/50 | Avg: 0.4152 | Min: 0.3695 | Max: 0.4720
[2026-06-04 22:31:03]   Round  28/50 | Avg: 0.4167 | Min: 0.3707 | Max: 0.4678
[2026-06-04 22:31:03]   Round  29/50 | Avg: 0.4156 | Min: 0.3627 | Max: 0.4644
[2026-06-04 22:31:03]   Round  30/50 | Avg: 0.4142 | Min: 0.3731 | Max: 0.4521
[2026-06-04 22:31:03]   Round  31/50 | Avg: 0.4101 | Min: 0.3654 | Max: 0.4465
[2026-06-04 22:31:03]   Round  32/50 | Avg: 0.4138 | Min: 0.3645 | Max: 0.4652
[2026-06-04 22:31:03]   Round  33/50 | Avg: 0.4127 | Min: 0.3730 | Max: 0.4569
[2026-06-04 22:31:03]   Round  34/50 | Avg: 0.4136 | Min: 0.3679 | Max: 0.4474
[2026-06-04 22:31:03]   Round  35/50 | Avg: 0.4127 | Min: 0.3660 | Max: 0.4513
[2026-06-04 22:31:03]   Round  36/50 | Avg: 0.4111 | Min: 0.3736 | Max: 0.4563
[2026-06-04 22:31:03]   Round  37/50 | Avg: 0.4112 | Min: 0.3691 | Max: 0.4518
[2026-06-04 22:31:03]   Round  38/50 | Avg: 0.4131 | Min: 0.3636 | Max: 0.4535
[2026-06-04 22:31:03]   Round  39/50 | Avg: 0.4100 | Min: 0.3572 | Max: 0.4533
[2026-06-04 22:31:03]   Round  40/50 | Avg: 0.4109 | Min: 0.3677 | Max: 0.4578
[2026-06-04 22:31:03]   Round  41/50 | Avg: 0.4126 | Min: 0.3764 | Max: 0.4500
[2026-06-04 22:31:03]   Round  42/50 | Avg: 0.4111 | Min: 0.3670 | Max: 0.4536
[2026-06-04 22:31:03]   Round  43/50 | Avg: 0.4083 | Min: 0.3639 | Max: 0.4445
[2026-06-04 22:31:03]   Round  44/50 | Avg: 0.4082 | Min: 0.3688 | Max: 0.4479
[2026-06-04 22:31:03]   Round  45/50 | Avg: 0.4107 | Min: 0.3696 | Max: 0.4474
[2026-06-04 22:31:03]   Round  46/50 | Avg: 0.4082 | Min: 0.3588 | Max: 0.4494
[2026-06-04 22:31:03]   Round  47/50 | Avg: 0.4102 | Min: 0.3540 | Max: 0.4509
[2026-06-04 22:31:03]   Round  48/50 | Avg: 0.4108 | Min: 0.3683 | Max: 0.4577
[2026-06-04 22:31:03]   Round  49/50 | Avg: 0.4091 | Min: 0.3643 | Max: 0.4579
[2026-06-04 22:31:03]   Round  50/50 | Avg: 0.4085 | Min: 0.3654 | Max: 0.4447
[2026-06-04 22:31:03]   FEDMD — IID done.
[2026-06-04 22:31:03] 
[2026-06-04 22:31:03] =================================================================
[2026-06-04 22:31:03]   FEDMD — NONIID
[2026-06-04 22:31:03] =================================================================
[2026-06-04 22:31:03]   Round   1/50 | Avg: 0.3057 | Min: 0.1454 | Max: 0.4180
[2026-06-04 22:31:03]   Round   2/50 | Avg: 0.3364 | Min: 0.2025 | Max: 0.4867
[2026-06-04 22:31:03]   Round   3/50 | Avg: 0.3450 | Min: 0.2268 | Max: 0.4698
[2026-06-04 22:31:03]   Round   4/50 | Avg: 0.3540 | Min: 0.2640 | Max: 0.4807
[2026-06-04 22:31:03]   Round   5/50 | Avg: 0.3579 | Min: 0.2577 | Max: 0.4875
[2026-06-04 22:31:03]   Round   6/50 | Avg: 0.3558 | Min: 0.2702 | Max: 0.4552
[2026-06-04 22:31:03]   Round   7/50 | Avg: 0.3546 | Min: 0.2570 | Max: 0.4637
[2026-06-04 22:31:03]   Round   8/50 | Avg: 0.3595 | Min: 0.2578 | Max: 0.4866
[2026-06-04 22:31:03]   Round   9/50 | Avg: 0.3576 | Min: 0.2619 | Max: 0.4579
[2026-06-04 22:31:03]   Round  10/50 | Avg: 0.3595 | Min: 0.2687 | Max: 0.4573
[2026-06-04 22:31:03]   Round  11/50 | Avg: 0.3607 | Min: 0.2619 | Max: 0.4595
[2026-06-04 22:31:03]   Round  12/50 | Avg: 0.3586 | Min: 0.2554 | Max: 0.4751
[2026-06-04 22:31:03]   Round  13/50 | Avg: 0.3611 | Min: 0.2622 | Max: 0.4591
[2026-06-04 22:31:03]   Round  14/50 | Avg: 0.3603 | Min: 0.2621 | Max: 0.4665
[2026-06-04 22:31:03]   Round  15/50 | Avg: 0.3574 | Min: 0.2646 | Max: 0.4507
[2026-06-04 22:31:03]   Round  16/50 | Avg: 0.3561 | Min: 0.2537 | Max: 0.4507
[2026-06-04 22:31:03]   Round  17/50 | Avg: 0.3581 | Min: 0.2535 | Max: 0.4414
[2026-06-04 22:31:03]   Round  18/50 | Avg: 0.3581 | Min: 0.2554 | Max: 0.4562
[2026-06-04 22:31:03]   Round  19/50 | Avg: 0.3566 | Min: 0.2575 | Max: 0.4663
[2026-06-04 22:31:03]   Round  20/50 | Avg: 0.3516 | Min: 0.2534 | Max: 0.4361
[2026-06-04 22:31:03]   Round  21/50 | Avg: 0.3540 | Min: 0.2596 | Max: 0.4340
[2026-06-04 22:31:03]   Round  22/50 | Avg: 0.3542 | Min: 0.2511 | Max: 0.4546
[2026-06-04 22:31:03]   Round  23/50 | Avg: 0.3563 | Min: 0.2578 | Max: 0.4306
[2026-06-04 22:31:03]   Round  24/50 | Avg: 0.3534 | Min: 0.2603 | Max: 0.4493
[2026-06-04 22:31:03]   Round  25/50 | Avg: 0.3529 | Min: 0.2434 | Max: 0.4589
[2026-06-04 22:31:03]   Round  26/50 | Avg: 0.3475 | Min: 0.2529 | Max: 0.4322
[2026-06-04 22:31:03]   Round  27/50 | Avg: 0.3513 | Min: 0.2619 | Max: 0.4511
[2026-06-04 22:31:03]   Round  28/50 | Avg: 0.3549 | Min: 0.2600 | Max: 0.4388
[2026-06-04 22:31:03]   Round  29/50 | Avg: 0.3492 | Min: 0.2475 | Max: 0.4310
[2026-06-04 22:31:03]   Round  30/50 | Avg: 0.3518 | Min: 0.2565 | Max: 0.4641
[2026-06-04 22:31:03]   Round  31/50 | Avg: 0.3527 | Min: 0.2637 | Max: 0.4535
[2026-06-04 22:31:03]   Round  32/50 | Avg: 0.3509 | Min: 0.2510 | Max: 0.4376
[2026-06-04 22:31:03]   Round  33/50 | Avg: 0.3520 | Min: 0.2488 | Max: 0.4490
[2026-06-04 22:31:03]   Round  34/50 | Avg: 0.3518 | Min: 0.2491 | Max: 0.4537
[2026-06-04 22:31:03]   Round  35/50 | Avg: 0.3523 | Min: 0.2394 | Max: 0.4499
[2026-06-04 22:31:03]   Round  36/50 | Avg: 0.3484 | Min: 0.2454 | Max: 0.4513
[2026-06-04 22:31:03]   Round  37/50 | Avg: 0.3461 | Min: 0.2396 | Max: 0.4424
[2026-06-04 22:31:03]   Round  38/50 | Avg: 0.3483 | Min: 0.2441 | Max: 0.4474
[2026-06-04 22:31:03]   Round  39/50 | Avg: 0.3482 | Min: 0.2400 | Max: 0.4275
[2026-06-04 22:31:03]   Round  40/50 | Avg: 0.3502 | Min: 0.2485 | Max: 0.4342
[2026-06-04 22:31:03]   Round  41/50 | Avg: 0.3472 | Min: 0.2430 | Max: 0.4456
[2026-06-04 22:31:03]   Round  42/50 | Avg: 0.3469 | Min: 0.2354 | Max: 0.4372
[2026-06-04 22:31:03]   Round  43/50 | Avg: 0.3481 | Min: 0.2421 | Max: 0.4645
[2026-06-04 22:31:03]   Round  44/50 | Avg: 0.3486 | Min: 0.2697 | Max: 0.4572
[2026-06-04 22:31:03]   Round  45/50 | Avg: 0.3463 | Min: 0.2433 | Max: 0.4485
[2026-06-04 22:31:03]   Round  46/50 | Avg: 0.3433 | Min: 0.2343 | Max: 0.4529
[2026-06-04 22:31:03]   Round  47/50 | Avg: 0.3473 | Min: 0.2414 | Max: 0.4297
[2026-06-04 22:31:03]   Round  48/50 | Avg: 0.3436 | Min: 0.2434 | Max: 0.4601
[2026-06-04 22:31:03]   Round  49/50 | Avg: 0.3431 | Min: 0.2415 | Max: 0.4567
[2026-06-04 22:31:03]   Round  50/50 | Avg: 0.3483 | Min: 0.2378 | Max: 0.4532
[2026-06-04 22:31:03]   FEDMD — NONIID done.
[2026-06-04 22:31:03] 
[2026-06-04 22:31:03] [seed=123]  FEDMD  dataset=cifar10  hetero=uniform
[2026-06-04 22:31:03] Loading CIFAR-10...
[2026-06-04 22:31:03]   -> 50000 train, 10000 test
[2026-06-04 22:31:03] Loading MNIST...
[2026-06-04 22:31:03]   -> 60000 train, 10000 test
[2026-06-04 22:31:03] 
[2026-06-04 22:31:03] =================================================================
[2026-06-04 22:31:03]   FEDMD — IID
[2026-06-04 22:31:03] =================================================================
[2026-06-04 22:31:03]   Round   1/50 | Avg: 0.3737 | Min: 0.3479 | Max: 0.4154
[2026-06-04 22:31:03]   Round   2/50 | Avg: 0.4023 | Min: 0.3659 | Max: 0.4449
[2026-06-04 22:31:03]   Round   3/50 | Avg: 0.4078 | Min: 0.3739 | Max: 0.4357
[2026-06-04 22:31:03]   Round   4/50 | Avg: 0.4105 | Min: 0.3897 | Max: 0.4347
[2026-06-04 22:31:03]   Round   5/50 | Avg: 0.4102 | Min: 0.3810 | Max: 0.4337
[2026-06-04 22:31:03]   Round   6/50 | Avg: 0.4210 | Min: 0.3906 | Max: 0.4488
[2026-06-04 22:31:03]   Round   7/50 | Avg: 0.4253 | Min: 0.3918 | Max: 0.4496
[2026-06-04 22:31:03]   Round   8/50 | Avg: 0.4240 | Min: 0.3796 | Max: 0.4580
[2026-06-04 22:31:03]   Round   9/50 | Avg: 0.4229 | Min: 0.3822 | Max: 0.4553
[2026-06-04 22:31:03]   Round  10/50 | Avg: 0.4236 | Min: 0.3821 | Max: 0.4550
[2026-06-04 22:31:03]   Round  11/50 | Avg: 0.4247 | Min: 0.3794 | Max: 0.4533
[2026-06-04 22:31:03]   Round  12/50 | Avg: 0.4244 | Min: 0.3816 | Max: 0.4548
[2026-06-04 22:31:03]   Round  13/50 | Avg: 0.4268 | Min: 0.3766 | Max: 0.4578
[2026-06-04 22:31:03]   Round  14/50 | Avg: 0.4274 | Min: 0.3685 | Max: 0.4572
[2026-06-04 22:31:03]   Round  15/50 | Avg: 0.4242 | Min: 0.3703 | Max: 0.4576
[2026-06-04 22:31:03]   Round  16/50 | Avg: 0.4245 | Min: 0.3741 | Max: 0.4502
[2026-06-04 22:31:03]   Round  17/50 | Avg: 0.4245 | Min: 0.3760 | Max: 0.4522
[2026-06-04 22:31:03]   Round  18/50 | Avg: 0.4241 | Min: 0.3706 | Max: 0.4557
[2026-06-04 22:31:03]   Round  19/50 | Avg: 0.4230 | Min: 0.3777 | Max: 0.4552
[2026-06-04 22:31:03]   Round  20/50 | Avg: 0.4242 | Min: 0.3782 | Max: 0.4550
[2026-06-04 22:31:03]   Round  21/50 | Avg: 0.4226 | Min: 0.3734 | Max: 0.4545
[2026-06-04 22:31:03]   Round  22/50 | Avg: 0.4210 | Min: 0.3787 | Max: 0.4472
[2026-06-04 22:31:03]   Round  23/50 | Avg: 0.4207 | Min: 0.3760 | Max: 0.4496
[2026-06-04 22:31:03]   Round  24/50 | Avg: 0.4186 | Min: 0.3768 | Max: 0.4442
[2026-06-04 22:31:03]   Round  25/50 | Avg: 0.4184 | Min: 0.3750 | Max: 0.4471
[2026-06-04 22:31:03]   Round  26/50 | Avg: 0.4186 | Min: 0.3803 | Max: 0.4446
[2026-06-04 22:31:03]   Round  27/50 | Avg: 0.4174 | Min: 0.3768 | Max: 0.4456
[2026-06-04 22:31:03]   Round  28/50 | Avg: 0.4184 | Min: 0.3729 | Max: 0.4481
[2026-06-04 22:31:03]   Round  29/50 | Avg: 0.4176 | Min: 0.3679 | Max: 0.4443
[2026-06-04 22:31:03]   Round  30/50 | Avg: 0.4167 | Min: 0.3655 | Max: 0.4468
[2026-06-04 22:31:03]   Round  31/50 | Avg: 0.4152 | Min: 0.3758 | Max: 0.4396
[2026-06-04 22:31:03]   Round  32/50 | Avg: 0.4152 | Min: 0.3665 | Max: 0.4449
[2026-06-04 22:31:03]   Round  33/50 | Avg: 0.4148 | Min: 0.3651 | Max: 0.4491
[2026-06-04 22:31:03]   Round  34/50 | Avg: 0.4167 | Min: 0.3742 | Max: 0.4486
[2026-06-04 22:31:03]   Round  35/50 | Avg: 0.4134 | Min: 0.3697 | Max: 0.4414
[2026-06-04 22:31:03]   Round  36/50 | Avg: 0.4164 | Min: 0.3748 | Max: 0.4432
[2026-06-04 22:31:03]   Round  37/50 | Avg: 0.4164 | Min: 0.3750 | Max: 0.4431
[2026-06-04 22:31:03]   Round  38/50 | Avg: 0.4153 | Min: 0.3713 | Max: 0.4403
[2026-06-04 22:31:03]   Round  39/50 | Avg: 0.4139 | Min: 0.3773 | Max: 0.4432
[2026-06-04 22:31:03]   Round  40/50 | Avg: 0.4142 | Min: 0.3740 | Max: 0.4428
[2026-06-04 22:31:03]   Round  41/50 | Avg: 0.4138 | Min: 0.3740 | Max: 0.4466
[2026-06-04 22:31:03]   Round  42/50 | Avg: 0.4109 | Min: 0.3671 | Max: 0.4389
[2026-06-04 22:31:03]   Round  43/50 | Avg: 0.4121 | Min: 0.3621 | Max: 0.4448
[2026-06-04 22:31:03]   Round  44/50 | Avg: 0.4127 | Min: 0.3703 | Max: 0.4447
[2026-06-04 22:31:03]   Round  45/50 | Avg: 0.4111 | Min: 0.3695 | Max: 0.4420
[2026-06-04 22:31:03]   Round  46/50 | Avg: 0.4106 | Min: 0.3669 | Max: 0.4366
[2026-06-04 22:31:03]   Round  47/50 | Avg: 0.4116 | Min: 0.3637 | Max: 0.4425
[2026-06-04 22:31:03]   Round  48/50 | Avg: 0.4111 | Min: 0.3726 | Max: 0.4347
[2026-06-04 22:31:03]   Round  49/50 | Avg: 0.4091 | Min: 0.3733 | Max: 0.4374
[2026-06-04 22:31:03]   Round  50/50 | Avg: 0.4120 | Min: 0.3694 | Max: 0.4383
[2026-06-04 22:31:03]   FEDMD — IID done.
[2026-06-04 22:31:03] 
[2026-06-04 22:31:03] =================================================================
[2026-06-04 22:31:03]   FEDMD — NONIID
[2026-06-04 22:31:03] =================================================================
[2026-06-04 22:31:03]   Round   1/50 | Avg: 0.2894 | Min: 0.1558 | Max: 0.3818
[2026-06-04 22:31:03]   Round   2/50 | Avg: 0.3147 | Min: 0.1703 | Max: 0.4036
[2026-06-04 22:31:03]   Round   3/50 | Avg: 0.3250 | Min: 0.1809 | Max: 0.4322
[2026-06-04 22:31:03]   Round   4/50 | Avg: 0.3313 | Min: 0.1750 | Max: 0.4474
[2026-06-04 22:31:03]   Round   5/50 | Avg: 0.3341 | Min: 0.2031 | Max: 0.4550
[2026-06-04 22:31:03]   Round   6/50 | Avg: 0.3385 | Min: 0.2192 | Max: 0.4506
[2026-06-04 22:31:03]   Round   7/50 | Avg: 0.3379 | Min: 0.2430 | Max: 0.4607
[2026-06-04 22:31:03]   Round   8/50 | Avg: 0.3412 | Min: 0.2357 | Max: 0.4438
[2026-06-04 22:31:03]   Round   9/50 | Avg: 0.3394 | Min: 0.2297 | Max: 0.4328
[2026-06-04 22:31:03]   Round  10/50 | Avg: 0.3417 | Min: 0.2245 | Max: 0.4449
[2026-06-04 22:31:03]   Round  11/50 | Avg: 0.3438 | Min: 0.2330 | Max: 0.4483
[2026-06-04 22:31:03]   Round  12/50 | Avg: 0.3421 | Min: 0.2440 | Max: 0.4410
[2026-06-04 22:31:03]   Round  13/50 | Avg: 0.3412 | Min: 0.2297 | Max: 0.4473
[2026-06-04 22:31:03]   Round  14/50 | Avg: 0.3446 | Min: 0.2348 | Max: 0.4358
[2026-06-04 22:31:03]   Round  15/50 | Avg: 0.3422 | Min: 0.2380 | Max: 0.4456
[2026-06-04 22:31:03]   Round  16/50 | Avg: 0.3407 | Min: 0.2378 | Max: 0.4586
[2026-06-04 22:31:03]   Round  17/50 | Avg: 0.3399 | Min: 0.2400 | Max: 0.4472
[2026-06-04 22:31:03]   Round  18/50 | Avg: 0.3422 | Min: 0.2319 | Max: 0.4457
[2026-06-04 22:31:03]   Round  19/50 | Avg: 0.3412 | Min: 0.2332 | Max: 0.4399
[2026-06-04 22:31:03]   Round  20/50 | Avg: 0.3355 | Min: 0.2450 | Max: 0.4527
[2026-06-04 22:31:03]   Round  21/50 | Avg: 0.3352 | Min: 0.2296 | Max: 0.4431
[2026-06-04 22:31:03]   Round  22/50 | Avg: 0.3390 | Min: 0.2382 | Max: 0.4297
[2026-06-04 22:31:03]   Round  23/50 | Avg: 0.3357 | Min: 0.2426 | Max: 0.4446
[2026-06-04 22:31:03]   Round  24/50 | Avg: 0.3369 | Min: 0.2529 | Max: 0.4609
[2026-06-04 22:31:03]   Round  25/50 | Avg: 0.3353 | Min: 0.2469 | Max: 0.4479
[2026-06-04 22:31:03]   Round  26/50 | Avg: 0.3361 | Min: 0.2530 | Max: 0.4377
[2026-06-04 22:31:03]   Round  27/50 | Avg: 0.3357 | Min: 0.2324 | Max: 0.4380
[2026-06-04 22:31:03]   Round  28/50 | Avg: 0.3358 | Min: 0.2404 | Max: 0.4373
[2026-06-04 22:31:03]   Round  29/50 | Avg: 0.3373 | Min: 0.2380 | Max: 0.4396
[2026-06-04 22:31:03]   Round  30/50 | Avg: 0.3335 | Min: 0.2412 | Max: 0.4530
[2026-06-04 22:31:03]   Round  31/50 | Avg: 0.3316 | Min: 0.2381 | Max: 0.4398
[2026-06-04 22:31:03]   Round  32/50 | Avg: 0.3352 | Min: 0.2432 | Max: 0.4461
[2026-06-04 22:31:03]   Round  33/50 | Avg: 0.3342 | Min: 0.2351 | Max: 0.4445
[2026-06-04 22:31:03]   Round  34/50 | Avg: 0.3359 | Min: 0.2435 | Max: 0.4558
[2026-06-04 22:31:03]   Round  35/50 | Avg: 0.3319 | Min: 0.2424 | Max: 0.4290
[2026-06-04 22:31:03]   Round  36/50 | Avg: 0.3310 | Min: 0.2370 | Max: 0.4427
[2026-06-04 22:31:03]   Round  37/50 | Avg: 0.3334 | Min: 0.2338 | Max: 0.4445
[2026-06-04 22:31:03]   Round  38/50 | Avg: 0.3281 | Min: 0.2233 | Max: 0.4297
[2026-06-04 22:31:03]   Round  39/50 | Avg: 0.3325 | Min: 0.2415 | Max: 0.4236
[2026-06-04 22:31:03]   Round  40/50 | Avg: 0.3275 | Min: 0.2391 | Max: 0.4269
[2026-06-04 22:31:03]   Round  41/50 | Avg: 0.3306 | Min: 0.2394 | Max: 0.4285
[2026-06-04 22:31:03]   Round  42/50 | Avg: 0.3316 | Min: 0.2315 | Max: 0.4348
[2026-06-04 22:31:03]   Round  43/50 | Avg: 0.3312 | Min: 0.2433 | Max: 0.4397
[2026-06-04 22:31:03]   Round  44/50 | Avg: 0.3286 | Min: 0.2394 | Max: 0.4142
[2026-06-04 22:31:03]   Round  45/50 | Avg: 0.3283 | Min: 0.2221 | Max: 0.4245
[2026-06-04 22:31:03]   Round  46/50 | Avg: 0.3260 | Min: 0.2366 | Max: 0.4257
[2026-06-04 22:31:03]   Round  47/50 | Avg: 0.3268 | Min: 0.2167 | Max: 0.4303
[2026-06-04 22:31:03]   Round  48/50 | Avg: 0.3283 | Min: 0.2320 | Max: 0.4352
[2026-06-04 22:31:03]   Round  49/50 | Avg: 0.3261 | Min: 0.2389 | Max: 0.4395
[2026-06-04 22:31:03]   Round  50/50 | Avg: 0.3302 | Min: 0.2322 | Max: 0.4316
[2026-06-04 22:31:03]   FEDMD — NONIID done.
[2026-06-04 22:31:03] 
[2026-06-04 22:31:03] [seed=456]  FEDMD  dataset=cifar10  hetero=uniform
[2026-06-04 22:31:03] Loading CIFAR-10...
[2026-06-04 22:31:03]   -> 50000 train, 10000 test
[2026-06-04 22:31:03] Loading MNIST...
[2026-06-04 22:31:03]   -> 60000 train, 10000 test
[2026-06-04 22:31:03] 
[2026-06-04 22:31:03] =================================================================
[2026-06-04 22:31:03]   FEDMD — IID
[2026-06-04 22:31:03] =================================================================
[2026-06-04 22:31:03]   Round   1/50 | Avg: 0.3746 | Min: 0.3121 | Max: 0.4163
[2026-06-04 22:31:03]   Round   2/50 | Avg: 0.4050 | Min: 0.3765 | Max: 0.4337
[2026-06-04 22:31:03]   Round   3/50 | Avg: 0.4025 | Min: 0.3466 | Max: 0.4277
[2026-06-04 22:31:03]   Round   4/50 | Avg: 0.4106 | Min: 0.3805 | Max: 0.4372
[2026-06-04 22:31:03]   Round   5/50 | Avg: 0.4043 | Min: 0.3406 | Max: 0.4409
[2026-06-04 22:31:03]   Round   6/50 | Avg: 0.4141 | Min: 0.3897 | Max: 0.4573
[2026-06-04 22:31:03]   Round   7/50 | Avg: 0.4140 | Min: 0.3750 | Max: 0.4547
[2026-06-04 22:31:03]   Round   8/50 | Avg: 0.4134 | Min: 0.3735 | Max: 0.4474
[2026-06-04 22:31:03]   Round   9/50 | Avg: 0.4149 | Min: 0.3674 | Max: 0.4515
[2026-06-04 22:31:03]   Round  10/50 | Avg: 0.4170 | Min: 0.3661 | Max: 0.4565
[2026-06-04 22:31:03]   Round  11/50 | Avg: 0.4177 | Min: 0.3588 | Max: 0.4583
[2026-06-04 22:31:03]   Round  12/50 | Avg: 0.4198 | Min: 0.3776 | Max: 0.4602
[2026-06-04 22:31:03]   Round  13/50 | Avg: 0.4203 | Min: 0.3700 | Max: 0.4617
[2026-06-04 22:31:03]   Round  14/50 | Avg: 0.4218 | Min: 0.3795 | Max: 0.4695
[2026-06-04 22:31:03]   Round  15/50 | Avg: 0.4203 | Min: 0.3686 | Max: 0.4696
[2026-06-04 22:31:03]   Round  16/50 | Avg: 0.4191 | Min: 0.3801 | Max: 0.4600
[2026-06-04 22:31:03]   Round  17/50 | Avg: 0.4173 | Min: 0.3805 | Max: 0.4562
[2026-06-04 22:31:03]   Round  18/50 | Avg: 0.4179 | Min: 0.3783 | Max: 0.4590
[2026-06-04 22:31:03]   Round  19/50 | Avg: 0.4161 | Min: 0.3789 | Max: 0.4618
[2026-06-04 22:31:03]   Round  20/50 | Avg: 0.4171 | Min: 0.3757 | Max: 0.4617
[2026-06-04 22:31:03]   Round  21/50 | Avg: 0.4144 | Min: 0.3776 | Max: 0.4480
[2026-06-04 22:31:03]   Round  22/50 | Avg: 0.4144 | Min: 0.3705 | Max: 0.4560
[2026-06-04 22:31:03]   Round  23/50 | Avg: 0.4119 | Min: 0.3713 | Max: 0.4588
[2026-06-04 22:31:03]   Round  24/50 | Avg: 0.4124 | Min: 0.3713 | Max: 0.4539
[2026-06-04 22:31:03]   Round  25/50 | Avg: 0.4131 | Min: 0.3776 | Max: 0.4536
[2026-06-04 22:31:03]   Round  26/50 | Avg: 0.4090 | Min: 0.3737 | Max: 0.4460
[2026-06-04 22:31:03]   Round  27/50 | Avg: 0.4123 | Min: 0.3801 | Max: 0.4571
[2026-06-04 22:31:03]   Round  28/50 | Avg: 0.4113 | Min: 0.3695 | Max: 0.4477
[2026-06-04 22:31:03]   Round  29/50 | Avg: 0.4102 | Min: 0.3798 | Max: 0.4581
[2026-06-04 22:31:03]   Round  30/50 | Avg: 0.4107 | Min: 0.3703 | Max: 0.4529
[2026-06-04 22:31:03]   Round  31/50 | Avg: 0.4117 | Min: 0.3773 | Max: 0.4535
[2026-06-04 22:31:03]   Round  32/50 | Avg: 0.4082 | Min: 0.3729 | Max: 0.4489
[2026-06-04 22:31:03]   Round  33/50 | Avg: 0.4091 | Min: 0.3730 | Max: 0.4465
[2026-06-04 22:31:03]   Round  34/50 | Avg: 0.4083 | Min: 0.3717 | Max: 0.4449
[2026-06-04 22:31:03]   Round  35/50 | Avg: 0.4087 | Min: 0.3703 | Max: 0.4445
[2026-06-04 22:31:03]   Round  36/50 | Avg: 0.4083 | Min: 0.3738 | Max: 0.4496
[2026-06-04 22:31:03]   Round  37/50 | Avg: 0.4061 | Min: 0.3687 | Max: 0.4538
[2026-06-04 22:31:03]   Round  38/50 | Avg: 0.4053 | Min: 0.3653 | Max: 0.4497
[2026-06-04 22:31:03]   Round  39/50 | Avg: 0.4054 | Min: 0.3714 | Max: 0.4458
[2026-06-04 22:31:03]   Round  40/50 | Avg: 0.4059 | Min: 0.3695 | Max: 0.4493
[2026-06-04 22:31:03]   Round  41/50 | Avg: 0.4053 | Min: 0.3717 | Max: 0.4487
[2026-06-04 22:31:03]   Round  42/50 | Avg: 0.4046 | Min: 0.3645 | Max: 0.4508
[2026-06-04 22:31:03]   Round  43/50 | Avg: 0.4066 | Min: 0.3718 | Max: 0.4512
[2026-06-04 22:31:03]   Round  44/50 | Avg: 0.4044 | Min: 0.3701 | Max: 0.4455
[2026-06-04 22:31:03]   Round  45/50 | Avg: 0.4022 | Min: 0.3670 | Max: 0.4403
[2026-06-04 22:31:03]   Round  46/50 | Avg: 0.4072 | Min: 0.3654 | Max: 0.4450
[2026-06-04 22:31:03]   Round  47/50 | Avg: 0.4060 | Min: 0.3723 | Max: 0.4428
[2026-06-04 22:31:03]   Round  48/50 | Avg: 0.4013 | Min: 0.3609 | Max: 0.4413
[2026-06-04 22:31:03]   Round  49/50 | Avg: 0.4040 | Min: 0.3576 | Max: 0.4538
[2026-06-04 22:31:03]   Round  50/50 | Avg: 0.4004 | Min: 0.3660 | Max: 0.4397
[2026-06-04 22:31:03]   FEDMD — IID done.
[2026-06-04 22:31:03] 
[2026-06-04 22:31:03] =================================================================
[2026-06-04 22:31:03]   FEDMD — NONIID
[2026-06-04 22:31:03] =================================================================
[2026-06-04 22:31:03]   Round   1/50 | Avg: 0.3305 | Min: 0.2481 | Max: 0.4055
[2026-06-04 22:31:03]   Round   2/50 | Avg: 0.3732 | Min: 0.2847 | Max: 0.4755
[2026-06-04 22:31:03]   Round   3/50 | Avg: 0.3742 | Min: 0.2944 | Max: 0.4754
[2026-06-04 22:31:03]   Round   4/50 | Avg: 0.3758 | Min: 0.3072 | Max: 0.4856
[2026-06-04 22:31:03]   Round   5/50 | Avg: 0.3831 | Min: 0.3051 | Max: 0.4956
[2026-06-04 22:31:03]   Round   6/50 | Avg: 0.3853 | Min: 0.3115 | Max: 0.5006
[2026-06-04 22:31:03]   Round   7/50 | Avg: 0.3884 | Min: 0.3128 | Max: 0.4998
[2026-06-04 22:31:03]   Round   8/50 | Avg: 0.3915 | Min: 0.2987 | Max: 0.4834
[2026-06-04 22:31:03]   Round   9/50 | Avg: 0.3875 | Min: 0.2977 | Max: 0.5029
[2026-06-04 22:31:03]   Round  10/50 | Avg: 0.3897 | Min: 0.3005 | Max: 0.5017
[2026-06-04 22:31:03]   Round  11/50 | Avg: 0.3877 | Min: 0.3120 | Max: 0.4894
[2026-06-04 22:31:03]   Round  12/50 | Avg: 0.3888 | Min: 0.3153 | Max: 0.4931
[2026-06-04 22:31:03]   Round  13/50 | Avg: 0.3889 | Min: 0.3041 | Max: 0.5050
[2026-06-04 22:31:03]   Round  14/50 | Avg: 0.3854 | Min: 0.3177 | Max: 0.4881
[2026-06-04 22:31:03]   Round  15/50 | Avg: 0.3852 | Min: 0.3086 | Max: 0.5087
[2026-06-04 22:31:03]   Round  16/50 | Avg: 0.3854 | Min: 0.3117 | Max: 0.4982
[2026-06-04 22:31:03]   Round  17/50 | Avg: 0.3834 | Min: 0.3109 | Max: 0.4945
[2026-06-04 22:31:03]   Round  18/50 | Avg: 0.3860 | Min: 0.3081 | Max: 0.5062
[2026-06-04 22:31:03]   Round  19/50 | Avg: 0.3856 | Min: 0.3087 | Max: 0.5017
[2026-06-04 22:31:03]   Round  20/50 | Avg: 0.3787 | Min: 0.3094 | Max: 0.4671
[2026-06-04 22:31:03]   Round  21/50 | Avg: 0.3818 | Min: 0.3100 | Max: 0.4861
[2026-06-04 22:31:03]   Round  22/50 | Avg: 0.3786 | Min: 0.3077 | Max: 0.4823
[2026-06-04 22:31:03]   Round  23/50 | Avg: 0.3826 | Min: 0.3133 | Max: 0.4927
[2026-06-04 22:31:03]   Round  24/50 | Avg: 0.3812 | Min: 0.3048 | Max: 0.4996
[2026-06-04 22:31:03]   Round  25/50 | Avg: 0.3820 | Min: 0.3109 | Max: 0.4925
[2026-06-04 22:31:03]   Round  26/50 | Avg: 0.3810 | Min: 0.3053 | Max: 0.4746
[2026-06-04 22:31:03]   Round  27/50 | Avg: 0.3772 | Min: 0.2962 | Max: 0.4923
[2026-06-04 22:31:03]   Round  28/50 | Avg: 0.3791 | Min: 0.3019 | Max: 0.4964
[2026-06-04 22:31:03]   Round  29/50 | Avg: 0.3784 | Min: 0.3059 | Max: 0.4998
[2026-06-04 22:31:03]   Round  30/50 | Avg: 0.3831 | Min: 0.3093 | Max: 0.4950
[2026-06-04 22:31:03]   Round  31/50 | Avg: 0.3802 | Min: 0.3136 | Max: 0.4877
[2026-06-04 22:31:03]   Round  32/50 | Avg: 0.3770 | Min: 0.3023 | Max: 0.4774
[2026-06-04 22:31:03]   Round  33/50 | Avg: 0.3786 | Min: 0.3062 | Max: 0.4849
[2026-06-04 22:31:03]   Round  34/50 | Avg: 0.3780 | Min: 0.3031 | Max: 0.4740
[2026-06-04 22:31:03]   Round  35/50 | Avg: 0.3733 | Min: 0.3041 | Max: 0.4598
[2026-06-04 22:31:03]   Round  36/50 | Avg: 0.3750 | Min: 0.3054 | Max: 0.4809
[2026-06-04 22:31:03]   Round  37/50 | Avg: 0.3734 | Min: 0.2896 | Max: 0.4898
[2026-06-04 22:31:03]   Round  38/50 | Avg: 0.3762 | Min: 0.3028 | Max: 0.4497
[2026-06-04 22:31:03]   Round  39/50 | Avg: 0.3729 | Min: 0.2971 | Max: 0.4881
[2026-06-04 22:31:03]   Round  40/50 | Avg: 0.3803 | Min: 0.3084 | Max: 0.4827
[2026-06-04 22:31:03]   Round  41/50 | Avg: 0.3738 | Min: 0.2973 | Max: 0.4781
[2026-06-04 22:31:03]   Round  42/50 | Avg: 0.3763 | Min: 0.3036 | Max: 0.4863
[2026-06-04 22:31:03]   Round  43/50 | Avg: 0.3730 | Min: 0.2975 | Max: 0.4883
[2026-06-04 22:31:03]   Round  44/50 | Avg: 0.3735 | Min: 0.3070 | Max: 0.4910
[2026-06-04 22:31:03]   Round  45/50 | Avg: 0.3728 | Min: 0.2704 | Max: 0.4751
[2026-06-04 22:31:03]   Round  46/50 | Avg: 0.3727 | Min: 0.3011 | Max: 0.4736
[2026-06-04 22:31:03]   Round  47/50 | Avg: 0.3722 | Min: 0.2862 | Max: 0.4853
[2026-06-04 22:31:03]   Round  48/50 | Avg: 0.3708 | Min: 0.2848 | Max: 0.4798
[2026-06-04 22:31:03]   Round  49/50 | Avg: 0.3753 | Min: 0.3017 | Max: 0.4726
[2026-06-04 22:31:03]   Round  50/50 | Avg: 0.3717 | Min: 0.2900 | Max: 0.4825
[2026-06-04 22:31:03]   FEDMD — NONIID done.
[2026-06-04 22:31:03]   Saved final_ci_cifar10_uniform.png
[2026-06-04 22:31:03]   Saved per_client_cifar10_uniform.png
[2026-06-04 22:31:03] 
[2026-06-04 22:31:03] =================================================================
[2026-06-04 22:31:03]   All experiments complete.
[2026-06-04 22:31:03]   Results  ->  /home/gad/Desktop/HomeSenseKD/results/phase1
[2026-06-04 22:31:03]   Figures  ->  /home/gad/Desktop/HomeSenseKD/results/phase1/figures
[2026-06-04 22:31:03] =================================================================
[2026-06-04 22:31:03] ============================================================
[2026-06-04 22:31:03]   JOB DONE    : cifar10_fedmd_uniform  (exit 0)
[2026-06-04 22:31:03]   Full log    : /home/gad/Desktop/HomeSenseKD/logs/phase1/cifar10_fedmd_uniform.log
[2026-06-04 22:31:03] ============================================================
