[2026-06-04 02:47:00] ============================================================
[2026-06-04 02:47:00]   JOB START   : cifar10_fedavg_uniform
[2026-06-04 02:47:00]   PID         : 701958
[2026-06-04 02:47:00]   Log         : /home/gad/Desktop/HomeSenseKD/logs/phase1/cifar10_fedavg_uniform.log
[2026-06-04 02:47:00]   Results dir : /home/gad/Desktop/HomeSenseKD/results/phase1
[2026-06-04 02:47:00]   Fig dir     : /home/gad/Desktop/HomeSenseKD/results/phase1/figures
[2026-06-04 02:47:00]   Cmd         : /home/gad/Desktop/HomeSenseKD/myenv/bin/python /home/gad/Desktop/HomeSenseKD/run_fedkd.py \
[2026-06-04 02:47:00]                   --config /home/gad/Desktop/HomeSenseKD/config/cifar10.yaml \
[2026-06-04 02:47:00]                   --algorithm fedavg --heterogeneity uniform \
[2026-06-04 02:47:00]                   --override experiment.results_dir=/home/gad/Desktop/HomeSenseKD/results/phase1 \
[2026-06-04 02:47:00]                              experiment.fig_dir=/home/gad/Desktop/HomeSenseKD/results/phase1/figures
[2026-06-04 02:47:00] ============================================================
[2026-06-05 03:17:08] WARNING: All log messages before absl::InitializeLog() is called are written to STDERR
[2026-06-05 03:17:08] I0000 00:00:1780555621.358196  701992 port.cc:153] oneDNN custom operations are on. You may see slightly different numerical results due to floating-point round-off errors from different computation orders. To turn them off, set the environment variable `TF_ENABLE_ONEDNN_OPTS=0`.
[2026-06-05 03:17:08] I0000 00:00:1780555621.358987  701992 cudart_stub.cc:31] Could not find cuda drivers on your machine, GPU will not be used.
[2026-06-05 03:17:08] I0000 00:00:1780555621.441922  701992 cpu_feature_guard.cc:227] This TensorFlow binary is optimized to use available CPU instructions in performance-critical operations.
[2026-06-05 03:17:08] To enable the following instructions: AVX2 AVX_VNNI FMA, in other operations, rebuild TensorFlow with the appropriate compiler flags.
[2026-06-05 03:17:08] WARNING: All log messages before absl::InitializeLog() is called are written to STDERR
[2026-06-05 03:17:08] I0000 00:00:1780555623.628986  701992 port.cc:153] oneDNN custom operations are on. You may see slightly different numerical results due to floating-point round-off errors from different computation orders. To turn them off, set the environment variable `TF_ENABLE_ONEDNN_OPTS=0`.
[2026-06-05 03:17:08] I0000 00:00:1780555623.629454  701992 cudart_stub.cc:31] Could not find cuda drivers on your machine, GPU will not be used.
[2026-06-05 03:17:08] E0000 00:00:1780555629.816129  701992 cuda_platform.cc:52] failed call to cuInit: INTERNAL: CUDA error: Failed call to cuInit: CUDA_ERROR_NO_DEVICE: no CUDA-capable device is detected
[2026-06-05 03:17:08]   Saved tiers_cifar10_uniform.png
[2026-06-05 03:17:08] =================================================================
[2026-06-05 03:17:08]   Dataset    : cifar10  (public: mnist)
[2026-06-05 03:17:08]   Algorithms : ['fedavg']
[2026-06-05 03:17:08]   Heterogen. : uniform  ->  ['small', 'small', 'small', 'small', 'small', 'small']...
[2026-06-05 03:17:08]   Seeds      : [42, 123, 456]
[2026-06-05 03:17:08]   Settings   : ['iid', 'noniid']
[2026-06-05 03:17:08] =================================================================
[2026-06-05 03:17:08] 
[2026-06-05 03:17:08] [seed=42]  FEDAVG  dataset=cifar10  hetero=uniform
[2026-06-05 03:17:08] Loading CIFAR-10...
[2026-06-05 03:17:08]   -> 50000 train, 10000 test
[2026-06-05 03:17:08] Loading MNIST...
[2026-06-05 03:17:08]   -> 60000 train, 10000 test
[2026-06-05 03:17:08] 
[2026-06-05 03:17:08] =================================================================
[2026-06-05 03:17:08]   FEDAVG — IID
[2026-06-05 03:17:08] =================================================================
[2026-06-05 03:17:08]   Round   1/50 | Avg: 0.3571 | Min: 0.2970 | Max: 0.4056
[2026-06-05 03:17:08]   Round   2/50 | Avg: 0.1829 | Min: 0.1152 | Max: 0.2227
[2026-06-05 03:17:08]   Round   3/50 | Avg: 0.2342 | Min: 0.1974 | Max: 0.2778
[2026-06-05 03:17:08]   Round   4/50 | Avg: 0.2914 | Min: 0.2533 | Max: 0.3239
[2026-06-05 03:17:08]   Round   5/50 | Avg: 0.3440 | Min: 0.3085 | Max: 0.3663
[2026-06-05 03:17:08]   Round   6/50 | Avg: 0.3830 | Min: 0.3620 | Max: 0.3956
[2026-06-05 03:17:08]   Round   7/50 | Avg: 0.4023 | Min: 0.3772 | Max: 0.4248
[2026-06-05 03:17:08]   Round   8/50 | Avg: 0.4245 | Min: 0.4132 | Max: 0.4333
[2026-06-05 03:17:08]   Round   9/50 | Avg: 0.4354 | Min: 0.4153 | Max: 0.4438
[2026-06-05 03:17:08]   Round  10/50 | Avg: 0.4485 | Min: 0.4310 | Max: 0.4611
[2026-06-05 03:17:08]   Round  11/50 | Avg: 0.4544 | Min: 0.4325 | Max: 0.4755
[2026-06-05 03:17:08]   Round  12/50 | Avg: 0.4669 | Min: 0.4478 | Max: 0.4856
[2026-06-05 03:17:08]   Round  13/50 | Avg: 0.4693 | Min: 0.4489 | Max: 0.4833
[2026-06-05 03:17:08]   Round  14/50 | Avg: 0.4756 | Min: 0.4605 | Max: 0.4861
[2026-06-05 03:17:08]   Round  15/50 | Avg: 0.4791 | Min: 0.4691 | Max: 0.4873
[2026-06-05 03:17:08]   Round  16/50 | Avg: 0.4806 | Min: 0.4647 | Max: 0.4985
[2026-06-05 03:17:08]   Round  17/50 | Avg: 0.4871 | Min: 0.4760 | Max: 0.4959
[2026-06-05 03:17:08]   Round  18/50 | Avg: 0.4888 | Min: 0.4667 | Max: 0.5009
[2026-06-05 03:17:08]   Round  19/50 | Avg: 0.4919 | Min: 0.4783 | Max: 0.5042
[2026-06-05 03:17:08]   Round  20/50 | Avg: 0.4924 | Min: 0.4439 | Max: 0.5105
[2026-06-05 03:17:08]   Round  21/50 | Avg: 0.4933 | Min: 0.4605 | Max: 0.5063
[2026-06-05 03:17:08]   Round  22/50 | Avg: 0.4955 | Min: 0.4668 | Max: 0.5124
[2026-06-05 03:17:08]   Round  23/50 | Avg: 0.4989 | Min: 0.4652 | Max: 0.5127
[2026-06-05 03:17:08]   Round  24/50 | Avg: 0.5032 | Min: 0.4705 | Max: 0.5170
[2026-06-05 03:17:08]   Round  25/50 | Avg: 0.5035 | Min: 0.4947 | Max: 0.5173
[2026-06-05 03:17:08]   Round  26/50 | Avg: 0.5040 | Min: 0.4881 | Max: 0.5173
[2026-06-05 03:17:08]   Round  27/50 | Avg: 0.5069 | Min: 0.4880 | Max: 0.5176
[2026-06-05 03:17:08]   Round  28/50 | Avg: 0.5051 | Min: 0.4784 | Max: 0.5185
[2026-06-05 03:17:08]   Round  29/50 | Avg: 0.5074 | Min: 0.4828 | Max: 0.5205
[2026-06-05 03:17:08]   Round  30/50 | Avg: 0.5081 | Min: 0.4858 | Max: 0.5202
[2026-06-05 03:17:08]   Round  31/50 | Avg: 0.5095 | Min: 0.4904 | Max: 0.5230
[2026-06-05 03:17:08]   Round  32/50 | Avg: 0.5111 | Min: 0.4942 | Max: 0.5239
[2026-06-05 03:17:08]   Round  33/50 | Avg: 0.5123 | Min: 0.4988 | Max: 0.5253
[2026-06-05 03:17:08]   Round  34/50 | Avg: 0.5130 | Min: 0.4770 | Max: 0.5267
[2026-06-05 03:17:08]   Round  35/50 | Avg: 0.5126 | Min: 0.4980 | Max: 0.5214
[2026-06-05 03:17:08]   Round  36/50 | Avg: 0.5166 | Min: 0.5045 | Max: 0.5299
[2026-06-05 03:17:08]   Round  37/50 | Avg: 0.5175 | Min: 0.4978 | Max: 0.5304
[2026-06-05 03:17:08]   Round  38/50 | Avg: 0.5149 | Min: 0.4944 | Max: 0.5263
[2026-06-05 03:17:08]   Round  39/50 | Avg: 0.5145 | Min: 0.5018 | Max: 0.5270
[2026-06-05 03:17:08]   Round  40/50 | Avg: 0.5161 | Min: 0.4971 | Max: 0.5280
[2026-06-05 03:17:08]   Round  41/50 | Avg: 0.5146 | Min: 0.4947 | Max: 0.5291
[2026-06-05 03:17:08]   Round  42/50 | Avg: 0.5206 | Min: 0.5081 | Max: 0.5324
[2026-06-05 03:17:08]   Round  43/50 | Avg: 0.5183 | Min: 0.4968 | Max: 0.5276
[2026-06-05 03:17:08]   Round  44/50 | Avg: 0.5190 | Min: 0.5040 | Max: 0.5317
[2026-06-05 03:17:08]   Round  45/50 | Avg: 0.5214 | Min: 0.5067 | Max: 0.5316
[2026-06-05 03:17:08]   Round  46/50 | Avg: 0.5211 | Min: 0.5065 | Max: 0.5324
[2026-06-05 03:17:08]   Round  47/50 | Avg: 0.5207 | Min: 0.5018 | Max: 0.5321
[2026-06-05 03:17:08]   Round  48/50 | Avg: 0.5210 | Min: 0.5058 | Max: 0.5310
[2026-06-05 03:17:08]   Round  49/50 | Avg: 0.5208 | Min: 0.5074 | Max: 0.5311
[2026-06-05 03:17:08]   Round  50/50 | Avg: 0.5217 | Min: 0.5014 | Max: 0.5323
[2026-06-05 03:17:08]   FEDAVG — IID done.
[2026-06-05 03:17:08] 
[2026-06-05 03:17:08] =================================================================
[2026-06-05 03:17:08]   FEDAVG — NONIID
[2026-06-05 03:17:08] =================================================================
[2026-06-05 03:17:08]   Round   1/50 | Avg: 0.2976 | Min: 0.2025 | Max: 0.3765
[2026-06-05 03:17:08]   Round   2/50 | Avg: 0.1987 | Min: 0.1033 | Max: 0.2856
[2026-06-05 03:17:08]   Round   3/50 | Avg: 0.2894 | Min: 0.1814 | Max: 0.3670
[2026-06-05 03:17:08]   Round   4/50 | Avg: 0.3314 | Min: 0.2379 | Max: 0.3970
[2026-06-05 03:17:08]   Round   5/50 | Avg: 0.3540 | Min: 0.2640 | Max: 0.4309
[2026-06-05 03:17:08]   Round   6/50 | Avg: 0.3732 | Min: 0.2571 | Max: 0.4515
[2026-06-05 03:17:08]   Round   7/50 | Avg: 0.3803 | Min: 0.2574 | Max: 0.4602
[2026-06-05 03:17:08]   Round   8/50 | Avg: 0.3963 | Min: 0.2833 | Max: 0.4642
[2026-06-05 03:17:08]   Round   9/50 | Avg: 0.3987 | Min: 0.3022 | Max: 0.4688
[2026-06-05 03:17:08]   Round  10/50 | Avg: 0.4062 | Min: 0.3017 | Max: 0.4767
[2026-06-05 03:17:08]   Round  11/50 | Avg: 0.4117 | Min: 0.3193 | Max: 0.4849
[2026-06-05 03:17:08]   Round  12/50 | Avg: 0.4154 | Min: 0.3370 | Max: 0.4825
[2026-06-05 03:17:08]   Round  13/50 | Avg: 0.4257 | Min: 0.3494 | Max: 0.5046
[2026-06-05 03:17:08]   Round  14/50 | Avg: 0.4223 | Min: 0.3456 | Max: 0.5083
[2026-06-05 03:17:08]   Round  15/50 | Avg: 0.4327 | Min: 0.3624 | Max: 0.5040
[2026-06-05 03:17:08]   Round  16/50 | Avg: 0.4292 | Min: 0.3443 | Max: 0.5084
[2026-06-05 03:17:08]   Round  17/50 | Avg: 0.4332 | Min: 0.3316 | Max: 0.4889
[2026-06-05 03:17:08]   Round  18/50 | Avg: 0.4335 | Min: 0.3240 | Max: 0.5152
[2026-06-05 03:17:08]   Round  19/50 | Avg: 0.4390 | Min: 0.3500 | Max: 0.5066
[2026-06-05 03:17:08]   Round  20/50 | Avg: 0.4339 | Min: 0.3228 | Max: 0.5228
[2026-06-05 03:17:08]   Round  21/50 | Avg: 0.4398 | Min: 0.3425 | Max: 0.5154
[2026-06-05 03:17:08]   Round  22/50 | Avg: 0.4341 | Min: 0.3203 | Max: 0.4914
[2026-06-05 03:17:08]   Round  23/50 | Avg: 0.4446 | Min: 0.3495 | Max: 0.5135
[2026-06-05 03:17:08]   Round  24/50 | Avg: 0.4418 | Min: 0.3419 | Max: 0.5093
[2026-06-05 03:17:08]   Round  25/50 | Avg: 0.4497 | Min: 0.3434 | Max: 0.5289
[2026-06-05 03:17:08]   Round  26/50 | Avg: 0.4436 | Min: 0.3418 | Max: 0.4980
[2026-06-05 03:17:08]   Round  27/50 | Avg: 0.4496 | Min: 0.3366 | Max: 0.5103
[2026-06-05 03:17:08]   Round  28/50 | Avg: 0.4475 | Min: 0.3489 | Max: 0.5186
[2026-06-05 03:17:08]   Round  29/50 | Avg: 0.4519 | Min: 0.3427 | Max: 0.5134
[2026-06-05 03:17:08]   Round  30/50 | Avg: 0.4565 | Min: 0.3858 | Max: 0.5357
[2026-06-05 03:17:08]   Round  31/50 | Avg: 0.4558 | Min: 0.3440 | Max: 0.5157
[2026-06-05 03:17:08]   Round  32/50 | Avg: 0.4554 | Min: 0.3354 | Max: 0.5349
[2026-06-05 03:17:08]   Round  33/50 | Avg: 0.4569 | Min: 0.3803 | Max: 0.5134
[2026-06-05 03:17:08]   Round  34/50 | Avg: 0.4605 | Min: 0.3516 | Max: 0.5068
[2026-06-05 03:17:08]   Round  35/50 | Avg: 0.4594 | Min: 0.3543 | Max: 0.5203
[2026-06-05 03:17:08]   Round  36/50 | Avg: 0.4608 | Min: 0.3507 | Max: 0.5209
[2026-06-05 03:17:08]   Round  37/50 | Avg: 0.4596 | Min: 0.3594 | Max: 0.5451
[2026-06-05 03:17:08]   Round  38/50 | Avg: 0.4642 | Min: 0.3620 | Max: 0.5168
[2026-06-05 03:17:08]   Round  39/50 | Avg: 0.4616 | Min: 0.3550 | Max: 0.5281
[2026-06-05 03:17:08]   Round  40/50 | Avg: 0.4647 | Min: 0.3693 | Max: 0.5368
[2026-06-05 03:17:08]   Round  41/50 | Avg: 0.4683 | Min: 0.3649 | Max: 0.5307
[2026-06-05 03:17:08]   Round  42/50 | Avg: 0.4649 | Min: 0.3589 | Max: 0.5292
[2026-06-05 03:17:08]   Round  43/50 | Avg: 0.4665 | Min: 0.3490 | Max: 0.5330
[2026-06-05 03:17:08]   Round  44/50 | Avg: 0.4697 | Min: 0.3899 | Max: 0.5286
[2026-06-05 03:17:08]   Round  45/50 | Avg: 0.4650 | Min: 0.3673 | Max: 0.5313
[2026-06-05 03:17:08]   Round  46/50 | Avg: 0.4676 | Min: 0.3656 | Max: 0.5346
[2026-06-05 03:17:08]   Round  47/50 | Avg: 0.4650 | Min: 0.3604 | Max: 0.5158
[2026-06-05 03:17:08]   Round  48/50 | Avg: 0.4690 | Min: 0.3559 | Max: 0.5229
[2026-06-05 03:17:08]   Round  49/50 | Avg: 0.4714 | Min: 0.3785 | Max: 0.5417
[2026-06-05 03:17:08]   Round  50/50 | Avg: 0.4716 | Min: 0.3672 | Max: 0.5301
[2026-06-05 03:17:08]   FEDAVG — NONIID done.
[2026-06-05 03:17:08] 
[2026-06-05 03:17:08] [seed=123]  FEDAVG  dataset=cifar10  hetero=uniform
[2026-06-05 03:17:08] Loading CIFAR-10...
[2026-06-05 03:17:08]   -> 50000 train, 10000 test
[2026-06-05 03:17:08] Loading MNIST...
[2026-06-05 03:17:08]   -> 60000 train, 10000 test
[2026-06-05 03:17:08] 
[2026-06-05 03:17:08] =================================================================
[2026-06-05 03:17:08]   FEDAVG — IID
[2026-06-05 03:17:08] =================================================================
[2026-06-05 03:17:08]   Round   1/50 | Avg: 0.3718 | Min: 0.3279 | Max: 0.4214
[2026-06-05 03:17:08]   Round   2/50 | Avg: 0.2172 | Min: 0.1490 | Max: 0.2580
[2026-06-05 03:17:08]   Round   3/50 | Avg: 0.2934 | Min: 0.2660 | Max: 0.3242
[2026-06-05 03:17:08]   Round   4/50 | Avg: 0.3676 | Min: 0.3490 | Max: 0.3791
[2026-06-05 03:17:08]   Round   5/50 | Avg: 0.3978 | Min: 0.3808 | Max: 0.4083
[2026-06-05 03:17:08]   Round   6/50 | Avg: 0.4233 | Min: 0.3949 | Max: 0.4388
[2026-06-05 03:17:08]   Round   7/50 | Avg: 0.4446 | Min: 0.4056 | Max: 0.4575
[2026-06-05 03:17:08]   Round   8/50 | Avg: 0.4589 | Min: 0.4336 | Max: 0.4737
[2026-06-05 03:17:08]   Round   9/50 | Avg: 0.4730 | Min: 0.4518 | Max: 0.4908
[2026-06-05 03:17:08]   Round  10/50 | Avg: 0.4814 | Min: 0.4516 | Max: 0.5008
[2026-06-05 03:17:08]   Round  11/50 | Avg: 0.4874 | Min: 0.4630 | Max: 0.5053
[2026-06-05 03:17:08]   Round  12/50 | Avg: 0.4986 | Min: 0.4631 | Max: 0.5137
[2026-06-05 03:17:08]   Round  13/50 | Avg: 0.5002 | Min: 0.4685 | Max: 0.5136
[2026-06-05 03:17:08]   Round  14/50 | Avg: 0.5053 | Min: 0.4883 | Max: 0.5222
[2026-06-05 03:17:08]   Round  15/50 | Avg: 0.5094 | Min: 0.4656 | Max: 0.5249
[2026-06-05 03:17:08]   Round  16/50 | Avg: 0.5146 | Min: 0.4831 | Max: 0.5259
[2026-06-05 03:17:08]   Round  17/50 | Avg: 0.5162 | Min: 0.4956 | Max: 0.5254
[2026-06-05 03:17:08]   Round  18/50 | Avg: 0.5180 | Min: 0.5024 | Max: 0.5261
[2026-06-05 03:17:08]   Round  19/50 | Avg: 0.5177 | Min: 0.4996 | Max: 0.5337
[2026-06-05 03:17:08]   Round  20/50 | Avg: 0.5198 | Min: 0.4868 | Max: 0.5333
[2026-06-05 03:17:08]   Round  21/50 | Avg: 0.5246 | Min: 0.5052 | Max: 0.5390
[2026-06-05 03:17:08]   Round  22/50 | Avg: 0.5215 | Min: 0.5002 | Max: 0.5357
[2026-06-05 03:17:08]   Round  23/50 | Avg: 0.5265 | Min: 0.5114 | Max: 0.5394
[2026-06-05 03:17:08]   Round  24/50 | Avg: 0.5248 | Min: 0.5014 | Max: 0.5367
[2026-06-05 03:17:08]   Round  25/50 | Avg: 0.5276 | Min: 0.5077 | Max: 0.5417
[2026-06-05 03:17:08]   Round  26/50 | Avg: 0.5311 | Min: 0.5120 | Max: 0.5467
[2026-06-05 03:17:08]   Round  27/50 | Avg: 0.5326 | Min: 0.5204 | Max: 0.5438
[2026-06-05 03:17:08]   Round  28/50 | Avg: 0.5329 | Min: 0.5081 | Max: 0.5456
[2026-06-05 03:17:08]   Round  29/50 | Avg: 0.5347 | Min: 0.5058 | Max: 0.5460
[2026-06-05 03:17:08]   Round  30/50 | Avg: 0.5358 | Min: 0.5219 | Max: 0.5449
[2026-06-05 03:17:08]   Round  31/50 | Avg: 0.5395 | Min: 0.5308 | Max: 0.5471
[2026-06-05 03:17:08]   Round  32/50 | Avg: 0.5373 | Min: 0.5210 | Max: 0.5463
[2026-06-05 03:17:08]   Round  33/50 | Avg: 0.5341 | Min: 0.5224 | Max: 0.5496
[2026-06-05 03:17:08]   Round  34/50 | Avg: 0.5391 | Min: 0.5255 | Max: 0.5490
[2026-06-05 03:17:08]   Round  35/50 | Avg: 0.5381 | Min: 0.5134 | Max: 0.5480
[2026-06-05 03:17:08]   Round  36/50 | Avg: 0.5394 | Min: 0.5301 | Max: 0.5474
[2026-06-05 03:17:08]   Round  37/50 | Avg: 0.5400 | Min: 0.5263 | Max: 0.5472
[2026-06-05 03:17:08]   Round  38/50 | Avg: 0.5409 | Min: 0.5273 | Max: 0.5495
[2026-06-05 03:17:08]   Round  39/50 | Avg: 0.5419 | Min: 0.5322 | Max: 0.5579
[2026-06-05 03:17:08]   Round  40/50 | Avg: 0.5415 | Min: 0.5299 | Max: 0.5543
[2026-06-05 03:17:08]   Round  41/50 | Avg: 0.5407 | Min: 0.5296 | Max: 0.5500
[2026-06-05 03:17:08]   Round  42/50 | Avg: 0.5420 | Min: 0.5308 | Max: 0.5538
[2026-06-05 03:17:08]   Round  43/50 | Avg: 0.5416 | Min: 0.5282 | Max: 0.5545
[2026-06-05 03:17:08]   Round  44/50 | Avg: 0.5412 | Min: 0.5272 | Max: 0.5532
[2026-06-05 03:17:08]   Round  45/50 | Avg: 0.5403 | Min: 0.5301 | Max: 0.5562
[2026-06-05 03:17:08]   Round  46/50 | Avg: 0.5402 | Min: 0.5086 | Max: 0.5520
[2026-06-05 03:17:08]   Round  47/50 | Avg: 0.5428 | Min: 0.5304 | Max: 0.5511
[2026-06-05 03:17:08]   Round  48/50 | Avg: 0.5419 | Min: 0.5233 | Max: 0.5528
[2026-06-05 03:17:08]   Round  49/50 | Avg: 0.5428 | Min: 0.5341 | Max: 0.5539
[2026-06-05 03:17:08]   Round  50/50 | Avg: 0.5415 | Min: 0.5325 | Max: 0.5513
[2026-06-05 03:17:08]   FEDAVG — IID done.
[2026-06-05 03:17:08] 
[2026-06-05 03:17:08] =================================================================
[2026-06-05 03:17:08]   FEDAVG — NONIID
[2026-06-05 03:17:08] =================================================================
[2026-06-05 03:17:08]   Round   1/50 | Avg: 0.2714 | Min: 0.1310 | Max: 0.3639
[2026-06-05 03:17:08]   Round   2/50 | Avg: 0.2118 | Min: 0.1000 | Max: 0.3203
[2026-06-05 03:17:08]   Round   3/50 | Avg: 0.2790 | Min: 0.1402 | Max: 0.3741
[2026-06-05 03:17:08]   Round   4/50 | Avg: 0.3219 | Min: 0.2386 | Max: 0.4043
[2026-06-05 03:17:08]   Round   5/50 | Avg: 0.3496 | Min: 0.2565 | Max: 0.4186
[2026-06-05 03:17:08]   Round   6/50 | Avg: 0.3614 | Min: 0.2669 | Max: 0.4305
[2026-06-05 03:17:08]   Round   7/50 | Avg: 0.3772 | Min: 0.2720 | Max: 0.4555
[2026-06-05 03:17:08]   Round   8/50 | Avg: 0.3862 | Min: 0.2844 | Max: 0.4764
[2026-06-05 03:17:08]   Round   9/50 | Avg: 0.3970 | Min: 0.2678 | Max: 0.4821
[2026-06-05 03:17:08]   Round  10/50 | Avg: 0.4065 | Min: 0.3036 | Max: 0.4956
[2026-06-05 03:17:08]   Round  11/50 | Avg: 0.4071 | Min: 0.2998 | Max: 0.4984
[2026-06-05 03:17:08]   Round  12/50 | Avg: 0.4096 | Min: 0.2940 | Max: 0.5073
[2026-06-05 03:17:08]   Round  13/50 | Avg: 0.4117 | Min: 0.2943 | Max: 0.5010
[2026-06-05 03:17:08]   Round  14/50 | Avg: 0.4177 | Min: 0.2992 | Max: 0.5204
[2026-06-05 03:17:08]   Round  15/50 | Avg: 0.4225 | Min: 0.3073 | Max: 0.5081
[2026-06-05 03:17:08]   Round  16/50 | Avg: 0.4234 | Min: 0.3087 | Max: 0.4982
[2026-06-05 03:17:08]   Round  17/50 | Avg: 0.4286 | Min: 0.3035 | Max: 0.4982
[2026-06-05 03:17:08]   Round  18/50 | Avg: 0.4281 | Min: 0.2862 | Max: 0.5032
[2026-06-05 03:17:08]   Round  19/50 | Avg: 0.4345 | Min: 0.3056 | Max: 0.5187
[2026-06-05 03:17:08]   Round  20/50 | Avg: 0.4325 | Min: 0.3061 | Max: 0.5069
[2026-06-05 03:17:08]   Round  21/50 | Avg: 0.4308 | Min: 0.3040 | Max: 0.5122
[2026-06-05 03:17:08]   Round  22/50 | Avg: 0.4349 | Min: 0.3039 | Max: 0.5231
[2026-06-05 03:17:08]   Round  23/50 | Avg: 0.4340 | Min: 0.3090 | Max: 0.5214
[2026-06-05 03:17:08]   Round  24/50 | Avg: 0.4361 | Min: 0.3245 | Max: 0.5115
[2026-06-05 03:17:08]   Round  25/50 | Avg: 0.4420 | Min: 0.3263 | Max: 0.5316
[2026-06-05 03:17:08]   Round  26/50 | Avg: 0.4400 | Min: 0.3155 | Max: 0.5291
[2026-06-05 03:17:08]   Round  27/50 | Avg: 0.4413 | Min: 0.3063 | Max: 0.5139
[2026-06-05 03:17:08]   Round  28/50 | Avg: 0.4361 | Min: 0.3138 | Max: 0.5178
[2026-06-05 03:17:08]   Round  29/50 | Avg: 0.4450 | Min: 0.3112 | Max: 0.5215
[2026-06-05 03:17:08]   Round  30/50 | Avg: 0.4424 | Min: 0.3279 | Max: 0.5382
[2026-06-05 03:17:08]   Round  31/50 | Avg: 0.4453 | Min: 0.3119 | Max: 0.5123
[2026-06-05 03:17:08]   Round  32/50 | Avg: 0.4444 | Min: 0.3221 | Max: 0.5238
[2026-06-05 03:17:08]   Round  33/50 | Avg: 0.4482 | Min: 0.3139 | Max: 0.5285
[2026-06-05 03:17:08]   Round  34/50 | Avg: 0.4454 | Min: 0.3179 | Max: 0.5399
[2026-06-05 03:17:08]   Round  35/50 | Avg: 0.4476 | Min: 0.3170 | Max: 0.5312
[2026-06-05 03:17:08]   Round  36/50 | Avg: 0.4418 | Min: 0.3115 | Max: 0.5338
[2026-06-05 03:17:08]   Round  37/50 | Avg: 0.4471 | Min: 0.3339 | Max: 0.5264
[2026-06-05 03:17:08]   Round  38/50 | Avg: 0.4445 | Min: 0.3272 | Max: 0.5282
[2026-06-05 03:17:08]   Round  39/50 | Avg: 0.4465 | Min: 0.3287 | Max: 0.5262
[2026-06-05 03:17:08]   Round  40/50 | Avg: 0.4460 | Min: 0.3168 | Max: 0.5332
[2026-06-05 03:17:08]   Round  41/50 | Avg: 0.4478 | Min: 0.3204 | Max: 0.5243
[2026-06-05 03:17:08]   Round  42/50 | Avg: 0.4501 | Min: 0.3212 | Max: 0.5249
[2026-06-05 03:17:08]   Round  43/50 | Avg: 0.4483 | Min: 0.3524 | Max: 0.5176
[2026-06-05 03:17:08]   Round  44/50 | Avg: 0.4473 | Min: 0.3255 | Max: 0.5226
[2026-06-05 03:17:08]   Round  45/50 | Avg: 0.4501 | Min: 0.3185 | Max: 0.5244
[2026-06-05 03:17:08]   Round  46/50 | Avg: 0.4506 | Min: 0.3438 | Max: 0.5254
[2026-06-05 03:17:08]   Round  47/50 | Avg: 0.4522 | Min: 0.3240 | Max: 0.5353
[2026-06-05 03:17:08]   Round  48/50 | Avg: 0.4491 | Min: 0.3461 | Max: 0.5308
[2026-06-05 03:17:08]   Round  49/50 | Avg: 0.4470 | Min: 0.3149 | Max: 0.5387
[2026-06-05 03:17:08]   Round  50/50 | Avg: 0.4520 | Min: 0.3263 | Max: 0.5348
[2026-06-05 03:17:08]   FEDAVG — NONIID done.
[2026-06-05 03:17:08] 
[2026-06-05 03:17:08] [seed=456]  FEDAVG  dataset=cifar10  hetero=uniform
[2026-06-05 03:17:08] Loading CIFAR-10...
[2026-06-05 03:17:08]   -> 50000 train, 10000 test
[2026-06-05 03:17:08] Loading MNIST...
[2026-06-05 03:17:08]   -> 60000 train, 10000 test
[2026-06-05 03:17:08] 
[2026-06-05 03:17:08] =================================================================
[2026-06-05 03:17:08]   FEDAVG — IID
[2026-06-05 03:17:08] =================================================================
[2026-06-05 03:17:08]   Round   1/50 | Avg: 0.3785 | Min: 0.3467 | Max: 0.4036
[2026-06-05 03:17:08]   Round   2/50 | Avg: 0.1985 | Min: 0.1493 | Max: 0.2441
[2026-06-05 03:17:08]   Round   3/50 | Avg: 0.2768 | Min: 0.2410 | Max: 0.3169
[2026-06-05 03:17:08]   Round   4/50 | Avg: 0.3606 | Min: 0.3330 | Max: 0.3790
[2026-06-05 03:17:08]   Round   5/50 | Avg: 0.3999 | Min: 0.3870 | Max: 0.4171
[2026-06-05 03:17:08]   Round   6/50 | Avg: 0.4234 | Min: 0.3986 | Max: 0.4439
[2026-06-05 03:17:08]   Round   7/50 | Avg: 0.4490 | Min: 0.4133 | Max: 0.4633
[2026-06-05 03:17:08]   Round   8/50 | Avg: 0.4625 | Min: 0.4448 | Max: 0.4813
[2026-06-05 03:17:08]   Round   9/50 | Avg: 0.4737 | Min: 0.4511 | Max: 0.4899
[2026-06-05 03:17:08]   Round  10/50 | Avg: 0.4804 | Min: 0.4490 | Max: 0.4994
[2026-06-05 03:17:08]   Round  11/50 | Avg: 0.4912 | Min: 0.4632 | Max: 0.5024
[2026-06-05 03:17:08]   Round  12/50 | Avg: 0.4992 | Min: 0.4835 | Max: 0.5138
[2026-06-05 03:17:08]   Round  13/50 | Avg: 0.5033 | Min: 0.4886 | Max: 0.5174
[2026-06-05 03:17:08]   Round  14/50 | Avg: 0.5089 | Min: 0.4853 | Max: 0.5217
[2026-06-05 03:17:08]   Round  15/50 | Avg: 0.5139 | Min: 0.5042 | Max: 0.5299
[2026-06-05 03:17:08]   Round  16/50 | Avg: 0.5175 | Min: 0.4974 | Max: 0.5313
[2026-06-05 03:17:08]   Round  17/50 | Avg: 0.5210 | Min: 0.5084 | Max: 0.5321
[2026-06-05 03:17:08]   Round  18/50 | Avg: 0.5224 | Min: 0.5003 | Max: 0.5317
[2026-06-05 03:17:08]   Round  19/50 | Avg: 0.5228 | Min: 0.5092 | Max: 0.5361
[2026-06-05 03:17:08]   Round  20/50 | Avg: 0.5249 | Min: 0.5082 | Max: 0.5356
[2026-06-05 03:17:08]   Round  21/50 | Avg: 0.5251 | Min: 0.5113 | Max: 0.5387
[2026-06-05 03:17:08]   Round  22/50 | Avg: 0.5266 | Min: 0.5124 | Max: 0.5364
[2026-06-05 03:17:08]   Round  23/50 | Avg: 0.5271 | Min: 0.5139 | Max: 0.5378
[2026-06-05 03:17:08]   Round  24/50 | Avg: 0.5272 | Min: 0.5023 | Max: 0.5407
[2026-06-05 03:17:08]   Round  25/50 | Avg: 0.5296 | Min: 0.5133 | Max: 0.5385
[2026-06-05 03:17:08]   Round  26/50 | Avg: 0.5302 | Min: 0.5154 | Max: 0.5403
[2026-06-05 03:17:08]   Round  27/50 | Avg: 0.5298 | Min: 0.5190 | Max: 0.5433
[2026-06-05 03:17:08]   Round  28/50 | Avg: 0.5313 | Min: 0.5215 | Max: 0.5411
[2026-06-05 03:17:08]   Round  29/50 | Avg: 0.5307 | Min: 0.5168 | Max: 0.5384
[2026-06-05 03:17:08]   Round  30/50 | Avg: 0.5330 | Min: 0.5168 | Max: 0.5445
[2026-06-05 03:17:08]   Round  31/50 | Avg: 0.5334 | Min: 0.5237 | Max: 0.5425
[2026-06-05 03:17:08]   Round  32/50 | Avg: 0.5315 | Min: 0.5133 | Max: 0.5402
[2026-06-05 03:17:08]   Round  33/50 | Avg: 0.5331 | Min: 0.5240 | Max: 0.5462
[2026-06-05 03:17:08]   Round  34/50 | Avg: 0.5356 | Min: 0.5234 | Max: 0.5443
[2026-06-05 03:17:08]   Round  35/50 | Avg: 0.5350 | Min: 0.5267 | Max: 0.5425
[2026-06-05 03:17:08]   Round  36/50 | Avg: 0.5349 | Min: 0.5164 | Max: 0.5452
[2026-06-05 03:17:08]   Round  37/50 | Avg: 0.5360 | Min: 0.5227 | Max: 0.5479
[2026-06-05 03:17:08]   Round  38/50 | Avg: 0.5360 | Min: 0.5196 | Max: 0.5490
[2026-06-05 03:17:08]   Round  39/50 | Avg: 0.5374 | Min: 0.5272 | Max: 0.5516
[2026-06-05 03:17:08]   Round  40/50 | Avg: 0.5348 | Min: 0.5173 | Max: 0.5458
[2026-06-05 03:17:08]   Round  41/50 | Avg: 0.5366 | Min: 0.5246 | Max: 0.5470
[2026-06-05 03:17:08]   Round  42/50 | Avg: 0.5358 | Min: 0.5230 | Max: 0.5442
[2026-06-05 03:17:08]   Round  43/50 | Avg: 0.5370 | Min: 0.5238 | Max: 0.5477
[2026-06-05 03:17:08]   Round  44/50 | Avg: 0.5380 | Min: 0.5289 | Max: 0.5527
[2026-06-05 03:17:08]   Round  45/50 | Avg: 0.5372 | Min: 0.5244 | Max: 0.5524
[2026-06-05 03:17:08]   Round  46/50 | Avg: 0.5370 | Min: 0.5228 | Max: 0.5483
[2026-06-05 03:17:08]   Round  47/50 | Avg: 0.5367 | Min: 0.5218 | Max: 0.5438
[2026-06-05 03:17:08]   Round  48/50 | Avg: 0.5363 | Min: 0.5173 | Max: 0.5442
[2026-06-05 03:17:08]   Round  49/50 | Avg: 0.5356 | Min: 0.5231 | Max: 0.5457
[2026-06-05 03:17:08]   Round  50/50 | Avg: 0.5381 | Min: 0.5231 | Max: 0.5487
[2026-06-05 03:17:08]   FEDAVG — IID done.
[2026-06-05 03:17:08] 
[2026-06-05 03:17:08] =================================================================
[2026-06-05 03:17:08]   FEDAVG — NONIID
[2026-06-05 03:17:08] =================================================================
[2026-06-05 03:17:08]   Round   1/50 | Avg: 0.3212 | Min: 0.2093 | Max: 0.4152
[2026-06-05 03:17:08]   Round   2/50 | Avg: 0.2420 | Min: 0.1183 | Max: 0.3228
[2026-06-05 03:17:08]   Round   3/50 | Avg: 0.3269 | Min: 0.2727 | Max: 0.4202
[2026-06-05 03:17:08]   Round   4/50 | Avg: 0.3599 | Min: 0.2987 | Max: 0.4554
[2026-06-05 03:17:08]   Round   5/50 | Avg: 0.3817 | Min: 0.3078 | Max: 0.4663
[2026-06-05 03:17:08]   Round   6/50 | Avg: 0.4009 | Min: 0.3384 | Max: 0.4959
[2026-06-05 03:17:08]   Round   7/50 | Avg: 0.4132 | Min: 0.3489 | Max: 0.5139
[2026-06-05 03:17:08]   Round   8/50 | Avg: 0.4224 | Min: 0.3672 | Max: 0.5086
[2026-06-05 03:17:08]   Round   9/50 | Avg: 0.4266 | Min: 0.3520 | Max: 0.5113
[2026-06-05 03:17:08]   Round  10/50 | Avg: 0.4372 | Min: 0.3601 | Max: 0.5142
[2026-06-05 03:17:08]   Round  11/50 | Avg: 0.4408 | Min: 0.3747 | Max: 0.5281
[2026-06-05 03:17:08]   Round  12/50 | Avg: 0.4477 | Min: 0.3743 | Max: 0.5356
[2026-06-05 03:17:08]   Round  13/50 | Avg: 0.4544 | Min: 0.3943 | Max: 0.5479
[2026-06-05 03:17:08]   Round  14/50 | Avg: 0.4577 | Min: 0.3969 | Max: 0.5418
[2026-06-05 03:17:08]   Round  15/50 | Avg: 0.4542 | Min: 0.3800 | Max: 0.5438
[2026-06-05 03:17:08]   Round  16/50 | Avg: 0.4652 | Min: 0.4086 | Max: 0.5537
[2026-06-05 03:17:08]   Round  17/50 | Avg: 0.4673 | Min: 0.3914 | Max: 0.5596
[2026-06-05 03:17:08]   Round  18/50 | Avg: 0.4637 | Min: 0.3984 | Max: 0.5563
[2026-06-05 03:17:08]   Round  19/50 | Avg: 0.4669 | Min: 0.3945 | Max: 0.5580
[2026-06-05 03:17:08]   Round  20/50 | Avg: 0.4699 | Min: 0.4069 | Max: 0.5641
[2026-06-05 03:17:08]   Round  21/50 | Avg: 0.4742 | Min: 0.4045 | Max: 0.5630
[2026-06-05 03:17:08]   Round  22/50 | Avg: 0.4717 | Min: 0.3988 | Max: 0.5723
[2026-06-05 03:17:08]   Round  23/50 | Avg: 0.4751 | Min: 0.3961 | Max: 0.5666
[2026-06-05 03:17:08]   Round  24/50 | Avg: 0.4762 | Min: 0.3843 | Max: 0.5555
[2026-06-05 03:17:08]   Round  25/50 | Avg: 0.4735 | Min: 0.3979 | Max: 0.5666
[2026-06-05 03:17:08]   Round  26/50 | Avg: 0.4771 | Min: 0.3882 | Max: 0.5659
[2026-06-05 03:17:08]   Round  27/50 | Avg: 0.4735 | Min: 0.3833 | Max: 0.5626
[2026-06-05 03:17:08]   Round  28/50 | Avg: 0.4786 | Min: 0.4008 | Max: 0.5607
[2026-06-05 03:17:08]   Round  29/50 | Avg: 0.4744 | Min: 0.4063 | Max: 0.5619
[2026-06-05 03:17:08]   Round  30/50 | Avg: 0.4797 | Min: 0.4119 | Max: 0.5543
[2026-06-05 03:17:08]   Round  31/50 | Avg: 0.4835 | Min: 0.4120 | Max: 0.5496
[2026-06-05 03:17:08]   Round  32/50 | Avg: 0.4781 | Min: 0.4089 | Max: 0.5681
[2026-06-05 03:17:08]   Round  33/50 | Avg: 0.4824 | Min: 0.4109 | Max: 0.5731
[2026-06-05 03:17:08]   Round  34/50 | Avg: 0.4860 | Min: 0.4058 | Max: 0.5689
[2026-06-05 03:17:08]   Round  35/50 | Avg: 0.4800 | Min: 0.4124 | Max: 0.5621
[2026-06-05 03:17:08]   Round  36/50 | Avg: 0.4822 | Min: 0.4070 | Max: 0.5628
[2026-06-05 03:17:08]   Round  37/50 | Avg: 0.4816 | Min: 0.4024 | Max: 0.5646
[2026-06-05 03:17:08]   Round  38/50 | Avg: 0.4880 | Min: 0.4165 | Max: 0.5656
[2026-06-05 03:17:08]   Round  39/50 | Avg: 0.4800 | Min: 0.4082 | Max: 0.5670
[2026-06-05 03:17:08]   Round  40/50 | Avg: 0.4849 | Min: 0.4084 | Max: 0.5641
[2026-06-05 03:17:08]   Round  41/50 | Avg: 0.4865 | Min: 0.4029 | Max: 0.5753
[2026-06-05 03:17:08]   Round  42/50 | Avg: 0.4876 | Min: 0.4148 | Max: 0.5701
[2026-06-05 03:17:08]   Round  43/50 | Avg: 0.4890 | Min: 0.4259 | Max: 0.5684
[2026-06-05 03:17:08]   Round  44/50 | Avg: 0.4875 | Min: 0.4084 | Max: 0.5679
[2026-06-05 03:17:08]   Round  45/50 | Avg: 0.4856 | Min: 0.4096 | Max: 0.5715
[2026-06-05 03:17:08]   Round  46/50 | Avg: 0.4858 | Min: 0.4142 | Max: 0.5611
[2026-06-05 03:17:08]   Round  47/50 | Avg: 0.4921 | Min: 0.4315 | Max: 0.5643
[2026-06-05 03:17:08]   Round  48/50 | Avg: 0.4914 | Min: 0.4197 | Max: 0.5598
[2026-06-05 03:17:08]   Round  49/50 | Avg: 0.4921 | Min: 0.4139 | Max: 0.5722
[2026-06-05 03:17:08]   Round  50/50 | Avg: 0.4907 | Min: 0.4033 | Max: 0.5727
[2026-06-05 03:17:08]   FEDAVG — NONIID done.
[2026-06-05 03:17:08]   Saved final_ci_cifar10_uniform.png
[2026-06-05 03:17:08]   Saved per_client_cifar10_uniform.png
[2026-06-05 03:17:08] 
[2026-06-05 03:17:08] =================================================================
[2026-06-05 03:17:08]   All experiments complete.
[2026-06-05 03:17:08]   Results  ->  /home/gad/Desktop/HomeSenseKD/results/phase1
[2026-06-05 03:17:08]   Figures  ->  /home/gad/Desktop/HomeSenseKD/results/phase1/figures
[2026-06-05 03:17:08] =================================================================
[2026-06-05 03:17:08] ============================================================
[2026-06-05 03:17:08]   JOB DONE    : cifar10_fedavg_uniform  (exit 0)
[2026-06-05 03:17:08]   Full log    : /home/gad/Desktop/HomeSenseKD/logs/phase1/cifar10_fedavg_uniform.log
[2026-06-05 03:17:08] ============================================================
