[2026-06-05 03:17:08] ============================================================
[2026-06-05 03:17:08]   JOB START   : cifar10_local_uniform
[2026-06-05 03:17:08]   PID         : 2925603
[2026-06-05 03:17:08]   Log         : /home/gad/Desktop/HomeSenseKD/logs/phase1/cifar10_local_uniform.log
[2026-06-05 03:17:08]   Results dir : /home/gad/Desktop/HomeSenseKD/results/phase1
[2026-06-05 03:17:08]   Fig dir     : /home/gad/Desktop/HomeSenseKD/results/phase1/figures
[2026-06-05 03:17:08]   Cmd         : /home/gad/Desktop/HomeSenseKD/myenv/bin/python /home/gad/Desktop/HomeSenseKD/run_fedkd.py \
[2026-06-05 03:17:08]                   --config /home/gad/Desktop/HomeSenseKD/config/cifar10.yaml \
[2026-06-05 03:17:08]                   --algorithm local --heterogeneity uniform \
[2026-06-05 03:17:08]                   --override experiment.results_dir=/home/gad/Desktop/HomeSenseKD/results/phase1 \
[2026-06-05 03:17:08]                              experiment.fig_dir=/home/gad/Desktop/HomeSenseKD/results/phase1/figures
[2026-06-05 03:17:08] ============================================================
[2026-06-06 13:27:41] WARNING: All log messages before absl::InitializeLog() is called are written to STDERR
[2026-06-06 13:27:41] I0000 00:00:1780643829.138653 2925609 port.cc:153] oneDNN custom operations are on. You may see slightly different numerical results due to floating-point round-off errors from different computation orders. To turn them off, set the environment variable `TF_ENABLE_ONEDNN_OPTS=0`.
[2026-06-06 13:27:41] I0000 00:00:1780643829.139345 2925609 cudart_stub.cc:31] Could not find cuda drivers on your machine, GPU will not be used.
[2026-06-06 13:27:41] I0000 00:00:1780643829.214167 2925609 cpu_feature_guard.cc:227] This TensorFlow binary is optimized to use available CPU instructions in performance-critical operations.
[2026-06-06 13:27:41] To enable the following instructions: AVX2 AVX_VNNI FMA, in other operations, rebuild TensorFlow with the appropriate compiler flags.
[2026-06-06 13:27:41] WARNING: All log messages before absl::InitializeLog() is called are written to STDERR
[2026-06-06 13:27:41] I0000 00:00:1780643831.603942 2925609 port.cc:153] oneDNN custom operations are on. You may see slightly different numerical results due to floating-point round-off errors from different computation orders. To turn them off, set the environment variable `TF_ENABLE_ONEDNN_OPTS=0`.
[2026-06-06 13:27:41] I0000 00:00:1780643831.605445 2925609 cudart_stub.cc:31] Could not find cuda drivers on your machine, GPU will not be used.
[2026-06-06 13:27:41] E0000 00:00:1780643838.269668 2925609 cuda_platform.cc:52] failed call to cuInit: INTERNAL: CUDA error: Failed call to cuInit: CUDA_ERROR_NO_DEVICE: no CUDA-capable device is detected
[2026-06-06 13:27:41]   Saved tiers_cifar10_uniform.png
[2026-06-06 13:27:41] =================================================================
[2026-06-06 13:27:41]   Dataset    : cifar10  (public: mnist)
[2026-06-06 13:27:41]   Algorithms : ['local']
[2026-06-06 13:27:41]   Heterogen. : uniform  ->  ['small', 'small', 'small', 'small', 'small', 'small']...
[2026-06-06 13:27:41]   Seeds      : [42, 123, 456]
[2026-06-06 13:27:41]   Settings   : ['iid', 'noniid']
[2026-06-06 13:27:41] =================================================================
[2026-06-06 13:27:41] 
[2026-06-06 13:27:41] [seed=42]  LOCAL  dataset=cifar10  hetero=uniform
[2026-06-06 13:27:41] Loading CIFAR-10...
[2026-06-06 13:27:41]   -> 50000 train, 10000 test
[2026-06-06 13:27:41] Loading MNIST...
[2026-06-06 13:27:41]   -> 60000 train, 10000 test
[2026-06-06 13:27:41] 
[2026-06-06 13:27:41] =================================================================
[2026-06-06 13:27:41]   Local — IID
[2026-06-06 13:27:41] =================================================================
[2026-06-06 13:27:41]   Round   1/50 | Avg: 0.3761 | Min: 0.3400 | Max: 0.4120
[2026-06-06 13:27:41]   Round   2/50 | Avg: 0.4131 | Min: 0.3791 | Max: 0.4378
[2026-06-06 13:27:41]   Round   3/50 | Avg: 0.4167 | Min: 0.3853 | Max: 0.4629
[2026-06-06 13:27:41]   Round   4/50 | Avg: 0.4193 | Min: 0.3708 | Max: 0.4514
[2026-06-06 13:27:41]   Round   5/50 | Avg: 0.4259 | Min: 0.3919 | Max: 0.4629
[2026-06-06 13:27:41]   Round   6/50 | Avg: 0.4262 | Min: 0.3778 | Max: 0.4608
[2026-06-06 13:27:41]   Round   7/50 | Avg: 0.4292 | Min: 0.3836 | Max: 0.4764
[2026-06-06 13:27:41]   Round   8/50 | Avg: 0.4265 | Min: 0.3848 | Max: 0.4638
[2026-06-06 13:27:41]   Round   9/50 | Avg: 0.4288 | Min: 0.3827 | Max: 0.4734
[2026-06-06 13:27:41]   Round  10/50 | Avg: 0.4284 | Min: 0.3928 | Max: 0.4675
[2026-06-06 13:27:41]   Round  11/50 | Avg: 0.4301 | Min: 0.3855 | Max: 0.4743
[2026-06-06 13:27:41]   Round  12/50 | Avg: 0.4303 | Min: 0.3907 | Max: 0.4836
[2026-06-06 13:27:41]   Round  13/50 | Avg: 0.4240 | Min: 0.3882 | Max: 0.4727
[2026-06-06 13:27:41]   Round  14/50 | Avg: 0.4269 | Min: 0.3885 | Max: 0.4940
[2026-06-06 13:27:41]   Round  15/50 | Avg: 0.4243 | Min: 0.3883 | Max: 0.4792
[2026-06-06 13:27:41]   Round  16/50 | Avg: 0.4267 | Min: 0.3811 | Max: 0.4614
[2026-06-06 13:27:41]   Round  17/50 | Avg: 0.4225 | Min: 0.3929 | Max: 0.4700
[2026-06-06 13:27:41]   Round  18/50 | Avg: 0.4229 | Min: 0.3885 | Max: 0.4673
[2026-06-06 13:27:41]   Round  19/50 | Avg: 0.4213 | Min: 0.3865 | Max: 0.4750
[2026-06-06 13:27:41]   Round  20/50 | Avg: 0.4245 | Min: 0.3744 | Max: 0.4629
[2026-06-06 13:27:41]   Round  21/50 | Avg: 0.4229 | Min: 0.3863 | Max: 0.4765
[2026-06-06 13:27:41]   Round  22/50 | Avg: 0.4217 | Min: 0.3788 | Max: 0.4760
[2026-06-06 13:27:41]   Round  23/50 | Avg: 0.4232 | Min: 0.3820 | Max: 0.4788
[2026-06-06 13:27:41]   Round  24/50 | Avg: 0.4224 | Min: 0.3848 | Max: 0.4531
[2026-06-06 13:27:41]   Round  25/50 | Avg: 0.4154 | Min: 0.3788 | Max: 0.4592
[2026-06-06 13:27:41]   Round  26/50 | Avg: 0.4193 | Min: 0.3855 | Max: 0.4590
[2026-06-06 13:27:41]   Round  27/50 | Avg: 0.4182 | Min: 0.3848 | Max: 0.4517
[2026-06-06 13:27:41]   Round  28/50 | Avg: 0.4200 | Min: 0.3815 | Max: 0.4571
[2026-06-06 13:27:41]   Round  29/50 | Avg: 0.4193 | Min: 0.3834 | Max: 0.4555
[2026-06-06 13:27:41]   Round  30/50 | Avg: 0.4157 | Min: 0.3787 | Max: 0.4675
[2026-06-06 13:27:41]   Round  31/50 | Avg: 0.4187 | Min: 0.3816 | Max: 0.4737
[2026-06-06 13:27:41]   Round  32/50 | Avg: 0.4161 | Min: 0.3685 | Max: 0.4738
[2026-06-06 13:27:41]   Round  33/50 | Avg: 0.4179 | Min: 0.3863 | Max: 0.4700
[2026-06-06 13:27:41]   Round  34/50 | Avg: 0.4170 | Min: 0.3815 | Max: 0.4642
[2026-06-06 13:27:41]   Round  35/50 | Avg: 0.4182 | Min: 0.3800 | Max: 0.4732
[2026-06-06 13:27:41]   Round  36/50 | Avg: 0.4114 | Min: 0.3784 | Max: 0.4472
[2026-06-06 13:27:41]   Round  37/50 | Avg: 0.4134 | Min: 0.3795 | Max: 0.4480
[2026-06-06 13:27:41]   Round  38/50 | Avg: 0.4138 | Min: 0.3755 | Max: 0.4491
[2026-06-06 13:27:41]   Round  39/50 | Avg: 0.4097 | Min: 0.3712 | Max: 0.4620
[2026-06-06 13:27:41]   Round  40/50 | Avg: 0.4109 | Min: 0.3799 | Max: 0.4525
[2026-06-06 13:27:41]   Round  41/50 | Avg: 0.4138 | Min: 0.3785 | Max: 0.4570
[2026-06-06 13:27:41]   Round  42/50 | Avg: 0.4143 | Min: 0.3765 | Max: 0.4471
[2026-06-06 13:27:41]   Round  43/50 | Avg: 0.4112 | Min: 0.3804 | Max: 0.4524
[2026-06-06 13:27:41]   Round  44/50 | Avg: 0.4101 | Min: 0.3781 | Max: 0.4614
[2026-06-06 13:27:41]   Round  45/50 | Avg: 0.4097 | Min: 0.3806 | Max: 0.4425
[2026-06-06 13:27:41]   Round  46/50 | Avg: 0.4121 | Min: 0.3793 | Max: 0.4553
[2026-06-06 13:27:41]   Round  47/50 | Avg: 0.4104 | Min: 0.3691 | Max: 0.4515
[2026-06-06 13:27:41]   Round  48/50 | Avg: 0.4143 | Min: 0.3726 | Max: 0.4527
[2026-06-06 13:27:41]   Round  49/50 | Avg: 0.4094 | Min: 0.3680 | Max: 0.4576
[2026-06-06 13:27:41]   Round  50/50 | Avg: 0.4088 | Min: 0.3686 | Max: 0.4488
[2026-06-06 13:27:41]   Local done.
[2026-06-06 13:27:41] 
[2026-06-06 13:27:41] =================================================================
[2026-06-06 13:27:41]   Local — NONIID
[2026-06-06 13:27:41] =================================================================
[2026-06-06 13:27:41]   Round   1/50 | Avg: 0.3136 | Min: 0.1705 | Max: 0.4184
[2026-06-06 13:27:41]   Round   2/50 | Avg: 0.3426 | Min: 0.2174 | Max: 0.4557
[2026-06-06 13:27:41]   Round   3/50 | Avg: 0.3536 | Min: 0.2550 | Max: 0.4460
[2026-06-06 13:27:41]   Round   4/50 | Avg: 0.3590 | Min: 0.2683 | Max: 0.4523
[2026-06-06 13:27:41]   Round   5/50 | Avg: 0.3560 | Min: 0.2450 | Max: 0.4423
[2026-06-06 13:27:41]   Round   6/50 | Avg: 0.3671 | Min: 0.2765 | Max: 0.4821
[2026-06-06 13:27:41]   Round   7/50 | Avg: 0.3607 | Min: 0.2504 | Max: 0.4546
[2026-06-06 13:27:41]   Round   8/50 | Avg: 0.3619 | Min: 0.2588 | Max: 0.4379
[2026-06-06 13:27:41]   Round   9/50 | Avg: 0.3634 | Min: 0.2636 | Max: 0.4825
[2026-06-06 13:27:41]   Round  10/50 | Avg: 0.3628 | Min: 0.2646 | Max: 0.4624
[2026-06-06 13:27:41]   Round  11/50 | Avg: 0.3617 | Min: 0.2544 | Max: 0.4369
[2026-06-06 13:27:41]   Round  12/50 | Avg: 0.3630 | Min: 0.2588 | Max: 0.4467
[2026-06-06 13:27:41]   Round  13/50 | Avg: 0.3621 | Min: 0.2640 | Max: 0.4400
[2026-06-06 13:27:41]   Round  14/50 | Avg: 0.3644 | Min: 0.2584 | Max: 0.4672
[2026-06-06 13:27:41]   Round  15/50 | Avg: 0.3613 | Min: 0.2684 | Max: 0.4606
[2026-06-06 13:27:41]   Round  16/50 | Avg: 0.3615 | Min: 0.2598 | Max: 0.4442
[2026-06-06 13:27:41]   Round  17/50 | Avg: 0.3581 | Min: 0.2588 | Max: 0.4541
[2026-06-06 13:27:41]   Round  18/50 | Avg: 0.3608 | Min: 0.2602 | Max: 0.4443
[2026-06-06 13:27:41]   Round  19/50 | Avg: 0.3554 | Min: 0.2566 | Max: 0.4412
[2026-06-06 13:27:41]   Round  20/50 | Avg: 0.3542 | Min: 0.2298 | Max: 0.4220
[2026-06-06 13:27:41]   Round  21/50 | Avg: 0.3550 | Min: 0.2576 | Max: 0.4423
[2026-06-06 13:27:41]   Round  22/50 | Avg: 0.3575 | Min: 0.2617 | Max: 0.4583
[2026-06-06 13:27:41]   Round  23/50 | Avg: 0.3558 | Min: 0.2342 | Max: 0.4413
[2026-06-06 13:27:41]   Round  24/50 | Avg: 0.3511 | Min: 0.2425 | Max: 0.4367
[2026-06-06 13:27:41]   Round  25/50 | Avg: 0.3511 | Min: 0.2598 | Max: 0.4270
[2026-06-06 13:27:41]   Round  26/50 | Avg: 0.3493 | Min: 0.2489 | Max: 0.4383
[2026-06-06 13:27:41]   Round  27/50 | Avg: 0.3576 | Min: 0.2454 | Max: 0.4595
[2026-06-06 13:27:41]   Round  28/50 | Avg: 0.3530 | Min: 0.2302 | Max: 0.4330
[2026-06-06 13:27:41]   Round  29/50 | Avg: 0.3545 | Min: 0.2530 | Max: 0.4424
[2026-06-06 13:27:41]   Round  30/50 | Avg: 0.3566 | Min: 0.2522 | Max: 0.4390
[2026-06-06 13:27:41]   Round  31/50 | Avg: 0.3573 | Min: 0.2532 | Max: 0.4450
[2026-06-06 13:27:41]   Round  32/50 | Avg: 0.3534 | Min: 0.2512 | Max: 0.4316
[2026-06-06 13:27:41]   Round  33/50 | Avg: 0.3558 | Min: 0.2513 | Max: 0.4220
[2026-06-06 13:27:41]   Round  34/50 | Avg: 0.3549 | Min: 0.2546 | Max: 0.4458
[2026-06-06 13:27:41]   Round  35/50 | Avg: 0.3573 | Min: 0.2554 | Max: 0.4512
[2026-06-06 13:27:41]   Round  36/50 | Avg: 0.3535 | Min: 0.2569 | Max: 0.4382
[2026-06-06 13:27:41]   Round  37/50 | Avg: 0.3501 | Min: 0.2564 | Max: 0.4520
[2026-06-06 13:27:41]   Round  38/50 | Avg: 0.3500 | Min: 0.2563 | Max: 0.4121
[2026-06-06 13:27:41]   Round  39/50 | Avg: 0.3518 | Min: 0.2550 | Max: 0.4257
[2026-06-06 13:27:41]   Round  40/50 | Avg: 0.3552 | Min: 0.2408 | Max: 0.4427
[2026-06-06 13:27:41]   Round  41/50 | Avg: 0.3502 | Min: 0.2343 | Max: 0.4279
[2026-06-06 13:27:41]   Round  42/50 | Avg: 0.3456 | Min: 0.2501 | Max: 0.4230
[2026-06-06 13:27:41]   Round  43/50 | Avg: 0.3472 | Min: 0.2536 | Max: 0.4549
[2026-06-06 13:27:41]   Round  44/50 | Avg: 0.3518 | Min: 0.2492 | Max: 0.4411
[2026-06-06 13:27:41]   Round  45/50 | Avg: 0.3494 | Min: 0.2551 | Max: 0.4348
[2026-06-06 13:27:41]   Round  46/50 | Avg: 0.3495 | Min: 0.2506 | Max: 0.4233
[2026-06-06 13:27:41]   Round  47/50 | Avg: 0.3496 | Min: 0.2401 | Max: 0.4625
[2026-06-06 13:27:41]   Round  48/50 | Avg: 0.3501 | Min: 0.2440 | Max: 0.4501
[2026-06-06 13:27:41]   Round  49/50 | Avg: 0.3499 | Min: 0.2472 | Max: 0.4174
[2026-06-06 13:27:41]   Round  50/50 | Avg: 0.3504 | Min: 0.2486 | Max: 0.4464
[2026-06-06 13:27:41]   Local done.
[2026-06-06 13:27:41] 
[2026-06-06 13:27:41] [seed=123]  LOCAL  dataset=cifar10  hetero=uniform
[2026-06-06 13:27:41] Loading CIFAR-10...
[2026-06-06 13:27:41]   -> 50000 train, 10000 test
[2026-06-06 13:27:41] Loading MNIST...
[2026-06-06 13:27:41]   -> 60000 train, 10000 test
[2026-06-06 13:27:41] 
[2026-06-06 13:27:41] =================================================================
[2026-06-06 13:27:41]   Local — IID
[2026-06-06 13:27:41] =================================================================
[2026-06-06 13:27:41]   Round   1/50 | Avg: 0.3735 | Min: 0.3367 | Max: 0.4172
[2026-06-06 13:27:41]   Round   2/50 | Avg: 0.4026 | Min: 0.3429 | Max: 0.4373
[2026-06-06 13:27:41]   Round   3/50 | Avg: 0.4131 | Min: 0.3770 | Max: 0.4613
[2026-06-06 13:27:41]   Round   4/50 | Avg: 0.4194 | Min: 0.3809 | Max: 0.4523
[2026-06-06 13:27:41]   Round   5/50 | Avg: 0.4283 | Min: 0.3824 | Max: 0.4724
[2026-06-06 13:27:41]   Round   6/50 | Avg: 0.4271 | Min: 0.3833 | Max: 0.4624
[2026-06-06 13:27:41]   Round   7/50 | Avg: 0.4259 | Min: 0.3863 | Max: 0.4677
[2026-06-06 13:27:41]   Round   8/50 | Avg: 0.4268 | Min: 0.3864 | Max: 0.4697
[2026-06-06 13:27:41]   Round   9/50 | Avg: 0.4284 | Min: 0.3884 | Max: 0.4670
[2026-06-06 13:27:41]   Round  10/50 | Avg: 0.4282 | Min: 0.3757 | Max: 0.4583
[2026-06-06 13:27:41]   Round  11/50 | Avg: 0.4293 | Min: 0.3774 | Max: 0.4656
[2026-06-06 13:27:41]   Round  12/50 | Avg: 0.4259 | Min: 0.3717 | Max: 0.4650
[2026-06-06 13:27:41]   Round  13/50 | Avg: 0.4273 | Min: 0.3659 | Max: 0.4689
[2026-06-06 13:27:41]   Round  14/50 | Avg: 0.4214 | Min: 0.3606 | Max: 0.4608
[2026-06-06 13:27:41]   Round  15/50 | Avg: 0.4230 | Min: 0.3718 | Max: 0.4630
[2026-06-06 13:27:41]   Round  16/50 | Avg: 0.4236 | Min: 0.3650 | Max: 0.4673
[2026-06-06 13:27:41]   Round  17/50 | Avg: 0.4247 | Min: 0.3670 | Max: 0.4654
[2026-06-06 13:27:41]   Round  18/50 | Avg: 0.4253 | Min: 0.3785 | Max: 0.4661
[2026-06-06 13:27:41]   Round  19/50 | Avg: 0.4262 | Min: 0.3749 | Max: 0.4601
[2026-06-06 13:27:41]   Round  20/50 | Avg: 0.4237 | Min: 0.3755 | Max: 0.4669
[2026-06-06 13:27:41]   Round  21/50 | Avg: 0.4246 | Min: 0.3683 | Max: 0.4716
[2026-06-06 13:27:41]   Round  22/50 | Avg: 0.4187 | Min: 0.3588 | Max: 0.4639
[2026-06-06 13:27:41]   Round  23/50 | Avg: 0.4175 | Min: 0.3582 | Max: 0.4539
[2026-06-06 13:27:41]   Round  24/50 | Avg: 0.4185 | Min: 0.3663 | Max: 0.4576
[2026-06-06 13:27:41]   Round  25/50 | Avg: 0.4180 | Min: 0.3735 | Max: 0.4649
[2026-06-06 13:27:41]   Round  26/50 | Avg: 0.4193 | Min: 0.3809 | Max: 0.4534
[2026-06-06 13:27:41]   Round  27/50 | Avg: 0.4185 | Min: 0.3716 | Max: 0.4534
[2026-06-06 13:27:41]   Round  28/50 | Avg: 0.4182 | Min: 0.3759 | Max: 0.4511
[2026-06-06 13:27:41]   Round  29/50 | Avg: 0.4173 | Min: 0.3724 | Max: 0.4664
[2026-06-06 13:27:41]   Round  30/50 | Avg: 0.4178 | Min: 0.3735 | Max: 0.4673
[2026-06-06 13:27:41]   Round  31/50 | Avg: 0.4166 | Min: 0.3751 | Max: 0.4637
[2026-06-06 13:27:41]   Round  32/50 | Avg: 0.4210 | Min: 0.3761 | Max: 0.4668
[2026-06-06 13:27:41]   Round  33/50 | Avg: 0.4162 | Min: 0.3745 | Max: 0.4594
[2026-06-06 13:27:41]   Round  34/50 | Avg: 0.4160 | Min: 0.3690 | Max: 0.4683
[2026-06-06 13:27:41]   Round  35/50 | Avg: 0.4167 | Min: 0.3797 | Max: 0.4567
[2026-06-06 13:27:41]   Round  36/50 | Avg: 0.4119 | Min: 0.3757 | Max: 0.4488
[2026-06-06 13:27:41]   Round  37/50 | Avg: 0.4121 | Min: 0.3746 | Max: 0.4568
[2026-06-06 13:27:41]   Round  38/50 | Avg: 0.4086 | Min: 0.3721 | Max: 0.4481
[2026-06-06 13:27:41]   Round  39/50 | Avg: 0.4129 | Min: 0.3743 | Max: 0.4584
[2026-06-06 13:27:41]   Round  40/50 | Avg: 0.4128 | Min: 0.3672 | Max: 0.4546
[2026-06-06 13:27:41]   Round  41/50 | Avg: 0.4138 | Min: 0.3696 | Max: 0.4469
[2026-06-06 13:27:41]   Round  42/50 | Avg: 0.4142 | Min: 0.3740 | Max: 0.4448
[2026-06-06 13:27:41]   Round  43/50 | Avg: 0.4073 | Min: 0.3664 | Max: 0.4531
[2026-06-06 13:27:41]   Round  44/50 | Avg: 0.4104 | Min: 0.3777 | Max: 0.4447
[2026-06-06 13:27:41]   Round  45/50 | Avg: 0.4083 | Min: 0.3646 | Max: 0.4395
[2026-06-06 13:27:41]   Round  46/50 | Avg: 0.4058 | Min: 0.3573 | Max: 0.4394
[2026-06-06 13:27:41]   Round  47/50 | Avg: 0.4086 | Min: 0.3706 | Max: 0.4421
[2026-06-06 13:27:41]   Round  48/50 | Avg: 0.4063 | Min: 0.3630 | Max: 0.4443
[2026-06-06 13:27:41]   Round  49/50 | Avg: 0.4047 | Min: 0.3725 | Max: 0.4401
[2026-06-06 13:27:41]   Round  50/50 | Avg: 0.4043 | Min: 0.3617 | Max: 0.4461
[2026-06-06 13:27:41]   Local done.
[2026-06-06 13:27:41] 
[2026-06-06 13:27:41] =================================================================
[2026-06-06 13:27:41]   Local — NONIID
[2026-06-06 13:27:41] =================================================================
[2026-06-06 13:27:41]   Round   1/50 | Avg: 0.2838 | Min: 0.1128 | Max: 0.3998
[2026-06-06 13:27:41]   Round   2/50 | Avg: 0.3196 | Min: 0.1971 | Max: 0.4186
[2026-06-06 13:27:41]   Round   3/50 | Avg: 0.3396 | Min: 0.2302 | Max: 0.4485
[2026-06-06 13:27:41]   Round   4/50 | Avg: 0.3410 | Min: 0.2350 | Max: 0.4444
[2026-06-06 13:27:41]   Round   5/50 | Avg: 0.3421 | Min: 0.2670 | Max: 0.4248
[2026-06-06 13:27:41]   Round   6/50 | Avg: 0.3396 | Min: 0.2455 | Max: 0.4450
[2026-06-06 13:27:41]   Round   7/50 | Avg: 0.3432 | Min: 0.2400 | Max: 0.4397
[2026-06-06 13:27:41]   Round   8/50 | Avg: 0.3416 | Min: 0.2288 | Max: 0.4399
[2026-06-06 13:27:41]   Round   9/50 | Avg: 0.3379 | Min: 0.2598 | Max: 0.4204
[2026-06-06 13:27:41]   Round  10/50 | Avg: 0.3447 | Min: 0.2237 | Max: 0.4354
[2026-06-06 13:27:41]   Round  11/50 | Avg: 0.3399 | Min: 0.2308 | Max: 0.4405
[2026-06-06 13:27:41]   Round  12/50 | Avg: 0.3364 | Min: 0.2455 | Max: 0.4288
[2026-06-06 13:27:41]   Round  13/50 | Avg: 0.3379 | Min: 0.2534 | Max: 0.4459
[2026-06-06 13:27:41]   Round  14/50 | Avg: 0.3405 | Min: 0.2472 | Max: 0.4313
[2026-06-06 13:27:41]   Round  15/50 | Avg: 0.3383 | Min: 0.2394 | Max: 0.4316
[2026-06-06 13:27:41]   Round  16/50 | Avg: 0.3354 | Min: 0.2400 | Max: 0.4349
[2026-06-06 13:27:41]   Round  17/50 | Avg: 0.3397 | Min: 0.2235 | Max: 0.4331
[2026-06-06 13:27:41]   Round  18/50 | Avg: 0.3352 | Min: 0.2471 | Max: 0.4308
[2026-06-06 13:27:41]   Round  19/50 | Avg: 0.3350 | Min: 0.2395 | Max: 0.4235
[2026-06-06 13:27:41]   Round  20/50 | Avg: 0.3358 | Min: 0.2267 | Max: 0.4310
[2026-06-06 13:27:41]   Round  21/50 | Avg: 0.3378 | Min: 0.2387 | Max: 0.4364
[2026-06-06 13:27:41]   Round  22/50 | Avg: 0.3321 | Min: 0.2190 | Max: 0.4304
[2026-06-06 13:27:41]   Round  23/50 | Avg: 0.3356 | Min: 0.2471 | Max: 0.4271
[2026-06-06 13:27:41]   Round  24/50 | Avg: 0.3336 | Min: 0.2351 | Max: 0.4307
[2026-06-06 13:27:41]   Round  25/50 | Avg: 0.3336 | Min: 0.2467 | Max: 0.4274
[2026-06-06 13:27:41]   Round  26/50 | Avg: 0.3326 | Min: 0.2381 | Max: 0.4403
[2026-06-06 13:27:41]   Round  27/50 | Avg: 0.3370 | Min: 0.2505 | Max: 0.4317
[2026-06-06 13:27:41]   Round  28/50 | Avg: 0.3369 | Min: 0.2519 | Max: 0.4372
[2026-06-06 13:27:41]   Round  29/50 | Avg: 0.3347 | Min: 0.2398 | Max: 0.4347
[2026-06-06 13:27:41]   Round  30/50 | Avg: 0.3326 | Min: 0.2395 | Max: 0.4340
[2026-06-06 13:27:41]   Round  31/50 | Avg: 0.3306 | Min: 0.2271 | Max: 0.4271
[2026-06-06 13:27:41]   Round  32/50 | Avg: 0.3350 | Min: 0.2461 | Max: 0.4381
[2026-06-06 13:27:41]   Round  33/50 | Avg: 0.3340 | Min: 0.2411 | Max: 0.4203
[2026-06-06 13:27:41]   Round  34/50 | Avg: 0.3324 | Min: 0.2357 | Max: 0.4252
[2026-06-06 13:27:41]   Round  35/50 | Avg: 0.3270 | Min: 0.2338 | Max: 0.4293
[2026-06-06 13:27:41]   Round  36/50 | Avg: 0.3325 | Min: 0.2349 | Max: 0.4262
[2026-06-06 13:27:41]   Round  37/50 | Avg: 0.3322 | Min: 0.2379 | Max: 0.4438
[2026-06-06 13:27:41]   Round  38/50 | Avg: 0.3323 | Min: 0.2199 | Max: 0.4278
[2026-06-06 13:27:41]   Round  39/50 | Avg: 0.3302 | Min: 0.2491 | Max: 0.4256
[2026-06-06 13:27:41]   Round  40/50 | Avg: 0.3281 | Min: 0.2394 | Max: 0.4308
[2026-06-06 13:27:41]   Round  41/50 | Avg: 0.3247 | Min: 0.2361 | Max: 0.4117
[2026-06-06 13:27:41]   Round  42/50 | Avg: 0.3261 | Min: 0.2114 | Max: 0.4203
[2026-06-06 13:27:41]   Round  43/50 | Avg: 0.3300 | Min: 0.2424 | Max: 0.4328
[2026-06-06 13:27:41]   Round  44/50 | Avg: 0.3321 | Min: 0.2438 | Max: 0.4326
[2026-06-06 13:27:41]   Round  45/50 | Avg: 0.3306 | Min: 0.2330 | Max: 0.4175
[2026-06-06 13:27:41]   Round  46/50 | Avg: 0.3287 | Min: 0.2388 | Max: 0.4264
[2026-06-06 13:27:41]   Round  47/50 | Avg: 0.3333 | Min: 0.2550 | Max: 0.4265
[2026-06-06 13:27:41]   Round  48/50 | Avg: 0.3293 | Min: 0.2414 | Max: 0.4167
[2026-06-06 13:27:41]   Round  49/50 | Avg: 0.3294 | Min: 0.2425 | Max: 0.4271
[2026-06-06 13:27:41]   Round  50/50 | Avg: 0.3314 | Min: 0.2505 | Max: 0.4263
[2026-06-06 13:27:41]   Local done.
[2026-06-06 13:27:41] 
[2026-06-06 13:27:41] [seed=456]  LOCAL  dataset=cifar10  hetero=uniform
[2026-06-06 13:27:41] Loading CIFAR-10...
[2026-06-06 13:27:41]   -> 50000 train, 10000 test
[2026-06-06 13:27:41] Loading MNIST...
[2026-06-06 13:27:41]   -> 60000 train, 10000 test
[2026-06-06 13:27:41] 
[2026-06-06 13:27:41] =================================================================
[2026-06-06 13:27:41]   Local — IID
[2026-06-06 13:27:41] =================================================================
[2026-06-06 13:27:41]   Round   1/50 | Avg: 0.3778 | Min: 0.3194 | Max: 0.4201
[2026-06-06 13:27:41]   Round   2/50 | Avg: 0.4077 | Min: 0.3811 | Max: 0.4348
[2026-06-06 13:27:41]   Round   3/50 | Avg: 0.4172 | Min: 0.3608 | Max: 0.4528
[2026-06-06 13:27:41]   Round   4/50 | Avg: 0.4152 | Min: 0.3577 | Max: 0.4503
[2026-06-06 13:27:41]   Round   5/50 | Avg: 0.4215 | Min: 0.3671 | Max: 0.4514
[2026-06-06 13:27:41]   Round   6/50 | Avg: 0.4233 | Min: 0.3968 | Max: 0.4518
[2026-06-06 13:27:41]   Round   7/50 | Avg: 0.4254 | Min: 0.3944 | Max: 0.4601
[2026-06-06 13:27:41]   Round   8/50 | Avg: 0.4259 | Min: 0.3854 | Max: 0.4577
[2026-06-06 13:27:41]   Round   9/50 | Avg: 0.4238 | Min: 0.3807 | Max: 0.4627
[2026-06-06 13:27:41]   Round  10/50 | Avg: 0.4243 | Min: 0.3811 | Max: 0.4609
[2026-06-06 13:27:41]   Round  11/50 | Avg: 0.4253 | Min: 0.3900 | Max: 0.4662
[2026-06-06 13:27:41]   Round  12/50 | Avg: 0.4249 | Min: 0.3895 | Max: 0.4638
[2026-06-06 13:27:41]   Round  13/50 | Avg: 0.4198 | Min: 0.3960 | Max: 0.4642
[2026-06-06 13:27:41]   Round  14/50 | Avg: 0.4230 | Min: 0.3901 | Max: 0.4594
[2026-06-06 13:27:41]   Round  15/50 | Avg: 0.4221 | Min: 0.3916 | Max: 0.4446
[2026-06-06 13:27:41]   Round  16/50 | Avg: 0.4228 | Min: 0.3886 | Max: 0.4500
[2026-06-06 13:27:41]   Round  17/50 | Avg: 0.4271 | Min: 0.3944 | Max: 0.4578
[2026-06-06 13:27:41]   Round  18/50 | Avg: 0.4230 | Min: 0.3812 | Max: 0.4588
[2026-06-06 13:27:41]   Round  19/50 | Avg: 0.4197 | Min: 0.3832 | Max: 0.4660
[2026-06-06 13:27:41]   Round  20/50 | Avg: 0.4232 | Min: 0.3896 | Max: 0.4585
[2026-06-06 13:27:41]   Round  21/50 | Avg: 0.4212 | Min: 0.3888 | Max: 0.4618
[2026-06-06 13:27:41]   Round  22/50 | Avg: 0.4219 | Min: 0.3930 | Max: 0.4642
[2026-06-06 13:27:41]   Round  23/50 | Avg: 0.4162 | Min: 0.3848 | Max: 0.4696
[2026-06-06 13:27:41]   Round  24/50 | Avg: 0.4161 | Min: 0.3885 | Max: 0.4702
[2026-06-06 13:27:41]   Round  25/50 | Avg: 0.4159 | Min: 0.3797 | Max: 0.4506
[2026-06-06 13:27:41]   Round  26/50 | Avg: 0.4184 | Min: 0.3867 | Max: 0.4578
[2026-06-06 13:27:41]   Round  27/50 | Avg: 0.4178 | Min: 0.3855 | Max: 0.4533
[2026-06-06 13:27:41]   Round  28/50 | Avg: 0.4191 | Min: 0.3798 | Max: 0.4524
[2026-06-06 13:27:41]   Round  29/50 | Avg: 0.4102 | Min: 0.3633 | Max: 0.4536
[2026-06-06 13:27:41]   Round  30/50 | Avg: 0.4146 | Min: 0.3757 | Max: 0.4539
[2026-06-06 13:27:41]   Round  31/50 | Avg: 0.4153 | Min: 0.3817 | Max: 0.4577
[2026-06-06 13:27:41]   Round  32/50 | Avg: 0.4127 | Min: 0.3780 | Max: 0.4553
[2026-06-06 13:27:41]   Round  33/50 | Avg: 0.4167 | Min: 0.3844 | Max: 0.4532
[2026-06-06 13:27:41]   Round  34/50 | Avg: 0.4110 | Min: 0.3703 | Max: 0.4576
[2026-06-06 13:27:41]   Round  35/50 | Avg: 0.4136 | Min: 0.3876 | Max: 0.4425
[2026-06-06 13:27:41]   Round  36/50 | Avg: 0.4088 | Min: 0.3723 | Max: 0.4420
[2026-06-06 13:27:41]   Round  37/50 | Avg: 0.4156 | Min: 0.3803 | Max: 0.4432
[2026-06-06 13:27:41]   Round  38/50 | Avg: 0.4130 | Min: 0.3802 | Max: 0.4528
[2026-06-06 13:27:41]   Round  39/50 | Avg: 0.4106 | Min: 0.3777 | Max: 0.4426
[2026-06-06 13:27:41]   Round  40/50 | Avg: 0.4071 | Min: 0.3673 | Max: 0.4501
[2026-06-06 13:27:41]   Round  41/50 | Avg: 0.4086 | Min: 0.3777 | Max: 0.4525
[2026-06-06 13:27:41]   Round  42/50 | Avg: 0.4084 | Min: 0.3866 | Max: 0.4527
[2026-06-06 13:27:41]   Round  43/50 | Avg: 0.4092 | Min: 0.3789 | Max: 0.4446
[2026-06-06 13:27:41]   Round  44/50 | Avg: 0.4097 | Min: 0.3850 | Max: 0.4424
[2026-06-06 13:27:41]   Round  45/50 | Avg: 0.4083 | Min: 0.3822 | Max: 0.4528
[2026-06-06 13:27:41]   Round  46/50 | Avg: 0.4119 | Min: 0.3818 | Max: 0.4434
[2026-06-06 13:27:41]   Round  47/50 | Avg: 0.4108 | Min: 0.3817 | Max: 0.4424
[2026-06-06 13:27:41]   Round  48/50 | Avg: 0.4091 | Min: 0.3684 | Max: 0.4503
[2026-06-06 13:27:41]   Round  49/50 | Avg: 0.4091 | Min: 0.3794 | Max: 0.4491
[2026-06-06 13:27:41]   Round  50/50 | Avg: 0.4053 | Min: 0.3717 | Max: 0.4391
[2026-06-06 13:27:41]   Local done.
[2026-06-06 13:27:41] 
[2026-06-06 13:27:41] =================================================================
[2026-06-06 13:27:41]   Local — NONIID
[2026-06-06 13:27:41] =================================================================
[2026-06-06 13:27:41]   Round   1/50 | Avg: 0.3325 | Min: 0.2465 | Max: 0.4293
[2026-06-06 13:27:41]   Round   2/50 | Avg: 0.3744 | Min: 0.2825 | Max: 0.4781
[2026-06-06 13:27:41]   Round   3/50 | Avg: 0.3783 | Min: 0.3055 | Max: 0.4841
[2026-06-06 13:27:41]   Round   4/50 | Avg: 0.3839 | Min: 0.3024 | Max: 0.4806
[2026-06-06 13:27:41]   Round   5/50 | Avg: 0.3863 | Min: 0.3095 | Max: 0.4909
[2026-06-06 13:27:41]   Round   6/50 | Avg: 0.3851 | Min: 0.3082 | Max: 0.5040
[2026-06-06 13:27:41]   Round   7/50 | Avg: 0.3913 | Min: 0.3160 | Max: 0.5164
[2026-06-06 13:27:41]   Round   8/50 | Avg: 0.3861 | Min: 0.2882 | Max: 0.5036
[2026-06-06 13:27:41]   Round   9/50 | Avg: 0.3884 | Min: 0.2948 | Max: 0.4870
[2026-06-06 13:27:41]   Round  10/50 | Avg: 0.3825 | Min: 0.2847 | Max: 0.4901
[2026-06-06 13:27:41]   Round  11/50 | Avg: 0.3802 | Min: 0.2980 | Max: 0.4660
[2026-06-06 13:27:41]   Round  12/50 | Avg: 0.3810 | Min: 0.2952 | Max: 0.4906
[2026-06-06 13:27:41]   Round  13/50 | Avg: 0.3885 | Min: 0.3026 | Max: 0.5172
[2026-06-06 13:27:41]   Round  14/50 | Avg: 0.3871 | Min: 0.3011 | Max: 0.5038
[2026-06-06 13:27:41]   Round  15/50 | Avg: 0.3791 | Min: 0.3017 | Max: 0.5005
[2026-06-06 13:27:41]   Round  16/50 | Avg: 0.3797 | Min: 0.2960 | Max: 0.4974
[2026-06-06 13:27:41]   Round  17/50 | Avg: 0.3786 | Min: 0.3018 | Max: 0.5000
[2026-06-06 13:27:41]   Round  18/50 | Avg: 0.3826 | Min: 0.2969 | Max: 0.4886
[2026-06-06 13:27:41]   Round  19/50 | Avg: 0.3837 | Min: 0.2964 | Max: 0.4993
[2026-06-06 13:27:41]   Round  20/50 | Avg: 0.3777 | Min: 0.3001 | Max: 0.4817
[2026-06-06 13:27:41]   Round  21/50 | Avg: 0.3853 | Min: 0.2974 | Max: 0.4987
[2026-06-06 13:27:41]   Round  22/50 | Avg: 0.3758 | Min: 0.2963 | Max: 0.4756
[2026-06-06 13:27:41]   Round  23/50 | Avg: 0.3798 | Min: 0.3008 | Max: 0.4974
[2026-06-06 13:27:41]   Round  24/50 | Avg: 0.3785 | Min: 0.3110 | Max: 0.4808
[2026-06-06 13:27:41]   Round  25/50 | Avg: 0.3740 | Min: 0.2928 | Max: 0.4946
[2026-06-06 13:27:41]   Round  26/50 | Avg: 0.3737 | Min: 0.2911 | Max: 0.4960
[2026-06-06 13:27:41]   Round  27/50 | Avg: 0.3765 | Min: 0.2807 | Max: 0.4874
[2026-06-06 13:27:41]   Round  28/50 | Avg: 0.3767 | Min: 0.3075 | Max: 0.4898
[2026-06-06 13:27:41]   Round  29/50 | Avg: 0.3784 | Min: 0.2981 | Max: 0.4842
[2026-06-06 13:27:41]   Round  30/50 | Avg: 0.3753 | Min: 0.2925 | Max: 0.4853
[2026-06-06 13:27:41]   Round  31/50 | Avg: 0.3750 | Min: 0.2996 | Max: 0.5046
[2026-06-06 13:27:41]   Round  32/50 | Avg: 0.3793 | Min: 0.2985 | Max: 0.5037
[2026-06-06 13:27:41]   Round  33/50 | Avg: 0.3781 | Min: 0.2880 | Max: 0.5108
[2026-06-06 13:27:41]   Round  34/50 | Avg: 0.3789 | Min: 0.3018 | Max: 0.4896
[2026-06-06 13:27:41]   Round  35/50 | Avg: 0.3747 | Min: 0.3010 | Max: 0.4741
[2026-06-06 13:27:41]   Round  36/50 | Avg: 0.3779 | Min: 0.3056 | Max: 0.4951
[2026-06-06 13:27:41]   Round  37/50 | Avg: 0.3778 | Min: 0.3028 | Max: 0.4991
[2026-06-06 13:27:41]   Round  38/50 | Avg: 0.3749 | Min: 0.2786 | Max: 0.5003
[2026-06-06 13:27:41]   Round  39/50 | Avg: 0.3729 | Min: 0.3002 | Max: 0.4887
[2026-06-06 13:27:41]   Round  40/50 | Avg: 0.3749 | Min: 0.3026 | Max: 0.4865
[2026-06-06 13:27:41]   Round  41/50 | Avg: 0.3746 | Min: 0.3084 | Max: 0.4789
[2026-06-06 13:27:41]   Round  42/50 | Avg: 0.3780 | Min: 0.2975 | Max: 0.4915
[2026-06-06 13:27:41]   Round  43/50 | Avg: 0.3722 | Min: 0.2945 | Max: 0.4858
[2026-06-06 13:27:41]   Round  44/50 | Avg: 0.3759 | Min: 0.3026 | Max: 0.4841
[2026-06-06 13:27:41]   Round  45/50 | Avg: 0.3759 | Min: 0.3001 | Max: 0.4901
[2026-06-06 13:27:41]   Round  46/50 | Avg: 0.3710 | Min: 0.2943 | Max: 0.4980
[2026-06-06 13:27:41]   Round  47/50 | Avg: 0.3697 | Min: 0.3052 | Max: 0.4705
[2026-06-06 13:27:41]   Round  48/50 | Avg: 0.3698 | Min: 0.2844 | Max: 0.4891
[2026-06-06 13:27:41]   Round  49/50 | Avg: 0.3791 | Min: 0.2964 | Max: 0.4961
[2026-06-06 13:27:41]   Round  50/50 | Avg: 0.3730 | Min: 0.2995 | Max: 0.4817
[2026-06-06 13:27:41]   Local done.
[2026-06-06 13:27:41]   Saved final_ci_cifar10_uniform.png
[2026-06-06 13:27:41]   Saved per_client_cifar10_uniform.png
[2026-06-06 13:27:41] 
[2026-06-06 13:27:41] =================================================================
[2026-06-06 13:27:41]   All experiments complete.
[2026-06-06 13:27:41]   Results  ->  /home/gad/Desktop/HomeSenseKD/results/phase1
[2026-06-06 13:27:41]   Figures  ->  /home/gad/Desktop/HomeSenseKD/results/phase1/figures
[2026-06-06 13:27:41] =================================================================
[2026-06-06 13:27:41] ============================================================
[2026-06-06 13:27:41]   JOB DONE    : cifar10_local_uniform  (exit 0)
[2026-06-06 13:27:41]   Full log    : /home/gad/Desktop/HomeSenseKD/logs/phase1/cifar10_local_uniform.log
[2026-06-06 13:27:41] ============================================================
