[2026-06-04 22:31:03] ============================================================
[2026-06-04 22:31:03]   JOB START   : cifar10_fedprox_uniform
[2026-06-04 22:31:03]   PID         : 583116
[2026-06-04 22:31:03]   Log         : /home/gad/Desktop/HomeSenseKD/logs/phase1/cifar10_fedprox_uniform.log
[2026-06-04 22:31:03]   Results dir : /home/gad/Desktop/HomeSenseKD/results/phase1
[2026-06-04 22:31:03]   Fig dir     : /home/gad/Desktop/HomeSenseKD/results/phase1/figures
[2026-06-04 22:31:03]   Cmd         : /home/gad/Desktop/HomeSenseKD/myenv/bin/python /home/gad/Desktop/HomeSenseKD/run_fedkd.py \
[2026-06-04 22:31:03]                   --config /home/gad/Desktop/HomeSenseKD/config/cifar10.yaml \
[2026-06-04 22:31:03]                   --algorithm fedprox --heterogeneity uniform \
[2026-06-04 22:31:03]                   --override experiment.results_dir=/home/gad/Desktop/HomeSenseKD/results/phase1 \
[2026-06-04 22:31:03]                              experiment.fig_dir=/home/gad/Desktop/HomeSenseKD/results/phase1/figures
[2026-06-04 22:31:03] ============================================================
[2026-06-06 17:30:52] WARNING: All log messages before absl::InitializeLog() is called are written to STDERR
[2026-06-06 17:30:52] I0000 00:00:1780626664.858763  583122 port.cc:153] oneDNN custom operations are on. You may see slightly different numerical results due to floating-point round-off errors from different computation orders. To turn them off, set the environment variable `TF_ENABLE_ONEDNN_OPTS=0`.
[2026-06-06 17:30:52] I0000 00:00:1780626664.859554  583122 cudart_stub.cc:31] Could not find cuda drivers on your machine, GPU will not be used.
[2026-06-06 17:30:52] I0000 00:00:1780626664.923323  583122 cpu_feature_guard.cc:227] This TensorFlow binary is optimized to use available CPU instructions in performance-critical operations.
[2026-06-06 17:30:52] To enable the following instructions: AVX2 AVX_VNNI FMA, in other operations, rebuild TensorFlow with the appropriate compiler flags.
[2026-06-06 17:30:52] WARNING: All log messages before absl::InitializeLog() is called are written to STDERR
[2026-06-06 17:30:52] I0000 00:00:1780626666.870422  583122 port.cc:153] oneDNN custom operations are on. You may see slightly different numerical results due to floating-point round-off errors from different computation orders. To turn them off, set the environment variable `TF_ENABLE_ONEDNN_OPTS=0`.
[2026-06-06 17:30:52] I0000 00:00:1780626666.870749  583122 cudart_stub.cc:31] Could not find cuda drivers on your machine, GPU will not be used.
[2026-06-06 17:30:52] E0000 00:00:1780626673.244794  583122 cuda_platform.cc:52] failed call to cuInit: INTERNAL: CUDA error: Failed call to cuInit: CUDA_ERROR_NO_DEVICE: no CUDA-capable device is detected
[2026-06-06 17:30:52]   Saved tiers_cifar10_uniform.png
[2026-06-06 17:30:52] =================================================================
[2026-06-06 17:30:52]   Dataset    : cifar10  (public: mnist)
[2026-06-06 17:30:52]   Algorithms : ['fedprox']
[2026-06-06 17:30:52]   Heterogen. : uniform  ->  ['small', 'small', 'small', 'small', 'small', 'small']...
[2026-06-06 17:30:52]   Seeds      : [42, 123, 456]
[2026-06-06 17:30:52]   Settings   : ['iid', 'noniid']
[2026-06-06 17:30:52] =================================================================
[2026-06-06 17:30:52] 
[2026-06-06 17:30:52] [seed=42]  FEDPROX  dataset=cifar10  hetero=uniform
[2026-06-06 17:30:52] Loading CIFAR-10...
[2026-06-06 17:30:52]   -> 50000 train, 10000 test
[2026-06-06 17:30:52] Loading MNIST...
[2026-06-06 17:30:52]   -> 60000 train, 10000 test
[2026-06-06 17:30:52] 
[2026-06-06 17:30:52] =================================================================
[2026-06-06 17:30:52]   FEDPROX — IID
[2026-06-06 17:30:52] =================================================================
[2026-06-06 17:30:52]   Round   1/50 | Avg: 0.3664 | Min: 0.3157 | Max: 0.4006
[2026-06-06 17:30:52]   Round   2/50 | Avg: 0.1339 | Min: 0.1000 | Max: 0.1944
[2026-06-06 17:30:52]   Round   3/50 | Avg: 0.1220 | Min: 0.1000 | Max: 0.1837
[2026-06-06 17:30:52]   Round   4/50 | Avg: 0.1912 | Min: 0.1688 | Max: 0.2119
[2026-06-06 17:30:52]   Round   5/50 | Avg: 0.2253 | Min: 0.1885 | Max: 0.2529
[2026-06-06 17:30:52]   Round   6/50 | Avg: 0.2510 | Min: 0.2272 | Max: 0.2808
[2026-06-06 17:30:52]   Round   7/50 | Avg: 0.2769 | Min: 0.2543 | Max: 0.2945
[2026-06-06 17:30:52]   Round   8/50 | Avg: 0.3150 | Min: 0.2791 | Max: 0.3373
[2026-06-06 17:30:52]   Round   9/50 | Avg: 0.3497 | Min: 0.3264 | Max: 0.3662
[2026-06-06 17:30:52]   Round  10/50 | Avg: 0.3675 | Min: 0.3422 | Max: 0.3843
[2026-06-06 17:30:52]   Round  11/50 | Avg: 0.3822 | Min: 0.3468 | Max: 0.4008
[2026-06-06 17:30:52]   Round  12/50 | Avg: 0.4040 | Min: 0.3918 | Max: 0.4162
[2026-06-06 17:30:52]   Round  13/50 | Avg: 0.4136 | Min: 0.3916 | Max: 0.4284
[2026-06-06 17:30:52]   Round  14/50 | Avg: 0.4202 | Min: 0.3995 | Max: 0.4329
[2026-06-06 17:30:52]   Round  15/50 | Avg: 0.4315 | Min: 0.4176 | Max: 0.4474
[2026-06-06 17:30:52]   Round  16/50 | Avg: 0.4410 | Min: 0.4213 | Max: 0.4546
[2026-06-06 17:30:52]   Round  17/50 | Avg: 0.4465 | Min: 0.4296 | Max: 0.4585
[2026-06-06 17:30:52]   Round  18/50 | Avg: 0.4519 | Min: 0.4379 | Max: 0.4617
[2026-06-06 17:30:52]   Round  19/50 | Avg: 0.4560 | Min: 0.4302 | Max: 0.4679
[2026-06-06 17:30:52]   Round  20/50 | Avg: 0.4597 | Min: 0.4339 | Max: 0.4738
[2026-06-06 17:30:52]   Round  21/50 | Avg: 0.4649 | Min: 0.4435 | Max: 0.4753
[2026-06-06 17:30:52]   Round  22/50 | Avg: 0.4685 | Min: 0.4579 | Max: 0.4771
[2026-06-06 17:30:52]   Round  23/50 | Avg: 0.4719 | Min: 0.4486 | Max: 0.4838
[2026-06-06 17:30:52]   Round  24/50 | Avg: 0.4755 | Min: 0.4576 | Max: 0.4854
[2026-06-06 17:30:52]   Round  25/50 | Avg: 0.4765 | Min: 0.4642 | Max: 0.4865
[2026-06-06 17:30:52]   Round  26/50 | Avg: 0.4799 | Min: 0.4736 | Max: 0.4915
[2026-06-06 17:30:52]   Round  27/50 | Avg: 0.4812 | Min: 0.4715 | Max: 0.4893
[2026-06-06 17:30:52]   Round  28/50 | Avg: 0.4788 | Min: 0.4591 | Max: 0.4864
[2026-06-06 17:30:52]   Round  29/50 | Avg: 0.4829 | Min: 0.4648 | Max: 0.4929
[2026-06-06 17:30:52]   Round  30/50 | Avg: 0.4816 | Min: 0.4608 | Max: 0.4916
[2026-06-06 17:30:52]   Round  31/50 | Avg: 0.4861 | Min: 0.4741 | Max: 0.4950
[2026-06-06 17:30:52]   Round  32/50 | Avg: 0.4848 | Min: 0.4709 | Max: 0.4961
[2026-06-06 17:30:52]   Round  33/50 | Avg: 0.4879 | Min: 0.4772 | Max: 0.4960
[2026-06-06 17:30:52]   Round  34/50 | Avg: 0.4891 | Min: 0.4766 | Max: 0.5000
[2026-06-06 17:30:52]   Round  35/50 | Avg: 0.4886 | Min: 0.4726 | Max: 0.4989
[2026-06-06 17:30:52]   Round  36/50 | Avg: 0.4894 | Min: 0.4759 | Max: 0.4981
[2026-06-06 17:30:52]   Round  37/50 | Avg: 0.4898 | Min: 0.4714 | Max: 0.5022
[2026-06-06 17:30:52]   Round  38/50 | Avg: 0.4893 | Min: 0.4761 | Max: 0.4995
[2026-06-06 17:30:52]   Round  39/50 | Avg: 0.4930 | Min: 0.4771 | Max: 0.5062
[2026-06-06 17:30:52]   Round  40/50 | Avg: 0.4928 | Min: 0.4870 | Max: 0.5009
[2026-06-06 17:30:52]   Round  41/50 | Avg: 0.4923 | Min: 0.4841 | Max: 0.5022
[2026-06-06 17:30:52]   Round  42/50 | Avg: 0.4932 | Min: 0.4784 | Max: 0.5092
[2026-06-06 17:30:52]   Round  43/50 | Avg: 0.4931 | Min: 0.4724 | Max: 0.5063
[2026-06-06 17:30:52]   Round  44/50 | Avg: 0.4948 | Min: 0.4831 | Max: 0.5092
[2026-06-06 17:30:52]   Round  45/50 | Avg: 0.4970 | Min: 0.4859 | Max: 0.5060
[2026-06-06 17:30:52]   Round  46/50 | Avg: 0.4961 | Min: 0.4808 | Max: 0.5044
[2026-06-06 17:30:52]   Round  47/50 | Avg: 0.4960 | Min: 0.4759 | Max: 0.5067
[2026-06-06 17:30:52]   Round  48/50 | Avg: 0.4959 | Min: 0.4847 | Max: 0.5061
[2026-06-06 17:30:52]   Round  49/50 | Avg: 0.4989 | Min: 0.4886 | Max: 0.5111
[2026-06-06 17:30:52]   Round  50/50 | Avg: 0.4970 | Min: 0.4874 | Max: 0.5082
[2026-06-06 17:30:52]   FEDPROX — IID done.
[2026-06-06 17:30:52] 
[2026-06-06 17:30:52] =================================================================
[2026-06-06 17:30:52]   FEDPROX — NONIID
[2026-06-06 17:30:52] =================================================================
[2026-06-06 17:30:52]   Round   1/50 | Avg: 0.2948 | Min: 0.1889 | Max: 0.3731
[2026-06-06 17:30:52]   Round   2/50 | Avg: 0.1645 | Min: 0.1000 | Max: 0.2382
[2026-06-06 17:30:52]   Round   3/50 | Avg: 0.1953 | Min: 0.1022 | Max: 0.2653
[2026-06-06 17:30:52]   Round   4/50 | Avg: 0.2253 | Min: 0.1425 | Max: 0.2883
[2026-06-06 17:30:52]   Round   5/50 | Avg: 0.2570 | Min: 0.1966 | Max: 0.3245
[2026-06-06 17:30:52]   Round   6/50 | Avg: 0.2803 | Min: 0.1886 | Max: 0.3406
[2026-06-06 17:30:52]   Round   7/50 | Avg: 0.3044 | Min: 0.2237 | Max: 0.3584
[2026-06-06 17:30:52]   Round   8/50 | Avg: 0.3128 | Min: 0.2333 | Max: 0.3763
[2026-06-06 17:30:52]   Round   9/50 | Avg: 0.3255 | Min: 0.2177 | Max: 0.4019
[2026-06-06 17:30:52]   Round  10/50 | Avg: 0.3284 | Min: 0.2045 | Max: 0.4089
[2026-06-06 17:30:52]   Round  11/50 | Avg: 0.3403 | Min: 0.2555 | Max: 0.4097
[2026-06-06 17:30:52]   Round  12/50 | Avg: 0.3559 | Min: 0.2748 | Max: 0.4190
[2026-06-06 17:30:52]   Round  13/50 | Avg: 0.3679 | Min: 0.2854 | Max: 0.4351
[2026-06-06 17:30:52]   Round  14/50 | Avg: 0.3635 | Min: 0.2530 | Max: 0.4152
[2026-06-06 17:30:52]   Round  15/50 | Avg: 0.3748 | Min: 0.2693 | Max: 0.4224
[2026-06-06 17:30:52]   Round  16/50 | Avg: 0.3823 | Min: 0.3124 | Max: 0.4530
[2026-06-06 17:30:52]   Round  17/50 | Avg: 0.3892 | Min: 0.2799 | Max: 0.4402
[2026-06-06 17:30:52]   Round  18/50 | Avg: 0.3960 | Min: 0.3406 | Max: 0.4513
[2026-06-06 17:30:52]   Round  19/50 | Avg: 0.4009 | Min: 0.3081 | Max: 0.4644
[2026-06-06 17:30:52]   Round  20/50 | Avg: 0.4084 | Min: 0.3237 | Max: 0.4724
[2026-06-06 17:30:52]   Round  21/50 | Avg: 0.4077 | Min: 0.3110 | Max: 0.4665
[2026-06-06 17:30:52]   Round  22/50 | Avg: 0.4203 | Min: 0.3385 | Max: 0.4864
[2026-06-06 17:30:52]   Round  23/50 | Avg: 0.4134 | Min: 0.3421 | Max: 0.4848
[2026-06-06 17:30:52]   Round  24/50 | Avg: 0.4204 | Min: 0.3414 | Max: 0.4775
[2026-06-06 17:30:52]   Round  25/50 | Avg: 0.4333 | Min: 0.3636 | Max: 0.4916
[2026-06-06 17:30:52]   Round  26/50 | Avg: 0.4287 | Min: 0.3409 | Max: 0.5086
[2026-06-06 17:30:52]   Round  27/50 | Avg: 0.4350 | Min: 0.3460 | Max: 0.5035
[2026-06-06 17:30:52]   Round  28/50 | Avg: 0.4385 | Min: 0.3363 | Max: 0.5298
[2026-06-06 17:30:52]   Round  29/50 | Avg: 0.4399 | Min: 0.3480 | Max: 0.5070
[2026-06-06 17:30:52]   Round  30/50 | Avg: 0.4398 | Min: 0.3385 | Max: 0.5015
[2026-06-06 17:30:52]   Round  31/50 | Avg: 0.4498 | Min: 0.3800 | Max: 0.5145
[2026-06-06 17:30:52]   Round  32/50 | Avg: 0.4484 | Min: 0.3545 | Max: 0.5394
[2026-06-06 17:30:52]   Round  33/50 | Avg: 0.4478 | Min: 0.3912 | Max: 0.5032
[2026-06-06 17:30:52]   Round  34/50 | Avg: 0.4523 | Min: 0.3646 | Max: 0.5128
[2026-06-06 17:30:52]   Round  35/50 | Avg: 0.4580 | Min: 0.3796 | Max: 0.5180
[2026-06-06 17:30:52]   Round  36/50 | Avg: 0.4502 | Min: 0.3835 | Max: 0.5018
[2026-06-06 17:30:52]   Round  37/50 | Avg: 0.4575 | Min: 0.3858 | Max: 0.5038
[2026-06-06 17:30:52]   Round  38/50 | Avg: 0.4618 | Min: 0.3908 | Max: 0.5171
[2026-06-06 17:30:52]   Round  39/50 | Avg: 0.4576 | Min: 0.3743 | Max: 0.5147
[2026-06-06 17:30:52]   Round  40/50 | Avg: 0.4579 | Min: 0.3536 | Max: 0.5371
[2026-06-06 17:30:52]   Round  41/50 | Avg: 0.4610 | Min: 0.3986 | Max: 0.5473
[2026-06-06 17:30:52]   Round  42/50 | Avg: 0.4675 | Min: 0.4058 | Max: 0.5306
[2026-06-06 17:30:52]   Round  43/50 | Avg: 0.4629 | Min: 0.3836 | Max: 0.5322
[2026-06-06 17:30:52]   Round  44/50 | Avg: 0.4660 | Min: 0.3555 | Max: 0.5166
[2026-06-06 17:30:52]   Round  45/50 | Avg: 0.4690 | Min: 0.3945 | Max: 0.5316
[2026-06-06 17:30:52]   Round  46/50 | Avg: 0.4648 | Min: 0.3863 | Max: 0.5267
[2026-06-06 17:30:52]   Round  47/50 | Avg: 0.4710 | Min: 0.3945 | Max: 0.5292
[2026-06-06 17:30:52]   Round  48/50 | Avg: 0.4699 | Min: 0.3985 | Max: 0.5229
[2026-06-06 17:30:52]   Round  49/50 | Avg: 0.4646 | Min: 0.3642 | Max: 0.5381
[2026-06-06 17:30:52]   Round  50/50 | Avg: 0.4730 | Min: 0.3861 | Max: 0.5232
[2026-06-06 17:30:52]   FEDPROX — NONIID done.
[2026-06-06 17:30:52] 
[2026-06-06 17:30:52] [seed=123]  FEDPROX  dataset=cifar10  hetero=uniform
[2026-06-06 17:30:52] Loading CIFAR-10...
[2026-06-06 17:30:52]   -> 50000 train, 10000 test
[2026-06-06 17:30:52] Loading MNIST...
[2026-06-06 17:30:52]   -> 60000 train, 10000 test
[2026-06-06 17:30:52] 
[2026-06-06 17:30:52] =================================================================
[2026-06-06 17:30:52]   FEDPROX — IID
[2026-06-06 17:30:52] =================================================================
[2026-06-06 17:30:52]   Round   1/50 | Avg: 0.3696 | Min: 0.3030 | Max: 0.3989
[2026-06-06 17:30:52]   Round   2/50 | Avg: 0.1531 | Min: 0.0928 | Max: 0.2048
[2026-06-06 17:30:52]   Round   3/50 | Avg: 0.2136 | Min: 0.1829 | Max: 0.2480
[2026-06-06 17:30:52]   Round   4/50 | Avg: 0.2595 | Min: 0.2134 | Max: 0.2846
[2026-06-06 17:30:52]   Round   5/50 | Avg: 0.3079 | Min: 0.2557 | Max: 0.3382
[2026-06-06 17:30:52]   Round   6/50 | Avg: 0.3602 | Min: 0.3481 | Max: 0.3771
[2026-06-06 17:30:52]   Round   7/50 | Avg: 0.3809 | Min: 0.3640 | Max: 0.4047
[2026-06-06 17:30:52]   Round   8/50 | Avg: 0.4000 | Min: 0.3826 | Max: 0.4141
[2026-06-06 17:30:52]   Round   9/50 | Avg: 0.4220 | Min: 0.3999 | Max: 0.4428
[2026-06-06 17:30:52]   Round  10/50 | Avg: 0.4396 | Min: 0.4267 | Max: 0.4544
[2026-06-06 17:30:52]   Round  11/50 | Avg: 0.4499 | Min: 0.4274 | Max: 0.4690
[2026-06-06 17:30:52]   Round  12/50 | Avg: 0.4627 | Min: 0.4422 | Max: 0.4806
[2026-06-06 17:30:52]   Round  13/50 | Avg: 0.4748 | Min: 0.4623 | Max: 0.4856
[2026-06-06 17:30:52]   Round  14/50 | Avg: 0.4790 | Min: 0.4609 | Max: 0.4951
[2026-06-06 17:30:52]   Round  15/50 | Avg: 0.4841 | Min: 0.4657 | Max: 0.4993
[2026-06-06 17:30:52]   Round  16/50 | Avg: 0.4884 | Min: 0.4676 | Max: 0.5012
[2026-06-06 17:30:52]   Round  17/50 | Avg: 0.4925 | Min: 0.4721 | Max: 0.5093
[2026-06-06 17:30:52]   Round  18/50 | Avg: 0.4988 | Min: 0.4832 | Max: 0.5081
[2026-06-06 17:30:52]   Round  19/50 | Avg: 0.5010 | Min: 0.4871 | Max: 0.5146
[2026-06-06 17:30:52]   Round  20/50 | Avg: 0.5050 | Min: 0.4879 | Max: 0.5188
[2026-06-06 17:30:52]   Round  21/50 | Avg: 0.5072 | Min: 0.4865 | Max: 0.5193
[2026-06-06 17:30:52]   Round  22/50 | Avg: 0.5103 | Min: 0.4982 | Max: 0.5210
[2026-06-06 17:30:52]   Round  23/50 | Avg: 0.5124 | Min: 0.4947 | Max: 0.5206
[2026-06-06 17:30:52]   Round  24/50 | Avg: 0.5153 | Min: 0.5058 | Max: 0.5251
[2026-06-06 17:30:52]   Round  25/50 | Avg: 0.5191 | Min: 0.5096 | Max: 0.5261
[2026-06-06 17:30:52]   Round  26/50 | Avg: 0.5163 | Min: 0.4999 | Max: 0.5260
[2026-06-06 17:30:52]   Round  27/50 | Avg: 0.5213 | Min: 0.5091 | Max: 0.5282
[2026-06-06 17:30:52]   Round  28/50 | Avg: 0.5232 | Min: 0.5034 | Max: 0.5325
[2026-06-06 17:30:52]   Round  29/50 | Avg: 0.5224 | Min: 0.5118 | Max: 0.5335
[2026-06-06 17:30:52]   Round  30/50 | Avg: 0.5217 | Min: 0.5064 | Max: 0.5298
[2026-06-06 17:30:52]   Round  31/50 | Avg: 0.5261 | Min: 0.5112 | Max: 0.5336
[2026-06-06 17:30:52]   Round  32/50 | Avg: 0.5264 | Min: 0.5169 | Max: 0.5389
[2026-06-06 17:30:52]   Round  33/50 | Avg: 0.5290 | Min: 0.5180 | Max: 0.5353
[2026-06-06 17:30:52]   Round  34/50 | Avg: 0.5292 | Min: 0.5207 | Max: 0.5370
[2026-06-06 17:30:52]   Round  35/50 | Avg: 0.5305 | Min: 0.5215 | Max: 0.5355
[2026-06-06 17:30:52]   Round  36/50 | Avg: 0.5303 | Min: 0.5167 | Max: 0.5404
[2026-06-06 17:30:52]   Round  37/50 | Avg: 0.5322 | Min: 0.5181 | Max: 0.5399
[2026-06-06 17:30:52]   Round  38/50 | Avg: 0.5330 | Min: 0.5207 | Max: 0.5421
[2026-06-06 17:30:52]   Round  39/50 | Avg: 0.5343 | Min: 0.5229 | Max: 0.5440
[2026-06-06 17:30:52]   Round  40/50 | Avg: 0.5360 | Min: 0.5225 | Max: 0.5421
[2026-06-06 17:30:52]   Round  41/50 | Avg: 0.5336 | Min: 0.5153 | Max: 0.5410
[2026-06-06 17:30:52]   Round  42/50 | Avg: 0.5357 | Min: 0.5254 | Max: 0.5456
[2026-06-06 17:30:52]   Round  43/50 | Avg: 0.5372 | Min: 0.5167 | Max: 0.5470
[2026-06-06 17:30:52]   Round  44/50 | Avg: 0.5375 | Min: 0.5260 | Max: 0.5475
[2026-06-06 17:30:52]   Round  45/50 | Avg: 0.5382 | Min: 0.5286 | Max: 0.5482
[2026-06-06 17:30:52]   Round  46/50 | Avg: 0.5365 | Min: 0.5197 | Max: 0.5468
[2026-06-06 17:30:52]   Round  47/50 | Avg: 0.5378 | Min: 0.5221 | Max: 0.5513
[2026-06-06 17:30:52]   Round  48/50 | Avg: 0.5392 | Min: 0.5280 | Max: 0.5500
[2026-06-06 17:30:52]   Round  49/50 | Avg: 0.5409 | Min: 0.5308 | Max: 0.5510
[2026-06-06 17:30:52]   Round  50/50 | Avg: 0.5389 | Min: 0.5309 | Max: 0.5474
[2026-06-06 17:30:52]   FEDPROX — IID done.
[2026-06-06 17:30:52] 
[2026-06-06 17:30:52] =================================================================
[2026-06-06 17:30:52]   FEDPROX — NONIID
[2026-06-06 17:30:52] =================================================================
[2026-06-06 17:30:52]   Round   1/50 | Avg: 0.2738 | Min: 0.1595 | Max: 0.3474
[2026-06-06 17:30:52]   Round   2/50 | Avg: 0.1798 | Min: 0.1000 | Max: 0.2935
[2026-06-06 17:30:52]   Round   3/50 | Avg: 0.2208 | Min: 0.1287 | Max: 0.3170
[2026-06-06 17:30:52]   Round   4/50 | Avg: 0.2629 | Min: 0.1914 | Max: 0.3405
[2026-06-06 17:30:52]   Round   5/50 | Avg: 0.2851 | Min: 0.1892 | Max: 0.3568
[2026-06-06 17:30:52]   Round   6/50 | Avg: 0.3143 | Min: 0.2268 | Max: 0.3883
[2026-06-06 17:30:52]   Round   7/50 | Avg: 0.3345 | Min: 0.2501 | Max: 0.4179
[2026-06-06 17:30:52]   Round   8/50 | Avg: 0.3456 | Min: 0.2376 | Max: 0.4163
[2026-06-06 17:30:52]   Round   9/50 | Avg: 0.3454 | Min: 0.2558 | Max: 0.4109
[2026-06-06 17:30:52]   Round  10/50 | Avg: 0.3553 | Min: 0.2525 | Max: 0.4345
[2026-06-06 17:30:52]   Round  11/50 | Avg: 0.3727 | Min: 0.2592 | Max: 0.4534
[2026-06-06 17:30:52]   Round  12/50 | Avg: 0.3841 | Min: 0.2618 | Max: 0.4683
[2026-06-06 17:30:52]   Round  13/50 | Avg: 0.3866 | Min: 0.2666 | Max: 0.4428
[2026-06-06 17:30:52]   Round  14/50 | Avg: 0.3907 | Min: 0.2798 | Max: 0.4639
[2026-06-06 17:30:52]   Round  15/50 | Avg: 0.3933 | Min: 0.2822 | Max: 0.4889
[2026-06-06 17:30:52]   Round  16/50 | Avg: 0.4022 | Min: 0.3029 | Max: 0.4996
[2026-06-06 17:30:52]   Round  17/50 | Avg: 0.4096 | Min: 0.3006 | Max: 0.5002
[2026-06-06 17:30:52]   Round  18/50 | Avg: 0.4203 | Min: 0.3039 | Max: 0.4977
[2026-06-06 17:30:52]   Round  19/50 | Avg: 0.4205 | Min: 0.3083 | Max: 0.5061
[2026-06-06 17:30:52]   Round  20/50 | Avg: 0.4282 | Min: 0.3132 | Max: 0.5012
[2026-06-06 17:30:52]   Round  21/50 | Avg: 0.4217 | Min: 0.3180 | Max: 0.4946
[2026-06-06 17:30:52]   Round  22/50 | Avg: 0.4295 | Min: 0.3243 | Max: 0.5268
[2026-06-06 17:30:52]   Round  23/50 | Avg: 0.4341 | Min: 0.3217 | Max: 0.5091
[2026-06-06 17:30:52]   Round  24/50 | Avg: 0.4254 | Min: 0.3187 | Max: 0.5154
[2026-06-06 17:30:52]   Round  25/50 | Avg: 0.4326 | Min: 0.3183 | Max: 0.5174
[2026-06-06 17:30:52]   Round  26/50 | Avg: 0.4427 | Min: 0.3322 | Max: 0.5083
[2026-06-06 17:30:52]   Round  27/50 | Avg: 0.4402 | Min: 0.3010 | Max: 0.5384
[2026-06-06 17:30:52]   Round  28/50 | Avg: 0.4382 | Min: 0.3147 | Max: 0.5084
[2026-06-06 17:30:52]   Round  29/50 | Avg: 0.4427 | Min: 0.3050 | Max: 0.5214
[2026-06-06 17:30:52]   Round  30/50 | Avg: 0.4431 | Min: 0.3440 | Max: 0.5239
[2026-06-06 17:30:52]   Round  31/50 | Avg: 0.4452 | Min: 0.3326 | Max: 0.5317
[2026-06-06 17:30:52]   Round  32/50 | Avg: 0.4527 | Min: 0.3390 | Max: 0.5313
[2026-06-06 17:30:52]   Round  33/50 | Avg: 0.4590 | Min: 0.3223 | Max: 0.5274
[2026-06-06 17:30:52]   Round  34/50 | Avg: 0.4561 | Min: 0.3264 | Max: 0.5420
[2026-06-06 17:30:52]   Round  35/50 | Avg: 0.4530 | Min: 0.3248 | Max: 0.5359
[2026-06-06 17:30:52]   Round  36/50 | Avg: 0.4485 | Min: 0.3430 | Max: 0.5303
[2026-06-06 17:30:52]   Round  37/50 | Avg: 0.4553 | Min: 0.3655 | Max: 0.5224
[2026-06-06 17:30:52]   Round  38/50 | Avg: 0.4566 | Min: 0.3429 | Max: 0.5355
[2026-06-06 17:30:52]   Round  39/50 | Avg: 0.4602 | Min: 0.3393 | Max: 0.5329
[2026-06-06 17:30:52]   Round  40/50 | Avg: 0.4595 | Min: 0.3171 | Max: 0.5443
[2026-06-06 17:30:52]   Round  41/50 | Avg: 0.4554 | Min: 0.3250 | Max: 0.5270
[2026-06-06 17:30:52]   Round  42/50 | Avg: 0.4650 | Min: 0.3503 | Max: 0.5290
[2026-06-06 17:30:52]   Round  43/50 | Avg: 0.4597 | Min: 0.3496 | Max: 0.5282
[2026-06-06 17:30:52]   Round  44/50 | Avg: 0.4660 | Min: 0.3565 | Max: 0.5483
[2026-06-06 17:30:52]   Round  45/50 | Avg: 0.4610 | Min: 0.3304 | Max: 0.5469
[2026-06-06 17:30:52]   Round  46/50 | Avg: 0.4634 | Min: 0.3494 | Max: 0.5364
[2026-06-06 17:30:52]   Round  47/50 | Avg: 0.4648 | Min: 0.3526 | Max: 0.5490
[2026-06-06 17:30:52]   Round  48/50 | Avg: 0.4663 | Min: 0.3422 | Max: 0.5331
[2026-06-06 17:30:52]   Round  49/50 | Avg: 0.4675 | Min: 0.3344 | Max: 0.5393
[2026-06-06 17:30:52]   Round  50/50 | Avg: 0.4704 | Min: 0.3373 | Max: 0.5425
[2026-06-06 17:30:52]   FEDPROX — NONIID done.
[2026-06-06 17:30:52] 
[2026-06-06 17:30:52] [seed=456]  FEDPROX  dataset=cifar10  hetero=uniform
[2026-06-06 17:30:52] Loading CIFAR-10...
[2026-06-06 17:30:52]   -> 50000 train, 10000 test
[2026-06-06 17:30:52] Loading MNIST...
[2026-06-06 17:30:52]   -> 60000 train, 10000 test
[2026-06-06 17:30:52] 
[2026-06-06 17:30:52] =================================================================
[2026-06-06 17:30:52]   FEDPROX — IID
[2026-06-06 17:30:52] =================================================================
[2026-06-06 17:30:52]   Round   1/50 | Avg: 0.3687 | Min: 0.3002 | Max: 0.4118
[2026-06-06 17:30:52]   Round   2/50 | Avg: 0.1487 | Min: 0.0983 | Max: 0.1999
[2026-06-06 17:30:52]   Round   3/50 | Avg: 0.2071 | Min: 0.1820 | Max: 0.2311
[2026-06-06 17:30:52]   Round   4/50 | Avg: 0.2474 | Min: 0.2164 | Max: 0.2749
[2026-06-06 17:30:52]   Round   5/50 | Avg: 0.2861 | Min: 0.2583 | Max: 0.3111
[2026-06-06 17:30:52]   Round   6/50 | Avg: 0.3305 | Min: 0.3021 | Max: 0.3468
[2026-06-06 17:30:52]   Round   7/50 | Avg: 0.3647 | Min: 0.3350 | Max: 0.3828
[2026-06-06 17:30:52]   Round   8/50 | Avg: 0.3894 | Min: 0.3645 | Max: 0.4070
[2026-06-06 17:30:52]   Round   9/50 | Avg: 0.4057 | Min: 0.3738 | Max: 0.4196
[2026-06-06 17:30:52]   Round  10/50 | Avg: 0.4198 | Min: 0.4046 | Max: 0.4309
[2026-06-06 17:30:52]   Round  11/50 | Avg: 0.4291 | Min: 0.4155 | Max: 0.4384
[2026-06-06 17:30:52]   Round  12/50 | Avg: 0.4328 | Min: 0.4073 | Max: 0.4471
[2026-06-06 17:30:52]   Round  13/50 | Avg: 0.4436 | Min: 0.4179 | Max: 0.4550
[2026-06-06 17:30:52]   Round  14/50 | Avg: 0.4488 | Min: 0.4346 | Max: 0.4617
[2026-06-06 17:30:52]   Round  15/50 | Avg: 0.4547 | Min: 0.4298 | Max: 0.4668
[2026-06-06 17:30:52]   Round  16/50 | Avg: 0.4650 | Min: 0.4481 | Max: 0.4801
[2026-06-06 17:30:52]   Round  17/50 | Avg: 0.4676 | Min: 0.4510 | Max: 0.4777
[2026-06-06 17:30:52]   Round  18/50 | Avg: 0.4709 | Min: 0.4532 | Max: 0.4894
[2026-06-06 17:30:52]   Round  19/50 | Avg: 0.4766 | Min: 0.4611 | Max: 0.4876
[2026-06-06 17:30:52]   Round  20/50 | Avg: 0.4833 | Min: 0.4689 | Max: 0.4958
[2026-06-06 17:30:52]   Round  21/50 | Avg: 0.4832 | Min: 0.4612 | Max: 0.4931
[2026-06-06 17:30:52]   Round  22/50 | Avg: 0.4887 | Min: 0.4683 | Max: 0.5001
[2026-06-06 17:30:52]   Round  23/50 | Avg: 0.4926 | Min: 0.4776 | Max: 0.5063
[2026-06-06 17:30:52]   Round  24/50 | Avg: 0.4963 | Min: 0.4844 | Max: 0.5043
[2026-06-06 17:30:52]   Round  25/50 | Avg: 0.4957 | Min: 0.4702 | Max: 0.5159
[2026-06-06 17:30:52]   Round  26/50 | Avg: 0.5003 | Min: 0.4844 | Max: 0.5056
[2026-06-06 17:30:52]   Round  27/50 | Avg: 0.5028 | Min: 0.4756 | Max: 0.5123
[2026-06-06 17:30:52]   Round  28/50 | Avg: 0.5047 | Min: 0.4949 | Max: 0.5152
[2026-06-06 17:30:52]   Round  29/50 | Avg: 0.5108 | Min: 0.4935 | Max: 0.5216
[2026-06-06 17:30:52]   Round  30/50 | Avg: 0.5085 | Min: 0.4950 | Max: 0.5167
[2026-06-06 17:30:52]   Round  31/50 | Avg: 0.5117 | Min: 0.4973 | Max: 0.5221
[2026-06-06 17:30:52]   Round  32/50 | Avg: 0.5132 | Min: 0.4961 | Max: 0.5279
[2026-06-06 17:30:52]   Round  33/50 | Avg: 0.5141 | Min: 0.4984 | Max: 0.5263
[2026-06-06 17:30:52]   Round  34/50 | Avg: 0.5162 | Min: 0.5081 | Max: 0.5283
[2026-06-06 17:30:52]   Round  35/50 | Avg: 0.5165 | Min: 0.5027 | Max: 0.5277
[2026-06-06 17:30:52]   Round  36/50 | Avg: 0.5160 | Min: 0.5011 | Max: 0.5282
[2026-06-06 17:30:52]   Round  37/50 | Avg: 0.5175 | Min: 0.4964 | Max: 0.5285
[2026-06-06 17:30:52]   Round  38/50 | Avg: 0.5205 | Min: 0.5105 | Max: 0.5280
[2026-06-06 17:30:52]   Round  39/50 | Avg: 0.5217 | Min: 0.5041 | Max: 0.5329
[2026-06-06 17:30:52]   Round  40/50 | Avg: 0.5238 | Min: 0.5122 | Max: 0.5314
[2026-06-06 17:30:52]   Round  41/50 | Avg: 0.5235 | Min: 0.5099 | Max: 0.5372
[2026-06-06 17:30:52]   Round  42/50 | Avg: 0.5246 | Min: 0.5088 | Max: 0.5341
[2026-06-06 17:30:52]   Round  43/50 | Avg: 0.5255 | Min: 0.5115 | Max: 0.5340
[2026-06-06 17:30:52]   Round  44/50 | Avg: 0.5276 | Min: 0.5147 | Max: 0.5365
[2026-06-06 17:30:52]   Round  45/50 | Avg: 0.5272 | Min: 0.5127 | Max: 0.5394
[2026-06-06 17:30:52]   Round  46/50 | Avg: 0.5262 | Min: 0.5170 | Max: 0.5342
[2026-06-06 17:30:52]   Round  47/50 | Avg: 0.5269 | Min: 0.5189 | Max: 0.5389
[2026-06-06 17:30:52]   Round  48/50 | Avg: 0.5267 | Min: 0.5159 | Max: 0.5340
[2026-06-06 17:30:52]   Round  49/50 | Avg: 0.5280 | Min: 0.5062 | Max: 0.5374
[2026-06-06 17:30:52]   Round  50/50 | Avg: 0.5293 | Min: 0.5194 | Max: 0.5426
[2026-06-06 17:30:52]   FEDPROX — IID done.
[2026-06-06 17:30:52] 
[2026-06-06 17:30:52] =================================================================
[2026-06-06 17:30:52]   FEDPROX — NONIID
[2026-06-06 17:30:52] =================================================================
[2026-06-06 17:30:52]   Round   1/50 | Avg: 0.3152 | Min: 0.2132 | Max: 0.4081
[2026-06-06 17:30:52]   Round   2/50 | Avg: 0.1703 | Min: 0.1000 | Max: 0.2360
[2026-06-06 17:30:52]   Round   3/50 | Avg: 0.2091 | Min: 0.1480 | Max: 0.2735
[2026-06-06 17:30:52]   Round   4/50 | Avg: 0.2430 | Min: 0.1900 | Max: 0.2920
[2026-06-06 17:30:52]   Round   5/50 | Avg: 0.2784 | Min: 0.2182 | Max: 0.3874
[2026-06-06 17:30:52]   Round   6/50 | Avg: 0.3104 | Min: 0.2370 | Max: 0.3934
[2026-06-06 17:30:52]   Round   7/50 | Avg: 0.3245 | Min: 0.2533 | Max: 0.4334
[2026-06-06 17:30:52]   Round   8/50 | Avg: 0.3467 | Min: 0.2871 | Max: 0.4455
[2026-06-06 17:30:52]   Round   9/50 | Avg: 0.3543 | Min: 0.2770 | Max: 0.4730
[2026-06-06 17:30:52]   Round  10/50 | Avg: 0.3713 | Min: 0.2773 | Max: 0.4676
[2026-06-06 17:30:52]   Round  11/50 | Avg: 0.3747 | Min: 0.3119 | Max: 0.4698
[2026-06-06 17:30:52]   Round  12/50 | Avg: 0.3898 | Min: 0.3198 | Max: 0.4880
[2026-06-06 17:30:52]   Round  13/50 | Avg: 0.3958 | Min: 0.3321 | Max: 0.4708
[2026-06-06 17:30:52]   Round  14/50 | Avg: 0.3965 | Min: 0.2963 | Max: 0.4820
[2026-06-06 17:30:52]   Round  15/50 | Avg: 0.4067 | Min: 0.3383 | Max: 0.4983
[2026-06-06 17:30:52]   Round  16/50 | Avg: 0.4096 | Min: 0.3494 | Max: 0.5093
[2026-06-06 17:30:52]   Round  17/50 | Avg: 0.4242 | Min: 0.3597 | Max: 0.5313
[2026-06-06 17:30:52]   Round  18/50 | Avg: 0.4275 | Min: 0.3647 | Max: 0.5231
[2026-06-06 17:30:52]   Round  19/50 | Avg: 0.4259 | Min: 0.3557 | Max: 0.5295
[2026-06-06 17:30:52]   Round  20/50 | Avg: 0.4275 | Min: 0.3665 | Max: 0.5316
[2026-06-06 17:30:52]   Round  21/50 | Avg: 0.4406 | Min: 0.3700 | Max: 0.5188
[2026-06-06 17:30:52]   Round  22/50 | Avg: 0.4443 | Min: 0.3518 | Max: 0.5384
[2026-06-06 17:30:52]   Round  23/50 | Avg: 0.4385 | Min: 0.3244 | Max: 0.5458
[2026-06-06 17:30:52]   Round  24/50 | Avg: 0.4452 | Min: 0.3846 | Max: 0.5449
[2026-06-06 17:30:52]   Round  25/50 | Avg: 0.4446 | Min: 0.3649 | Max: 0.5465
[2026-06-06 17:30:52]   Round  26/50 | Avg: 0.4507 | Min: 0.3871 | Max: 0.5474
[2026-06-06 17:30:52]   Round  27/50 | Avg: 0.4605 | Min: 0.3821 | Max: 0.5424
[2026-06-06 17:30:52]   Round  28/50 | Avg: 0.4571 | Min: 0.3852 | Max: 0.5506
[2026-06-06 17:30:52]   Round  29/50 | Avg: 0.4617 | Min: 0.4019 | Max: 0.5666
[2026-06-06 17:30:52]   Round  30/50 | Avg: 0.4634 | Min: 0.3782 | Max: 0.5606
[2026-06-06 17:30:52]   Round  31/50 | Avg: 0.4643 | Min: 0.3721 | Max: 0.5553
[2026-06-06 17:30:52]   Round  32/50 | Avg: 0.4605 | Min: 0.3705 | Max: 0.5386
[2026-06-06 17:30:52]   Round  33/50 | Avg: 0.4641 | Min: 0.4066 | Max: 0.5640
[2026-06-06 17:30:52]   Round  34/50 | Avg: 0.4770 | Min: 0.4019 | Max: 0.5655
[2026-06-06 17:30:52]   Round  35/50 | Avg: 0.4762 | Min: 0.3952 | Max: 0.5654
[2026-06-06 17:30:52]   Round  36/50 | Avg: 0.4729 | Min: 0.3977 | Max: 0.5749
[2026-06-06 17:30:52]   Round  37/50 | Avg: 0.4744 | Min: 0.4162 | Max: 0.5551
[2026-06-06 17:30:52]   Round  38/50 | Avg: 0.4792 | Min: 0.4135 | Max: 0.5664
[2026-06-06 17:30:52]   Round  39/50 | Avg: 0.4736 | Min: 0.3929 | Max: 0.5686
[2026-06-06 17:30:52]   Round  40/50 | Avg: 0.4771 | Min: 0.3910 | Max: 0.5575
[2026-06-06 17:30:52]   Round  41/50 | Avg: 0.4768 | Min: 0.4131 | Max: 0.5660
[2026-06-06 17:30:52]   Round  42/50 | Avg: 0.4807 | Min: 0.3987 | Max: 0.5716
[2026-06-06 17:30:52]   Round  43/50 | Avg: 0.4767 | Min: 0.3987 | Max: 0.5757
[2026-06-06 17:30:52]   Round  44/50 | Avg: 0.4817 | Min: 0.3939 | Max: 0.5738
[2026-06-06 17:30:52]   Round  45/50 | Avg: 0.4848 | Min: 0.4151 | Max: 0.5808
[2026-06-06 17:30:52]   Round  46/50 | Avg: 0.4834 | Min: 0.4155 | Max: 0.5768
[2026-06-06 17:30:52]   Round  47/50 | Avg: 0.4839 | Min: 0.4016 | Max: 0.5699
[2026-06-06 17:30:52]   Round  48/50 | Avg: 0.4795 | Min: 0.4013 | Max: 0.5730
[2026-06-06 17:30:52]   Round  49/50 | Avg: 0.4877 | Min: 0.4153 | Max: 0.5716
[2026-06-06 17:30:52]   Round  50/50 | Avg: 0.4889 | Min: 0.4222 | Max: 0.5815
[2026-06-06 17:30:52]   FEDPROX — NONIID done.
[2026-06-06 17:30:52]   Saved final_ci_cifar10_uniform.png
[2026-06-06 17:30:52]   Saved per_client_cifar10_uniform.png
[2026-06-06 17:30:52] 
[2026-06-06 17:30:52] =================================================================
[2026-06-06 17:30:52]   All experiments complete.
[2026-06-06 17:30:52]   Results  ->  /home/gad/Desktop/HomeSenseKD/results/phase1
[2026-06-06 17:30:52]   Figures  ->  /home/gad/Desktop/HomeSenseKD/results/phase1/figures
[2026-06-06 17:30:52] =================================================================
[2026-06-06 17:30:52] ============================================================
[2026-06-06 17:30:52]   JOB DONE    : cifar10_fedprox_uniform  (exit 0)
[2026-06-06 17:30:52]   Full log    : /home/gad/Desktop/HomeSenseKD/logs/phase1/cifar10_fedprox_uniform.log
[2026-06-06 17:30:52] ============================================================
