[2026-06-05 10:53:46] ============================================================
[2026-06-05 10:53:46]   JOB START   : cifar10_central_uniform
[2026-06-05 10:53:46]   PID         : 1300110
[2026-06-05 10:53:46]   Log         : /home/gad/Desktop/HomeSenseKD/logs/phase1/cifar10_central_uniform.log
[2026-06-05 10:53:46]   Results dir : /home/gad/Desktop/HomeSenseKD/results/phase1
[2026-06-05 10:53:46]   Fig dir     : /home/gad/Desktop/HomeSenseKD/results/phase1/figures
[2026-06-05 10:53:46]   Cmd         : /home/gad/Desktop/HomeSenseKD/myenv/bin/python /home/gad/Desktop/HomeSenseKD/run_fedkd.py \
[2026-06-05 10:53:46]                   --config /home/gad/Desktop/HomeSenseKD/config/cifar10.yaml \
[2026-06-05 10:53:46]                   --algorithm central --heterogeneity uniform \
[2026-06-05 10:53:46]                   --override experiment.results_dir=/home/gad/Desktop/HomeSenseKD/results/phase1 \
[2026-06-05 10:53:46]                              experiment.fig_dir=/home/gad/Desktop/HomeSenseKD/results/phase1/figures
[2026-06-05 10:53:46] ============================================================
[2026-06-06 02:49:01] WARNING: All log messages before absl::InitializeLog() is called are written to STDERR
[2026-06-06 02:49:01] I0000 00:00:1780671227.097086 1300116 port.cc:153] oneDNN custom operations are on. You may see slightly different numerical results due to floating-point round-off errors from different computation orders. To turn them off, set the environment variable `TF_ENABLE_ONEDNN_OPTS=0`.
[2026-06-06 02:49:01] I0000 00:00:1780671227.097544 1300116 cudart_stub.cc:31] Could not find cuda drivers on your machine, GPU will not be used.
[2026-06-06 02:49:01] I0000 00:00:1780671227.166609 1300116 cpu_feature_guard.cc:227] This TensorFlow binary is optimized to use available CPU instructions in performance-critical operations.
[2026-06-06 02:49:01] To enable the following instructions: AVX2 AVX_VNNI FMA, in other operations, rebuild TensorFlow with the appropriate compiler flags.
[2026-06-06 02:49:01] WARNING: All log messages before absl::InitializeLog() is called are written to STDERR
[2026-06-06 02:49:01] I0000 00:00:1780671229.083972 1300116 port.cc:153] oneDNN custom operations are on. You may see slightly different numerical results due to floating-point round-off errors from different computation orders. To turn them off, set the environment variable `TF_ENABLE_ONEDNN_OPTS=0`.
[2026-06-06 02:49:01] I0000 00:00:1780671229.085212 1300116 cudart_stub.cc:31] Could not find cuda drivers on your machine, GPU will not be used.
[2026-06-06 02:49:01] E0000 00:00:1780671235.824915 1300116 cuda_platform.cc:52] failed call to cuInit: INTERNAL: CUDA error: Failed call to cuInit: CUDA_ERROR_NO_DEVICE: no CUDA-capable device is detected
[2026-06-06 02:49:01]   Saved tiers_cifar10_uniform.png
[2026-06-06 02:49:01] =================================================================
[2026-06-06 02:49:01]   Dataset    : cifar10  (public: mnist)
[2026-06-06 02:49:01]   Algorithms : ['central']
[2026-06-06 02:49:01]   Heterogen. : uniform  ->  ['small', 'small', 'small', 'small', 'small', 'small']...
[2026-06-06 02:49:01]   Seeds      : [42, 123, 456]
[2026-06-06 02:49:01]   Settings   : ['iid', 'noniid']
[2026-06-06 02:49:01] =================================================================
[2026-06-06 02:49:01] 
[2026-06-06 02:49:01] [seed=42]  CENTRAL  dataset=cifar10  hetero=uniform
[2026-06-06 02:49:01] Loading CIFAR-10...
[2026-06-06 02:49:01]   -> 50000 train, 10000 test
[2026-06-06 02:49:01] Loading MNIST...
[2026-06-06 02:49:01]   -> 60000 train, 10000 test
[2026-06-06 02:49:01] 
[2026-06-06 02:49:01] =================================================================
[2026-06-06 02:49:01]   Central — IID
[2026-06-06 02:49:01] =================================================================
[2026-06-06 02:49:01]   Round   1/50 | Avg: 0.6059 | Min: 0.6059 | Max: 0.6059
[2026-06-06 02:49:01]   Round   2/50 | Avg: 0.6714 | Min: 0.6714 | Max: 0.6714
[2026-06-06 02:49:01]   Round   3/50 | Avg: 0.6637 | Min: 0.6637 | Max: 0.6637
[2026-06-06 02:49:01]   Round   4/50 | Avg: 0.6537 | Min: 0.6537 | Max: 0.6537
[2026-06-06 02:49:01]   Round   5/50 | Avg: 0.6736 | Min: 0.6736 | Max: 0.6736
[2026-06-06 02:49:01]   Round   6/50 | Avg: 0.6815 | Min: 0.6815 | Max: 0.6815
[2026-06-06 02:49:01]   Round   7/50 | Avg: 0.6725 | Min: 0.6725 | Max: 0.6725
[2026-06-06 02:49:01]   Round   8/50 | Avg: 0.6785 | Min: 0.6785 | Max: 0.6785
[2026-06-06 02:49:01]   Round   9/50 | Avg: 0.6746 | Min: 0.6746 | Max: 0.6746
[2026-06-06 02:49:01]   Round  10/50 | Avg: 0.6779 | Min: 0.6779 | Max: 0.6779
[2026-06-06 02:49:01]   Round  11/50 | Avg: 0.6715 | Min: 0.6715 | Max: 0.6715
[2026-06-06 02:49:01]   Round  12/50 | Avg: 0.6748 | Min: 0.6748 | Max: 0.6748
[2026-06-06 02:49:01]   Round  13/50 | Avg: 0.6752 | Min: 0.6752 | Max: 0.6752
[2026-06-06 02:49:01]   Round  14/50 | Avg: 0.6733 | Min: 0.6733 | Max: 0.6733
[2026-06-06 02:49:01]   Round  15/50 | Avg: 0.6650 | Min: 0.6650 | Max: 0.6650
[2026-06-06 02:49:01]   Round  16/50 | Avg: 0.6712 | Min: 0.6712 | Max: 0.6712
[2026-06-06 02:49:01]   Round  17/50 | Avg: 0.6830 | Min: 0.6830 | Max: 0.6830
[2026-06-06 02:49:01]   Round  18/50 | Avg: 0.6789 | Min: 0.6789 | Max: 0.6789
[2026-06-06 02:49:01]   Round  19/50 | Avg: 0.6718 | Min: 0.6718 | Max: 0.6718
[2026-06-06 02:49:01]   Round  20/50 | Avg: 0.6819 | Min: 0.6819 | Max: 0.6819
[2026-06-06 02:49:01]   Round  21/50 | Avg: 0.6809 | Min: 0.6809 | Max: 0.6809
[2026-06-06 02:49:01]   Round  22/50 | Avg: 0.6790 | Min: 0.6790 | Max: 0.6790
[2026-06-06 02:49:01]   Round  23/50 | Avg: 0.6802 | Min: 0.6802 | Max: 0.6802
[2026-06-06 02:49:01]   Round  24/50 | Avg: 0.6834 | Min: 0.6834 | Max: 0.6834
[2026-06-06 02:49:01]   Round  25/50 | Avg: 0.6783 | Min: 0.6783 | Max: 0.6783
[2026-06-06 02:49:01]   Round  26/50 | Avg: 0.6841 | Min: 0.6841 | Max: 0.6841
[2026-06-06 02:49:01]   Round  27/50 | Avg: 0.6802 | Min: 0.6802 | Max: 0.6802
[2026-06-06 02:49:01]   Round  28/50 | Avg: 0.6889 | Min: 0.6889 | Max: 0.6889
[2026-06-06 02:49:01]   Round  29/50 | Avg: 0.6764 | Min: 0.6764 | Max: 0.6764
[2026-06-06 02:49:01]   Round  30/50 | Avg: 0.6671 | Min: 0.6671 | Max: 0.6671
[2026-06-06 02:49:01]   Round  31/50 | Avg: 0.6804 | Min: 0.6804 | Max: 0.6804
[2026-06-06 02:49:01]   Round  32/50 | Avg: 0.6747 | Min: 0.6747 | Max: 0.6747
[2026-06-06 02:49:01]   Round  33/50 | Avg: 0.6719 | Min: 0.6719 | Max: 0.6719
[2026-06-06 02:49:01]   Round  34/50 | Avg: 0.6718 | Min: 0.6718 | Max: 0.6718
[2026-06-06 02:49:01]   Round  35/50 | Avg: 0.6736 | Min: 0.6736 | Max: 0.6736
[2026-06-06 02:49:01]   Round  36/50 | Avg: 0.6775 | Min: 0.6775 | Max: 0.6775
[2026-06-06 02:49:01]   Round  37/50 | Avg: 0.6714 | Min: 0.6714 | Max: 0.6714
[2026-06-06 02:49:01]   Round  38/50 | Avg: 0.6680 | Min: 0.6680 | Max: 0.6680
[2026-06-06 02:49:01]   Round  39/50 | Avg: 0.6771 | Min: 0.6771 | Max: 0.6771
[2026-06-06 02:49:01]   Round  40/50 | Avg: 0.6817 | Min: 0.6817 | Max: 0.6817
[2026-06-06 02:49:01]   Round  41/50 | Avg: 0.6763 | Min: 0.6763 | Max: 0.6763
[2026-06-06 02:49:01]   Round  42/50 | Avg: 0.6758 | Min: 0.6758 | Max: 0.6758
[2026-06-06 02:49:01]   Round  43/50 | Avg: 0.6781 | Min: 0.6781 | Max: 0.6781
[2026-06-06 02:49:01]   Round  44/50 | Avg: 0.6805 | Min: 0.6805 | Max: 0.6805
[2026-06-06 02:49:01]   Round  45/50 | Avg: 0.6774 | Min: 0.6774 | Max: 0.6774
[2026-06-06 02:49:01]   Round  46/50 | Avg: 0.6669 | Min: 0.6669 | Max: 0.6669
[2026-06-06 02:49:01]   Round  47/50 | Avg: 0.6720 | Min: 0.6720 | Max: 0.6720
[2026-06-06 02:49:01]   Round  48/50 | Avg: 0.6736 | Min: 0.6736 | Max: 0.6736
[2026-06-06 02:49:01]   Round  49/50 | Avg: 0.6686 | Min: 0.6686 | Max: 0.6686
[2026-06-06 02:49:01]   Round  50/50 | Avg: 0.6692 | Min: 0.6692 | Max: 0.6692
[2026-06-06 02:49:01]   Central done.
[2026-06-06 02:49:01] 
[2026-06-06 02:49:01] =================================================================
[2026-06-06 02:49:01]   Central — NONIID
[2026-06-06 02:49:01] =================================================================
[2026-06-06 02:49:01]   Round   1/50 | Avg: 0.7492 | Min: 0.7492 | Max: 0.7492
[2026-06-06 02:49:01]   Round   2/50 | Avg: 0.7286 | Min: 0.7286 | Max: 0.7286
[2026-06-06 02:49:01]   Round   3/50 | Avg: 0.7267 | Min: 0.7267 | Max: 0.7267
[2026-06-06 02:49:01]   Round   4/50 | Avg: 0.7394 | Min: 0.7394 | Max: 0.7394
[2026-06-06 02:49:01]   Round   5/50 | Avg: 0.7554 | Min: 0.7554 | Max: 0.7554
[2026-06-06 02:49:01]   Round   6/50 | Avg: 0.7504 | Min: 0.7504 | Max: 0.7504
[2026-06-06 02:49:01]   Round   7/50 | Avg: 0.7470 | Min: 0.7470 | Max: 0.7470
[2026-06-06 02:49:01]   Round   8/50 | Avg: 0.7546 | Min: 0.7546 | Max: 0.7546
[2026-06-06 02:49:01]   Round   9/50 | Avg: 0.7463 | Min: 0.7463 | Max: 0.7463
[2026-06-06 02:49:01]   Round  10/50 | Avg: 0.7529 | Min: 0.7529 | Max: 0.7529
[2026-06-06 02:49:01]   Round  11/50 | Avg: 0.7546 | Min: 0.7546 | Max: 0.7546
[2026-06-06 02:49:01]   Round  12/50 | Avg: 0.7575 | Min: 0.7575 | Max: 0.7575
[2026-06-06 02:49:01]   Round  13/50 | Avg: 0.7528 | Min: 0.7528 | Max: 0.7528
[2026-06-06 02:49:01]   Round  14/50 | Avg: 0.7575 | Min: 0.7575 | Max: 0.7575
[2026-06-06 02:49:01]   Round  15/50 | Avg: 0.7575 | Min: 0.7575 | Max: 0.7575
[2026-06-06 02:49:01]   Round  16/50 | Avg: 0.7518 | Min: 0.7518 | Max: 0.7518
[2026-06-06 02:49:01]   Round  17/50 | Avg: 0.7573 | Min: 0.7573 | Max: 0.7573
[2026-06-06 02:49:01]   Round  18/50 | Avg: 0.7579 | Min: 0.7579 | Max: 0.7579
[2026-06-06 02:49:01]   Round  19/50 | Avg: 0.7509 | Min: 0.7509 | Max: 0.7509
[2026-06-06 02:49:01]   Round  20/50 | Avg: 0.7512 | Min: 0.7512 | Max: 0.7512
[2026-06-06 02:49:01]   Round  21/50 | Avg: 0.7458 | Min: 0.7458 | Max: 0.7458
[2026-06-06 02:49:01]   Round  22/50 | Avg: 0.7548 | Min: 0.7548 | Max: 0.7548
[2026-06-06 02:49:01]   Round  23/50 | Avg: 0.7483 | Min: 0.7483 | Max: 0.7483
[2026-06-06 02:49:01]   Round  24/50 | Avg: 0.7525 | Min: 0.7525 | Max: 0.7525
[2026-06-06 02:49:01]   Round  25/50 | Avg: 0.7493 | Min: 0.7493 | Max: 0.7493
[2026-06-06 02:49:01]   Round  26/50 | Avg: 0.7568 | Min: 0.7568 | Max: 0.7568
[2026-06-06 02:49:01]   Round  27/50 | Avg: 0.7575 | Min: 0.7575 | Max: 0.7575
[2026-06-06 02:49:01]   Round  28/50 | Avg: 0.7535 | Min: 0.7535 | Max: 0.7535
[2026-06-06 02:49:01]   Round  29/50 | Avg: 0.7478 | Min: 0.7478 | Max: 0.7478
[2026-06-06 02:49:01]   Round  30/50 | Avg: 0.7550 | Min: 0.7550 | Max: 0.7550
[2026-06-06 02:49:01]   Round  31/50 | Avg: 0.7557 | Min: 0.7557 | Max: 0.7557
[2026-06-06 02:49:01]   Round  32/50 | Avg: 0.7547 | Min: 0.7547 | Max: 0.7547
[2026-06-06 02:49:01]   Round  33/50 | Avg: 0.7484 | Min: 0.7484 | Max: 0.7484
[2026-06-06 02:49:01]   Round  34/50 | Avg: 0.7528 | Min: 0.7528 | Max: 0.7528
[2026-06-06 02:49:01]   Round  35/50 | Avg: 0.7539 | Min: 0.7539 | Max: 0.7539
[2026-06-06 02:49:01]   Round  36/50 | Avg: 0.7458 | Min: 0.7458 | Max: 0.7458
[2026-06-06 02:49:01]   Round  37/50 | Avg: 0.7445 | Min: 0.7445 | Max: 0.7445
[2026-06-06 02:49:01]   Round  38/50 | Avg: 0.7638 | Min: 0.7638 | Max: 0.7638
[2026-06-06 02:49:01]   Round  39/50 | Avg: 0.7520 | Min: 0.7520 | Max: 0.7520
[2026-06-06 02:49:01]   Round  40/50 | Avg: 0.7559 | Min: 0.7559 | Max: 0.7559
[2026-06-06 02:49:01]   Round  41/50 | Avg: 0.7565 | Min: 0.7565 | Max: 0.7565
[2026-06-06 02:49:01]   Round  42/50 | Avg: 0.7473 | Min: 0.7473 | Max: 0.7473
[2026-06-06 02:49:01]   Round  43/50 | Avg: 0.7506 | Min: 0.7506 | Max: 0.7506
[2026-06-06 02:49:01]   Round  44/50 | Avg: 0.7525 | Min: 0.7525 | Max: 0.7525
[2026-06-06 02:49:01]   Round  45/50 | Avg: 0.7549 | Min: 0.7549 | Max: 0.7549
[2026-06-06 02:49:01]   Round  46/50 | Avg: 0.7543 | Min: 0.7543 | Max: 0.7543
[2026-06-06 02:49:01]   Round  47/50 | Avg: 0.7528 | Min: 0.7528 | Max: 0.7528
[2026-06-06 02:49:01]   Round  48/50 | Avg: 0.7518 | Min: 0.7518 | Max: 0.7518
[2026-06-06 02:49:01]   Round  49/50 | Avg: 0.7465 | Min: 0.7465 | Max: 0.7465
[2026-06-06 02:49:01]   Round  50/50 | Avg: 0.7512 | Min: 0.7512 | Max: 0.7512
[2026-06-06 02:49:01]   Central done.
[2026-06-06 02:49:01] 
[2026-06-06 02:49:01] [seed=123]  CENTRAL  dataset=cifar10  hetero=uniform
[2026-06-06 02:49:01] Loading CIFAR-10...
[2026-06-06 02:49:01]   -> 50000 train, 10000 test
[2026-06-06 02:49:01] Loading MNIST...
[2026-06-06 02:49:01]   -> 60000 train, 10000 test
[2026-06-06 02:49:01] 
[2026-06-06 02:49:01] =================================================================
[2026-06-06 02:49:01]   Central — IID
[2026-06-06 02:49:01] =================================================================
[2026-06-06 02:49:01]   Round   1/50 | Avg: 0.6649 | Min: 0.6649 | Max: 0.6649
[2026-06-06 02:49:01]   Round   2/50 | Avg: 0.6732 | Min: 0.6732 | Max: 0.6732
[2026-06-06 02:49:01]   Round   3/50 | Avg: 0.6768 | Min: 0.6768 | Max: 0.6768
[2026-06-06 02:49:01]   Round   4/50 | Avg: 0.6667 | Min: 0.6667 | Max: 0.6667
[2026-06-06 02:49:01]   Round   5/50 | Avg: 0.6765 | Min: 0.6765 | Max: 0.6765
[2026-06-06 02:49:01]   Round   6/50 | Avg: 0.6839 | Min: 0.6839 | Max: 0.6839
[2026-06-06 02:49:01]   Round   7/50 | Avg: 0.6726 | Min: 0.6726 | Max: 0.6726
[2026-06-06 02:49:01]   Round   8/50 | Avg: 0.6713 | Min: 0.6713 | Max: 0.6713
[2026-06-06 02:49:01]   Round   9/50 | Avg: 0.6850 | Min: 0.6850 | Max: 0.6850
[2026-06-06 02:49:01]   Round  10/50 | Avg: 0.6715 | Min: 0.6715 | Max: 0.6715
[2026-06-06 02:49:01]   Round  11/50 | Avg: 0.6703 | Min: 0.6703 | Max: 0.6703
[2026-06-06 02:49:01]   Round  12/50 | Avg: 0.6720 | Min: 0.6720 | Max: 0.6720
[2026-06-06 02:49:01]   Round  13/50 | Avg: 0.6666 | Min: 0.6666 | Max: 0.6666
[2026-06-06 02:49:01]   Round  14/50 | Avg: 0.6630 | Min: 0.6630 | Max: 0.6630
[2026-06-06 02:49:01]   Round  15/50 | Avg: 0.6808 | Min: 0.6808 | Max: 0.6808
[2026-06-06 02:49:01]   Round  16/50 | Avg: 0.6749 | Min: 0.6749 | Max: 0.6749
[2026-06-06 02:49:01]   Round  17/50 | Avg: 0.6761 | Min: 0.6761 | Max: 0.6761
[2026-06-06 02:49:01]   Round  18/50 | Avg: 0.6769 | Min: 0.6769 | Max: 0.6769
[2026-06-06 02:49:01]   Round  19/50 | Avg: 0.6755 | Min: 0.6755 | Max: 0.6755
[2026-06-06 02:49:01]   Round  20/50 | Avg: 0.6783 | Min: 0.6783 | Max: 0.6783
[2026-06-06 02:49:01]   Round  21/50 | Avg: 0.6682 | Min: 0.6682 | Max: 0.6682
[2026-06-06 02:49:01]   Round  22/50 | Avg: 0.6665 | Min: 0.6665 | Max: 0.6665
[2026-06-06 02:49:01]   Round  23/50 | Avg: 0.6795 | Min: 0.6795 | Max: 0.6795
[2026-06-06 02:49:01]   Round  24/50 | Avg: 0.6800 | Min: 0.6800 | Max: 0.6800
[2026-06-06 02:49:01]   Round  25/50 | Avg: 0.6777 | Min: 0.6777 | Max: 0.6777
[2026-06-06 02:49:01]   Round  26/50 | Avg: 0.6832 | Min: 0.6832 | Max: 0.6832
[2026-06-06 02:49:01]   Round  27/50 | Avg: 0.6821 | Min: 0.6821 | Max: 0.6821
[2026-06-06 02:49:01]   Round  28/50 | Avg: 0.6850 | Min: 0.6850 | Max: 0.6850
[2026-06-06 02:49:01]   Round  29/50 | Avg: 0.6803 | Min: 0.6803 | Max: 0.6803
[2026-06-06 02:49:01]   Round  30/50 | Avg: 0.6756 | Min: 0.6756 | Max: 0.6756
[2026-06-06 02:49:01]   Round  31/50 | Avg: 0.6754 | Min: 0.6754 | Max: 0.6754
[2026-06-06 02:49:01]   Round  32/50 | Avg: 0.6745 | Min: 0.6745 | Max: 0.6745
[2026-06-06 02:49:01]   Round  33/50 | Avg: 0.6783 | Min: 0.6783 | Max: 0.6783
[2026-06-06 02:49:01]   Round  34/50 | Avg: 0.6796 | Min: 0.6796 | Max: 0.6796
[2026-06-06 02:49:01]   Round  35/50 | Avg: 0.6783 | Min: 0.6783 | Max: 0.6783
[2026-06-06 02:49:01]   Round  36/50 | Avg: 0.6776 | Min: 0.6776 | Max: 0.6776
[2026-06-06 02:49:01]   Round  37/50 | Avg: 0.6800 | Min: 0.6800 | Max: 0.6800
[2026-06-06 02:49:01]   Round  38/50 | Avg: 0.6743 | Min: 0.6743 | Max: 0.6743
[2026-06-06 02:49:01]   Round  39/50 | Avg: 0.6748 | Min: 0.6748 | Max: 0.6748
[2026-06-06 02:49:01]   Round  40/50 | Avg: 0.6684 | Min: 0.6684 | Max: 0.6684
[2026-06-06 02:49:01]   Round  41/50 | Avg: 0.6712 | Min: 0.6712 | Max: 0.6712
[2026-06-06 02:49:01]   Round  42/50 | Avg: 0.6731 | Min: 0.6731 | Max: 0.6731
[2026-06-06 02:49:01]   Round  43/50 | Avg: 0.6797 | Min: 0.6797 | Max: 0.6797
[2026-06-06 02:49:01]   Round  44/50 | Avg: 0.6772 | Min: 0.6772 | Max: 0.6772
[2026-06-06 02:49:01]   Round  45/50 | Avg: 0.6680 | Min: 0.6680 | Max: 0.6680
[2026-06-06 02:49:01]   Round  46/50 | Avg: 0.6785 | Min: 0.6785 | Max: 0.6785
[2026-06-06 02:49:01]   Round  47/50 | Avg: 0.6834 | Min: 0.6834 | Max: 0.6834
[2026-06-06 02:49:01]   Round  48/50 | Avg: 0.6754 | Min: 0.6754 | Max: 0.6754
[2026-06-06 02:49:01]   Round  49/50 | Avg: 0.6831 | Min: 0.6831 | Max: 0.6831
[2026-06-06 02:49:01]   Round  50/50 | Avg: 0.6760 | Min: 0.6760 | Max: 0.6760
[2026-06-06 02:49:01]   Central done.
[2026-06-06 02:49:01] 
[2026-06-06 02:49:01] =================================================================
[2026-06-06 02:49:01]   Central — NONIID
[2026-06-06 02:49:01] =================================================================
[2026-06-06 02:49:01]   Round   1/50 | Avg: 0.7397 | Min: 0.7397 | Max: 0.7397
[2026-06-06 02:49:01]   Round   2/50 | Avg: 0.7488 | Min: 0.7488 | Max: 0.7488
[2026-06-06 02:49:01]   Round   3/50 | Avg: 0.7594 | Min: 0.7594 | Max: 0.7594
[2026-06-06 02:49:01]   Round   4/50 | Avg: 0.7574 | Min: 0.7574 | Max: 0.7574
[2026-06-06 02:49:01]   Round   5/50 | Avg: 0.7511 | Min: 0.7511 | Max: 0.7511
[2026-06-06 02:49:01]   Round   6/50 | Avg: 0.7565 | Min: 0.7565 | Max: 0.7565
[2026-06-06 02:49:01]   Round   7/50 | Avg: 0.7527 | Min: 0.7527 | Max: 0.7527
[2026-06-06 02:49:01]   Round   8/50 | Avg: 0.7551 | Min: 0.7551 | Max: 0.7551
[2026-06-06 02:49:01]   Round   9/50 | Avg: 0.7489 | Min: 0.7489 | Max: 0.7489
[2026-06-06 02:49:01]   Round  10/50 | Avg: 0.7577 | Min: 0.7577 | Max: 0.7577
[2026-06-06 02:49:01]   Round  11/50 | Avg: 0.7420 | Min: 0.7420 | Max: 0.7420
[2026-06-06 02:49:01]   Round  12/50 | Avg: 0.7604 | Min: 0.7604 | Max: 0.7604
[2026-06-06 02:49:01]   Round  13/50 | Avg: 0.7534 | Min: 0.7534 | Max: 0.7534
[2026-06-06 02:49:01]   Round  14/50 | Avg: 0.7505 | Min: 0.7505 | Max: 0.7505
[2026-06-06 02:49:01]   Round  15/50 | Avg: 0.7521 | Min: 0.7521 | Max: 0.7521
[2026-06-06 02:49:01]   Round  16/50 | Avg: 0.7543 | Min: 0.7543 | Max: 0.7543
[2026-06-06 02:49:01]   Round  17/50 | Avg: 0.7544 | Min: 0.7544 | Max: 0.7544
[2026-06-06 02:49:01]   Round  18/50 | Avg: 0.7585 | Min: 0.7585 | Max: 0.7585
[2026-06-06 02:49:01]   Round  19/50 | Avg: 0.7590 | Min: 0.7590 | Max: 0.7590
[2026-06-06 02:49:01]   Round  20/50 | Avg: 0.7627 | Min: 0.7627 | Max: 0.7627
[2026-06-06 02:49:01]   Round  21/50 | Avg: 0.7621 | Min: 0.7621 | Max: 0.7621
[2026-06-06 02:49:01]   Round  22/50 | Avg: 0.7574 | Min: 0.7574 | Max: 0.7574
[2026-06-06 02:49:01]   Round  23/50 | Avg: 0.7597 | Min: 0.7597 | Max: 0.7597
[2026-06-06 02:49:01]   Round  24/50 | Avg: 0.7578 | Min: 0.7578 | Max: 0.7578
[2026-06-06 02:49:01]   Round  25/50 | Avg: 0.7610 | Min: 0.7610 | Max: 0.7610
[2026-06-06 02:49:01]   Round  26/50 | Avg: 0.7540 | Min: 0.7540 | Max: 0.7540
[2026-06-06 02:49:01]   Round  27/50 | Avg: 0.7535 | Min: 0.7535 | Max: 0.7535
[2026-06-06 02:49:01]   Round  28/50 | Avg: 0.7602 | Min: 0.7602 | Max: 0.7602
[2026-06-06 02:49:01]   Round  29/50 | Avg: 0.7567 | Min: 0.7567 | Max: 0.7567
[2026-06-06 02:49:01]   Round  30/50 | Avg: 0.7571 | Min: 0.7571 | Max: 0.7571
[2026-06-06 02:49:01]   Round  31/50 | Avg: 0.7578 | Min: 0.7578 | Max: 0.7578
[2026-06-06 02:49:01]   Round  32/50 | Avg: 0.7613 | Min: 0.7613 | Max: 0.7613
[2026-06-06 02:49:01]   Round  33/50 | Avg: 0.7616 | Min: 0.7616 | Max: 0.7616
[2026-06-06 02:49:01]   Round  34/50 | Avg: 0.7600 | Min: 0.7600 | Max: 0.7600
[2026-06-06 02:49:01]   Round  35/50 | Avg: 0.7596 | Min: 0.7596 | Max: 0.7596
[2026-06-06 02:49:01]   Round  36/50 | Avg: 0.7579 | Min: 0.7579 | Max: 0.7579
[2026-06-06 02:49:01]   Round  37/50 | Avg: 0.7625 | Min: 0.7625 | Max: 0.7625
[2026-06-06 02:49:01]   Round  38/50 | Avg: 0.7583 | Min: 0.7583 | Max: 0.7583
[2026-06-06 02:49:01]   Round  39/50 | Avg: 0.7562 | Min: 0.7562 | Max: 0.7562
[2026-06-06 02:49:01]   Round  40/50 | Avg: 0.7644 | Min: 0.7644 | Max: 0.7644
[2026-06-06 02:49:01]   Round  41/50 | Avg: 0.7578 | Min: 0.7578 | Max: 0.7578
[2026-06-06 02:49:01]   Round  42/50 | Avg: 0.7718 | Min: 0.7718 | Max: 0.7718
[2026-06-06 02:49:01]   Round  43/50 | Avg: 0.7586 | Min: 0.7586 | Max: 0.7586
[2026-06-06 02:49:01]   Round  44/50 | Avg: 0.7567 | Min: 0.7567 | Max: 0.7567
[2026-06-06 02:49:01]   Round  45/50 | Avg: 0.7629 | Min: 0.7629 | Max: 0.7629
[2026-06-06 02:49:01]   Round  46/50 | Avg: 0.7652 | Min: 0.7652 | Max: 0.7652
[2026-06-06 02:49:01]   Round  47/50 | Avg: 0.7620 | Min: 0.7620 | Max: 0.7620
[2026-06-06 02:49:01]   Round  48/50 | Avg: 0.7506 | Min: 0.7506 | Max: 0.7506
[2026-06-06 02:49:01]   Round  49/50 | Avg: 0.7413 | Min: 0.7413 | Max: 0.7413
[2026-06-06 02:49:01]   Round  50/50 | Avg: 0.7480 | Min: 0.7480 | Max: 0.7480
[2026-06-06 02:49:01]   Central done.
[2026-06-06 02:49:01] 
[2026-06-06 02:49:01] [seed=456]  CENTRAL  dataset=cifar10  hetero=uniform
[2026-06-06 02:49:01] Loading CIFAR-10...
[2026-06-06 02:49:01]   -> 50000 train, 10000 test
[2026-06-06 02:49:01] Loading MNIST...
[2026-06-06 02:49:01]   -> 60000 train, 10000 test
[2026-06-06 02:49:01] 
[2026-06-06 02:49:01] =================================================================
[2026-06-06 02:49:01]   Central — IID
[2026-06-06 02:49:01] =================================================================
[2026-06-06 02:49:01]   Round   1/50 | Avg: 0.6585 | Min: 0.6585 | Max: 0.6585
[2026-06-06 02:49:01]   Round   2/50 | Avg: 0.6678 | Min: 0.6678 | Max: 0.6678
[2026-06-06 02:49:01]   Round   3/50 | Avg: 0.6641 | Min: 0.6641 | Max: 0.6641
[2026-06-06 02:49:01]   Round   4/50 | Avg: 0.6537 | Min: 0.6537 | Max: 0.6537
[2026-06-06 02:49:01]   Round   5/50 | Avg: 0.6594 | Min: 0.6594 | Max: 0.6594
[2026-06-06 02:49:01]   Round   6/50 | Avg: 0.6631 | Min: 0.6631 | Max: 0.6631
[2026-06-06 02:49:01]   Round   7/50 | Avg: 0.6671 | Min: 0.6671 | Max: 0.6671
[2026-06-06 02:49:01]   Round   8/50 | Avg: 0.6570 | Min: 0.6570 | Max: 0.6570
[2026-06-06 02:49:01]   Round   9/50 | Avg: 0.6651 | Min: 0.6651 | Max: 0.6651
[2026-06-06 02:49:01]   Round  10/50 | Avg: 0.6717 | Min: 0.6717 | Max: 0.6717
[2026-06-06 02:49:01]   Round  11/50 | Avg: 0.6710 | Min: 0.6710 | Max: 0.6710
[2026-06-06 02:49:01]   Round  12/50 | Avg: 0.6720 | Min: 0.6720 | Max: 0.6720
[2026-06-06 02:49:01]   Round  13/50 | Avg: 0.6651 | Min: 0.6651 | Max: 0.6651
[2026-06-06 02:49:01]   Round  14/50 | Avg: 0.6699 | Min: 0.6699 | Max: 0.6699
[2026-06-06 02:49:01]   Round  15/50 | Avg: 0.6616 | Min: 0.6616 | Max: 0.6616
[2026-06-06 02:49:01]   Round  16/50 | Avg: 0.6608 | Min: 0.6608 | Max: 0.6608
[2026-06-06 02:49:01]   Round  17/50 | Avg: 0.6526 | Min: 0.6526 | Max: 0.6526
[2026-06-06 02:49:01]   Round  18/50 | Avg: 0.6688 | Min: 0.6688 | Max: 0.6688
[2026-06-06 02:49:01]   Round  19/50 | Avg: 0.6785 | Min: 0.6785 | Max: 0.6785
[2026-06-06 02:49:01]   Round  20/50 | Avg: 0.6711 | Min: 0.6711 | Max: 0.6711
[2026-06-06 02:49:01]   Round  21/50 | Avg: 0.6728 | Min: 0.6728 | Max: 0.6728
[2026-06-06 02:49:01]   Round  22/50 | Avg: 0.6630 | Min: 0.6630 | Max: 0.6630
[2026-06-06 02:49:01]   Round  23/50 | Avg: 0.6684 | Min: 0.6684 | Max: 0.6684
[2026-06-06 02:49:01]   Round  24/50 | Avg: 0.6617 | Min: 0.6617 | Max: 0.6617
[2026-06-06 02:49:01]   Round  25/50 | Avg: 0.6707 | Min: 0.6707 | Max: 0.6707
[2026-06-06 02:49:01]   Round  26/50 | Avg: 0.6628 | Min: 0.6628 | Max: 0.6628
[2026-06-06 02:49:01]   Round  27/50 | Avg: 0.6573 | Min: 0.6573 | Max: 0.6573
[2026-06-06 02:49:01]   Round  28/50 | Avg: 0.6701 | Min: 0.6701 | Max: 0.6701
[2026-06-06 02:49:01]   Round  29/50 | Avg: 0.6595 | Min: 0.6595 | Max: 0.6595
[2026-06-06 02:49:01]   Round  30/50 | Avg: 0.6661 | Min: 0.6661 | Max: 0.6661
[2026-06-06 02:49:01]   Round  31/50 | Avg: 0.6681 | Min: 0.6681 | Max: 0.6681
[2026-06-06 02:49:01]   Round  32/50 | Avg: 0.6588 | Min: 0.6588 | Max: 0.6588
[2026-06-06 02:49:01]   Round  33/50 | Avg: 0.6601 | Min: 0.6601 | Max: 0.6601
[2026-06-06 02:49:01]   Round  34/50 | Avg: 0.6754 | Min: 0.6754 | Max: 0.6754
[2026-06-06 02:49:01]   Round  35/50 | Avg: 0.6551 | Min: 0.6551 | Max: 0.6551
[2026-06-06 02:49:01]   Round  36/50 | Avg: 0.6710 | Min: 0.6710 | Max: 0.6710
[2026-06-06 02:49:01]   Round  37/50 | Avg: 0.6688 | Min: 0.6688 | Max: 0.6688
[2026-06-06 02:49:01]   Round  38/50 | Avg: 0.6604 | Min: 0.6604 | Max: 0.6604
[2026-06-06 02:49:01]   Round  39/50 | Avg: 0.6569 | Min: 0.6569 | Max: 0.6569
[2026-06-06 02:49:01]   Round  40/50 | Avg: 0.6658 | Min: 0.6658 | Max: 0.6658
[2026-06-06 02:49:01]   Round  41/50 | Avg: 0.6774 | Min: 0.6774 | Max: 0.6774
[2026-06-06 02:49:01]   Round  42/50 | Avg: 0.6703 | Min: 0.6703 | Max: 0.6703
[2026-06-06 02:49:01]   Round  43/50 | Avg: 0.6686 | Min: 0.6686 | Max: 0.6686
[2026-06-06 02:49:01]   Round  44/50 | Avg: 0.6754 | Min: 0.6754 | Max: 0.6754
[2026-06-06 02:49:01]   Round  45/50 | Avg: 0.6649 | Min: 0.6649 | Max: 0.6649
[2026-06-06 02:49:01]   Round  46/50 | Avg: 0.6630 | Min: 0.6630 | Max: 0.6630
[2026-06-06 02:49:01]   Round  47/50 | Avg: 0.6627 | Min: 0.6627 | Max: 0.6627
[2026-06-06 02:49:01]   Round  48/50 | Avg: 0.6726 | Min: 0.6726 | Max: 0.6726
[2026-06-06 02:49:01]   Round  49/50 | Avg: 0.6715 | Min: 0.6715 | Max: 0.6715
[2026-06-06 02:49:01]   Round  50/50 | Avg: 0.6708 | Min: 0.6708 | Max: 0.6708
[2026-06-06 02:49:01]   Central done.
[2026-06-06 02:49:01] 
[2026-06-06 02:49:01] =================================================================
[2026-06-06 02:49:01]   Central — NONIID
[2026-06-06 02:49:01] =================================================================
[2026-06-06 02:49:01]   Round   1/50 | Avg: 0.7260 | Min: 0.7260 | Max: 0.7260
[2026-06-06 02:49:01]   Round   2/50 | Avg: 0.7365 | Min: 0.7365 | Max: 0.7365
[2026-06-06 02:49:01]   Round   3/50 | Avg: 0.7488 | Min: 0.7488 | Max: 0.7488
[2026-06-06 02:49:01]   Round   4/50 | Avg: 0.7413 | Min: 0.7413 | Max: 0.7413
[2026-06-06 02:49:01]   Round   5/50 | Avg: 0.7566 | Min: 0.7566 | Max: 0.7566
[2026-06-06 02:49:01]   Round   6/50 | Avg: 0.7453 | Min: 0.7453 | Max: 0.7453
[2026-06-06 02:49:01]   Round   7/50 | Avg: 0.7539 | Min: 0.7539 | Max: 0.7539
[2026-06-06 02:49:01]   Round   8/50 | Avg: 0.7481 | Min: 0.7481 | Max: 0.7481
[2026-06-06 02:49:01]   Round   9/50 | Avg: 0.7537 | Min: 0.7537 | Max: 0.7537
[2026-06-06 02:49:01]   Round  10/50 | Avg: 0.7566 | Min: 0.7566 | Max: 0.7566
[2026-06-06 02:49:01]   Round  11/50 | Avg: 0.7534 | Min: 0.7534 | Max: 0.7534
[2026-06-06 02:49:01]   Round  12/50 | Avg: 0.7465 | Min: 0.7465 | Max: 0.7465
[2026-06-06 02:49:01]   Round  13/50 | Avg: 0.7503 | Min: 0.7503 | Max: 0.7503
[2026-06-06 02:49:01]   Round  14/50 | Avg: 0.7553 | Min: 0.7553 | Max: 0.7553
[2026-06-06 02:49:01]   Round  15/50 | Avg: 0.7378 | Min: 0.7378 | Max: 0.7378
[2026-06-06 02:49:01]   Round  16/50 | Avg: 0.7531 | Min: 0.7531 | Max: 0.7531
[2026-06-06 02:49:01]   Round  17/50 | Avg: 0.7492 | Min: 0.7492 | Max: 0.7492
[2026-06-06 02:49:01]   Round  18/50 | Avg: 0.7511 | Min: 0.7511 | Max: 0.7511
[2026-06-06 02:49:01]   Round  19/50 | Avg: 0.7531 | Min: 0.7531 | Max: 0.7531
[2026-06-06 02:49:01]   Round  20/50 | Avg: 0.7545 | Min: 0.7545 | Max: 0.7545
[2026-06-06 02:49:01]   Round  21/50 | Avg: 0.7468 | Min: 0.7468 | Max: 0.7468
[2026-06-06 02:49:01]   Round  22/50 | Avg: 0.7458 | Min: 0.7458 | Max: 0.7458
[2026-06-06 02:49:01]   Round  23/50 | Avg: 0.7527 | Min: 0.7527 | Max: 0.7527
[2026-06-06 02:49:01]   Round  24/50 | Avg: 0.7582 | Min: 0.7582 | Max: 0.7582
[2026-06-06 02:49:01]   Round  25/50 | Avg: 0.7544 | Min: 0.7544 | Max: 0.7544
[2026-06-06 02:49:01]   Round  26/50 | Avg: 0.7448 | Min: 0.7448 | Max: 0.7448
[2026-06-06 02:49:01]   Round  27/50 | Avg: 0.7430 | Min: 0.7430 | Max: 0.7430
[2026-06-06 02:49:01]   Round  28/50 | Avg: 0.7525 | Min: 0.7525 | Max: 0.7525
[2026-06-06 02:49:01]   Round  29/50 | Avg: 0.7550 | Min: 0.7550 | Max: 0.7550
[2026-06-06 02:49:01]   Round  30/50 | Avg: 0.7587 | Min: 0.7587 | Max: 0.7587
[2026-06-06 02:49:01]   Round  31/50 | Avg: 0.7488 | Min: 0.7488 | Max: 0.7488
[2026-06-06 02:49:01]   Round  32/50 | Avg: 0.7402 | Min: 0.7402 | Max: 0.7402
[2026-06-06 02:49:01]   Round  33/50 | Avg: 0.7422 | Min: 0.7422 | Max: 0.7422
[2026-06-06 02:49:01]   Round  34/50 | Avg: 0.7496 | Min: 0.7496 | Max: 0.7496
[2026-06-06 02:49:01]   Round  35/50 | Avg: 0.7497 | Min: 0.7497 | Max: 0.7497
[2026-06-06 02:49:01]   Round  36/50 | Avg: 0.7499 | Min: 0.7499 | Max: 0.7499
[2026-06-06 02:49:01]   Round  37/50 | Avg: 0.7422 | Min: 0.7422 | Max: 0.7422
[2026-06-06 02:49:01]   Round  38/50 | Avg: 0.7533 | Min: 0.7533 | Max: 0.7533
[2026-06-06 02:49:01]   Round  39/50 | Avg: 0.7453 | Min: 0.7453 | Max: 0.7453
[2026-06-06 02:49:01]   Round  40/50 | Avg: 0.7554 | Min: 0.7554 | Max: 0.7554
[2026-06-06 02:49:01]   Round  41/50 | Avg: 0.7538 | Min: 0.7538 | Max: 0.7538
[2026-06-06 02:49:01]   Round  42/50 | Avg: 0.7402 | Min: 0.7402 | Max: 0.7402
[2026-06-06 02:49:01]   Round  43/50 | Avg: 0.7508 | Min: 0.7508 | Max: 0.7508
[2026-06-06 02:49:01]   Round  44/50 | Avg: 0.7510 | Min: 0.7510 | Max: 0.7510
[2026-06-06 02:49:01]   Round  45/50 | Avg: 0.7507 | Min: 0.7507 | Max: 0.7507
[2026-06-06 02:49:01]   Round  46/50 | Avg: 0.7494 | Min: 0.7494 | Max: 0.7494
[2026-06-06 02:49:01]   Round  47/50 | Avg: 0.7469 | Min: 0.7469 | Max: 0.7469
[2026-06-06 02:49:01]   Round  48/50 | Avg: 0.7618 | Min: 0.7618 | Max: 0.7618
[2026-06-06 02:49:01]   Round  49/50 | Avg: 0.7494 | Min: 0.7494 | Max: 0.7494
[2026-06-06 02:49:01]   Round  50/50 | Avg: 0.7485 | Min: 0.7485 | Max: 0.7485
[2026-06-06 02:49:01]   Central done.
[2026-06-06 02:49:01]   Saved final_ci_cifar10_uniform.png
[2026-06-06 02:49:01]   Saved per_client_cifar10_uniform.png
[2026-06-06 02:49:01] 
[2026-06-06 02:49:01] =================================================================
[2026-06-06 02:49:01]   All experiments complete.
[2026-06-06 02:49:01]   Results  ->  /home/gad/Desktop/HomeSenseKD/results/phase1
[2026-06-06 02:49:01]   Figures  ->  /home/gad/Desktop/HomeSenseKD/results/phase1/figures
[2026-06-06 02:49:01] =================================================================
[2026-06-06 02:49:01] ============================================================
[2026-06-06 02:49:01]   JOB DONE    : cifar10_central_uniform  (exit 0)
[2026-06-06 02:49:01]   Full log    : /home/gad/Desktop/HomeSenseKD/logs/phase1/cifar10_central_uniform.log
[2026-06-06 02:49:01] ============================================================
