[2026-05-28 15:21:24] ============================================================
[2026-05-28 15:21:24]   JOB START   : home_occupancy_mks_uniform
[2026-05-28 15:21:24]   PID         : 34155
[2026-05-28 15:21:24]   Log         : /home/gad/Desktop/HomeSenseKD/logs/phase1/home_occupancy_mks_uniform.log
[2026-05-28 15:21:24]   Results dir : /home/gad/Desktop/HomeSenseKD/results/phase1
[2026-05-28 15:21:24]   Fig dir     : /home/gad/Desktop/HomeSenseKD/results/phase1/figures
[2026-05-28 15:21:24]   Cmd         : /home/gad/Desktop/HomeSenseKD/myenv/bin/python /home/gad/Desktop/HomeSenseKD/run_fedkd.py \
[2026-05-28 15:21:24]                   --config /home/gad/Desktop/HomeSenseKD/config/home_occupancy.yaml \
[2026-05-28 15:21:24]                   --algorithm mks --heterogeneity uniform \
[2026-05-28 15:21:24]                   --override experiment.results_dir=/home/gad/Desktop/HomeSenseKD/results/phase1 \
[2026-05-28 15:21:24]                              experiment.fig_dir=/home/gad/Desktop/HomeSenseKD/results/phase1/figures
[2026-05-28 15:21:24] ============================================================
[2026-05-29 20:07:18] WARNING: All log messages before absl::InitializeLog() is called are written to STDERR
[2026-05-29 20:07:18] I0000 00:00:1779996084.829434   34190 port.cc:153] oneDNN custom operations are on. You may see slightly different numerical results due to floating-point round-off errors from different computation orders. To turn them off, set the environment variable `TF_ENABLE_ONEDNN_OPTS=0`.
[2026-05-29 20:07:18] I0000 00:00:1779996084.832065   34190 cudart_stub.cc:31] Could not find cuda drivers on your machine, GPU will not be used.
[2026-05-29 20:07:18] I0000 00:00:1779996085.051627   34190 cpu_feature_guard.cc:227] This TensorFlow binary is optimized to use available CPU instructions in performance-critical operations.
[2026-05-29 20:07:18] To enable the following instructions: AVX2 AVX_VNNI FMA, in other operations, rebuild TensorFlow with the appropriate compiler flags.
[2026-05-29 20:07:18] WARNING: All log messages before absl::InitializeLog() is called are written to STDERR
[2026-05-29 20:07:18] I0000 00:00:1779996086.059557   34190 port.cc:153] oneDNN custom operations are on. You may see slightly different numerical results due to floating-point round-off errors from different computation orders. To turn them off, set the environment variable `TF_ENABLE_ONEDNN_OPTS=0`.
[2026-05-29 20:07:18] I0000 00:00:1779996086.061059   34190 cudart_stub.cc:31] Could not find cuda drivers on your machine, GPU will not be used.
[2026-05-29 20:07:18] Warning: You are sending unauthenticated requests to the HF Hub. Please set a HF_TOKEN to enable higher rate limits and faster downloads.
[2026-05-29 20:07:18] E0000 00:00:1779996185.869843   34190 cuda_platform.cc:52] failed call to cuInit: INTERNAL: CUDA error: Failed call to cuInit: CUDA_ERROR_NO_DEVICE: no CUDA-capable device is detected
[2026-05-29 20:07:18] ============================================================
[2026-05-29 20:07:18]   JOB FAILED  : home_occupancy_mks_uniform  (exit 137)
[2026-05-29 20:07:18]   Full log    : /home/gad/Desktop/HomeSenseKD/logs/phase1/home_occupancy_mks_uniform.log
[2026-05-29 20:07:18] ============================================================
