[2026-05-29 20:07:18] ============================================================
[2026-05-29 20:07:18]   JOB START   : home_har_fedavg_uniform
[2026-05-29 20:07:18]   PID         : 3477594
[2026-05-29 20:07:18]   Log         : /home/gad/Desktop/HomeSenseKD/logs/phase1/home_har_fedavg_uniform.log
[2026-05-29 20:07:18]   Results dir : /home/gad/Desktop/HomeSenseKD/results/phase1
[2026-05-29 20:07:18]   Fig dir     : /home/gad/Desktop/HomeSenseKD/results/phase1/figures
[2026-05-29 20:07:18]   Cmd         : /home/gad/Desktop/HomeSenseKD/myenv/bin/python /home/gad/Desktop/HomeSenseKD/run_fedkd.py \
[2026-05-29 20:07:18]                   --config /home/gad/Desktop/HomeSenseKD/config/home_har.yaml \
[2026-05-29 20:07:18]                   --algorithm fedavg --heterogeneity uniform \
[2026-05-29 20:07:18]                   --override experiment.results_dir=/home/gad/Desktop/HomeSenseKD/results/phase1 \
[2026-05-29 20:07:18]                              experiment.fig_dir=/home/gad/Desktop/HomeSenseKD/results/phase1/figures
[2026-05-29 20:07:18] ============================================================
[2026-05-30 07:23:39] WARNING: All log messages before absl::InitializeLog() is called are written to STDERR
[2026-05-30 07:23:39] I0000 00:00:1780099642.276625 3477600 port.cc:153] oneDNN custom operations are on. You may see slightly different numerical results due to floating-point round-off errors from different computation orders. To turn them off, set the environment variable `TF_ENABLE_ONEDNN_OPTS=0`.
[2026-05-30 07:23:39] I0000 00:00:1780099642.282245 3477600 cudart_stub.cc:31] Could not find cuda drivers on your machine, GPU will not be used.
[2026-05-30 07:23:39] I0000 00:00:1780099642.875005 3477600 cpu_feature_guard.cc:227] This TensorFlow binary is optimized to use available CPU instructions in performance-critical operations.
[2026-05-30 07:23:39] To enable the following instructions: AVX2 AVX_VNNI FMA, in other operations, rebuild TensorFlow with the appropriate compiler flags.
[2026-05-30 07:23:39] WARNING: All log messages before absl::InitializeLog() is called are written to STDERR
[2026-05-30 07:23:39] I0000 00:00:1780099648.530809 3477600 port.cc:153] oneDNN custom operations are on. You may see slightly different numerical results due to floating-point round-off errors from different computation orders. To turn them off, set the environment variable `TF_ENABLE_ONEDNN_OPTS=0`.
[2026-05-30 07:23:39] I0000 00:00:1780099648.537393 3477600 cudart_stub.cc:31] Could not find cuda drivers on your machine, GPU will not be used.
[2026-05-30 07:23:39] Warning: You are sending unauthenticated requests to the HF Hub. Please set a HF_TOKEN to enable higher rate limits and faster downloads.
[2026-05-30 07:23:39] E0000 00:00:1780099959.373446 3477600 cuda_platform.cc:52] failed call to cuInit: INTERNAL: CUDA error: Failed call to cuInit: CUDA_ERROR_NO_DEVICE: no CUDA-capable device is detected
[2026-05-30 07:23:39]   Saved tiers_home_har_uniform.png
[2026-05-30 07:23:39] =================================================================
[2026-05-30 07:23:39]   Dataset    : home_har  (public: home_occupancy)
[2026-05-30 07:23:39]   Algorithms : ['fedavg']
[2026-05-30 07:23:39]   Heterogen. : uniform  ->  ['small', 'small', 'small', 'small', 'small', 'small']...
[2026-05-30 07:23:39]   Seeds      : [42, 123, 456]
[2026-05-30 07:23:39]   Settings   : ['iid', 'noniid']
[2026-05-30 07:23:39] =================================================================
[2026-05-30 07:23:39] 
[2026-05-30 07:23:39] [seed=42]  FEDAVG  dataset=home_har  hetero=uniform
[2026-05-30 07:23:39] Loading HomeHAR...
[2026-05-30 07:23:39]   data1/drink.csv: 210
[2026-05-30 07:23:39]   data1/eat.csv: 198
[2026-05-30 07:23:39]   data1/empty.csv: 190
[2026-05-30 07:23:39]   data1/sleep.csv: 199
[2026-05-30 07:23:39]   data1/smoke.csv: 198
[2026-05-30 07:23:39]   data1/watch.csv: 190
[2026-05-30 07:23:39]   data1/work.csv: 190
[2026-05-30 07:23:39]   -> 1375 public
[2026-05-30 07:23:39] Loading HomeOccupancy...
[2026-05-30 07:23:39]   empty_1: 192
[2026-05-30 07:23:39]   empty_2: 183
[2026-05-30 07:23:39]   empty_3 test: 181
[2026-05-30 07:23:39]   sleep_1: 191
[2026-05-30 07:23:39]   sleep_2: 189
[2026-05-30 07:23:39]   sleep_3 test: 181
[2026-05-30 07:23:39]   work_1: 118
[2026-05-30 07:23:39]   work_2: 175
[2026-05-30 07:23:39]   work_3 test: 193
[2026-05-30 07:23:39]   -> 1048 train, 555 test
[2026-05-30 07:23:39] 
[2026-05-30 07:23:39] =================================================================
[2026-05-30 07:23:39]   FEDAVG — IID
[2026-05-30 07:23:39] =================================================================
[2026-05-30 07:23:39]   Round   1/50 | Avg: 0.2991 | Min: 0.1127 | Max: 0.3091
[2026-05-30 07:23:39]   Round   2/50 | Avg: 0.3091 | Min: 0.3091 | Max: 0.3091
[2026-05-30 07:23:39]   Round   3/50 | Avg: 0.3091 | Min: 0.3091 | Max: 0.3091
[2026-05-30 07:23:39]   Round   4/50 | Avg: 0.3091 | Min: 0.3091 | Max: 0.3091
[2026-05-30 07:23:39]   Round   5/50 | Avg: 0.2511 | Min: 0.0000 | Max: 0.3091
[2026-05-30 07:23:39]   Round   6/50 | Avg: 0.3005 | Min: 0.2400 | Max: 0.3091
[2026-05-30 07:23:39]   Round   7/50 | Avg: 0.2955 | Min: 0.1818 | Max: 0.3091
[2026-05-30 07:23:39]   Round   8/50 | Avg: 0.3085 | Min: 0.3018 | Max: 0.3091
[2026-05-30 07:23:39]   Round   9/50 | Avg: 0.3045 | Min: 0.2618 | Max: 0.3091
[2026-05-30 07:23:39]   Round  10/50 | Avg: 0.3078 | Min: 0.3018 | Max: 0.3091
[2026-05-30 07:23:39]   Round  11/50 | Avg: 0.3067 | Min: 0.2800 | Max: 0.3091
[2026-05-30 07:23:39]   Round  12/50 | Avg: 0.3082 | Min: 0.3018 | Max: 0.3091
[2026-05-30 07:23:39]   Round  13/50 | Avg: 0.3085 | Min: 0.2982 | Max: 0.3091
[2026-05-30 07:23:39]   Round  14/50 | Avg: 0.3082 | Min: 0.3018 | Max: 0.3091
[2026-05-30 07:23:39]   Round  15/50 | Avg: 0.3080 | Min: 0.3018 | Max: 0.3091
[2026-05-30 07:23:39]   Round  16/50 | Avg: 0.3089 | Min: 0.3055 | Max: 0.3091
[2026-05-30 07:23:39]   Round  17/50 | Avg: 0.3089 | Min: 0.3055 | Max: 0.3091
[2026-05-30 07:23:39]   Round  18/50 | Avg: 0.3087 | Min: 0.3055 | Max: 0.3091
[2026-05-30 07:23:39]   Round  19/50 | Avg: 0.3087 | Min: 0.3018 | Max: 0.3091
[2026-05-30 07:23:39]   Round  20/50 | Avg: 0.3082 | Min: 0.2982 | Max: 0.3091
[2026-05-30 07:23:39]   Round  21/50 | Avg: 0.3089 | Min: 0.3055 | Max: 0.3091
[2026-05-30 07:23:39]   Round  22/50 | Avg: 0.3091 | Min: 0.3091 | Max: 0.3091
[2026-05-30 07:23:39]   Round  23/50 | Avg: 0.3071 | Min: 0.2764 | Max: 0.3091
[2026-05-30 07:23:39]   Round  24/50 | Avg: 0.3084 | Min: 0.3018 | Max: 0.3091
[2026-05-30 07:23:39]   Round  25/50 | Avg: 0.3076 | Min: 0.2909 | Max: 0.3091
[2026-05-30 07:23:39]   Round  26/50 | Avg: 0.2996 | Min: 0.1345 | Max: 0.3091
[2026-05-30 07:23:39]   Round  27/50 | Avg: 0.3082 | Min: 0.2945 | Max: 0.3091
[2026-05-30 07:23:39]   Round  28/50 | Avg: 0.3080 | Min: 0.2909 | Max: 0.3091
[2026-05-30 07:23:39]   Round  29/50 | Avg: 0.3080 | Min: 0.2982 | Max: 0.3091
[2026-05-30 07:23:39]   Round  30/50 | Avg: 0.3087 | Min: 0.3055 | Max: 0.3091
[2026-05-30 07:23:39]   Round  31/50 | Avg: 0.3091 | Min: 0.3091 | Max: 0.3091
[2026-05-30 07:23:39]   Round  32/50 | Avg: 0.3089 | Min: 0.3055 | Max: 0.3091
[2026-05-30 07:23:39]   Round  33/50 | Avg: 0.3033 | Min: 0.2436 | Max: 0.3091
[2026-05-30 07:23:39]   Round  34/50 | Avg: 0.3076 | Min: 0.2873 | Max: 0.3091
[2026-05-30 07:23:39]   Round  35/50 | Avg: 0.3080 | Min: 0.2982 | Max: 0.3091
[2026-05-30 07:23:39]   Round  36/50 | Avg: 0.3091 | Min: 0.3091 | Max: 0.3091
[2026-05-30 07:23:39]   Round  37/50 | Avg: 0.3089 | Min: 0.3055 | Max: 0.3091
[2026-05-30 07:23:39]   Round  38/50 | Avg: 0.3060 | Min: 0.2655 | Max: 0.3091
[2026-05-30 07:23:39]   Round  39/50 | Avg: 0.3091 | Min: 0.3091 | Max: 0.3091
[2026-05-30 07:23:39]   Round  40/50 | Avg: 0.3080 | Min: 0.2873 | Max: 0.3091
[2026-05-30 07:23:39]   Round  41/50 | Avg: 0.3087 | Min: 0.3055 | Max: 0.3091
[2026-05-30 07:23:39]   Round  42/50 | Avg: 0.3084 | Min: 0.3018 | Max: 0.3091
[2026-05-30 07:23:39]   Round  43/50 | Avg: 0.3087 | Min: 0.3055 | Max: 0.3091
[2026-05-30 07:23:39]   Round  44/50 | Avg: 0.3087 | Min: 0.3018 | Max: 0.3091
[2026-05-30 07:23:39]   Round  45/50 | Avg: 0.3089 | Min: 0.3055 | Max: 0.3091
[2026-05-30 07:23:39]   Round  46/50 | Avg: 0.3085 | Min: 0.3018 | Max: 0.3091
[2026-05-30 07:23:39]   Round  47/50 | Avg: 0.3082 | Min: 0.2982 | Max: 0.3091
[2026-05-30 07:23:39]   Round  48/50 | Avg: 0.3087 | Min: 0.3055 | Max: 0.3091
[2026-05-30 07:23:39]   Round  49/50 | Avg: 0.3091 | Min: 0.3091 | Max: 0.3091
[2026-05-30 07:23:39]   Round  50/50 | Avg: 0.3087 | Min: 0.3055 | Max: 0.3091
[2026-05-30 07:23:39]   FEDAVG — IID done.
[2026-05-30 07:23:39] 
[2026-05-30 07:23:39] =================================================================
[2026-05-30 07:23:39]   FEDAVG — NONIID
[2026-05-30 07:23:39] =================================================================
[2026-05-30 07:23:39]   Round   1/50 | Avg: 0.0927 | Min: 0.0000 | Max: 0.3091
[2026-05-30 07:23:39]   Round   2/50 | Avg: 0.0309 | Min: 0.0000 | Max: 0.3091
[2026-05-30 07:23:39]   Round   3/50 | Avg: 0.0309 | Min: 0.0000 | Max: 0.3091
[2026-05-30 07:23:39]   Round   4/50 | Avg: 0.0618 | Min: 0.0000 | Max: 0.3091
[2026-05-30 07:23:39]   Round   5/50 | Avg: 0.0773 | Min: 0.0000 | Max: 0.3091
[2026-05-30 07:23:39]   Round   6/50 | Avg: 0.0773 | Min: 0.0000 | Max: 0.3091
[2026-05-30 07:23:39]   Round   7/50 | Avg: 0.0618 | Min: 0.0000 | Max: 0.3091
[2026-05-30 07:23:39]   Round   8/50 | Avg: 0.0618 | Min: 0.0000 | Max: 0.3091
[2026-05-30 07:23:39]   Round   9/50 | Avg: 0.1033 | Min: 0.0000 | Max: 0.3091
[2026-05-30 07:23:39]   Round  10/50 | Avg: 0.1082 | Min: 0.0000 | Max: 0.3091
[2026-05-30 07:23:39]   Round  11/50 | Avg: 0.0964 | Min: 0.0000 | Max: 0.3091
[2026-05-30 07:23:39]   Round  12/50 | Avg: 0.1236 | Min: 0.0000 | Max: 0.3091
[2026-05-30 07:23:39]   Round  13/50 | Avg: 0.1213 | Min: 0.0000 | Max: 0.3091
[2026-05-30 07:23:39]   Round  14/50 | Avg: 0.1536 | Min: 0.0000 | Max: 0.3091
[2026-05-30 07:23:39]   Round  15/50 | Avg: 0.1613 | Min: 0.0000 | Max: 0.3091
[2026-05-30 07:23:39]   Round  16/50 | Avg: 0.1638 | Min: 0.0000 | Max: 0.3091
[2026-05-30 07:23:39]   Round  17/50 | Avg: 0.1687 | Min: 0.0000 | Max: 0.3091
[2026-05-30 07:23:39]   Round  18/50 | Avg: 0.1753 | Min: 0.0000 | Max: 0.3091
[2026-05-30 07:23:39]   Round  19/50 | Avg: 0.1835 | Min: 0.0000 | Max: 0.3091
[2026-05-30 07:23:39]   Round  20/50 | Avg: 0.1984 | Min: 0.0000 | Max: 0.3091
[2026-05-30 07:23:39]   Round  21/50 | Avg: 0.2164 | Min: 0.0000 | Max: 0.3091
[2026-05-30 07:23:39]   Round  22/50 | Avg: 0.2242 | Min: 0.0000 | Max: 0.3091
[2026-05-30 07:23:39]   Round  23/50 | Avg: 0.2191 | Min: 0.0000 | Max: 0.3091
[2026-05-30 07:23:39]   Round  24/50 | Avg: 0.2240 | Min: 0.0000 | Max: 0.3091
[2026-05-30 07:23:39]   Round  25/50 | Avg: 0.2284 | Min: 0.0000 | Max: 0.3091
[2026-05-30 07:23:39]   Round  26/50 | Avg: 0.2309 | Min: 0.0000 | Max: 0.3091
[2026-05-30 07:23:39]   Round  27/50 | Avg: 0.2211 | Min: 0.0000 | Max: 0.3091
[2026-05-30 07:23:39]   Round  28/50 | Avg: 0.2138 | Min: 0.0000 | Max: 0.3091
[2026-05-30 07:23:39]   Round  29/50 | Avg: 0.2127 | Min: 0.0000 | Max: 0.3091
[2026-05-30 07:23:39]   Round  30/50 | Avg: 0.2255 | Min: 0.0000 | Max: 0.3091
[2026-05-30 07:23:39]   Round  31/50 | Avg: 0.2185 | Min: 0.0000 | Max: 0.3091
[2026-05-30 07:23:39]   Round  32/50 | Avg: 0.2229 | Min: 0.0000 | Max: 0.3091
[2026-05-30 07:23:39]   Round  33/50 | Avg: 0.2169 | Min: 0.0000 | Max: 0.3091
[2026-05-30 07:23:39]   Round  34/50 | Avg: 0.2344 | Min: 0.0000 | Max: 0.3091
[2026-05-30 07:23:39]   Round  35/50 | Avg: 0.2298 | Min: 0.0000 | Max: 0.3091
[2026-05-30 07:23:39]   Round  36/50 | Avg: 0.2295 | Min: 0.0000 | Max: 0.3091
[2026-05-30 07:23:39]   Round  37/50 | Avg: 0.2218 | Min: 0.0000 | Max: 0.3091
[2026-05-30 07:23:39]   Round  38/50 | Avg: 0.2173 | Min: 0.0000 | Max: 0.3091
[2026-05-30 07:23:39]   Round  39/50 | Avg: 0.2175 | Min: 0.0000 | Max: 0.3091
[2026-05-30 07:23:39]   Round  40/50 | Avg: 0.2242 | Min: 0.0000 | Max: 0.3091
[2026-05-30 07:23:39]   Round  41/50 | Avg: 0.2218 | Min: 0.0000 | Max: 0.3091
[2026-05-30 07:23:39]   Round  42/50 | Avg: 0.2235 | Min: 0.0000 | Max: 0.3091
[2026-05-30 07:23:39]   Round  43/50 | Avg: 0.2209 | Min: 0.0000 | Max: 0.3091
[2026-05-30 07:23:39]   Round  44/50 | Avg: 0.1936 | Min: 0.0000 | Max: 0.3091
[2026-05-30 07:23:39]   Round  45/50 | Avg: 0.2256 | Min: 0.0000 | Max: 0.3091
[2026-05-30 07:23:39]   Round  46/50 | Avg: 0.2125 | Min: 0.0000 | Max: 0.3091
[2026-05-30 07:23:39]   Round  47/50 | Avg: 0.2213 | Min: 0.0000 | Max: 0.3091
[2026-05-30 07:23:39]   Round  48/50 | Avg: 0.2315 | Min: 0.0000 | Max: 0.3091
[2026-05-30 07:23:39]   Round  49/50 | Avg: 0.2202 | Min: 0.0000 | Max: 0.3091
[2026-05-30 07:23:39]   Round  50/50 | Avg: 0.2315 | Min: 0.0000 | Max: 0.3091
[2026-05-30 07:23:39]   FEDAVG — NONIID done.
[2026-05-30 07:23:39] 
[2026-05-30 07:23:39] [seed=123]  FEDAVG  dataset=home_har  hetero=uniform
[2026-05-30 07:23:39] Loading HomeHAR...
[2026-05-30 07:23:39]   data1/drink.csv: 210
[2026-05-30 07:23:39]   data1/eat.csv: 198
[2026-05-30 07:23:39]   data1/empty.csv: 190
[2026-05-30 07:23:39]   data1/sleep.csv: 199
[2026-05-30 07:23:39]   data1/smoke.csv: 198
[2026-05-30 07:23:39]   data1/watch.csv: 190
[2026-05-30 07:23:39]   data1/work.csv: 190
[2026-05-30 07:23:39]   -> 1375 public
[2026-05-30 07:23:39] Loading HomeOccupancy...
[2026-05-30 07:23:39]   empty_1: 192
[2026-05-30 07:23:39]   empty_2: 183
[2026-05-30 07:23:39]   empty_3 test: 181
[2026-05-30 07:23:39]   sleep_1: 191
[2026-05-30 07:23:39]   sleep_2: 189
[2026-05-30 07:23:39]   sleep_3 test: 181
[2026-05-30 07:23:39]   work_1: 118
[2026-05-30 07:23:39]   work_2: 175
[2026-05-30 07:23:39]   work_3 test: 193
[2026-05-30 07:23:39]   -> 1048 train, 555 test
[2026-05-30 07:23:39] 
[2026-05-30 07:23:39] =================================================================
[2026-05-30 07:23:39]   FEDAVG — IID
[2026-05-30 07:23:39] =================================================================
[2026-05-30 07:23:39]   Round   1/50 | Avg: 0.2600 | Min: 0.0036 | Max: 0.3091
[2026-05-30 07:23:39]   Round   2/50 | Avg: 0.3091 | Min: 0.3091 | Max: 0.3091
[2026-05-30 07:23:39]   Round   3/50 | Avg: 0.2936 | Min: 0.0000 | Max: 0.3091
[2026-05-30 07:23:39]   Round   4/50 | Avg: 0.3091 | Min: 0.3091 | Max: 0.3091
[2026-05-30 07:23:39]   Round   5/50 | Avg: 0.2182 | Min: 0.0000 | Max: 0.3091
[2026-05-30 07:23:39]   Round   6/50 | Avg: 0.2225 | Min: 0.0036 | Max: 0.3091
[2026-05-30 07:23:39]   Round   7/50 | Avg: 0.2755 | Min: 0.0000 | Max: 0.3091
[2026-05-30 07:23:39]   Round   8/50 | Avg: 0.2802 | Min: 0.1891 | Max: 0.3091
[2026-05-30 07:23:39]   Round   9/50 | Avg: 0.2884 | Min: 0.1673 | Max: 0.3091
[2026-05-30 07:23:39]   Round  10/50 | Avg: 0.2984 | Min: 0.2218 | Max: 0.3091
[2026-05-30 07:23:39]   Round  11/50 | Avg: 0.2889 | Min: 0.0982 | Max: 0.3091
[2026-05-30 07:23:39]   Round  12/50 | Avg: 0.2980 | Min: 0.2182 | Max: 0.3091
[2026-05-30 07:23:39]   Round  13/50 | Avg: 0.3053 | Min: 0.2727 | Max: 0.3091
[2026-05-30 07:23:39]   Round  14/50 | Avg: 0.3071 | Min: 0.2873 | Max: 0.3091
[2026-05-30 07:23:39]   Round  15/50 | Avg: 0.3033 | Min: 0.2436 | Max: 0.3091
[2026-05-30 07:23:39]   Round  16/50 | Avg: 0.3062 | Min: 0.2836 | Max: 0.3091
[2026-05-30 07:23:39]   Round  17/50 | Avg: 0.3065 | Min: 0.2909 | Max: 0.3091
[2026-05-30 07:23:39]   Round  18/50 | Avg: 0.3084 | Min: 0.3018 | Max: 0.3091
[2026-05-30 07:23:39]   Round  19/50 | Avg: 0.3069 | Min: 0.2909 | Max: 0.3091
[2026-05-30 07:23:39]   Round  20/50 | Avg: 0.3044 | Min: 0.2255 | Max: 0.3091
[2026-05-30 07:23:39]   Round  21/50 | Avg: 0.3056 | Min: 0.2655 | Max: 0.3091
[2026-05-30 07:23:39]   Round  22/50 | Avg: 0.3073 | Min: 0.2982 | Max: 0.3091
[2026-05-30 07:23:39]   Round  23/50 | Avg: 0.3015 | Min: 0.1745 | Max: 0.3091
[2026-05-30 07:23:39]   Round  24/50 | Avg: 0.3076 | Min: 0.2982 | Max: 0.3091
[2026-05-30 07:23:39]   Round  25/50 | Avg: 0.3076 | Min: 0.2982 | Max: 0.3091
[2026-05-30 07:23:39]   Round  26/50 | Avg: 0.3056 | Min: 0.2691 | Max: 0.3091
[2026-05-30 07:23:39]   Round  27/50 | Avg: 0.3067 | Min: 0.2800 | Max: 0.3091
[2026-05-30 07:23:39]   Round  28/50 | Avg: 0.3051 | Min: 0.2545 | Max: 0.3091
[2026-05-30 07:23:39]   Round  29/50 | Avg: 0.3071 | Min: 0.2982 | Max: 0.3091
[2026-05-30 07:23:39]   Round  30/50 | Avg: 0.3076 | Min: 0.3018 | Max: 0.3091
[2026-05-30 07:23:39]   Round  31/50 | Avg: 0.3040 | Min: 0.2255 | Max: 0.3091
[2026-05-30 07:23:39]   Round  32/50 | Avg: 0.3067 | Min: 0.2982 | Max: 0.3091
[2026-05-30 07:23:39]   Round  33/50 | Avg: 0.3073 | Min: 0.3018 | Max: 0.3091
[2026-05-30 07:23:39]   Round  34/50 | Avg: 0.3069 | Min: 0.2873 | Max: 0.3091
[2026-05-30 07:23:39]   Round  35/50 | Avg: 0.3082 | Min: 0.3055 | Max: 0.3091
[2026-05-30 07:23:39]   Round  36/50 | Avg: 0.3080 | Min: 0.3055 | Max: 0.3091
[2026-05-30 07:23:39]   Round  37/50 | Avg: 0.3076 | Min: 0.2909 | Max: 0.3091
[2026-05-30 07:23:39]   Round  38/50 | Avg: 0.3076 | Min: 0.2873 | Max: 0.3091
[2026-05-30 07:23:39]   Round  39/50 | Avg: 0.3078 | Min: 0.3018 | Max: 0.3091
[2026-05-30 07:23:39]   Round  40/50 | Avg: 0.2976 | Min: 0.1855 | Max: 0.3091
[2026-05-30 07:23:39]   Round  41/50 | Avg: 0.3078 | Min: 0.3018 | Max: 0.3091
[2026-05-30 07:23:39]   Round  42/50 | Avg: 0.3082 | Min: 0.3018 | Max: 0.3091
[2026-05-30 07:23:39]   Round  43/50 | Avg: 0.3065 | Min: 0.3018 | Max: 0.3091
[2026-05-30 07:23:39]   Round  44/50 | Avg: 0.3075 | Min: 0.2873 | Max: 0.3091
[2026-05-30 07:23:39]   Round  45/50 | Avg: 0.3058 | Min: 0.2800 | Max: 0.3091
[2026-05-30 07:23:39]   Round  46/50 | Avg: 0.3067 | Min: 0.2873 | Max: 0.3091
[2026-05-30 07:23:39]   Round  47/50 | Avg: 0.3055 | Min: 0.2655 | Max: 0.3091
[2026-05-30 07:23:39]   Round  48/50 | Avg: 0.3065 | Min: 0.2800 | Max: 0.3091
[2026-05-30 07:23:39]   Round  49/50 | Avg: 0.2904 | Min: 0.0000 | Max: 0.3091
[2026-05-30 07:23:39]   Round  50/50 | Avg: 0.3082 | Min: 0.3055 | Max: 0.3091
[2026-05-30 07:23:39]   FEDAVG — IID done.
[2026-05-30 07:23:39] 
[2026-05-30 07:23:39] =================================================================
[2026-05-30 07:23:39]   FEDAVG — NONIID
[2026-05-30 07:23:39] =================================================================
[2026-05-30 07:23:39]   Round   1/50 | Avg: 0.0773 | Min: 0.0000 | Max: 0.3091
[2026-05-30 07:23:39]   Round   2/50 | Avg: 0.0618 | Min: 0.0000 | Max: 0.3091
[2026-05-30 07:23:39]   Round   3/50 | Avg: 0.0618 | Min: 0.0000 | Max: 0.3091
[2026-05-30 07:23:39]   Round   4/50 | Avg: 0.0773 | Min: 0.0000 | Max: 0.3091
[2026-05-30 07:23:39]   Round   5/50 | Avg: 0.0773 | Min: 0.0000 | Max: 0.3091
[2026-05-30 07:23:39]   Round   6/50 | Avg: 0.0773 | Min: 0.0000 | Max: 0.3091
[2026-05-30 07:23:39]   Round   7/50 | Avg: 0.0620 | Min: 0.0000 | Max: 0.3091
[2026-05-30 07:23:39]   Round   8/50 | Avg: 0.0773 | Min: 0.0000 | Max: 0.3091
[2026-05-30 07:23:39]   Round   9/50 | Avg: 0.0773 | Min: 0.0000 | Max: 0.3091
[2026-05-30 07:23:39]   Round  10/50 | Avg: 0.0618 | Min: 0.0000 | Max: 0.3091
[2026-05-30 07:23:39]   Round  11/50 | Avg: 0.0618 | Min: 0.0000 | Max: 0.3091
[2026-05-30 07:23:39]   Round  12/50 | Avg: 0.0618 | Min: 0.0000 | Max: 0.3091
[2026-05-30 07:23:39]   Round  13/50 | Avg: 0.0773 | Min: 0.0000 | Max: 0.3091
[2026-05-30 07:23:39]   Round  14/50 | Avg: 0.0773 | Min: 0.0000 | Max: 0.3091
[2026-05-30 07:23:39]   Round  15/50 | Avg: 0.0927 | Min: 0.0000 | Max: 0.3091
[2026-05-30 07:23:39]   Round  16/50 | Avg: 0.1082 | Min: 0.0000 | Max: 0.3091
[2026-05-30 07:23:39]   Round  17/50 | Avg: 0.0927 | Min: 0.0000 | Max: 0.3091
[2026-05-30 07:23:39]   Round  18/50 | Avg: 0.1122 | Min: 0.0000 | Max: 0.3091
[2026-05-30 07:23:39]   Round  19/50 | Avg: 0.1313 | Min: 0.0000 | Max: 0.3091
[2026-05-30 07:23:39]   Round  20/50 | Avg: 0.1236 | Min: 0.0000 | Max: 0.3091
[2026-05-30 07:23:39]   Round  21/50 | Avg: 0.1364 | Min: 0.0000 | Max: 0.3091
[2026-05-30 07:23:39]   Round  22/50 | Avg: 0.1387 | Min: 0.0000 | Max: 0.3091
[2026-05-30 07:23:39]   Round  23/50 | Avg: 0.1438 | Min: 0.0000 | Max: 0.3091
[2026-05-30 07:23:39]   Round  24/50 | Avg: 0.1435 | Min: 0.0000 | Max: 0.3091
[2026-05-30 07:23:39]   Round  25/50 | Avg: 0.1516 | Min: 0.0000 | Max: 0.3091
[2026-05-30 07:23:39]   Round  26/50 | Avg: 0.1578 | Min: 0.0000 | Max: 0.3091
[2026-05-30 07:23:39]   Round  27/50 | Avg: 0.1540 | Min: 0.0000 | Max: 0.3091
[2026-05-30 07:23:39]   Round  28/50 | Avg: 0.1640 | Min: 0.0000 | Max: 0.3091
[2026-05-30 07:23:39]   Round  29/50 | Avg: 0.1633 | Min: 0.0000 | Max: 0.3091
[2026-05-30 07:23:39]   Round  30/50 | Avg: 0.1627 | Min: 0.0000 | Max: 0.3091
[2026-05-30 07:23:39]   Round  31/50 | Avg: 0.1647 | Min: 0.0000 | Max: 0.3091
[2026-05-30 07:23:39]   Round  32/50 | Avg: 0.1725 | Min: 0.0000 | Max: 0.3091
[2026-05-30 07:23:39]   Round  33/50 | Avg: 0.1764 | Min: 0.0000 | Max: 0.3091
[2026-05-30 07:23:39]   Round  34/50 | Avg: 0.1755 | Min: 0.0000 | Max: 0.3091
[2026-05-30 07:23:39]   Round  35/50 | Avg: 0.1815 | Min: 0.0000 | Max: 0.3091
[2026-05-30 07:23:39]   Round  36/50 | Avg: 0.1813 | Min: 0.0000 | Max: 0.3091
[2026-05-30 07:23:39]   Round  37/50 | Avg: 0.1936 | Min: 0.0000 | Max: 0.3091
[2026-05-30 07:23:39]   Round  38/50 | Avg: 0.1962 | Min: 0.0000 | Max: 0.3091
[2026-05-30 07:23:39]   Round  39/50 | Avg: 0.1942 | Min: 0.0000 | Max: 0.3091
[2026-05-30 07:23:39]   Round  40/50 | Avg: 0.1858 | Min: 0.0000 | Max: 0.3091
[2026-05-30 07:23:39]   Round  41/50 | Avg: 0.1802 | Min: 0.0000 | Max: 0.3091
[2026-05-30 07:23:39]   Round  42/50 | Avg: 0.1965 | Min: 0.0000 | Max: 0.3091
[2026-05-30 07:23:39]   Round  43/50 | Avg: 0.1924 | Min: 0.0000 | Max: 0.3091
[2026-05-30 07:23:39]   Round  44/50 | Avg: 0.1951 | Min: 0.0000 | Max: 0.3091
[2026-05-30 07:23:39]   Round  45/50 | Avg: 0.1987 | Min: 0.0000 | Max: 0.3091
[2026-05-30 07:23:39]   Round  46/50 | Avg: 0.1911 | Min: 0.0000 | Max: 0.3091
[2026-05-30 07:23:39]   Round  47/50 | Avg: 0.1931 | Min: 0.0000 | Max: 0.3091
[2026-05-30 07:23:39]   Round  48/50 | Avg: 0.2025 | Min: 0.0000 | Max: 0.3091
[2026-05-30 07:23:39]   Round  49/50 | Avg: 0.2038 | Min: 0.0000 | Max: 0.3091
[2026-05-30 07:23:39]   Round  50/50 | Avg: 0.2053 | Min: 0.0000 | Max: 0.3091
[2026-05-30 07:23:39]   FEDAVG — NONIID done.
[2026-05-30 07:23:39] 
[2026-05-30 07:23:39] [seed=456]  FEDAVG  dataset=home_har  hetero=uniform
[2026-05-30 07:23:39] Loading HomeHAR...
[2026-05-30 07:23:39]   data1/drink.csv: 210
[2026-05-30 07:23:39]   data1/eat.csv: 198
[2026-05-30 07:23:39]   data1/empty.csv: 190
[2026-05-30 07:23:39]   data1/sleep.csv: 199
[2026-05-30 07:23:39]   data1/smoke.csv: 198
[2026-05-30 07:23:39]   data1/watch.csv: 190
[2026-05-30 07:23:39]   data1/work.csv: 190
[2026-05-30 07:23:39]   -> 1375 public
[2026-05-30 07:23:39] Loading HomeOccupancy...
[2026-05-30 07:23:39]   empty_1: 192
[2026-05-30 07:23:39]   empty_2: 183
[2026-05-30 07:23:39]   empty_3 test: 181
[2026-05-30 07:23:39]   sleep_1: 191
[2026-05-30 07:23:39]   sleep_2: 189
[2026-05-30 07:23:39]   sleep_3 test: 181
[2026-05-30 07:23:39]   work_1: 118
[2026-05-30 07:23:39]   work_2: 175
[2026-05-30 07:23:39]   work_3 test: 193
[2026-05-30 07:23:39]   -> 1048 train, 555 test
[2026-05-30 07:23:39] 
[2026-05-30 07:23:39] =================================================================
[2026-05-30 07:23:39]   FEDAVG — IID
[2026-05-30 07:23:39] =================================================================
[2026-05-30 07:23:39]   Round   1/50 | Avg: 0.3091 | Min: 0.3091 | Max: 0.3091
[2026-05-30 07:23:39]   Round   2/50 | Avg: 0.3091 | Min: 0.3091 | Max: 0.3091
[2026-05-30 07:23:39]   Round   3/50 | Avg: 0.3091 | Min: 0.3091 | Max: 0.3091
[2026-05-30 07:23:39]   Round   4/50 | Avg: 0.3091 | Min: 0.3091 | Max: 0.3091
[2026-05-30 07:23:39]   Round   5/50 | Avg: 0.3091 | Min: 0.3091 | Max: 0.3091
[2026-05-30 07:23:39]   Round   6/50 | Avg: 0.2896 | Min: 0.1818 | Max: 0.3091
[2026-05-30 07:23:39]   Round   7/50 | Avg: 0.2878 | Min: 0.0691 | Max: 0.3091
[2026-05-30 07:23:39]   Round   8/50 | Avg: 0.3075 | Min: 0.2873 | Max: 0.3091
[2026-05-30 07:23:39]   Round   9/50 | Avg: 0.3075 | Min: 0.2945 | Max: 0.3091
[2026-05-30 07:23:39]   Round  10/50 | Avg: 0.2973 | Min: 0.1382 | Max: 0.3091
[2026-05-30 07:23:39]   Round  11/50 | Avg: 0.3060 | Min: 0.2873 | Max: 0.3091
[2026-05-30 07:23:39]   Round  12/50 | Avg: 0.3013 | Min: 0.2545 | Max: 0.3091
[2026-05-30 07:23:39]   Round  13/50 | Avg: 0.3065 | Min: 0.2836 | Max: 0.3091
[2026-05-30 07:23:39]   Round  14/50 | Avg: 0.3055 | Min: 0.2545 | Max: 0.3091
[2026-05-30 07:23:39]   Round  15/50 | Avg: 0.3042 | Min: 0.2400 | Max: 0.3091
[2026-05-30 07:23:39]   Round  16/50 | Avg: 0.2955 | Min: 0.1491 | Max: 0.3091
[2026-05-30 07:23:39]   Round  17/50 | Avg: 0.3058 | Min: 0.2582 | Max: 0.3091
[2026-05-30 07:23:39]   Round  18/50 | Avg: 0.3073 | Min: 0.2945 | Max: 0.3091
[2026-05-30 07:23:39]   Round  19/50 | Avg: 0.3067 | Min: 0.2836 | Max: 0.3091
[2026-05-30 07:23:39]   Round  20/50 | Avg: 0.3065 | Min: 0.2945 | Max: 0.3091
[2026-05-30 07:23:39]   Round  21/50 | Avg: 0.3055 | Min: 0.2582 | Max: 0.3091
[2026-05-30 07:23:39]   Round  22/50 | Avg: 0.3065 | Min: 0.2764 | Max: 0.3091
[2026-05-30 07:23:39]   Round  23/50 | Avg: 0.3085 | Min: 0.3055 | Max: 0.3091
[2026-05-30 07:23:39]   Round  24/50 | Avg: 0.3073 | Min: 0.2982 | Max: 0.3091
[2026-05-30 07:23:39]   Round  25/50 | Avg: 0.3078 | Min: 0.2982 | Max: 0.3091
[2026-05-30 07:23:39]   Round  26/50 | Avg: 0.3085 | Min: 0.3055 | Max: 0.3091
[2026-05-30 07:23:39]   Round  27/50 | Avg: 0.3087 | Min: 0.3055 | Max: 0.3091
[2026-05-30 07:23:39]   Round  28/50 | Avg: 0.3084 | Min: 0.3055 | Max: 0.3091
[2026-05-30 07:23:39]   Round  29/50 | Avg: 0.3045 | Min: 0.2364 | Max: 0.3091
[2026-05-30 07:23:39]   Round  30/50 | Avg: 0.3042 | Min: 0.2218 | Max: 0.3091
[2026-05-30 07:23:39]   Round  31/50 | Avg: 0.3085 | Min: 0.3055 | Max: 0.3091
[2026-05-30 07:23:39]   Round  32/50 | Avg: 0.3051 | Min: 0.2473 | Max: 0.3091
[2026-05-30 07:23:39]   Round  33/50 | Avg: 0.3080 | Min: 0.3055 | Max: 0.3091
[2026-05-30 07:23:39]   Round  34/50 | Avg: 0.3084 | Min: 0.3055 | Max: 0.3091
[2026-05-30 07:23:39]   Round  35/50 | Avg: 0.3078 | Min: 0.3018 | Max: 0.3091
[2026-05-30 07:23:39]   Round  36/50 | Avg: 0.2955 | Min: 0.0618 | Max: 0.3091
[2026-05-30 07:23:39]   Round  37/50 | Avg: 0.3087 | Min: 0.3055 | Max: 0.3091
[2026-05-30 07:23:39]   Round  38/50 | Avg: 0.3071 | Min: 0.2873 | Max: 0.3091
[2026-05-30 07:23:39]   Round  39/50 | Avg: 0.3085 | Min: 0.3055 | Max: 0.3091
[2026-05-30 07:23:39]   Round  40/50 | Avg: 0.3084 | Min: 0.3055 | Max: 0.3091
[2026-05-30 07:23:39]   Round  41/50 | Avg: 0.3084 | Min: 0.3018 | Max: 0.3091
[2026-05-30 07:23:39]   Round  42/50 | Avg: 0.3082 | Min: 0.3055 | Max: 0.3091
[2026-05-30 07:23:39]   Round  43/50 | Avg: 0.3018 | Min: 0.1782 | Max: 0.3091
[2026-05-30 07:23:39]   Round  44/50 | Avg: 0.3087 | Min: 0.3055 | Max: 0.3091
[2026-05-30 07:23:39]   Round  45/50 | Avg: 0.3089 | Min: 0.3055 | Max: 0.3091
[2026-05-30 07:23:39]   Round  46/50 | Avg: 0.3085 | Min: 0.3055 | Max: 0.3091
[2026-05-30 07:23:39]   Round  47/50 | Avg: 0.3071 | Min: 0.2727 | Max: 0.3091
[2026-05-30 07:23:39]   Round  48/50 | Avg: 0.3082 | Min: 0.3018 | Max: 0.3091
[2026-05-30 07:23:39]   Round  49/50 | Avg: 0.3080 | Min: 0.2945 | Max: 0.3091
[2026-05-30 07:23:39]   Round  50/50 | Avg: 0.3087 | Min: 0.3055 | Max: 0.3091
[2026-05-30 07:23:39]   FEDAVG — IID done.
[2026-05-30 07:23:39] 
[2026-05-30 07:23:39] =================================================================
[2026-05-30 07:23:39]   FEDAVG — NONIID
[2026-05-30 07:23:39] =================================================================
[2026-05-30 07:23:39]   Round   1/50 | Avg: 0.0773 | Min: 0.0000 | Max: 0.3091
[2026-05-30 07:23:39]   Round   2/50 | Avg: 0.0171 | Min: 0.0000 | Max: 0.3091
[2026-05-30 07:23:39]   Round   3/50 | Avg: 0.0773 | Min: 0.0000 | Max: 0.3091
[2026-05-30 07:23:39]   Round   4/50 | Avg: 0.0618 | Min: 0.0000 | Max: 0.3091
[2026-05-30 07:23:39]   Round   5/50 | Avg: 0.0618 | Min: 0.0000 | Max: 0.3091
[2026-05-30 07:23:39]   Round   6/50 | Avg: 0.0618 | Min: 0.0000 | Max: 0.3091
[2026-05-30 07:23:39]   Round   7/50 | Avg: 0.0618 | Min: 0.0000 | Max: 0.3091
[2026-05-30 07:23:39]   Round   8/50 | Avg: 0.0618 | Min: 0.0000 | Max: 0.3091
[2026-05-30 07:23:39]   Round   9/50 | Avg: 0.0618 | Min: 0.0000 | Max: 0.3091
[2026-05-30 07:23:39]   Round  10/50 | Avg: 0.0618 | Min: 0.0000 | Max: 0.3091
[2026-05-30 07:23:39]   Round  11/50 | Avg: 0.0618 | Min: 0.0000 | Max: 0.3091
[2026-05-30 07:23:39]   Round  12/50 | Avg: 0.0618 | Min: 0.0000 | Max: 0.3091
[2026-05-30 07:23:39]   Round  13/50 | Avg: 0.0618 | Min: 0.0000 | Max: 0.3091
[2026-05-30 07:23:39]   Round  14/50 | Avg: 0.0618 | Min: 0.0000 | Max: 0.3091
[2026-05-30 07:23:39]   Round  15/50 | Avg: 0.0618 | Min: 0.0000 | Max: 0.3091
[2026-05-30 07:23:39]   Round  16/50 | Avg: 0.0618 | Min: 0.0000 | Max: 0.3091
[2026-05-30 07:23:39]   Round  17/50 | Avg: 0.0618 | Min: 0.0000 | Max: 0.3091
[2026-05-30 07:23:39]   Round  18/50 | Avg: 0.0618 | Min: 0.0000 | Max: 0.3091
[2026-05-30 07:23:39]   Round  19/50 | Avg: 0.0855 | Min: 0.0000 | Max: 0.3091
[2026-05-30 07:23:39]   Round  20/50 | Avg: 0.0927 | Min: 0.0000 | Max: 0.3091
[2026-05-30 07:23:39]   Round  21/50 | Avg: 0.1036 | Min: 0.0000 | Max: 0.3091
[2026-05-30 07:23:39]   Round  22/50 | Avg: 0.1235 | Min: 0.0000 | Max: 0.3091
[2026-05-30 07:23:39]   Round  23/50 | Avg: 0.1231 | Min: 0.0000 | Max: 0.3091
[2026-05-30 07:23:39]   Round  24/50 | Avg: 0.1236 | Min: 0.0000 | Max: 0.3091
[2026-05-30 07:23:39]   Round  25/50 | Avg: 0.1258 | Min: 0.0000 | Max: 0.3091
[2026-05-30 07:23:39]   Round  26/50 | Avg: 0.1495 | Min: 0.0000 | Max: 0.3091
[2026-05-30 07:23:39]   Round  27/50 | Avg: 0.1104 | Min: 0.0000 | Max: 0.3091
[2026-05-30 07:23:39]   Round  28/50 | Avg: 0.1589 | Min: 0.0000 | Max: 0.3091
[2026-05-30 07:23:39]   Round  29/50 | Avg: 0.1315 | Min: 0.0000 | Max: 0.3091
[2026-05-30 07:23:39]   Round  30/50 | Avg: 0.1511 | Min: 0.0000 | Max: 0.3091
[2026-05-30 07:23:39]   Round  31/50 | Avg: 0.1687 | Min: 0.0000 | Max: 0.3091
[2026-05-30 07:23:39]   Round  32/50 | Avg: 0.1525 | Min: 0.0000 | Max: 0.3091
[2026-05-30 07:23:39]   Round  33/50 | Avg: 0.1776 | Min: 0.0000 | Max: 0.3091
[2026-05-30 07:23:39]   Round  34/50 | Avg: 0.1795 | Min: 0.0000 | Max: 0.3091
[2026-05-30 07:23:39]   Round  35/50 | Avg: 0.1725 | Min: 0.0000 | Max: 0.3091
[2026-05-30 07:23:39]   Round  36/50 | Avg: 0.1956 | Min: 0.0000 | Max: 0.3091
[2026-05-30 07:23:39]   Round  37/50 | Avg: 0.1709 | Min: 0.0000 | Max: 0.3091
[2026-05-30 07:23:39]   Round  38/50 | Avg: 0.1764 | Min: 0.0000 | Max: 0.3091
[2026-05-30 07:23:39]   Round  39/50 | Avg: 0.1885 | Min: 0.0000 | Max: 0.3091
[2026-05-30 07:23:39]   Round  40/50 | Avg: 0.1782 | Min: 0.0000 | Max: 0.3091
[2026-05-30 07:23:39]   Round  41/50 | Avg: 0.1995 | Min: 0.0000 | Max: 0.3091
[2026-05-30 07:23:39]   Round  42/50 | Avg: 0.1793 | Min: 0.0000 | Max: 0.3091
[2026-05-30 07:23:39]   Round  43/50 | Avg: 0.2029 | Min: 0.0000 | Max: 0.3091
[2026-05-30 07:23:39]   Round  44/50 | Avg: 0.1922 | Min: 0.0000 | Max: 0.3091
[2026-05-30 07:23:39]   Round  45/50 | Avg: 0.2058 | Min: 0.0000 | Max: 0.3091
[2026-05-30 07:23:39]   Round  46/50 | Avg: 0.2115 | Min: 0.0000 | Max: 0.3091
[2026-05-30 07:23:39]   Round  47/50 | Avg: 0.2080 | Min: 0.0000 | Max: 0.3091
[2026-05-30 07:23:39]   Round  48/50 | Avg: 0.2076 | Min: 0.0000 | Max: 0.3091
[2026-05-30 07:23:39]   Round  49/50 | Avg: 0.2069 | Min: 0.0000 | Max: 0.3091
[2026-05-30 07:23:39]   Round  50/50 | Avg: 0.2076 | Min: 0.0000 | Max: 0.3091
[2026-05-30 07:23:39]   FEDAVG — NONIID done.
[2026-05-30 07:23:39]   Saved final_ci_home_har_uniform.png
[2026-05-30 07:23:39]   Saved per_client_home_har_uniform.png
[2026-05-30 07:23:39] 
[2026-05-30 07:23:39] =================================================================
[2026-05-30 07:23:39]   All experiments complete.
[2026-05-30 07:23:39]   Results  ->  /home/gad/Desktop/HomeSenseKD/results/phase1
[2026-05-30 07:23:39]   Figures  ->  /home/gad/Desktop/HomeSenseKD/results/phase1/figures
[2026-05-30 07:23:39] =================================================================
[2026-05-30 07:23:39] ============================================================
[2026-05-30 07:23:39]   JOB DONE    : home_har_fedavg_uniform  (exit 0)
[2026-05-30 07:23:39]   Full log    : /home/gad/Desktop/HomeSenseKD/logs/phase1/home_har_fedavg_uniform.log
[2026-05-30 07:23:39] ============================================================
