[2026-05-28 15:21:24] ============================================================
[2026-05-28 15:21:24]   JOB START   : home_occupancy_fedmd_uniform
[2026-05-28 15:21:24]   PID         : 34145
[2026-05-28 15:21:24]   Log         : /home/gad/Desktop/HomeSenseKD/logs/phase1/home_occupancy_fedmd_uniform.log
[2026-05-28 15:21:24]   Results dir : /home/gad/Desktop/HomeSenseKD/results/phase1
[2026-05-28 15:21:24]   Fig dir     : /home/gad/Desktop/HomeSenseKD/results/phase1/figures
[2026-05-28 15:21:24]   Cmd         : /home/gad/Desktop/HomeSenseKD/myenv/bin/python /home/gad/Desktop/HomeSenseKD/run_fedkd.py \
[2026-05-28 15:21:24]                   --config /home/gad/Desktop/HomeSenseKD/config/home_occupancy.yaml \
[2026-05-28 15:21:24]                   --algorithm fedmd --heterogeneity uniform \
[2026-05-28 15:21:24]                   --override experiment.results_dir=/home/gad/Desktop/HomeSenseKD/results/phase1 \
[2026-05-28 15:21:24]                              experiment.fig_dir=/home/gad/Desktop/HomeSenseKD/results/phase1/figures
[2026-05-28 15:21:24] ============================================================
[2026-05-30 16:44:28] WARNING: All log messages before absl::InitializeLog() is called are written to STDERR
[2026-05-30 16:44:28] I0000 00:00:1779996084.829433   34183 port.cc:153] oneDNN custom operations are on. You may see slightly different numerical results due to floating-point round-off errors from different computation orders. To turn them off, set the environment variable `TF_ENABLE_ONEDNN_OPTS=0`.
[2026-05-30 16:44:28] I0000 00:00:1779996084.832065   34183 cudart_stub.cc:31] Could not find cuda drivers on your machine, GPU will not be used.
[2026-05-30 16:44:28] I0000 00:00:1779996085.051626   34183 cpu_feature_guard.cc:227] This TensorFlow binary is optimized to use available CPU instructions in performance-critical operations.
[2026-05-30 16:44:28] To enable the following instructions: AVX2 AVX_VNNI FMA, in other operations, rebuild TensorFlow with the appropriate compiler flags.
[2026-05-30 16:44:28] WARNING: All log messages before absl::InitializeLog() is called are written to STDERR
[2026-05-30 16:44:28] I0000 00:00:1779996086.059555   34183 port.cc:153] oneDNN custom operations are on. You may see slightly different numerical results due to floating-point round-off errors from different computation orders. To turn them off, set the environment variable `TF_ENABLE_ONEDNN_OPTS=0`.
[2026-05-30 16:44:28] I0000 00:00:1779996086.061015   34183 cudart_stub.cc:31] Could not find cuda drivers on your machine, GPU will not be used.
[2026-05-30 16:44:28] Warning: You are sending unauthenticated requests to the HF Hub. Please set a HF_TOKEN to enable higher rate limits and faster downloads.
[2026-05-30 16:44:28] E0000 00:00:1779996180.922512   34183 cuda_platform.cc:52] failed call to cuInit: INTERNAL: CUDA error: Failed call to cuInit: CUDA_ERROR_NO_DEVICE: no CUDA-capable device is detected
[2026-05-30 16:44:28]   Saved tiers_home_occupancy_uniform.png
[2026-05-30 16:44:28] =================================================================
[2026-05-30 16:44:28]   Dataset    : home_occupancy  (public: home_har)
[2026-05-30 16:44:28]   Algorithms : ['fedmd']
[2026-05-30 16:44:28]   Heterogen. : uniform  ->  ['small', 'small', 'small', 'small', 'small', 'small']...
[2026-05-30 16:44:28]   Seeds      : [42, 123, 456]
[2026-05-30 16:44:28]   Settings   : ['iid', 'noniid']
[2026-05-30 16:44:28] =================================================================
[2026-05-30 16:44:28] 
[2026-05-30 16:44:28] [seed=42]  FEDMD  dataset=home_occupancy  hetero=uniform
[2026-05-30 16:44:28] Loading HomeOccupancy...
[2026-05-30 16:44:28]   empty_1: 192
[2026-05-30 16:44:28]   empty_2: 183
[2026-05-30 16:44:28]   empty_3 test: 181
[2026-05-30 16:44:28]   sleep_1: 191
[2026-05-30 16:44:28]   sleep_2: 189
[2026-05-30 16:44:28]   sleep_3 test: 181
[2026-05-30 16:44:28]   work_1: 118
[2026-05-30 16:44:28]   work_2: 175
[2026-05-30 16:44:28]   work_3 test: 193
[2026-05-30 16:44:28]   -> 1048 train, 555 test
[2026-05-30 16:44:28] Loading HomeHAR...
[2026-05-30 16:44:28]   data1/drink.csv: 210
[2026-05-30 16:44:28]   data1/eat.csv: 198
[2026-05-30 16:44:28]   data1/empty.csv: 190
[2026-05-30 16:44:28]   data1/sleep.csv: 199
[2026-05-30 16:44:28]   data1/smoke.csv: 198
[2026-05-30 16:44:28]   data1/watch.csv: 190
[2026-05-30 16:44:28]   data1/work.csv: 190
[2026-05-30 16:44:28]   -> 1375 public
[2026-05-30 16:44:28] 
[2026-05-30 16:44:28] =================================================================
[2026-05-30 16:44:28]   FEDMD — IID
[2026-05-30 16:44:28] =================================================================
[2026-05-30 16:44:28]   Round   1/50 | Avg: 0.3984 | Min: 0.1946 | Max: 0.6360
[2026-05-30 16:44:28]   Round   2/50 | Avg: 0.4159 | Min: 0.2288 | Max: 0.6505
[2026-05-30 16:44:28]   Round   3/50 | Avg: 0.4883 | Min: 0.1946 | Max: 0.6523
[2026-05-30 16:44:28]   Round   4/50 | Avg: 0.5637 | Min: 0.3622 | Max: 0.6523
[2026-05-30 16:44:28]   Round   5/50 | Avg: 0.5584 | Min: 0.2180 | Max: 0.7568
[2026-05-30 16:44:28]   Round   6/50 | Avg: 0.5436 | Min: 0.3117 | Max: 0.6559
[2026-05-30 16:44:28]   Round   7/50 | Avg: 0.5477 | Min: 0.3261 | Max: 0.6649
[2026-05-30 16:44:28]   Round   8/50 | Avg: 0.5465 | Min: 0.3261 | Max: 0.7441
[2026-05-30 16:44:28]   Round   9/50 | Avg: 0.5985 | Min: 0.3261 | Max: 0.7658
[2026-05-30 16:44:28]   Round  10/50 | Avg: 0.6314 | Min: 0.4234 | Max: 0.7622
[2026-05-30 16:44:28]   Round  11/50 | Avg: 0.6602 | Min: 0.3477 | Max: 0.7640
[2026-05-30 16:44:28]   Round  12/50 | Avg: 0.6765 | Min: 0.3477 | Max: 0.7820
[2026-05-30 16:44:28]   Round  13/50 | Avg: 0.6894 | Min: 0.5279 | Max: 0.7892
[2026-05-30 16:44:28]   Round  14/50 | Avg: 0.7075 | Min: 0.5027 | Max: 0.9081
[2026-05-30 16:44:28]   Round  15/50 | Avg: 0.7322 | Min: 0.5910 | Max: 0.8739
[2026-05-30 16:44:28]   Round  16/50 | Avg: 0.7489 | Min: 0.6180 | Max: 0.9225
[2026-05-30 16:44:28]   Round  17/50 | Avg: 0.7670 | Min: 0.5910 | Max: 0.9027
[2026-05-30 16:44:28]   Round  18/50 | Avg: 0.7472 | Min: 0.5802 | Max: 0.8829
[2026-05-30 16:44:28]   Round  19/50 | Avg: 0.7627 | Min: 0.5387 | Max: 0.8955
[2026-05-30 16:44:28]   Round  20/50 | Avg: 0.7868 | Min: 0.6108 | Max: 0.9207
[2026-05-30 16:44:28]   Round  21/50 | Avg: 0.7892 | Min: 0.6090 | Max: 0.8919
[2026-05-30 16:44:28]   Round  22/50 | Avg: 0.8002 | Min: 0.6162 | Max: 0.9045
[2026-05-30 16:44:28]   Round  23/50 | Avg: 0.8272 | Min: 0.6378 | Max: 0.9117
[2026-05-30 16:44:28]   Round  24/50 | Avg: 0.8641 | Min: 0.7550 | Max: 0.9207
[2026-05-30 16:44:28]   Round  25/50 | Avg: 0.8705 | Min: 0.8000 | Max: 0.9315
[2026-05-30 16:44:28]   Round  26/50 | Avg: 0.8755 | Min: 0.8054 | Max: 0.9279
[2026-05-30 16:44:28]   Round  27/50 | Avg: 0.8632 | Min: 0.7856 | Max: 0.9333
[2026-05-30 16:44:28]   Round  28/50 | Avg: 0.8577 | Min: 0.7838 | Max: 0.9351
[2026-05-30 16:44:28]   Round  29/50 | Avg: 0.8746 | Min: 0.7982 | Max: 0.9315
[2026-05-30 16:44:28]   Round  30/50 | Avg: 0.8681 | Min: 0.8000 | Max: 0.9279
[2026-05-30 16:44:28]   Round  31/50 | Avg: 0.8600 | Min: 0.7207 | Max: 0.9207
[2026-05-30 16:44:28]   Round  32/50 | Avg: 0.8748 | Min: 0.7964 | Max: 0.9207
[2026-05-30 16:44:28]   Round  33/50 | Avg: 0.8732 | Min: 0.7856 | Max: 0.9171
[2026-05-30 16:44:28]   Round  34/50 | Avg: 0.8724 | Min: 0.7982 | Max: 0.9207
[2026-05-30 16:44:28]   Round  35/50 | Avg: 0.8741 | Min: 0.7982 | Max: 0.9243
[2026-05-30 16:44:28]   Round  36/50 | Avg: 0.8702 | Min: 0.7964 | Max: 0.9279
[2026-05-30 16:44:28]   Round  37/50 | Avg: 0.8733 | Min: 0.7982 | Max: 0.9261
[2026-05-30 16:44:28]   Round  38/50 | Avg: 0.8716 | Min: 0.7784 | Max: 0.9279
[2026-05-30 16:44:28]   Round  39/50 | Avg: 0.8700 | Min: 0.7838 | Max: 0.9315
[2026-05-30 16:44:28]   Round  40/50 | Avg: 0.8665 | Min: 0.7802 | Max: 0.9261
[2026-05-30 16:44:28]   Round  41/50 | Avg: 0.8652 | Min: 0.7802 | Max: 0.9279
[2026-05-30 16:44:28]   Round  42/50 | Avg: 0.8636 | Min: 0.7820 | Max: 0.9261
[2026-05-30 16:44:28]   Round  43/50 | Avg: 0.8633 | Min: 0.7874 | Max: 0.9171
[2026-05-30 16:44:28]   Round  44/50 | Avg: 0.8602 | Min: 0.7856 | Max: 0.9153
[2026-05-30 16:44:28]   Round  45/50 | Avg: 0.8549 | Min: 0.7387 | Max: 0.9189
[2026-05-30 16:44:28]   Round  46/50 | Avg: 0.8732 | Min: 0.8036 | Max: 0.9207
[2026-05-30 16:44:28]   Round  47/50 | Avg: 0.8751 | Min: 0.8054 | Max: 0.9261
[2026-05-30 16:44:28]   Round  48/50 | Avg: 0.8661 | Min: 0.8036 | Max: 0.9261
[2026-05-30 16:44:28]   Round  49/50 | Avg: 0.8624 | Min: 0.8036 | Max: 0.9135
[2026-05-30 16:44:28]   Round  50/50 | Avg: 0.8625 | Min: 0.8000 | Max: 0.8991
[2026-05-30 16:44:28]   FEDMD — IID done.
[2026-05-30 16:44:28] 
[2026-05-30 16:44:28] =================================================================
[2026-05-30 16:44:28]   FEDMD — NONIID
[2026-05-30 16:44:28] =================================================================
[2026-05-30 16:44:28]   Round   1/50 | Avg: 0.3468 | Min: 0.2991 | Max: 0.6360
[2026-05-30 16:44:28]   Round   2/50 | Avg: 0.3314 | Min: 0.3027 | Max: 0.3477
[2026-05-30 16:44:28]   Round   3/50 | Avg: 0.3313 | Min: 0.3207 | Max: 0.3477
[2026-05-30 16:44:28]   Round   4/50 | Avg: 0.3544 | Min: 0.2613 | Max: 0.6523
[2026-05-30 16:44:28]   Round   5/50 | Avg: 0.3370 | Min: 0.2577 | Max: 0.4901
[2026-05-30 16:44:28]   Round   6/50 | Avg: 0.3635 | Min: 0.2667 | Max: 0.6162
[2026-05-30 16:44:28]   Round   7/50 | Avg: 0.3679 | Min: 0.2486 | Max: 0.6505
[2026-05-30 16:44:28]   Round   8/50 | Avg: 0.3542 | Min: 0.2523 | Max: 0.6523
[2026-05-30 16:44:28]   Round   9/50 | Avg: 0.3857 | Min: 0.2396 | Max: 0.6523
[2026-05-30 16:44:28]   Round  10/50 | Avg: 0.3870 | Min: 0.2270 | Max: 0.6523
[2026-05-30 16:44:28]   Round  11/50 | Avg: 0.4149 | Min: 0.1946 | Max: 0.6523
[2026-05-30 16:44:28]   Round  12/50 | Avg: 0.4282 | Min: 0.1946 | Max: 0.6523
[2026-05-30 16:44:28]   Round  13/50 | Avg: 0.4368 | Min: 0.1946 | Max: 0.6541
[2026-05-30 16:44:28]   Round  14/50 | Avg: 0.4552 | Min: 0.1946 | Max: 0.6631
[2026-05-30 16:44:28]   Round  15/50 | Avg: 0.4686 | Min: 0.1946 | Max: 0.6829
[2026-05-30 16:44:28]   Round  16/50 | Avg: 0.4685 | Min: 0.1946 | Max: 0.6739
[2026-05-30 16:44:28]   Round  17/50 | Avg: 0.4677 | Min: 0.1946 | Max: 0.6793
[2026-05-30 16:44:28]   Round  18/50 | Avg: 0.4868 | Min: 0.1946 | Max: 0.7009
[2026-05-30 16:44:28]   Round  19/50 | Avg: 0.4885 | Min: 0.1964 | Max: 0.6811
[2026-05-30 16:44:28]   Round  20/50 | Avg: 0.5061 | Min: 0.1946 | Max: 0.7099
[2026-05-30 16:44:28]   Round  21/50 | Avg: 0.5174 | Min: 0.1964 | Max: 0.7369
[2026-05-30 16:44:28]   Round  22/50 | Avg: 0.5241 | Min: 0.1946 | Max: 0.7315
[2026-05-30 16:44:28]   Round  23/50 | Avg: 0.5229 | Min: 0.1946 | Max: 0.7387
[2026-05-30 16:44:28]   Round  24/50 | Avg: 0.5472 | Min: 0.1946 | Max: 0.7423
[2026-05-30 16:44:28]   Round  25/50 | Avg: 0.5547 | Min: 0.2000 | Max: 0.7387
[2026-05-30 16:44:28]   Round  26/50 | Avg: 0.5611 | Min: 0.1982 | Max: 0.7405
[2026-05-30 16:44:28]   Round  27/50 | Avg: 0.5750 | Min: 0.2018 | Max: 0.7604
[2026-05-30 16:44:28]   Round  28/50 | Avg: 0.5761 | Min: 0.2000 | Max: 0.7820
[2026-05-30 16:44:28]   Round  29/50 | Avg: 0.5867 | Min: 0.2018 | Max: 0.7514
[2026-05-30 16:44:28]   Round  30/50 | Avg: 0.5840 | Min: 0.1964 | Max: 0.7514
[2026-05-30 16:44:28]   Round  31/50 | Avg: 0.5914 | Min: 0.2072 | Max: 0.7315
[2026-05-30 16:44:28]   Round  32/50 | Avg: 0.5995 | Min: 0.2288 | Max: 0.7964
[2026-05-30 16:44:28]   Round  33/50 | Avg: 0.6022 | Min: 0.2216 | Max: 0.8126
[2026-05-30 16:44:28]   Round  34/50 | Avg: 0.6137 | Min: 0.2198 | Max: 0.8216
[2026-05-30 16:44:28]   Round  35/50 | Avg: 0.6177 | Min: 0.2667 | Max: 0.8072
[2026-05-30 16:44:28]   Round  36/50 | Avg: 0.6277 | Min: 0.3928 | Max: 0.8162
[2026-05-30 16:44:28]   Round  37/50 | Avg: 0.6316 | Min: 0.3964 | Max: 0.8342
[2026-05-30 16:44:28]   Round  38/50 | Avg: 0.6261 | Min: 0.2955 | Max: 0.8144
[2026-05-30 16:44:28]   Round  39/50 | Avg: 0.6328 | Min: 0.2955 | Max: 0.8126
[2026-05-30 16:44:28]   Round  40/50 | Avg: 0.6286 | Min: 0.3658 | Max: 0.8108
[2026-05-30 16:44:28]   Round  41/50 | Avg: 0.6299 | Min: 0.3622 | Max: 0.7874
[2026-05-30 16:44:28]   Round  42/50 | Avg: 0.6294 | Min: 0.3910 | Max: 0.7748
[2026-05-30 16:44:28]   Round  43/50 | Avg: 0.6327 | Min: 0.3856 | Max: 0.7928
[2026-05-30 16:44:28]   Round  44/50 | Avg: 0.6268 | Min: 0.3928 | Max: 0.7640
[2026-05-30 16:44:28]   Round  45/50 | Avg: 0.6304 | Min: 0.4414 | Max: 0.7928
[2026-05-30 16:44:28]   Round  46/50 | Avg: 0.6350 | Min: 0.4180 | Max: 0.7766
[2026-05-30 16:44:28]   Round  47/50 | Avg: 0.6323 | Min: 0.3784 | Max: 0.7928
[2026-05-30 16:44:28]   Round  48/50 | Avg: 0.6295 | Min: 0.4198 | Max: 0.7640
[2026-05-30 16:44:28]   Round  49/50 | Avg: 0.6270 | Min: 0.4198 | Max: 0.7748
[2026-05-30 16:44:28]   Round  50/50 | Avg: 0.6344 | Min: 0.4360 | Max: 0.8072
[2026-05-30 16:44:28]   FEDMD — NONIID done.
[2026-05-30 16:44:28] 
[2026-05-30 16:44:28] [seed=123]  FEDMD  dataset=home_occupancy  hetero=uniform
[2026-05-30 16:44:28] Loading HomeOccupancy...
[2026-05-30 16:44:28]   empty_1: 192
[2026-05-30 16:44:28]   empty_2: 183
[2026-05-30 16:44:28]   empty_3 test: 181
[2026-05-30 16:44:28]   sleep_1: 191
[2026-05-30 16:44:28]   sleep_2: 189
[2026-05-30 16:44:28]   sleep_3 test: 181
[2026-05-30 16:44:28]   work_1: 118
[2026-05-30 16:44:28]   work_2: 175
[2026-05-30 16:44:28]   work_3 test: 193
[2026-05-30 16:44:28]   -> 1048 train, 555 test
[2026-05-30 16:44:28] Loading HomeHAR...
[2026-05-30 16:44:28]   data1/drink.csv: 210
[2026-05-30 16:44:28]   data1/eat.csv: 198
[2026-05-30 16:44:28]   data1/empty.csv: 190
[2026-05-30 16:44:28]   data1/sleep.csv: 199
[2026-05-30 16:44:28]   data1/smoke.csv: 198
[2026-05-30 16:44:28]   data1/watch.csv: 190
[2026-05-30 16:44:28]   data1/work.csv: 190
[2026-05-30 16:44:28]   -> 1375 public
[2026-05-30 16:44:28] 
[2026-05-30 16:44:28] =================================================================
[2026-05-30 16:44:28]   FEDMD — IID
[2026-05-30 16:44:28] =================================================================
[2026-05-30 16:44:28]   Round   1/50 | Avg: 0.4099 | Min: 0.2126 | Max: 0.6523
[2026-05-30 16:44:28]   Round   2/50 | Avg: 0.4613 | Min: 0.3261 | Max: 0.6523
[2026-05-30 16:44:28]   Round   3/50 | Avg: 0.5229 | Min: 0.1946 | Max: 0.6541
[2026-05-30 16:44:28]   Round   4/50 | Avg: 0.6102 | Min: 0.3261 | Max: 0.6541
[2026-05-30 16:44:28]   Round   5/50 | Avg: 0.6402 | Min: 0.5189 | Max: 0.6631
[2026-05-30 16:44:28]   Round   6/50 | Avg: 0.6458 | Min: 0.5207 | Max: 0.7045
[2026-05-30 16:44:28]   Round   7/50 | Avg: 0.6435 | Min: 0.5207 | Max: 0.6919
[2026-05-30 16:44:28]   Round   8/50 | Avg: 0.6493 | Min: 0.5261 | Max: 0.7333
[2026-05-30 16:44:28]   Round   9/50 | Avg: 0.6853 | Min: 0.6072 | Max: 0.7748
[2026-05-30 16:44:28]   Round  10/50 | Avg: 0.7123 | Min: 0.6505 | Max: 0.7694
[2026-05-30 16:44:28]   Round  11/50 | Avg: 0.7150 | Min: 0.6126 | Max: 0.8108
[2026-05-30 16:44:28]   Round  12/50 | Avg: 0.7267 | Min: 0.5928 | Max: 0.8378
[2026-05-30 16:44:28]   Round  13/50 | Avg: 0.7479 | Min: 0.6288 | Max: 0.9045
[2026-05-30 16:44:28] ============================================================
[2026-05-30 16:44:28]   JOB FAILED  : home_occupancy_fedmd_uniform  (exit 137)
[2026-05-30 16:44:28]   Full log    : /home/gad/Desktop/HomeSenseKD/logs/phase1/home_occupancy_fedmd_uniform.log
[2026-05-30 16:44:28] ============================================================
