[2026-06-02 13:38:21] ============================================================
[2026-06-02 13:38:21]   JOB START   : mnist_central_uniform
[2026-06-02 13:38:21]   PID         : 1276930
[2026-06-02 13:38:21]   Log         : /home/gad/Desktop/HomeSenseKD/logs/phase1/mnist_central_uniform.log
[2026-06-02 13:38:21]   Results dir : /home/gad/Desktop/HomeSenseKD/results/phase1
[2026-06-02 13:38:21]   Fig dir     : /home/gad/Desktop/HomeSenseKD/results/phase1/figures
[2026-06-02 13:38:21]   Cmd         : /home/gad/Desktop/HomeSenseKD/myenv/bin/python /home/gad/Desktop/HomeSenseKD/run_fedkd.py \
[2026-06-02 13:38:21]                   --config /home/gad/Desktop/HomeSenseKD/config/mnist.yaml \
[2026-06-02 13:38:21]                   --algorithm central --heterogeneity uniform \
[2026-06-02 13:38:21]                   --override experiment.results_dir=/home/gad/Desktop/HomeSenseKD/results/phase1 \
[2026-06-02 13:38:21]                              experiment.fig_dir=/home/gad/Desktop/HomeSenseKD/results/phase1/figures
[2026-06-02 13:38:21] ============================================================
[2026-06-03 02:53:29] WARNING: All log messages before absl::InitializeLog() is called are written to STDERR
[2026-06-03 02:53:29] I0000 00:00:1780421902.402788 1276936 port.cc:153] oneDNN custom operations are on. You may see slightly different numerical results due to floating-point round-off errors from different computation orders. To turn them off, set the environment variable `TF_ENABLE_ONEDNN_OPTS=0`.
[2026-06-03 02:53:29] I0000 00:00:1780421902.404063 1276936 cudart_stub.cc:31] Could not find cuda drivers on your machine, GPU will not be used.
[2026-06-03 02:53:29] I0000 00:00:1780421902.478647 1276936 cpu_feature_guard.cc:227] This TensorFlow binary is optimized to use available CPU instructions in performance-critical operations.
[2026-06-03 02:53:29] To enable the following instructions: AVX2 AVX_VNNI FMA, in other operations, rebuild TensorFlow with the appropriate compiler flags.
[2026-06-03 02:53:29] WARNING: All log messages before absl::InitializeLog() is called are written to STDERR
[2026-06-03 02:53:29] I0000 00:00:1780421904.389019 1276936 port.cc:153] oneDNN custom operations are on. You may see slightly different numerical results due to floating-point round-off errors from different computation orders. To turn them off, set the environment variable `TF_ENABLE_ONEDNN_OPTS=0`.
[2026-06-03 02:53:29] I0000 00:00:1780421904.389379 1276936 cudart_stub.cc:31] Could not find cuda drivers on your machine, GPU will not be used.
[2026-06-03 02:53:29] E0000 00:00:1780421910.390659 1276936 cuda_platform.cc:52] failed call to cuInit: INTERNAL: CUDA error: Failed call to cuInit: CUDA_ERROR_NO_DEVICE: no CUDA-capable device is detected
[2026-06-03 02:53:29]   Saved tiers_mnist_uniform.png
[2026-06-03 02:53:29] =================================================================
[2026-06-03 02:53:29]   Dataset    : mnist  (public: cifar10)
[2026-06-03 02:53:29]   Algorithms : ['central']
[2026-06-03 02:53:29]   Heterogen. : uniform  ->  ['small', 'small', 'small', 'small', 'small', 'small']...
[2026-06-03 02:53:29]   Seeds      : [42, 123, 456]
[2026-06-03 02:53:29]   Settings   : ['iid', 'noniid']
[2026-06-03 02:53:29] =================================================================
[2026-06-03 02:53:29] 
[2026-06-03 02:53:29] [seed=42]  CENTRAL  dataset=mnist  hetero=uniform
[2026-06-03 02:53:29] Loading MNIST...
[2026-06-03 02:53:29]   -> 60000 train, 10000 test
[2026-06-03 02:53:29] Loading CIFAR-10...
[2026-06-03 02:53:29]   -> 50000 train, 10000 test
[2026-06-03 02:53:29] 
[2026-06-03 02:53:29] =================================================================
[2026-06-03 02:53:29]   Central — IID
[2026-06-03 02:53:29] =================================================================
[2026-06-03 02:53:29]   Round   1/50 | Avg: 0.9887 | Min: 0.9887 | Max: 0.9887
[2026-06-03 02:53:29]   Round   2/50 | Avg: 0.9901 | Min: 0.9901 | Max: 0.9901
[2026-06-03 02:53:29]   Round   3/50 | Avg: 0.9906 | Min: 0.9906 | Max: 0.9906
[2026-06-03 02:53:29]   Round   4/50 | Avg: 0.9808 | Min: 0.9808 | Max: 0.9808
[2026-06-03 02:53:29]   Round   5/50 | Avg: 0.9884 | Min: 0.9884 | Max: 0.9884
[2026-06-03 02:53:29]   Round   6/50 | Avg: 0.9895 | Min: 0.9895 | Max: 0.9895
[2026-06-03 02:53:29]   Round   7/50 | Avg: 0.9896 | Min: 0.9896 | Max: 0.9896
[2026-06-03 02:53:29]   Round   8/50 | Avg: 0.9900 | Min: 0.9900 | Max: 0.9900
[2026-06-03 02:53:29]   Round   9/50 | Avg: 0.9902 | Min: 0.9902 | Max: 0.9902
[2026-06-03 02:53:29]   Round  10/50 | Avg: 0.9875 | Min: 0.9875 | Max: 0.9875
[2026-06-03 02:53:29]   Round  11/50 | Avg: 0.9898 | Min: 0.9898 | Max: 0.9898
[2026-06-03 02:53:29]   Round  12/50 | Avg: 0.9906 | Min: 0.9906 | Max: 0.9906
[2026-06-03 02:53:29]   Round  13/50 | Avg: 0.9905 | Min: 0.9905 | Max: 0.9905
[2026-06-03 02:53:29]   Round  14/50 | Avg: 0.9908 | Min: 0.9908 | Max: 0.9908
[2026-06-03 02:53:29]   Round  15/50 | Avg: 0.9912 | Min: 0.9912 | Max: 0.9912
[2026-06-03 02:53:29]   Round  16/50 | Avg: 0.9874 | Min: 0.9874 | Max: 0.9874
[2026-06-03 02:53:29]   Round  17/50 | Avg: 0.9896 | Min: 0.9896 | Max: 0.9896
[2026-06-03 02:53:29]   Round  18/50 | Avg: 0.9895 | Min: 0.9895 | Max: 0.9895
[2026-06-03 02:53:29]   Round  19/50 | Avg: 0.9884 | Min: 0.9884 | Max: 0.9884
[2026-06-03 02:53:29]   Round  20/50 | Avg: 0.9892 | Min: 0.9892 | Max: 0.9892
[2026-06-03 02:53:29]   Round  21/50 | Avg: 0.9911 | Min: 0.9911 | Max: 0.9911
[2026-06-03 02:53:29]   Round  22/50 | Avg: 0.9915 | Min: 0.9915 | Max: 0.9915
[2026-06-03 02:53:29]   Round  23/50 | Avg: 0.9905 | Min: 0.9905 | Max: 0.9905
[2026-06-03 02:53:29]   Round  24/50 | Avg: 0.9901 | Min: 0.9901 | Max: 0.9901
[2026-06-03 02:53:29]   Round  25/50 | Avg: 0.9896 | Min: 0.9896 | Max: 0.9896
[2026-06-03 02:53:29]   Round  26/50 | Avg: 0.9898 | Min: 0.9898 | Max: 0.9898
[2026-06-03 02:53:29]   Round  27/50 | Avg: 0.9900 | Min: 0.9900 | Max: 0.9900
[2026-06-03 02:53:29]   Round  28/50 | Avg: 0.9895 | Min: 0.9895 | Max: 0.9895
[2026-06-03 02:53:29]   Round  29/50 | Avg: 0.9904 | Min: 0.9904 | Max: 0.9904
[2026-06-03 02:53:29]   Round  30/50 | Avg: 0.9920 | Min: 0.9920 | Max: 0.9920
[2026-06-03 02:53:29]   Round  31/50 | Avg: 0.9883 | Min: 0.9883 | Max: 0.9883
[2026-06-03 02:53:29]   Round  32/50 | Avg: 0.9900 | Min: 0.9900 | Max: 0.9900
[2026-06-03 02:53:29]   Round  33/50 | Avg: 0.9906 | Min: 0.9906 | Max: 0.9906
[2026-06-03 02:53:29]   Round  34/50 | Avg: 0.9898 | Min: 0.9898 | Max: 0.9898
[2026-06-03 02:53:29]   Round  35/50 | Avg: 0.9901 | Min: 0.9901 | Max: 0.9901
[2026-06-03 02:53:29]   Round  36/50 | Avg: 0.9901 | Min: 0.9901 | Max: 0.9901
[2026-06-03 02:53:29]   Round  37/50 | Avg: 0.9908 | Min: 0.9908 | Max: 0.9908
[2026-06-03 02:53:29]   Round  38/50 | Avg: 0.9907 | Min: 0.9907 | Max: 0.9907
[2026-06-03 02:53:29]   Round  39/50 | Avg: 0.9912 | Min: 0.9912 | Max: 0.9912
[2026-06-03 02:53:29]   Round  40/50 | Avg: 0.9903 | Min: 0.9903 | Max: 0.9903
[2026-06-03 02:53:29]   Round  41/50 | Avg: 0.9896 | Min: 0.9896 | Max: 0.9896
[2026-06-03 02:53:29]   Round  42/50 | Avg: 0.9907 | Min: 0.9907 | Max: 0.9907
[2026-06-03 02:53:29]   Round  43/50 | Avg: 0.9902 | Min: 0.9902 | Max: 0.9902
[2026-06-03 02:53:29]   Round  44/50 | Avg: 0.9903 | Min: 0.9903 | Max: 0.9903
[2026-06-03 02:53:29]   Round  45/50 | Avg: 0.9894 | Min: 0.9894 | Max: 0.9894
[2026-06-03 02:53:29]   Round  46/50 | Avg: 0.9903 | Min: 0.9903 | Max: 0.9903
[2026-06-03 02:53:29]   Round  47/50 | Avg: 0.9893 | Min: 0.9893 | Max: 0.9893
[2026-06-03 02:53:29]   Round  48/50 | Avg: 0.9897 | Min: 0.9897 | Max: 0.9897
[2026-06-03 02:53:29]   Round  49/50 | Avg: 0.9922 | Min: 0.9922 | Max: 0.9922
[2026-06-03 02:53:29]   Round  50/50 | Avg: 0.9904 | Min: 0.9904 | Max: 0.9904
[2026-06-03 02:53:29]   Central done.
[2026-06-03 02:53:29] 
[2026-06-03 02:53:29] =================================================================
[2026-06-03 02:53:29]   Central — NONIID
[2026-06-03 02:53:29] =================================================================
[2026-06-03 02:53:29]   Round   1/50 | Avg: 0.9926 | Min: 0.9926 | Max: 0.9926
[2026-06-03 02:53:29]   Round   2/50 | Avg: 0.9915 | Min: 0.9915 | Max: 0.9915
[2026-06-03 02:53:29]   Round   3/50 | Avg: 0.9930 | Min: 0.9930 | Max: 0.9930
[2026-06-03 02:53:29]   Round   4/50 | Avg: 0.9927 | Min: 0.9927 | Max: 0.9927
[2026-06-03 02:53:29]   Round   5/50 | Avg: 0.9926 | Min: 0.9926 | Max: 0.9926
[2026-06-03 02:53:29]   Round   6/50 | Avg: 0.9931 | Min: 0.9931 | Max: 0.9931
[2026-06-03 02:53:29]   Round   7/50 | Avg: 0.9919 | Min: 0.9919 | Max: 0.9919
[2026-06-03 02:53:29]   Round   8/50 | Avg: 0.9918 | Min: 0.9918 | Max: 0.9918
[2026-06-03 02:53:29]   Round   9/50 | Avg: 0.9932 | Min: 0.9932 | Max: 0.9932
[2026-06-03 02:53:29]   Round  10/50 | Avg: 0.9888 | Min: 0.9888 | Max: 0.9888
[2026-06-03 02:53:29]   Round  11/50 | Avg: 0.9922 | Min: 0.9922 | Max: 0.9922
[2026-06-03 02:53:29]   Round  12/50 | Avg: 0.9932 | Min: 0.9932 | Max: 0.9932
[2026-06-03 02:53:29]   Round  13/50 | Avg: 0.9913 | Min: 0.9913 | Max: 0.9913
[2026-06-03 02:53:29]   Round  14/50 | Avg: 0.9933 | Min: 0.9933 | Max: 0.9933
[2026-06-03 02:53:29]   Round  15/50 | Avg: 0.9931 | Min: 0.9931 | Max: 0.9931
[2026-06-03 02:53:29]   Round  16/50 | Avg: 0.9926 | Min: 0.9926 | Max: 0.9926
[2026-06-03 02:53:29]   Round  17/50 | Avg: 0.9935 | Min: 0.9935 | Max: 0.9935
[2026-06-03 02:53:29]   Round  18/50 | Avg: 0.9931 | Min: 0.9931 | Max: 0.9931
[2026-06-03 02:53:29]   Round  19/50 | Avg: 0.9933 | Min: 0.9933 | Max: 0.9933
[2026-06-03 02:53:29]   Round  20/50 | Avg: 0.9931 | Min: 0.9931 | Max: 0.9931
[2026-06-03 02:53:29]   Round  21/50 | Avg: 0.9938 | Min: 0.9938 | Max: 0.9938
[2026-06-03 02:53:29]   Round  22/50 | Avg: 0.9920 | Min: 0.9920 | Max: 0.9920
[2026-06-03 02:53:29]   Round  23/50 | Avg: 0.9924 | Min: 0.9924 | Max: 0.9924
[2026-06-03 02:53:29]   Round  24/50 | Avg: 0.9939 | Min: 0.9939 | Max: 0.9939
[2026-06-03 02:53:29]   Round  25/50 | Avg: 0.9940 | Min: 0.9940 | Max: 0.9940
[2026-06-03 02:53:29]   Round  26/50 | Avg: 0.9932 | Min: 0.9932 | Max: 0.9932
[2026-06-03 02:53:29]   Round  27/50 | Avg: 0.9935 | Min: 0.9935 | Max: 0.9935
[2026-06-03 02:53:29]   Round  28/50 | Avg: 0.9940 | Min: 0.9940 | Max: 0.9940
[2026-06-03 02:53:29]   Round  29/50 | Avg: 0.9933 | Min: 0.9933 | Max: 0.9933
[2026-06-03 02:53:29]   Round  30/50 | Avg: 0.9939 | Min: 0.9939 | Max: 0.9939
[2026-06-03 02:53:29]   Round  31/50 | Avg: 0.9929 | Min: 0.9929 | Max: 0.9929
[2026-06-03 02:53:29]   Round  32/50 | Avg: 0.9938 | Min: 0.9938 | Max: 0.9938
[2026-06-03 02:53:29]   Round  33/50 | Avg: 0.9930 | Min: 0.9930 | Max: 0.9930
[2026-06-03 02:53:29]   Round  34/50 | Avg: 0.9937 | Min: 0.9937 | Max: 0.9937
[2026-06-03 02:53:29]   Round  35/50 | Avg: 0.9938 | Min: 0.9938 | Max: 0.9938
[2026-06-03 02:53:29]   Round  36/50 | Avg: 0.9941 | Min: 0.9941 | Max: 0.9941
[2026-06-03 02:53:29]   Round  37/50 | Avg: 0.9924 | Min: 0.9924 | Max: 0.9924
[2026-06-03 02:53:29]   Round  38/50 | Avg: 0.9941 | Min: 0.9941 | Max: 0.9941
[2026-06-03 02:53:29]   Round  39/50 | Avg: 0.9938 | Min: 0.9938 | Max: 0.9938
[2026-06-03 02:53:29]   Round  40/50 | Avg: 0.9931 | Min: 0.9931 | Max: 0.9931
[2026-06-03 02:53:29]   Round  41/50 | Avg: 0.9940 | Min: 0.9940 | Max: 0.9940
[2026-06-03 02:53:29]   Round  42/50 | Avg: 0.9940 | Min: 0.9940 | Max: 0.9940
[2026-06-03 02:53:29]   Round  43/50 | Avg: 0.9935 | Min: 0.9935 | Max: 0.9935
[2026-06-03 02:53:29]   Round  44/50 | Avg: 0.9938 | Min: 0.9938 | Max: 0.9938
[2026-06-03 02:53:29]   Round  45/50 | Avg: 0.9938 | Min: 0.9938 | Max: 0.9938
[2026-06-03 02:53:29]   Round  46/50 | Avg: 0.9940 | Min: 0.9940 | Max: 0.9940
[2026-06-03 02:53:29]   Round  47/50 | Avg: 0.9932 | Min: 0.9932 | Max: 0.9932
[2026-06-03 02:53:29]   Round  48/50 | Avg: 0.9941 | Min: 0.9941 | Max: 0.9941
[2026-06-03 02:53:29]   Round  49/50 | Avg: 0.9939 | Min: 0.9939 | Max: 0.9939
[2026-06-03 02:53:29]   Round  50/50 | Avg: 0.9938 | Min: 0.9938 | Max: 0.9938
[2026-06-03 02:53:29]   Central done.
[2026-06-03 02:53:29] 
[2026-06-03 02:53:29] [seed=123]  CENTRAL  dataset=mnist  hetero=uniform
[2026-06-03 02:53:29] Loading MNIST...
[2026-06-03 02:53:29]   -> 60000 train, 10000 test
[2026-06-03 02:53:29] Loading CIFAR-10...
[2026-06-03 02:53:29]   -> 50000 train, 10000 test
[2026-06-03 02:53:29] 
[2026-06-03 02:53:29] =================================================================
[2026-06-03 02:53:29]   Central — IID
[2026-06-03 02:53:29] =================================================================
[2026-06-03 02:53:29]   Round   1/50 | Avg: 0.9886 | Min: 0.9886 | Max: 0.9886
[2026-06-03 02:53:29]   Round   2/50 | Avg: 0.9889 | Min: 0.9889 | Max: 0.9889
[2026-06-03 02:53:29]   Round   3/50 | Avg: 0.9903 | Min: 0.9903 | Max: 0.9903
[2026-06-03 02:53:29]   Round   4/50 | Avg: 0.9905 | Min: 0.9905 | Max: 0.9905
[2026-06-03 02:53:29]   Round   5/50 | Avg: 0.9896 | Min: 0.9896 | Max: 0.9896
[2026-06-03 02:53:29]   Round   6/50 | Avg: 0.9864 | Min: 0.9864 | Max: 0.9864
[2026-06-03 02:53:29]   Round   7/50 | Avg: 0.9880 | Min: 0.9880 | Max: 0.9880
[2026-06-03 02:53:29]   Round   8/50 | Avg: 0.9898 | Min: 0.9898 | Max: 0.9898
[2026-06-03 02:53:29]   Round   9/50 | Avg: 0.9884 | Min: 0.9884 | Max: 0.9884
[2026-06-03 02:53:29]   Round  10/50 | Avg: 0.9900 | Min: 0.9900 | Max: 0.9900
[2026-06-03 02:53:29]   Round  11/50 | Avg: 0.9890 | Min: 0.9890 | Max: 0.9890
[2026-06-03 02:53:29]   Round  12/50 | Avg: 0.9903 | Min: 0.9903 | Max: 0.9903
[2026-06-03 02:53:29]   Round  13/50 | Avg: 0.9894 | Min: 0.9894 | Max: 0.9894
[2026-06-03 02:53:29]   Round  14/50 | Avg: 0.9904 | Min: 0.9904 | Max: 0.9904
[2026-06-03 02:53:29]   Round  15/50 | Avg: 0.9883 | Min: 0.9883 | Max: 0.9883
[2026-06-03 02:53:29]   Round  16/50 | Avg: 0.9906 | Min: 0.9906 | Max: 0.9906
[2026-06-03 02:53:29]   Round  17/50 | Avg: 0.9908 | Min: 0.9908 | Max: 0.9908
[2026-06-03 02:53:29]   Round  18/50 | Avg: 0.9904 | Min: 0.9904 | Max: 0.9904
[2026-06-03 02:53:29]   Round  19/50 | Avg: 0.9885 | Min: 0.9885 | Max: 0.9885
[2026-06-03 02:53:29]   Round  20/50 | Avg: 0.9904 | Min: 0.9904 | Max: 0.9904
[2026-06-03 02:53:29]   Round  21/50 | Avg: 0.9851 | Min: 0.9851 | Max: 0.9851
[2026-06-03 02:53:29]   Round  22/50 | Avg: 0.9898 | Min: 0.9898 | Max: 0.9898
[2026-06-03 02:53:29]   Round  23/50 | Avg: 0.9879 | Min: 0.9879 | Max: 0.9879
[2026-06-03 02:53:29]   Round  24/50 | Avg: 0.9908 | Min: 0.9908 | Max: 0.9908
[2026-06-03 02:53:29]   Round  25/50 | Avg: 0.9888 | Min: 0.9888 | Max: 0.9888
[2026-06-03 02:53:29]   Round  26/50 | Avg: 0.9859 | Min: 0.9859 | Max: 0.9859
[2026-06-03 02:53:29]   Round  27/50 | Avg: 0.9906 | Min: 0.9906 | Max: 0.9906
[2026-06-03 02:53:29]   Round  28/50 | Avg: 0.9894 | Min: 0.9894 | Max: 0.9894
[2026-06-03 02:53:29]   Round  29/50 | Avg: 0.9886 | Min: 0.9886 | Max: 0.9886
[2026-06-03 02:53:29]   Round  30/50 | Avg: 0.9881 | Min: 0.9881 | Max: 0.9881
[2026-06-03 02:53:29]   Round  31/50 | Avg: 0.9892 | Min: 0.9892 | Max: 0.9892
[2026-06-03 02:53:29]   Round  32/50 | Avg: 0.9893 | Min: 0.9893 | Max: 0.9893
[2026-06-03 02:53:29]   Round  33/50 | Avg: 0.9897 | Min: 0.9897 | Max: 0.9897
[2026-06-03 02:53:29]   Round  34/50 | Avg: 0.9904 | Min: 0.9904 | Max: 0.9904
[2026-06-03 02:53:29]   Round  35/50 | Avg: 0.9900 | Min: 0.9900 | Max: 0.9900
[2026-06-03 02:53:29]   Round  36/50 | Avg: 0.9909 | Min: 0.9909 | Max: 0.9909
[2026-06-03 02:53:29]   Round  37/50 | Avg: 0.9905 | Min: 0.9905 | Max: 0.9905
[2026-06-03 02:53:29]   Round  38/50 | Avg: 0.9909 | Min: 0.9909 | Max: 0.9909
[2026-06-03 02:53:29]   Round  39/50 | Avg: 0.9890 | Min: 0.9890 | Max: 0.9890
[2026-06-03 02:53:29]   Round  40/50 | Avg: 0.9903 | Min: 0.9903 | Max: 0.9903
[2026-06-03 02:53:29]   Round  41/50 | Avg: 0.9906 | Min: 0.9906 | Max: 0.9906
[2026-06-03 02:53:29]   Round  42/50 | Avg: 0.9899 | Min: 0.9899 | Max: 0.9899
[2026-06-03 02:53:29]   Round  43/50 | Avg: 0.9884 | Min: 0.9884 | Max: 0.9884
[2026-06-03 02:53:29]   Round  44/50 | Avg: 0.9893 | Min: 0.9893 | Max: 0.9893
[2026-06-03 02:53:29]   Round  45/50 | Avg: 0.9878 | Min: 0.9878 | Max: 0.9878
[2026-06-03 02:53:29]   Round  46/50 | Avg: 0.9892 | Min: 0.9892 | Max: 0.9892
[2026-06-03 02:53:29]   Round  47/50 | Avg: 0.9902 | Min: 0.9902 | Max: 0.9902
[2026-06-03 02:53:29]   Round  48/50 | Avg: 0.9887 | Min: 0.9887 | Max: 0.9887
[2026-06-03 02:53:29]   Round  49/50 | Avg: 0.9901 | Min: 0.9901 | Max: 0.9901
[2026-06-03 02:53:29]   Round  50/50 | Avg: 0.9900 | Min: 0.9900 | Max: 0.9900
[2026-06-03 02:53:29]   Central done.
[2026-06-03 02:53:29] 
[2026-06-03 02:53:29] =================================================================
[2026-06-03 02:53:29]   Central — NONIID
[2026-06-03 02:53:29] =================================================================
[2026-06-03 02:53:29]   Round   1/50 | Avg: 0.9905 | Min: 0.9905 | Max: 0.9905
[2026-06-03 02:53:29]   Round   2/50 | Avg: 0.9920 | Min: 0.9920 | Max: 0.9920
[2026-06-03 02:53:29]   Round   3/50 | Avg: 0.9917 | Min: 0.9917 | Max: 0.9917
[2026-06-03 02:53:29]   Round   4/50 | Avg: 0.9923 | Min: 0.9923 | Max: 0.9923
[2026-06-03 02:53:29]   Round   5/50 | Avg: 0.9922 | Min: 0.9922 | Max: 0.9922
[2026-06-03 02:53:29]   Round   6/50 | Avg: 0.9923 | Min: 0.9923 | Max: 0.9923
[2026-06-03 02:53:29]   Round   7/50 | Avg: 0.9938 | Min: 0.9938 | Max: 0.9938
[2026-06-03 02:53:29]   Round   8/50 | Avg: 0.9929 | Min: 0.9929 | Max: 0.9929
[2026-06-03 02:53:29]   Round   9/50 | Avg: 0.9919 | Min: 0.9919 | Max: 0.9919
[2026-06-03 02:53:29]   Round  10/50 | Avg: 0.9912 | Min: 0.9912 | Max: 0.9912
[2026-06-03 02:53:29]   Round  11/50 | Avg: 0.9932 | Min: 0.9932 | Max: 0.9932
[2026-06-03 02:53:29]   Round  12/50 | Avg: 0.9931 | Min: 0.9931 | Max: 0.9931
[2026-06-03 02:53:29]   Round  13/50 | Avg: 0.9922 | Min: 0.9922 | Max: 0.9922
[2026-06-03 02:53:29]   Round  14/50 | Avg: 0.9903 | Min: 0.9903 | Max: 0.9903
[2026-06-03 02:53:29]   Round  15/50 | Avg: 0.9933 | Min: 0.9933 | Max: 0.9933
[2026-06-03 02:53:29]   Round  16/50 | Avg: 0.9919 | Min: 0.9919 | Max: 0.9919
[2026-06-03 02:53:29]   Round  17/50 | Avg: 0.9927 | Min: 0.9927 | Max: 0.9927
[2026-06-03 02:53:29]   Round  18/50 | Avg: 0.9929 | Min: 0.9929 | Max: 0.9929
[2026-06-03 02:53:29]   Round  19/50 | Avg: 0.9929 | Min: 0.9929 | Max: 0.9929
[2026-06-03 02:53:29]   Round  20/50 | Avg: 0.9935 | Min: 0.9935 | Max: 0.9935
[2026-06-03 02:53:29]   Round  21/50 | Avg: 0.9932 | Min: 0.9932 | Max: 0.9932
[2026-06-03 02:53:29]   Round  22/50 | Avg: 0.9919 | Min: 0.9919 | Max: 0.9919
[2026-06-03 02:53:29]   Round  23/50 | Avg: 0.9923 | Min: 0.9923 | Max: 0.9923
[2026-06-03 02:53:29]   Round  24/50 | Avg: 0.9940 | Min: 0.9940 | Max: 0.9940
[2026-06-03 02:53:29]   Round  25/50 | Avg: 0.9935 | Min: 0.9935 | Max: 0.9935
[2026-06-03 02:53:29]   Round  26/50 | Avg: 0.9915 | Min: 0.9915 | Max: 0.9915
[2026-06-03 02:53:29]   Round  27/50 | Avg: 0.9934 | Min: 0.9934 | Max: 0.9934
[2026-06-03 02:53:29]   Round  28/50 | Avg: 0.9929 | Min: 0.9929 | Max: 0.9929
[2026-06-03 02:53:29]   Round  29/50 | Avg: 0.9915 | Min: 0.9915 | Max: 0.9915
[2026-06-03 02:53:29]   Round  30/50 | Avg: 0.9926 | Min: 0.9926 | Max: 0.9926
[2026-06-03 02:53:29]   Round  31/50 | Avg: 0.9932 | Min: 0.9932 | Max: 0.9932
[2026-06-03 02:53:29]   Round  32/50 | Avg: 0.9924 | Min: 0.9924 | Max: 0.9924
[2026-06-03 02:53:29]   Round  33/50 | Avg: 0.9929 | Min: 0.9929 | Max: 0.9929
[2026-06-03 02:53:29]   Round  34/50 | Avg: 0.9942 | Min: 0.9942 | Max: 0.9942
[2026-06-03 02:53:29]   Round  35/50 | Avg: 0.9935 | Min: 0.9935 | Max: 0.9935
[2026-06-03 02:53:29]   Round  36/50 | Avg: 0.9940 | Min: 0.9940 | Max: 0.9940
[2026-06-03 02:53:29]   Round  37/50 | Avg: 0.9938 | Min: 0.9938 | Max: 0.9938
[2026-06-03 02:53:29]   Round  38/50 | Avg: 0.9930 | Min: 0.9930 | Max: 0.9930
[2026-06-03 02:53:29]   Round  39/50 | Avg: 0.9938 | Min: 0.9938 | Max: 0.9938
[2026-06-03 02:53:29]   Round  40/50 | Avg: 0.9934 | Min: 0.9934 | Max: 0.9934
[2026-06-03 02:53:29]   Round  41/50 | Avg: 0.9912 | Min: 0.9912 | Max: 0.9912
[2026-06-03 02:53:29]   Round  42/50 | Avg: 0.9936 | Min: 0.9936 | Max: 0.9936
[2026-06-03 02:53:29]   Round  43/50 | Avg: 0.9935 | Min: 0.9935 | Max: 0.9935
[2026-06-03 02:53:29]   Round  44/50 | Avg: 0.9936 | Min: 0.9936 | Max: 0.9936
[2026-06-03 02:53:29]   Round  45/50 | Avg: 0.9937 | Min: 0.9937 | Max: 0.9937
[2026-06-03 02:53:29]   Round  46/50 | Avg: 0.9942 | Min: 0.9942 | Max: 0.9942
[2026-06-03 02:53:29]   Round  47/50 | Avg: 0.9920 | Min: 0.9920 | Max: 0.9920
[2026-06-03 02:53:29]   Round  48/50 | Avg: 0.9928 | Min: 0.9928 | Max: 0.9928
[2026-06-03 02:53:29]   Round  49/50 | Avg: 0.9936 | Min: 0.9936 | Max: 0.9936
[2026-06-03 02:53:29]   Round  50/50 | Avg: 0.9936 | Min: 0.9936 | Max: 0.9936
[2026-06-03 02:53:29]   Central done.
[2026-06-03 02:53:29] 
[2026-06-03 02:53:29] [seed=456]  CENTRAL  dataset=mnist  hetero=uniform
[2026-06-03 02:53:29] Loading MNIST...
[2026-06-03 02:53:29]   -> 60000 train, 10000 test
[2026-06-03 02:53:29] Loading CIFAR-10...
[2026-06-03 02:53:29]   -> 50000 train, 10000 test
[2026-06-03 02:53:29] 
[2026-06-03 02:53:29] =================================================================
[2026-06-03 02:53:29]   Central — IID
[2026-06-03 02:53:29] =================================================================
[2026-06-03 02:53:29]   Round   1/50 | Avg: 0.9893 | Min: 0.9893 | Max: 0.9893
[2026-06-03 02:53:29]   Round   2/50 | Avg: 0.9889 | Min: 0.9889 | Max: 0.9889
[2026-06-03 02:53:29]   Round   3/50 | Avg: 0.9916 | Min: 0.9916 | Max: 0.9916
[2026-06-03 02:53:29]   Round   4/50 | Avg: 0.9889 | Min: 0.9889 | Max: 0.9889
[2026-06-03 02:53:29]   Round   5/50 | Avg: 0.9915 | Min: 0.9915 | Max: 0.9915
[2026-06-03 02:53:29]   Round   6/50 | Avg: 0.9894 | Min: 0.9894 | Max: 0.9894
[2026-06-03 02:53:29]   Round   7/50 | Avg: 0.9920 | Min: 0.9920 | Max: 0.9920
[2026-06-03 02:53:29]   Round   8/50 | Avg: 0.9880 | Min: 0.9880 | Max: 0.9880
[2026-06-03 02:53:29]   Round   9/50 | Avg: 0.9853 | Min: 0.9853 | Max: 0.9853
[2026-06-03 02:53:29]   Round  10/50 | Avg: 0.9898 | Min: 0.9898 | Max: 0.9898
[2026-06-03 02:53:29]   Round  11/50 | Avg: 0.9922 | Min: 0.9922 | Max: 0.9922
[2026-06-03 02:53:29]   Round  12/50 | Avg: 0.9894 | Min: 0.9894 | Max: 0.9894
[2026-06-03 02:53:29]   Round  13/50 | Avg: 0.9902 | Min: 0.9902 | Max: 0.9902
[2026-06-03 02:53:29]   Round  14/50 | Avg: 0.9890 | Min: 0.9890 | Max: 0.9890
[2026-06-03 02:53:29]   Round  15/50 | Avg: 0.9888 | Min: 0.9888 | Max: 0.9888
[2026-06-03 02:53:29]   Round  16/50 | Avg: 0.9868 | Min: 0.9868 | Max: 0.9868
[2026-06-03 02:53:29]   Round  17/50 | Avg: 0.9871 | Min: 0.9871 | Max: 0.9871
[2026-06-03 02:53:29]   Round  18/50 | Avg: 0.9903 | Min: 0.9903 | Max: 0.9903
[2026-06-03 02:53:29]   Round  19/50 | Avg: 0.9911 | Min: 0.9911 | Max: 0.9911
[2026-06-03 02:53:29]   Round  20/50 | Avg: 0.9910 | Min: 0.9910 | Max: 0.9910
[2026-06-03 02:53:29]   Round  21/50 | Avg: 0.9909 | Min: 0.9909 | Max: 0.9909
[2026-06-03 02:53:29]   Round  22/50 | Avg: 0.9900 | Min: 0.9900 | Max: 0.9900
[2026-06-03 02:53:29]   Round  23/50 | Avg: 0.9889 | Min: 0.9889 | Max: 0.9889
[2026-06-03 02:53:29]   Round  24/50 | Avg: 0.9906 | Min: 0.9906 | Max: 0.9906
[2026-06-03 02:53:29]   Round  25/50 | Avg: 0.9893 | Min: 0.9893 | Max: 0.9893
[2026-06-03 02:53:29]   Round  26/50 | Avg: 0.9886 | Min: 0.9886 | Max: 0.9886
[2026-06-03 02:53:29]   Round  27/50 | Avg: 0.9904 | Min: 0.9904 | Max: 0.9904
[2026-06-03 02:53:29]   Round  28/50 | Avg: 0.9905 | Min: 0.9905 | Max: 0.9905
[2026-06-03 02:53:29]   Round  29/50 | Avg: 0.9902 | Min: 0.9902 | Max: 0.9902
[2026-06-03 02:53:29]   Round  30/50 | Avg: 0.9898 | Min: 0.9898 | Max: 0.9898
[2026-06-03 02:53:29]   Round  31/50 | Avg: 0.9912 | Min: 0.9912 | Max: 0.9912
[2026-06-03 02:53:29]   Round  32/50 | Avg: 0.9900 | Min: 0.9900 | Max: 0.9900
[2026-06-03 02:53:29]   Round  33/50 | Avg: 0.9908 | Min: 0.9908 | Max: 0.9908
[2026-06-03 02:53:29]   Round  34/50 | Avg: 0.9895 | Min: 0.9895 | Max: 0.9895
[2026-06-03 02:53:29]   Round  35/50 | Avg: 0.9914 | Min: 0.9914 | Max: 0.9914
[2026-06-03 02:53:29]   Round  36/50 | Avg: 0.9902 | Min: 0.9902 | Max: 0.9902
[2026-06-03 02:53:29]   Round  37/50 | Avg: 0.9902 | Min: 0.9902 | Max: 0.9902
[2026-06-03 02:53:29]   Round  38/50 | Avg: 0.9918 | Min: 0.9918 | Max: 0.9918
[2026-06-03 02:53:29]   Round  39/50 | Avg: 0.9906 | Min: 0.9906 | Max: 0.9906
[2026-06-03 02:53:29]   Round  40/50 | Avg: 0.9902 | Min: 0.9902 | Max: 0.9902
[2026-06-03 02:53:29]   Round  41/50 | Avg: 0.9918 | Min: 0.9918 | Max: 0.9918
[2026-06-03 02:53:29]   Round  42/50 | Avg: 0.9921 | Min: 0.9921 | Max: 0.9921
[2026-06-03 02:53:29]   Round  43/50 | Avg: 0.9909 | Min: 0.9909 | Max: 0.9909
[2026-06-03 02:53:29]   Round  44/50 | Avg: 0.9912 | Min: 0.9912 | Max: 0.9912
[2026-06-03 02:53:29]   Round  45/50 | Avg: 0.9912 | Min: 0.9912 | Max: 0.9912
[2026-06-03 02:53:29]   Round  46/50 | Avg: 0.9923 | Min: 0.9923 | Max: 0.9923
[2026-06-03 02:53:29]   Round  47/50 | Avg: 0.9901 | Min: 0.9901 | Max: 0.9901
[2026-06-03 02:53:29]   Round  48/50 | Avg: 0.9904 | Min: 0.9904 | Max: 0.9904
[2026-06-03 02:53:29]   Round  49/50 | Avg: 0.9911 | Min: 0.9911 | Max: 0.9911
[2026-06-03 02:53:29]   Round  50/50 | Avg: 0.9880 | Min: 0.9880 | Max: 0.9880
[2026-06-03 02:53:29]   Central done.
[2026-06-03 02:53:29] 
[2026-06-03 02:53:29] =================================================================
[2026-06-03 02:53:29]   Central — NONIID
[2026-06-03 02:53:29] =================================================================
[2026-06-03 02:53:29]   Round   1/50 | Avg: 0.9914 | Min: 0.9914 | Max: 0.9914
[2026-06-03 02:53:29]   Round   2/50 | Avg: 0.9918 | Min: 0.9918 | Max: 0.9918
[2026-06-03 02:53:29]   Round   3/50 | Avg: 0.9923 | Min: 0.9923 | Max: 0.9923
[2026-06-03 02:53:29]   Round   4/50 | Avg: 0.9929 | Min: 0.9929 | Max: 0.9929
[2026-06-03 02:53:29]   Round   5/50 | Avg: 0.9909 | Min: 0.9909 | Max: 0.9909
[2026-06-03 02:53:29]   Round   6/50 | Avg: 0.9941 | Min: 0.9941 | Max: 0.9941
[2026-06-03 02:53:29]   Round   7/50 | Avg: 0.9923 | Min: 0.9923 | Max: 0.9923
[2026-06-03 02:53:29]   Round   8/50 | Avg: 0.9934 | Min: 0.9934 | Max: 0.9934
[2026-06-03 02:53:29]   Round   9/50 | Avg: 0.9925 | Min: 0.9925 | Max: 0.9925
[2026-06-03 02:53:29]   Round  10/50 | Avg: 0.9917 | Min: 0.9917 | Max: 0.9917
[2026-06-03 02:53:29]   Round  11/50 | Avg: 0.9928 | Min: 0.9928 | Max: 0.9928
[2026-06-03 02:53:29]   Round  12/50 | Avg: 0.9919 | Min: 0.9919 | Max: 0.9919
[2026-06-03 02:53:29]   Round  13/50 | Avg: 0.9921 | Min: 0.9921 | Max: 0.9921
[2026-06-03 02:53:29]   Round  14/50 | Avg: 0.9930 | Min: 0.9930 | Max: 0.9930
[2026-06-03 02:53:29]   Round  15/50 | Avg: 0.9933 | Min: 0.9933 | Max: 0.9933
[2026-06-03 02:53:29]   Round  16/50 | Avg: 0.9917 | Min: 0.9917 | Max: 0.9917
[2026-06-03 02:53:29]   Round  17/50 | Avg: 0.9929 | Min: 0.9929 | Max: 0.9929
[2026-06-03 02:53:29]   Round  18/50 | Avg: 0.9931 | Min: 0.9931 | Max: 0.9931
[2026-06-03 02:53:29]   Round  19/50 | Avg: 0.9935 | Min: 0.9935 | Max: 0.9935
[2026-06-03 02:53:29]   Round  20/50 | Avg: 0.9922 | Min: 0.9922 | Max: 0.9922
[2026-06-03 02:53:29]   Round  21/50 | Avg: 0.9934 | Min: 0.9934 | Max: 0.9934
[2026-06-03 02:53:29]   Round  22/50 | Avg: 0.9927 | Min: 0.9927 | Max: 0.9927
[2026-06-03 02:53:29]   Round  23/50 | Avg: 0.9940 | Min: 0.9940 | Max: 0.9940
[2026-06-03 02:53:29]   Round  24/50 | Avg: 0.9932 | Min: 0.9932 | Max: 0.9932
[2026-06-03 02:53:29]   Round  25/50 | Avg: 0.9943 | Min: 0.9943 | Max: 0.9943
[2026-06-03 02:53:29]   Round  26/50 | Avg: 0.9911 | Min: 0.9911 | Max: 0.9911
[2026-06-03 02:53:29]   Round  27/50 | Avg: 0.9923 | Min: 0.9923 | Max: 0.9923
[2026-06-03 02:53:29]   Round  28/50 | Avg: 0.9918 | Min: 0.9918 | Max: 0.9918
[2026-06-03 02:53:29]   Round  29/50 | Avg: 0.9923 | Min: 0.9923 | Max: 0.9923
[2026-06-03 02:53:29]   Round  30/50 | Avg: 0.9927 | Min: 0.9927 | Max: 0.9927
[2026-06-03 02:53:29]   Round  31/50 | Avg: 0.9935 | Min: 0.9935 | Max: 0.9935
[2026-06-03 02:53:29]   Round  32/50 | Avg: 0.9945 | Min: 0.9945 | Max: 0.9945
[2026-06-03 02:53:29]   Round  33/50 | Avg: 0.9940 | Min: 0.9940 | Max: 0.9940
[2026-06-03 02:53:29]   Round  34/50 | Avg: 0.9933 | Min: 0.9933 | Max: 0.9933
[2026-06-03 02:53:29]   Round  35/50 | Avg: 0.9936 | Min: 0.9936 | Max: 0.9936
[2026-06-03 02:53:29]   Round  36/50 | Avg: 0.9935 | Min: 0.9935 | Max: 0.9935
[2026-06-03 02:53:29]   Round  37/50 | Avg: 0.9925 | Min: 0.9925 | Max: 0.9925
[2026-06-03 02:53:29]   Round  38/50 | Avg: 0.9931 | Min: 0.9931 | Max: 0.9931
[2026-06-03 02:53:29]   Round  39/50 | Avg: 0.9935 | Min: 0.9935 | Max: 0.9935
[2026-06-03 02:53:29]   Round  40/50 | Avg: 0.9938 | Min: 0.9938 | Max: 0.9938
[2026-06-03 02:53:29]   Round  41/50 | Avg: 0.9929 | Min: 0.9929 | Max: 0.9929
[2026-06-03 02:53:29]   Round  42/50 | Avg: 0.9944 | Min: 0.9944 | Max: 0.9944
[2026-06-03 02:53:29]   Round  43/50 | Avg: 0.9918 | Min: 0.9918 | Max: 0.9918
[2026-06-03 02:53:29]   Round  44/50 | Avg: 0.9925 | Min: 0.9925 | Max: 0.9925
[2026-06-03 02:53:29]   Round  45/50 | Avg: 0.9927 | Min: 0.9927 | Max: 0.9927
[2026-06-03 02:53:29]   Round  46/50 | Avg: 0.9929 | Min: 0.9929 | Max: 0.9929
[2026-06-03 02:53:29]   Round  47/50 | Avg: 0.9932 | Min: 0.9932 | Max: 0.9932
[2026-06-03 02:53:29]   Round  48/50 | Avg: 0.9939 | Min: 0.9939 | Max: 0.9939
[2026-06-03 02:53:29]   Round  49/50 | Avg: 0.9939 | Min: 0.9939 | Max: 0.9939
[2026-06-03 02:53:29]   Round  50/50 | Avg: 0.9912 | Min: 0.9912 | Max: 0.9912
[2026-06-03 02:53:29]   Central done.
[2026-06-03 02:53:29]   Saved final_ci_mnist_uniform.png
[2026-06-03 02:53:29]   Saved per_client_mnist_uniform.png
[2026-06-03 02:53:29] 
[2026-06-03 02:53:29] =================================================================
[2026-06-03 02:53:29]   All experiments complete.
[2026-06-03 02:53:29]   Results  ->  /home/gad/Desktop/HomeSenseKD/results/phase1
[2026-06-03 02:53:29]   Figures  ->  /home/gad/Desktop/HomeSenseKD/results/phase1/figures
[2026-06-03 02:53:29] =================================================================
[2026-06-03 02:53:29] ============================================================
[2026-06-03 02:53:29]   JOB DONE    : mnist_central_uniform  (exit 0)
[2026-06-03 02:53:29]   Full log    : /home/gad/Desktop/HomeSenseKD/logs/phase1/mnist_central_uniform.log
[2026-06-03 02:53:29] ============================================================
