[2026-05-30 22:50:36] ============================================================
[2026-05-30 22:50:36]   JOB START   : mnist_fedmd_uniform
[2026-05-30 22:50:36]   PID         : 3467995
[2026-05-30 22:50:36]   Log         : /home/gad/Desktop/HomeSenseKD/logs/phase1/mnist_fedmd_uniform.log
[2026-05-30 22:50:36]   Results dir : /home/gad/Desktop/HomeSenseKD/results/phase1
[2026-05-30 22:50:36]   Fig dir     : /home/gad/Desktop/HomeSenseKD/results/phase1/figures
[2026-05-30 22:50:36]   Cmd         : /home/gad/Desktop/HomeSenseKD/myenv/bin/python /home/gad/Desktop/HomeSenseKD/run_fedkd.py \
[2026-05-30 22:50:36]                   --config /home/gad/Desktop/HomeSenseKD/config/mnist.yaml \
[2026-05-30 22:50:36]                   --algorithm fedmd --heterogeneity uniform \
[2026-05-30 22:50:36]                   --override experiment.results_dir=/home/gad/Desktop/HomeSenseKD/results/phase1 \
[2026-05-30 22:50:36]                              experiment.fig_dir=/home/gad/Desktop/HomeSenseKD/results/phase1/figures
[2026-05-30 22:50:36] ============================================================
[2026-05-31 16:14:24] ============================================================
[2026-05-31 16:14:24]   JOB START   : mnist_fedmd_uniform
[2026-05-31 16:14:24]   PID         : 578731
[2026-05-31 16:14:24]   Log         : /home/gad/Desktop/HomeSenseKD/logs/phase1/mnist_fedmd_uniform.log
[2026-05-31 16:14:24]   Results dir : /home/gad/Desktop/HomeSenseKD/results/phase1
[2026-05-31 16:14:24]   Fig dir     : /home/gad/Desktop/HomeSenseKD/results/phase1/figures
[2026-05-31 16:14:24]   Cmd         : /home/gad/Desktop/HomeSenseKD/myenv/bin/python /home/gad/Desktop/HomeSenseKD/run_fedkd.py \
[2026-05-31 16:14:24]                   --config /home/gad/Desktop/HomeSenseKD/config/mnist.yaml \
[2026-05-31 16:14:24]                   --algorithm fedmd --heterogeneity uniform \
[2026-05-31 16:14:24]                   --override experiment.results_dir=/home/gad/Desktop/HomeSenseKD/results/phase1 \
[2026-05-31 16:14:24]                              experiment.fig_dir=/home/gad/Desktop/HomeSenseKD/results/phase1/figures
[2026-05-31 16:14:24] ============================================================
