[2026-05-31 16:14:24] ============================================================
[2026-05-31 16:14:24]   JOB START   : mnist_fedavg_uniform
[2026-05-31 16:14:24]   PID         : 578748
[2026-05-31 16:14:24]   Log         : /home/gad/Desktop/HomeSenseKD/logs/phase1/mnist_fedavg_uniform.log
[2026-05-31 16:14:24]   Results dir : /home/gad/Desktop/HomeSenseKD/results/phase1
[2026-05-31 16:14:24]   Fig dir     : /home/gad/Desktop/HomeSenseKD/results/phase1/figures
[2026-05-31 16:14:24]   Cmd         : /home/gad/Desktop/HomeSenseKD/myenv/bin/python /home/gad/Desktop/HomeSenseKD/run_fedkd.py \
[2026-05-31 16:14:24]                   --config /home/gad/Desktop/HomeSenseKD/config/mnist.yaml \
[2026-05-31 16:14:24]                   --algorithm fedavg --heterogeneity uniform \
[2026-05-31 16:14:24]                   --override experiment.results_dir=/home/gad/Desktop/HomeSenseKD/results/phase1 \
[2026-05-31 16:14:24]                              experiment.fig_dir=/home/gad/Desktop/HomeSenseKD/results/phase1/figures
[2026-05-31 16:14:24] ============================================================
[2026-06-01 12:20:16] WARNING: All log messages before absl::InitializeLog() is called are written to STDERR
[2026-06-01 12:20:16] I0000 00:00:1780258465.173577  578775 port.cc:153] oneDNN custom operations are on. You may see slightly different numerical results due to floating-point round-off errors from different computation orders. To turn them off, set the environment variable `TF_ENABLE_ONEDNN_OPTS=0`.
[2026-06-01 12:20:16] I0000 00:00:1780258465.175692  578775 cudart_stub.cc:31] Could not find cuda drivers on your machine, GPU will not be used.
[2026-06-01 12:20:16] I0000 00:00:1780258465.389518  578775 cpu_feature_guard.cc:227] This TensorFlow binary is optimized to use available CPU instructions in performance-critical operations.
[2026-06-01 12:20:16] To enable the following instructions: AVX2 AVX_VNNI FMA, in other operations, rebuild TensorFlow with the appropriate compiler flags.
[2026-06-01 12:20:16] WARNING: All log messages before absl::InitializeLog() is called are written to STDERR
[2026-06-01 12:20:16] I0000 00:00:1780258466.314951  578775 port.cc:153] oneDNN custom operations are on. You may see slightly different numerical results due to floating-point round-off errors from different computation orders. To turn them off, set the environment variable `TF_ENABLE_ONEDNN_OPTS=0`.
[2026-06-01 12:20:16] I0000 00:00:1780258466.316251  578775 cudart_stub.cc:31] Could not find cuda drivers on your machine, GPU will not be used.
[2026-06-01 12:20:16] E0000 00:00:1780258469.660147  578775 cuda_platform.cc:52] failed call to cuInit: INTERNAL: CUDA error: Failed call to cuInit: CUDA_ERROR_NO_DEVICE: no CUDA-capable device is detected
[2026-06-01 12:20:16]   Saved tiers_mnist_uniform.png
[2026-06-01 12:20:16] =================================================================
[2026-06-01 12:20:16]   Dataset    : mnist  (public: cifar10)
[2026-06-01 12:20:16]   Algorithms : ['fedavg']
[2026-06-01 12:20:16]   Heterogen. : uniform  ->  ['small', 'small', 'small', 'small', 'small', 'small']...
[2026-06-01 12:20:16]   Seeds      : [42, 123, 456]
[2026-06-01 12:20:16]   Settings   : ['iid', 'noniid']
[2026-06-01 12:20:16] =================================================================
[2026-06-01 12:20:16] 
[2026-06-01 12:20:16] [seed=42]  FEDAVG  dataset=mnist  hetero=uniform
[2026-06-01 12:20:16] Loading MNIST...
[2026-06-01 12:20:16]   -> 60000 train, 10000 test
[2026-06-01 12:20:16] Loading CIFAR-10...
[2026-06-01 12:20:16]   -> 50000 train, 10000 test
[2026-06-01 12:20:16] 
[2026-06-01 12:20:16] =================================================================
[2026-06-01 12:20:16]   FEDAVG — IID
[2026-06-01 12:20:16] =================================================================
[2026-06-01 12:20:16]   Round   1/50 | Avg: 0.9038 | Min: 0.8857 | Max: 0.9153
[2026-06-01 12:20:16]   Round   2/50 | Avg: 0.8853 | Min: 0.8617 | Max: 0.8953
[2026-06-01 12:20:16]   Round   3/50 | Avg: 0.9045 | Min: 0.8919 | Max: 0.9126
[2026-06-01 12:20:16]   Round   4/50 | Avg: 0.9160 | Min: 0.9002 | Max: 0.9244
[2026-06-01 12:20:16]   Round   5/50 | Avg: 0.9208 | Min: 0.9067 | Max: 0.9304
[2026-06-01 12:20:16]   Round   6/50 | Avg: 0.9294 | Min: 0.9201 | Max: 0.9417
[2026-06-01 12:20:16]   Round   7/50 | Avg: 0.9328 | Min: 0.9258 | Max: 0.9406
[2026-06-01 12:20:16]   Round   8/50 | Avg: 0.9358 | Min: 0.9258 | Max: 0.9444
[2026-06-01 12:20:16]   Round   9/50 | Avg: 0.9392 | Min: 0.9262 | Max: 0.9482
[2026-06-01 12:20:16]   Round  10/50 | Avg: 0.9414 | Min: 0.9319 | Max: 0.9495
[2026-06-01 12:20:16]   Round  11/50 | Avg: 0.9451 | Min: 0.9359 | Max: 0.9533
[2026-06-01 12:20:16]   Round  12/50 | Avg: 0.9464 | Min: 0.9409 | Max: 0.9546
[2026-06-01 12:20:16]   Round  13/50 | Avg: 0.9474 | Min: 0.9364 | Max: 0.9541
[2026-06-01 12:20:16]   Round  14/50 | Avg: 0.9495 | Min: 0.9405 | Max: 0.9551
[2026-06-01 12:20:16]   Round  15/50 | Avg: 0.9517 | Min: 0.9457 | Max: 0.9571
[2026-06-01 12:20:16]   Round  16/50 | Avg: 0.9527 | Min: 0.9445 | Max: 0.9602
[2026-06-01 12:20:16]   Round  17/50 | Avg: 0.9530 | Min: 0.9448 | Max: 0.9590
[2026-06-01 12:20:16]   Round  18/50 | Avg: 0.9566 | Min: 0.9530 | Max: 0.9622
[2026-06-01 12:20:16]   Round  19/50 | Avg: 0.9563 | Min: 0.9514 | Max: 0.9610
[2026-06-01 12:20:16]   Round  20/50 | Avg: 0.9571 | Min: 0.9518 | Max: 0.9627
[2026-06-01 12:20:16]   Round  21/50 | Avg: 0.9579 | Min: 0.9511 | Max: 0.9653
[2026-06-01 12:20:16]   Round  22/50 | Avg: 0.9586 | Min: 0.9514 | Max: 0.9637
[2026-06-01 12:20:16]   Round  23/50 | Avg: 0.9597 | Min: 0.9547 | Max: 0.9654
[2026-06-01 12:20:16]   Round  24/50 | Avg: 0.9599 | Min: 0.9541 | Max: 0.9646
[2026-06-01 12:20:16]   Round  25/50 | Avg: 0.9606 | Min: 0.9557 | Max: 0.9646
[2026-06-01 12:20:16]   Round  26/50 | Avg: 0.9605 | Min: 0.9415 | Max: 0.9655
[2026-06-01 12:20:16]   Round  27/50 | Avg: 0.9622 | Min: 0.9560 | Max: 0.9646
[2026-06-01 12:20:16]   Round  28/50 | Avg: 0.9626 | Min: 0.9569 | Max: 0.9673
[2026-06-01 12:20:16]   Round  29/50 | Avg: 0.9623 | Min: 0.9570 | Max: 0.9658
[2026-06-01 12:20:16]   Round  30/50 | Avg: 0.9624 | Min: 0.9554 | Max: 0.9670
[2026-06-01 12:20:16]   Round  31/50 | Avg: 0.9626 | Min: 0.9582 | Max: 0.9668
[2026-06-01 12:20:16]   Round  32/50 | Avg: 0.9643 | Min: 0.9612 | Max: 0.9678
[2026-06-01 12:20:16]   Round  33/50 | Avg: 0.9645 | Min: 0.9603 | Max: 0.9681
[2026-06-01 12:20:16]   Round  34/50 | Avg: 0.9656 | Min: 0.9623 | Max: 0.9689
[2026-06-01 12:20:16]   Round  35/50 | Avg: 0.9654 | Min: 0.9615 | Max: 0.9693
[2026-06-01 12:20:16]   Round  36/50 | Avg: 0.9657 | Min: 0.9597 | Max: 0.9702
[2026-06-01 12:20:16]   Round  37/50 | Avg: 0.9660 | Min: 0.9591 | Max: 0.9701
[2026-06-01 12:20:16]   Round  38/50 | Avg: 0.9660 | Min: 0.9593 | Max: 0.9693
[2026-06-01 12:20:16]   Round  39/50 | Avg: 0.9667 | Min: 0.9609 | Max: 0.9700
[2026-06-01 12:20:16]   Round  40/50 | Avg: 0.9681 | Min: 0.9637 | Max: 0.9704
[2026-06-01 12:20:16]   Round  41/50 | Avg: 0.9661 | Min: 0.9595 | Max: 0.9701
[2026-06-01 12:20:16]   Round  42/50 | Avg: 0.9682 | Min: 0.9633 | Max: 0.9718
[2026-06-01 12:20:16]   Round  43/50 | Avg: 0.9687 | Min: 0.9651 | Max: 0.9719
[2026-06-01 12:20:16]   Round  44/50 | Avg: 0.9683 | Min: 0.9641 | Max: 0.9712
[2026-06-01 12:20:16]   Round  45/50 | Avg: 0.9693 | Min: 0.9644 | Max: 0.9724
[2026-06-01 12:20:16]   Round  46/50 | Avg: 0.9689 | Min: 0.9648 | Max: 0.9724
[2026-06-01 12:20:16]   Round  47/50 | Avg: 0.9695 | Min: 0.9646 | Max: 0.9725
[2026-06-01 12:20:16]   Round  48/50 | Avg: 0.9694 | Min: 0.9639 | Max: 0.9730
[2026-06-01 12:20:16]   Round  49/50 | Avg: 0.9705 | Min: 0.9666 | Max: 0.9743
[2026-06-01 12:20:16]   Round  50/50 | Avg: 0.9709 | Min: 0.9665 | Max: 0.9744
[2026-06-01 12:20:16]   FEDAVG — IID done.
[2026-06-01 12:20:16] 
[2026-06-01 12:20:16] =================================================================
[2026-06-01 12:20:16]   FEDAVG — NONIID
[2026-06-01 12:20:16] =================================================================
[2026-06-01 12:20:16]   Round   1/50 | Avg: 0.7829 | Min: 0.6045 | Max: 0.9325
[2026-06-01 12:20:16]   Round   2/50 | Avg: 0.7638 | Min: 0.6070 | Max: 0.9045
[2026-06-01 12:20:16]   Round   3/50 | Avg: 0.8262 | Min: 0.7109 | Max: 0.9330
[2026-06-01 12:20:16]   Round   4/50 | Avg: 0.8692 | Min: 0.7475 | Max: 0.9511
[2026-06-01 12:20:16]   Round   5/50 | Avg: 0.8942 | Min: 0.7968 | Max: 0.9609
[2026-06-01 12:20:16]   Round   6/50 | Avg: 0.9173 | Min: 0.8444 | Max: 0.9641
[2026-06-01 12:20:16]   Round   7/50 | Avg: 0.9219 | Min: 0.8650 | Max: 0.9647
[2026-06-01 12:20:16]   Round   8/50 | Avg: 0.9337 | Min: 0.8601 | Max: 0.9690
[2026-06-01 12:20:16]   Round   9/50 | Avg: 0.9336 | Min: 0.8653 | Max: 0.9711
[2026-06-01 12:20:16]   Round  10/50 | Avg: 0.9439 | Min: 0.8716 | Max: 0.9731
[2026-06-01 12:20:16]   Round  11/50 | Avg: 0.9501 | Min: 0.8839 | Max: 0.9742
[2026-06-01 12:20:16]   Round  12/50 | Avg: 0.9537 | Min: 0.8898 | Max: 0.9769
[2026-06-01 12:20:16]   Round  13/50 | Avg: 0.9517 | Min: 0.9152 | Max: 0.9770
[2026-06-01 12:20:16]   Round  14/50 | Avg: 0.9574 | Min: 0.9067 | Max: 0.9775
[2026-06-01 12:20:16]   Round  15/50 | Avg: 0.9580 | Min: 0.9073 | Max: 0.9764
[2026-06-01 12:20:16]   Round  16/50 | Avg: 0.9589 | Min: 0.9199 | Max: 0.9787
[2026-06-01 12:20:16]   Round  17/50 | Avg: 0.9620 | Min: 0.9278 | Max: 0.9792
[2026-06-01 12:20:16]   Round  18/50 | Avg: 0.9621 | Min: 0.9298 | Max: 0.9786
[2026-06-01 12:20:16]   Round  19/50 | Avg: 0.9643 | Min: 0.9149 | Max: 0.9788
[2026-06-01 12:20:16]   Round  20/50 | Avg: 0.9625 | Min: 0.9133 | Max: 0.9797
[2026-06-01 12:20:16]   Round  21/50 | Avg: 0.9660 | Min: 0.9194 | Max: 0.9813
[2026-06-01 12:20:16]   Round  22/50 | Avg: 0.9662 | Min: 0.9386 | Max: 0.9806
[2026-06-01 12:20:16]   Round  23/50 | Avg: 0.9680 | Min: 0.9388 | Max: 0.9824
[2026-06-01 12:20:16]   Round  24/50 | Avg: 0.9674 | Min: 0.9309 | Max: 0.9825
[2026-06-01 12:20:16]   Round  25/50 | Avg: 0.9696 | Min: 0.9475 | Max: 0.9832
[2026-06-01 12:20:16]   Round  26/50 | Avg: 0.9688 | Min: 0.9393 | Max: 0.9833
[2026-06-01 12:20:16]   Round  27/50 | Avg: 0.9688 | Min: 0.9231 | Max: 0.9830
[2026-06-01 12:20:16]   Round  28/50 | Avg: 0.9721 | Min: 0.9401 | Max: 0.9855
[2026-06-01 12:20:16]   Round  29/50 | Avg: 0.9733 | Min: 0.9542 | Max: 0.9858
[2026-06-01 12:20:16]   Round  30/50 | Avg: 0.9720 | Min: 0.9333 | Max: 0.9820
[2026-06-01 12:20:16]   Round  31/50 | Avg: 0.9708 | Min: 0.9362 | Max: 0.9827
[2026-06-01 12:20:16]   Round  32/50 | Avg: 0.9708 | Min: 0.9299 | Max: 0.9840
[2026-06-01 12:20:16]   Round  33/50 | Avg: 0.9738 | Min: 0.9576 | Max: 0.9847
[2026-06-01 12:20:16]   Round  34/50 | Avg: 0.9716 | Min: 0.9433 | Max: 0.9856
[2026-06-01 12:20:16]   Round  35/50 | Avg: 0.9732 | Min: 0.9398 | Max: 0.9837
[2026-06-01 12:20:16]   Round  36/50 | Avg: 0.9737 | Min: 0.9568 | Max: 0.9826
[2026-06-01 12:20:16]   Round  37/50 | Avg: 0.9738 | Min: 0.9464 | Max: 0.9845
[2026-06-01 12:20:16]   Round  38/50 | Avg: 0.9750 | Min: 0.9440 | Max: 0.9858
[2026-06-01 12:20:16]   Round  39/50 | Avg: 0.9751 | Min: 0.9544 | Max: 0.9861
[2026-06-01 12:20:16]   Round  40/50 | Avg: 0.9737 | Min: 0.9534 | Max: 0.9846
[2026-06-01 12:20:16]   Round  41/50 | Avg: 0.9756 | Min: 0.9606 | Max: 0.9846
[2026-06-01 12:20:16]   Round  42/50 | Avg: 0.9750 | Min: 0.9393 | Max: 0.9845
[2026-06-01 12:20:16]   Round  43/50 | Avg: 0.9768 | Min: 0.9502 | Max: 0.9845
[2026-06-01 12:20:16]   Round  44/50 | Avg: 0.9758 | Min: 0.9611 | Max: 0.9850
[2026-06-01 12:20:16]   Round  45/50 | Avg: 0.9777 | Min: 0.9576 | Max: 0.9852
[2026-06-01 12:20:16]   Round  46/50 | Avg: 0.9767 | Min: 0.9570 | Max: 0.9845
[2026-06-01 12:20:16]   Round  47/50 | Avg: 0.9777 | Min: 0.9487 | Max: 0.9864
[2026-06-01 12:20:16]   Round  48/50 | Avg: 0.9762 | Min: 0.9546 | Max: 0.9855
[2026-06-01 12:20:16]   Round  49/50 | Avg: 0.9788 | Min: 0.9650 | Max: 0.9863
[2026-06-01 12:20:16]   Round  50/50 | Avg: 0.9779 | Min: 0.9580 | Max: 0.9849
[2026-06-01 12:20:16]   FEDAVG — NONIID done.
[2026-06-01 12:20:16] 
[2026-06-01 12:20:16] [seed=123]  FEDAVG  dataset=mnist  hetero=uniform
[2026-06-01 12:20:16] Loading MNIST...
[2026-06-01 12:20:16]   -> 60000 train, 10000 test
[2026-06-01 12:20:16] Loading CIFAR-10...
[2026-06-01 12:20:16]   -> 50000 train, 10000 test
[2026-06-01 12:20:16] 
[2026-06-01 12:20:16] =================================================================
[2026-06-01 12:20:16]   FEDAVG — IID
[2026-06-01 12:20:16] =================================================================
[2026-06-01 12:20:16]   Round   1/50 | Avg: 0.9039 | Min: 0.8965 | Max: 0.9133
[2026-06-01 12:20:16]   Round   2/50 | Avg: 0.8828 | Min: 0.8630 | Max: 0.8943
[2026-06-01 12:20:16]   Round   3/50 | Avg: 0.8982 | Min: 0.8692 | Max: 0.9110
[2026-06-01 12:20:16]   Round   4/50 | Avg: 0.9097 | Min: 0.8918 | Max: 0.9251
[2026-06-01 12:20:16]   Round   5/50 | Avg: 0.9180 | Min: 0.8994 | Max: 0.9310
[2026-06-01 12:20:16]   Round   6/50 | Avg: 0.9278 | Min: 0.9177 | Max: 0.9375
[2026-06-01 12:20:16]   Round   7/50 | Avg: 0.9315 | Min: 0.9109 | Max: 0.9387
[2026-06-01 12:20:16]   Round   8/50 | Avg: 0.9368 | Min: 0.9290 | Max: 0.9470
[2026-06-01 12:20:16]   Round   9/50 | Avg: 0.9385 | Min: 0.9248 | Max: 0.9443
[2026-06-01 12:20:16]   Round  10/50 | Avg: 0.9425 | Min: 0.9346 | Max: 0.9508
[2026-06-01 12:20:16]   Round  11/50 | Avg: 0.9452 | Min: 0.9401 | Max: 0.9498
[2026-06-01 12:20:16]   Round  12/50 | Avg: 0.9478 | Min: 0.9418 | Max: 0.9538
[2026-06-01 12:20:16]   Round  13/50 | Avg: 0.9501 | Min: 0.9402 | Max: 0.9565
[2026-06-01 12:20:16]   Round  14/50 | Avg: 0.9504 | Min: 0.9403 | Max: 0.9554
[2026-06-01 12:20:16]   Round  15/50 | Avg: 0.9527 | Min: 0.9452 | Max: 0.9587
[2026-06-01 12:20:16]   Round  16/50 | Avg: 0.9538 | Min: 0.9481 | Max: 0.9589
[2026-06-01 12:20:16]   Round  17/50 | Avg: 0.9543 | Min: 0.9365 | Max: 0.9593
[2026-06-01 12:20:16]   Round  18/50 | Avg: 0.9541 | Min: 0.9470 | Max: 0.9582
[2026-06-01 12:20:16]   Round  19/50 | Avg: 0.9563 | Min: 0.9509 | Max: 0.9609
[2026-06-01 12:20:16]   Round  20/50 | Avg: 0.9568 | Min: 0.9508 | Max: 0.9596
[2026-06-01 12:20:16]   Round  21/50 | Avg: 0.9576 | Min: 0.9532 | Max: 0.9613
[2026-06-01 12:20:16]   Round  22/50 | Avg: 0.9585 | Min: 0.9548 | Max: 0.9622
[2026-06-01 12:20:16]   Round  23/50 | Avg: 0.9587 | Min: 0.9531 | Max: 0.9616
[2026-06-01 12:20:16]   Round  24/50 | Avg: 0.9592 | Min: 0.9530 | Max: 0.9623
[2026-06-01 12:20:16]   Round  25/50 | Avg: 0.9607 | Min: 0.9567 | Max: 0.9632
[2026-06-01 12:20:16]   Round  26/50 | Avg: 0.9606 | Min: 0.9552 | Max: 0.9642
[2026-06-01 12:20:16]   Round  27/50 | Avg: 0.9613 | Min: 0.9557 | Max: 0.9646
[2026-06-01 12:20:16]   Round  28/50 | Avg: 0.9621 | Min: 0.9568 | Max: 0.9651
[2026-06-01 12:20:16]   Round  29/50 | Avg: 0.9624 | Min: 0.9590 | Max: 0.9667
[2026-06-01 12:20:16]   Round  30/50 | Avg: 0.9626 | Min: 0.9586 | Max: 0.9663
[2026-06-01 12:20:16]   Round  31/50 | Avg: 0.9633 | Min: 0.9588 | Max: 0.9674
[2026-06-01 12:20:16]   Round  32/50 | Avg: 0.9638 | Min: 0.9569 | Max: 0.9679
[2026-06-01 12:20:16]   Round  33/50 | Avg: 0.9639 | Min: 0.9597 | Max: 0.9662
[2026-06-01 12:20:16]   Round  34/50 | Avg: 0.9656 | Min: 0.9628 | Max: 0.9691
[2026-06-01 12:20:16]   Round  35/50 | Avg: 0.9648 | Min: 0.9572 | Max: 0.9691
[2026-06-01 12:20:16]   Round  36/50 | Avg: 0.9657 | Min: 0.9611 | Max: 0.9703
[2026-06-01 12:20:16]   Round  37/50 | Avg: 0.9665 | Min: 0.9620 | Max: 0.9699
[2026-06-01 12:20:16]   Round  38/50 | Avg: 0.9666 | Min: 0.9593 | Max: 0.9693
[2026-06-01 12:20:16]   Round  39/50 | Avg: 0.9672 | Min: 0.9634 | Max: 0.9708
[2026-06-01 12:20:16]   Round  40/50 | Avg: 0.9677 | Min: 0.9613 | Max: 0.9709
[2026-06-01 12:20:16]   Round  41/50 | Avg: 0.9672 | Min: 0.9612 | Max: 0.9701
[2026-06-01 12:20:16]   Round  42/50 | Avg: 0.9684 | Min: 0.9641 | Max: 0.9707
[2026-06-01 12:20:16]   Round  43/50 | Avg: 0.9680 | Min: 0.9603 | Max: 0.9715
[2026-06-01 12:20:16]   Round  44/50 | Avg: 0.9696 | Min: 0.9661 | Max: 0.9715
[2026-06-01 12:20:16]   Round  45/50 | Avg: 0.9689 | Min: 0.9647 | Max: 0.9723
[2026-06-01 12:20:16]   Round  46/50 | Avg: 0.9701 | Min: 0.9667 | Max: 0.9728
[2026-06-01 12:20:16]   Round  47/50 | Avg: 0.9701 | Min: 0.9644 | Max: 0.9738
[2026-06-01 12:20:16]   Round  48/50 | Avg: 0.9696 | Min: 0.9638 | Max: 0.9737
[2026-06-01 12:20:16]   Round  49/50 | Avg: 0.9708 | Min: 0.9656 | Max: 0.9735
[2026-06-01 12:20:16]   Round  50/50 | Avg: 0.9712 | Min: 0.9680 | Max: 0.9747
[2026-06-01 12:20:16]   FEDAVG — IID done.
[2026-06-01 12:20:16] 
[2026-06-01 12:20:16] =================================================================
[2026-06-01 12:20:16]   FEDAVG — NONIID
[2026-06-01 12:20:16] =================================================================
[2026-06-01 12:20:16]   Round   1/50 | Avg: 0.7880 | Min: 0.6418 | Max: 0.9455
[2026-06-01 12:20:16]   Round   2/50 | Avg: 0.7640 | Min: 0.6212 | Max: 0.9160
[2026-06-01 12:20:16]   Round   3/50 | Avg: 0.8418 | Min: 0.7327 | Max: 0.9329
[2026-06-01 12:20:16]   Round   4/50 | Avg: 0.8843 | Min: 0.8040 | Max: 0.9516
[2026-06-01 12:20:16]   Round   5/50 | Avg: 0.9020 | Min: 0.8342 | Max: 0.9624
[2026-06-01 12:20:16]   Round   6/50 | Avg: 0.9170 | Min: 0.8355 | Max: 0.9586
[2026-06-01 12:20:16]   Round   7/50 | Avg: 0.9265 | Min: 0.8262 | Max: 0.9629
[2026-06-01 12:20:16]   Round   8/50 | Avg: 0.9375 | Min: 0.8960 | Max: 0.9712
[2026-06-01 12:20:16]   Round   9/50 | Avg: 0.9471 | Min: 0.9131 | Max: 0.9722
[2026-06-01 12:20:16]   Round  10/50 | Avg: 0.9489 | Min: 0.8876 | Max: 0.9744
[2026-06-01 12:20:16]   Round  11/50 | Avg: 0.9523 | Min: 0.9131 | Max: 0.9774
[2026-06-01 12:20:16]   Round  12/50 | Avg: 0.9562 | Min: 0.9262 | Max: 0.9760
[2026-06-01 12:20:16]   Round  13/50 | Avg: 0.9547 | Min: 0.9178 | Max: 0.9755
[2026-06-01 12:20:16]   Round  14/50 | Avg: 0.9589 | Min: 0.9182 | Max: 0.9779
[2026-06-01 12:20:16]   Round  15/50 | Avg: 0.9631 | Min: 0.9325 | Max: 0.9781
[2026-06-01 12:20:16]   Round  16/50 | Avg: 0.9626 | Min: 0.9433 | Max: 0.9783
[2026-06-01 12:20:16]   Round  17/50 | Avg: 0.9643 | Min: 0.9063 | Max: 0.9789
[2026-06-01 12:20:16]   Round  18/50 | Avg: 0.9647 | Min: 0.9339 | Max: 0.9774
[2026-06-01 12:20:16]   Round  19/50 | Avg: 0.9656 | Min: 0.9483 | Max: 0.9816
[2026-06-01 12:20:16]   Round  20/50 | Avg: 0.9675 | Min: 0.9461 | Max: 0.9806
[2026-06-01 12:20:16]   Round  21/50 | Avg: 0.9651 | Min: 0.9194 | Max: 0.9821
[2026-06-01 12:20:16]   Round  22/50 | Avg: 0.9699 | Min: 0.9497 | Max: 0.9803
[2026-06-01 12:20:16]   Round  23/50 | Avg: 0.9690 | Min: 0.9445 | Max: 0.9822
[2026-06-01 12:20:16]   Round  24/50 | Avg: 0.9695 | Min: 0.9443 | Max: 0.9798
[2026-06-01 12:20:16]   Round  25/50 | Avg: 0.9701 | Min: 0.9395 | Max: 0.9810
[2026-06-01 12:20:16]   Round  26/50 | Avg: 0.9708 | Min: 0.9417 | Max: 0.9824
[2026-06-01 12:20:16]   Round  27/50 | Avg: 0.9706 | Min: 0.9433 | Max: 0.9822
[2026-06-01 12:20:16]   Round  28/50 | Avg: 0.9715 | Min: 0.9487 | Max: 0.9820
[2026-06-01 12:20:16]   Round  29/50 | Avg: 0.9732 | Min: 0.9477 | Max: 0.9822
[2026-06-01 12:20:16]   Round  30/50 | Avg: 0.9736 | Min: 0.9582 | Max: 0.9832
[2026-06-01 12:20:16]   Round  31/50 | Avg: 0.9726 | Min: 0.9494 | Max: 0.9827
[2026-06-01 12:20:16]   Round  32/50 | Avg: 0.9749 | Min: 0.9628 | Max: 0.9827
[2026-06-01 12:20:16]   Round  33/50 | Avg: 0.9743 | Min: 0.9569 | Max: 0.9842
[2026-06-01 12:20:16]   Round  34/50 | Avg: 0.9749 | Min: 0.9607 | Max: 0.9831
[2026-06-01 12:20:16]   Round  35/50 | Avg: 0.9746 | Min: 0.9659 | Max: 0.9836
[2026-06-01 12:20:16]   Round  36/50 | Avg: 0.9742 | Min: 0.9551 | Max: 0.9840
[2026-06-01 12:20:16]   Round  37/50 | Avg: 0.9750 | Min: 0.9586 | Max: 0.9841
[2026-06-01 12:20:16]   Round  38/50 | Avg: 0.9771 | Min: 0.9616 | Max: 0.9848
[2026-06-01 12:20:16]   Round  39/50 | Avg: 0.9748 | Min: 0.9571 | Max: 0.9845
[2026-06-01 12:20:16]   Round  40/50 | Avg: 0.9778 | Min: 0.9604 | Max: 0.9841
[2026-06-01 12:20:16]   Round  41/50 | Avg: 0.9764 | Min: 0.9598 | Max: 0.9845
[2026-06-01 12:20:16]   Round  42/50 | Avg: 0.9763 | Min: 0.9630 | Max: 0.9849
[2026-06-01 12:20:16]   Round  43/50 | Avg: 0.9762 | Min: 0.9598 | Max: 0.9848
[2026-06-01 12:20:16]   Round  44/50 | Avg: 0.9770 | Min: 0.9607 | Max: 0.9864
[2026-06-01 12:20:16]   Round  45/50 | Avg: 0.9751 | Min: 0.9623 | Max: 0.9863
[2026-06-01 12:20:16]   Round  46/50 | Avg: 0.9758 | Min: 0.9245 | Max: 0.9861
[2026-06-01 12:20:16]   Round  47/50 | Avg: 0.9779 | Min: 0.9681 | Max: 0.9849
[2026-06-01 12:20:16]   Round  48/50 | Avg: 0.9786 | Min: 0.9651 | Max: 0.9861
[2026-06-01 12:20:16]   Round  49/50 | Avg: 0.9761 | Min: 0.9614 | Max: 0.9848
[2026-06-01 12:20:16]   Round  50/50 | Avg: 0.9774 | Min: 0.9668 | Max: 0.9858
[2026-06-01 12:20:16]   FEDAVG — NONIID done.
[2026-06-01 12:20:16] 
[2026-06-01 12:20:16] [seed=456]  FEDAVG  dataset=mnist  hetero=uniform
[2026-06-01 12:20:16] Loading MNIST...
[2026-06-01 12:20:16]   -> 60000 train, 10000 test
[2026-06-01 12:20:16] Loading CIFAR-10...
[2026-06-01 12:20:16]   -> 50000 train, 10000 test
[2026-06-01 12:20:16] 
[2026-06-01 12:20:16] =================================================================
[2026-06-01 12:20:16]   FEDAVG — IID
[2026-06-01 12:20:16] =================================================================
[2026-06-01 12:20:16]   Round   1/50 | Avg: 0.9056 | Min: 0.8857 | Max: 0.9176
[2026-06-01 12:20:16]   Round   2/50 | Avg: 0.8858 | Min: 0.8641 | Max: 0.8983
[2026-06-01 12:20:16]   Round   3/50 | Avg: 0.9016 | Min: 0.8890 | Max: 0.9113
[2026-06-01 12:20:16]   Round   4/50 | Avg: 0.9114 | Min: 0.8925 | Max: 0.9186
[2026-06-01 12:20:16]   Round   5/50 | Avg: 0.9193 | Min: 0.9002 | Max: 0.9305
[2026-06-01 12:20:16]   Round   6/50 | Avg: 0.9283 | Min: 0.9204 | Max: 0.9336
[2026-06-01 12:20:16]   Round   7/50 | Avg: 0.9332 | Min: 0.9241 | Max: 0.9404
[2026-06-01 12:20:16]   Round   8/50 | Avg: 0.9371 | Min: 0.9265 | Max: 0.9451
[2026-06-01 12:20:16]   Round   9/50 | Avg: 0.9394 | Min: 0.9306 | Max: 0.9465
[2026-06-01 12:20:16]   Round  10/50 | Avg: 0.9417 | Min: 0.9263 | Max: 0.9486
[2026-06-01 12:20:16]   Round  11/50 | Avg: 0.9451 | Min: 0.9397 | Max: 0.9511
[2026-06-01 12:20:16]   Round  12/50 | Avg: 0.9467 | Min: 0.9426 | Max: 0.9543
[2026-06-01 12:20:16]   Round  13/50 | Avg: 0.9495 | Min: 0.9450 | Max: 0.9546
[2026-06-01 12:20:16]   Round  14/50 | Avg: 0.9489 | Min: 0.9342 | Max: 0.9558
[2026-06-01 12:20:16]   Round  15/50 | Avg: 0.9519 | Min: 0.9465 | Max: 0.9552
[2026-06-01 12:20:16]   Round  16/50 | Avg: 0.9524 | Min: 0.9462 | Max: 0.9561
[2026-06-01 12:20:16]   Round  17/50 | Avg: 0.9541 | Min: 0.9495 | Max: 0.9579
[2026-06-01 12:20:16]   Round  18/50 | Avg: 0.9539 | Min: 0.9442 | Max: 0.9598
[2026-06-01 12:20:16]   Round  19/50 | Avg: 0.9554 | Min: 0.9501 | Max: 0.9587
[2026-06-01 12:20:16]   Round  20/50 | Avg: 0.9566 | Min: 0.9513 | Max: 0.9609
[2026-06-01 12:20:16]   Round  21/50 | Avg: 0.9560 | Min: 0.9481 | Max: 0.9614
[2026-06-01 12:20:16]   Round  22/50 | Avg: 0.9572 | Min: 0.9521 | Max: 0.9603
[2026-06-01 12:20:16]   Round  23/50 | Avg: 0.9584 | Min: 0.9522 | Max: 0.9620
[2026-06-01 12:20:16]   Round  24/50 | Avg: 0.9596 | Min: 0.9570 | Max: 0.9620
[2026-06-01 12:20:16]   Round  25/50 | Avg: 0.9594 | Min: 0.9520 | Max: 0.9631
[2026-06-01 12:20:16]   Round  26/50 | Avg: 0.9598 | Min: 0.9457 | Max: 0.9651
[2026-06-01 12:20:16]   Round  27/50 | Avg: 0.9617 | Min: 0.9580 | Max: 0.9665
[2026-06-01 12:20:16]   Round  28/50 | Avg: 0.9606 | Min: 0.9546 | Max: 0.9650
[2026-06-01 12:20:16]   Round  29/50 | Avg: 0.9620 | Min: 0.9573 | Max: 0.9664
[2026-06-01 12:20:16]   Round  30/50 | Avg: 0.9620 | Min: 0.9553 | Max: 0.9652
[2026-06-01 12:20:16]   Round  31/50 | Avg: 0.9619 | Min: 0.9578 | Max: 0.9655
[2026-06-01 12:20:16]   Round  32/50 | Avg: 0.9630 | Min: 0.9589 | Max: 0.9651
[2026-06-01 12:20:16]   Round  33/50 | Avg: 0.9633 | Min: 0.9575 | Max: 0.9673
[2026-06-01 12:20:16]   Round  34/50 | Avg: 0.9644 | Min: 0.9607 | Max: 0.9678
[2026-06-01 12:20:16]   Round  35/50 | Avg: 0.9641 | Min: 0.9563 | Max: 0.9670
[2026-06-01 12:20:16]   Round  36/50 | Avg: 0.9659 | Min: 0.9589 | Max: 0.9688
[2026-06-01 12:20:16]   Round  37/50 | Avg: 0.9646 | Min: 0.9589 | Max: 0.9689
[2026-06-01 12:20:16]   Round  38/50 | Avg: 0.9656 | Min: 0.9609 | Max: 0.9683
[2026-06-01 12:20:16]   Round  39/50 | Avg: 0.9660 | Min: 0.9631 | Max: 0.9681
[2026-06-01 12:20:16]   Round  40/50 | Avg: 0.9667 | Min: 0.9611 | Max: 0.9699
[2026-06-01 12:20:16]   Round  41/50 | Avg: 0.9657 | Min: 0.9584 | Max: 0.9696
[2026-06-01 12:20:16]   Round  42/50 | Avg: 0.9669 | Min: 0.9623 | Max: 0.9707
[2026-06-01 12:20:16]   Round  43/50 | Avg: 0.9671 | Min: 0.9622 | Max: 0.9709
[2026-06-01 12:20:16]   Round  44/50 | Avg: 0.9671 | Min: 0.9613 | Max: 0.9713
[2026-06-01 12:20:16]   Round  45/50 | Avg: 0.9689 | Min: 0.9620 | Max: 0.9717
[2026-06-01 12:20:16]   Round  46/50 | Avg: 0.9687 | Min: 0.9642 | Max: 0.9719
[2026-06-01 12:20:16]   Round  47/50 | Avg: 0.9689 | Min: 0.9654 | Max: 0.9717
[2026-06-01 12:20:16]   Round  48/50 | Avg: 0.9681 | Min: 0.9613 | Max: 0.9713
[2026-06-01 12:20:16]   Round  49/50 | Avg: 0.9696 | Min: 0.9658 | Max: 0.9722
[2026-06-01 12:20:16]   Round  50/50 | Avg: 0.9701 | Min: 0.9675 | Max: 0.9723
[2026-06-01 12:20:16]   FEDAVG — IID done.
[2026-06-01 12:20:16] 
[2026-06-01 12:20:16] =================================================================
[2026-06-01 12:20:16]   FEDAVG — NONIID
[2026-06-01 12:20:16] =================================================================
[2026-06-01 12:20:16]   Round   1/50 | Avg: 0.7751 | Min: 0.4526 | Max: 0.9234
[2026-06-01 12:20:16]   Round   2/50 | Avg: 0.7460 | Min: 0.3926 | Max: 0.8801
[2026-06-01 12:20:16]   Round   3/50 | Avg: 0.8131 | Min: 0.6312 | Max: 0.9084
[2026-06-01 12:20:16]   Round   4/50 | Avg: 0.8498 | Min: 0.7066 | Max: 0.9344
[2026-06-01 12:20:16]   Round   5/50 | Avg: 0.8756 | Min: 0.7860 | Max: 0.9404
[2026-06-01 12:20:16]   Round   6/50 | Avg: 0.8962 | Min: 0.8183 | Max: 0.9526
[2026-06-01 12:20:16]   Round   7/50 | Avg: 0.9089 | Min: 0.8192 | Max: 0.9591
[2026-06-01 12:20:16]   Round   8/50 | Avg: 0.9201 | Min: 0.8627 | Max: 0.9637
[2026-06-01 12:20:16]   Round   9/50 | Avg: 0.9238 | Min: 0.8725 | Max: 0.9647
[2026-06-01 12:20:16]   Round  10/50 | Avg: 0.9311 | Min: 0.8580 | Max: 0.9689
[2026-06-01 12:20:16]   Round  11/50 | Avg: 0.9388 | Min: 0.8784 | Max: 0.9673
[2026-06-01 12:20:16]   Round  12/50 | Avg: 0.9390 | Min: 0.8865 | Max: 0.9718
[2026-06-01 12:20:16]   Round  13/50 | Avg: 0.9430 | Min: 0.8903 | Max: 0.9675
[2026-06-01 12:20:16]   Round  14/50 | Avg: 0.9501 | Min: 0.9112 | Max: 0.9735
[2026-06-01 12:20:16]   Round  15/50 | Avg: 0.9522 | Min: 0.8941 | Max: 0.9734
[2026-06-01 12:20:16]   Round  16/50 | Avg: 0.9549 | Min: 0.9200 | Max: 0.9721
[2026-06-01 12:20:16]   Round  17/50 | Avg: 0.9549 | Min: 0.9115 | Max: 0.9727
[2026-06-01 12:20:16]   Round  18/50 | Avg: 0.9544 | Min: 0.9106 | Max: 0.9729
[2026-06-01 12:20:16]   Round  19/50 | Avg: 0.9563 | Min: 0.9148 | Max: 0.9746
[2026-06-01 12:20:16]   Round  20/50 | Avg: 0.9589 | Min: 0.9415 | Max: 0.9762
[2026-06-01 12:20:16]   Round  21/50 | Avg: 0.9626 | Min: 0.9244 | Max: 0.9768
[2026-06-01 12:20:16]   Round  22/50 | Avg: 0.9623 | Min: 0.9393 | Max: 0.9777
[2026-06-01 12:20:16]   Round  23/50 | Avg: 0.9633 | Min: 0.9335 | Max: 0.9786
[2026-06-01 12:20:16]   Round  24/50 | Avg: 0.9624 | Min: 0.9365 | Max: 0.9772
[2026-06-01 12:20:16]   Round  25/50 | Avg: 0.9667 | Min: 0.9453 | Max: 0.9791
[2026-06-01 12:20:16]   Round  26/50 | Avg: 0.9660 | Min: 0.9387 | Max: 0.9800
[2026-06-01 12:20:16]   Round  27/50 | Avg: 0.9673 | Min: 0.9439 | Max: 0.9787
[2026-06-01 12:20:16]   Round  28/50 | Avg: 0.9674 | Min: 0.9412 | Max: 0.9788
[2026-06-01 12:20:16]   Round  29/50 | Avg: 0.9664 | Min: 0.9413 | Max: 0.9795
[2026-06-01 12:20:16]   Round  30/50 | Avg: 0.9673 | Min: 0.9446 | Max: 0.9814
[2026-06-01 12:20:16]   Round  31/50 | Avg: 0.9666 | Min: 0.9341 | Max: 0.9794
[2026-06-01 12:20:16]   Round  32/50 | Avg: 0.9680 | Min: 0.9434 | Max: 0.9794
[2026-06-01 12:20:16]   Round  33/50 | Avg: 0.9694 | Min: 0.9566 | Max: 0.9798
[2026-06-01 12:20:16]   Round  34/50 | Avg: 0.9686 | Min: 0.9308 | Max: 0.9803
[2026-06-01 12:20:16]   Round  35/50 | Avg: 0.9699 | Min: 0.9567 | Max: 0.9790
[2026-06-01 12:20:16]   Round  36/50 | Avg: 0.9712 | Min: 0.9490 | Max: 0.9809
[2026-06-01 12:20:16]   Round  37/50 | Avg: 0.9712 | Min: 0.9503 | Max: 0.9807
[2026-06-01 12:20:16]   Round  38/50 | Avg: 0.9729 | Min: 0.9594 | Max: 0.9821
[2026-06-01 12:20:16]   Round  39/50 | Avg: 0.9726 | Min: 0.9593 | Max: 0.9830
[2026-06-01 12:20:16]   Round  40/50 | Avg: 0.9713 | Min: 0.9297 | Max: 0.9796
[2026-06-01 12:20:16]   Round  41/50 | Avg: 0.9729 | Min: 0.9538 | Max: 0.9823
[2026-06-01 12:20:16]   Round  42/50 | Avg: 0.9736 | Min: 0.9585 | Max: 0.9816
[2026-06-01 12:20:16]   Round  43/50 | Avg: 0.9727 | Min: 0.9535 | Max: 0.9821
[2026-06-01 12:20:16]   Round  44/50 | Avg: 0.9736 | Min: 0.9566 | Max: 0.9818
[2026-06-01 12:20:16]   Round  45/50 | Avg: 0.9735 | Min: 0.9616 | Max: 0.9820
[2026-06-01 12:20:16]   Round  46/50 | Avg: 0.9734 | Min: 0.9549 | Max: 0.9808
[2026-06-01 12:20:16]   Round  47/50 | Avg: 0.9729 | Min: 0.9461 | Max: 0.9837
[2026-06-01 12:20:16]   Round  48/50 | Avg: 0.9724 | Min: 0.9322 | Max: 0.9809
[2026-06-01 12:20:16]   Round  49/50 | Avg: 0.9750 | Min: 0.9577 | Max: 0.9827
[2026-06-01 12:20:16]   Round  50/50 | Avg: 0.9741 | Min: 0.9608 | Max: 0.9829
[2026-06-01 12:20:16]   FEDAVG — NONIID done.
[2026-06-01 12:20:16]   Saved final_ci_mnist_uniform.png
[2026-06-01 12:20:16]   Saved per_client_mnist_uniform.png
[2026-06-01 12:20:16] 
[2026-06-01 12:20:16] =================================================================
[2026-06-01 12:20:16]   All experiments complete.
[2026-06-01 12:20:16]   Results  ->  /home/gad/Desktop/HomeSenseKD/results/phase1
[2026-06-01 12:20:16]   Figures  ->  /home/gad/Desktop/HomeSenseKD/results/phase1/figures
[2026-06-01 12:20:16] =================================================================
[2026-06-01 12:20:16] ============================================================
[2026-06-01 12:20:16]   JOB DONE    : mnist_fedavg_uniform  (exit 0)
[2026-06-01 12:20:16]   Full log    : /home/gad/Desktop/HomeSenseKD/logs/phase1/mnist_fedavg_uniform.log
[2026-06-01 12:20:16] ============================================================
