[2026-06-02 13:36:24] ============================================================
[2026-06-02 13:36:24]   JOB START   : mnist_local_uniform
[2026-06-02 13:36:24]   PID         : 1258766
[2026-06-02 13:36:24]   Log         : /home/gad/Desktop/HomeSenseKD/logs/phase1/mnist_local_uniform.log
[2026-06-02 13:36:24]   Results dir : /home/gad/Desktop/HomeSenseKD/results/phase1
[2026-06-02 13:36:24]   Fig dir     : /home/gad/Desktop/HomeSenseKD/results/phase1/figures
[2026-06-02 13:36:24]   Cmd         : /home/gad/Desktop/HomeSenseKD/myenv/bin/python /home/gad/Desktop/HomeSenseKD/run_fedkd.py \
[2026-06-02 13:36:24]                   --config /home/gad/Desktop/HomeSenseKD/config/mnist.yaml \
[2026-06-02 13:36:24]                   --algorithm local --heterogeneity uniform \
[2026-06-02 13:36:24]                   --override experiment.results_dir=/home/gad/Desktop/HomeSenseKD/results/phase1 \
[2026-06-02 13:36:24]                              experiment.fig_dir=/home/gad/Desktop/HomeSenseKD/results/phase1/figures
[2026-06-02 13:36:24] ============================================================
[2026-06-04 02:47:00] WARNING: All log messages before absl::InitializeLog() is called are written to STDERR
[2026-06-04 02:47:00] I0000 00:00:1780421786.210986 1258772 port.cc:153] oneDNN custom operations are on. You may see slightly different numerical results due to floating-point round-off errors from different computation orders. To turn them off, set the environment variable `TF_ENABLE_ONEDNN_OPTS=0`.
[2026-06-04 02:47:00] I0000 00:00:1780421786.212983 1258772 cudart_stub.cc:31] Could not find cuda drivers on your machine, GPU will not be used.
[2026-06-04 02:47:00] I0000 00:00:1780421786.295916 1258772 cpu_feature_guard.cc:227] This TensorFlow binary is optimized to use available CPU instructions in performance-critical operations.
[2026-06-04 02:47:00] To enable the following instructions: AVX2 AVX_VNNI FMA, in other operations, rebuild TensorFlow with the appropriate compiler flags.
[2026-06-04 02:47:00] WARNING: All log messages before absl::InitializeLog() is called are written to STDERR
[2026-06-04 02:47:00] I0000 00:00:1780421788.951898 1258772 port.cc:153] oneDNN custom operations are on. You may see slightly different numerical results due to floating-point round-off errors from different computation orders. To turn them off, set the environment variable `TF_ENABLE_ONEDNN_OPTS=0`.
[2026-06-04 02:47:00] I0000 00:00:1780421788.952481 1258772 cudart_stub.cc:31] Could not find cuda drivers on your machine, GPU will not be used.
[2026-06-04 02:47:00] E0000 00:00:1780421795.924904 1258772 cuda_platform.cc:52] failed call to cuInit: INTERNAL: CUDA error: Failed call to cuInit: CUDA_ERROR_NO_DEVICE: no CUDA-capable device is detected
[2026-06-04 02:47:00]   Saved tiers_mnist_uniform.png
[2026-06-04 02:47:00] =================================================================
[2026-06-04 02:47:00]   Dataset    : mnist  (public: cifar10)
[2026-06-04 02:47:00]   Algorithms : ['local']
[2026-06-04 02:47:00]   Heterogen. : uniform  ->  ['small', 'small', 'small', 'small', 'small', 'small']...
[2026-06-04 02:47:00]   Seeds      : [42, 123, 456]
[2026-06-04 02:47:00]   Settings   : ['iid', 'noniid']
[2026-06-04 02:47:00] =================================================================
[2026-06-04 02:47:00] 
[2026-06-04 02:47:00] [seed=42]  LOCAL  dataset=mnist  hetero=uniform
[2026-06-04 02:47:00] Loading MNIST...
[2026-06-04 02:47:00]   -> 60000 train, 10000 test
[2026-06-04 02:47:00] Loading CIFAR-10...
[2026-06-04 02:47:00]   -> 50000 train, 10000 test
[2026-06-04 02:47:00] 
[2026-06-04 02:47:00] =================================================================
[2026-06-04 02:47:00]   Local — IID
[2026-06-04 02:47:00] =================================================================
[2026-06-04 02:47:00]   Round   1/50 | Avg: 0.9326 | Min: 0.9001 | Max: 0.9557
[2026-06-04 02:47:00]   Round   2/50 | Avg: 0.9412 | Min: 0.9079 | Max: 0.9650
[2026-06-04 02:47:00]   Round   3/50 | Avg: 0.9451 | Min: 0.9053 | Max: 0.9666
[2026-06-04 02:47:00]   Round   4/50 | Avg: 0.9497 | Min: 0.9227 | Max: 0.9667
[2026-06-04 02:47:00]   Round   5/50 | Avg: 0.9511 | Min: 0.9254 | Max: 0.9701
[2026-06-04 02:47:00]   Round   6/50 | Avg: 0.9504 | Min: 0.9289 | Max: 0.9706
[2026-06-04 02:47:00]   Round   7/50 | Avg: 0.9499 | Min: 0.9282 | Max: 0.9700
[2026-06-04 02:47:00]   Round   8/50 | Avg: 0.9518 | Min: 0.9248 | Max: 0.9715
[2026-06-04 02:47:00]   Round   9/50 | Avg: 0.9526 | Min: 0.9262 | Max: 0.9720
[2026-06-04 02:47:00]   Round  10/50 | Avg: 0.9545 | Min: 0.9196 | Max: 0.9711
[2026-06-04 02:47:00]   Round  11/50 | Avg: 0.9525 | Min: 0.9266 | Max: 0.9723
[2026-06-04 02:47:00]   Round  12/50 | Avg: 0.9507 | Min: 0.9184 | Max: 0.9723
[2026-06-04 02:47:00]   Round  13/50 | Avg: 0.9543 | Min: 0.9298 | Max: 0.9706
[2026-06-04 02:47:00]   Round  14/50 | Avg: 0.9549 | Min: 0.9330 | Max: 0.9710
[2026-06-04 02:47:00]   Round  15/50 | Avg: 0.9506 | Min: 0.8753 | Max: 0.9728
[2026-06-04 02:47:00]   Round  16/50 | Avg: 0.9534 | Min: 0.9300 | Max: 0.9698
[2026-06-04 02:47:00]   Round  17/50 | Avg: 0.9549 | Min: 0.9281 | Max: 0.9727
[2026-06-04 02:47:00]   Round  18/50 | Avg: 0.9547 | Min: 0.9314 | Max: 0.9719
[2026-06-04 02:47:00]   Round  19/50 | Avg: 0.9564 | Min: 0.9259 | Max: 0.9730
[2026-06-04 02:47:00]   Round  20/50 | Avg: 0.9561 | Min: 0.9288 | Max: 0.9728
[2026-06-04 02:47:00]   Round  21/50 | Avg: 0.9547 | Min: 0.9238 | Max: 0.9709
[2026-06-04 02:47:00]   Round  22/50 | Avg: 0.9558 | Min: 0.9328 | Max: 0.9724
[2026-06-04 02:47:00]   Round  23/50 | Avg: 0.9545 | Min: 0.9230 | Max: 0.9707
[2026-06-04 02:47:00]   Round  24/50 | Avg: 0.9587 | Min: 0.9356 | Max: 0.9732
[2026-06-04 02:47:00]   Round  25/50 | Avg: 0.9550 | Min: 0.9270 | Max: 0.9742
[2026-06-04 02:47:00]   Round  26/50 | Avg: 0.9577 | Min: 0.9384 | Max: 0.9746
[2026-06-04 02:47:00]   Round  27/50 | Avg: 0.9577 | Min: 0.9369 | Max: 0.9753
[2026-06-04 02:47:00]   Round  28/50 | Avg: 0.9572 | Min: 0.9234 | Max: 0.9756
[2026-06-04 02:47:00]   Round  29/50 | Avg: 0.9575 | Min: 0.9332 | Max: 0.9759
[2026-06-04 02:47:00]   Round  30/50 | Avg: 0.9573 | Min: 0.9329 | Max: 0.9758
[2026-06-04 02:47:00]   Round  31/50 | Avg: 0.9576 | Min: 0.9297 | Max: 0.9759
[2026-06-04 02:47:00]   Round  32/50 | Avg: 0.9582 | Min: 0.9365 | Max: 0.9752
[2026-06-04 02:47:00]   Round  33/50 | Avg: 0.9588 | Min: 0.9365 | Max: 0.9751
[2026-06-04 02:47:00]   Round  34/50 | Avg: 0.9579 | Min: 0.9366 | Max: 0.9728
[2026-06-04 02:47:00]   Round  35/50 | Avg: 0.9575 | Min: 0.9346 | Max: 0.9730
[2026-06-04 02:47:00]   Round  36/50 | Avg: 0.9575 | Min: 0.9278 | Max: 0.9737
[2026-06-04 02:47:00]   Round  37/50 | Avg: 0.9576 | Min: 0.9348 | Max: 0.9747
[2026-06-04 02:47:00]   Round  38/50 | Avg: 0.9584 | Min: 0.9348 | Max: 0.9760
[2026-06-04 02:47:00]   Round  39/50 | Avg: 0.9596 | Min: 0.9374 | Max: 0.9762
[2026-06-04 02:47:00]   Round  40/50 | Avg: 0.9578 | Min: 0.9398 | Max: 0.9759
[2026-06-04 02:47:00]   Round  41/50 | Avg: 0.9589 | Min: 0.9400 | Max: 0.9757
[2026-06-04 02:47:00]   Round  42/50 | Avg: 0.9591 | Min: 0.9402 | Max: 0.9749
[2026-06-04 02:47:00]   Round  43/50 | Avg: 0.9595 | Min: 0.9386 | Max: 0.9743
[2026-06-04 02:47:00]   Round  44/50 | Avg: 0.9593 | Min: 0.9371 | Max: 0.9767
[2026-06-04 02:47:00]   Round  45/50 | Avg: 0.9584 | Min: 0.9242 | Max: 0.9772
[2026-06-04 02:47:00]   Round  46/50 | Avg: 0.9576 | Min: 0.9268 | Max: 0.9771
[2026-06-04 02:47:00]   Round  47/50 | Avg: 0.9582 | Min: 0.9347 | Max: 0.9772
[2026-06-04 02:47:00]   Round  48/50 | Avg: 0.9586 | Min: 0.9385 | Max: 0.9772
[2026-06-04 02:47:00]   Round  49/50 | Avg: 0.9590 | Min: 0.9363 | Max: 0.9762
[2026-06-04 02:47:00]   Round  50/50 | Avg: 0.9588 | Min: 0.9379 | Max: 0.9763
[2026-06-04 02:47:00]   Local done.
[2026-06-04 02:47:00] 
[2026-06-04 02:47:00] =================================================================
[2026-06-04 02:47:00]   Local — NONIID
[2026-06-04 02:47:00] =================================================================
[2026-06-04 02:47:00]   Round   1/50 | Avg: 0.8188 | Min: 0.6983 | Max: 0.9640
[2026-06-04 02:47:00]   Round   2/50 | Avg: 0.8314 | Min: 0.6688 | Max: 0.9738
[2026-06-04 02:47:00]   Round   3/50 | Avg: 0.8386 | Min: 0.7403 | Max: 0.9681
[2026-06-04 02:47:00]   Round   4/50 | Avg: 0.8417 | Min: 0.7430 | Max: 0.9706
[2026-06-04 02:47:00]   Round   5/50 | Avg: 0.8417 | Min: 0.7319 | Max: 0.9548
[2026-06-04 02:47:00]   Round   6/50 | Avg: 0.8447 | Min: 0.7356 | Max: 0.9677
[2026-06-04 02:47:00]   Round   7/50 | Avg: 0.8498 | Min: 0.7495 | Max: 0.9711
[2026-06-04 02:47:00]   Round   8/50 | Avg: 0.8475 | Min: 0.7000 | Max: 0.9690
[2026-06-04 02:47:00]   Round   9/50 | Avg: 0.8501 | Min: 0.7292 | Max: 0.9738
[2026-06-04 02:47:00]   Round  10/50 | Avg: 0.8505 | Min: 0.7370 | Max: 0.9712
[2026-06-04 02:47:00]   Round  11/50 | Avg: 0.8511 | Min: 0.7410 | Max: 0.9730
[2026-06-04 02:47:00]   Round  12/50 | Avg: 0.8456 | Min: 0.7462 | Max: 0.9732
[2026-06-04 02:47:00]   Round  13/50 | Avg: 0.8536 | Min: 0.7365 | Max: 0.9740
[2026-06-04 02:47:00]   Round  14/50 | Avg: 0.8535 | Min: 0.7213 | Max: 0.9685
[2026-06-04 02:47:00]   Round  15/50 | Avg: 0.8499 | Min: 0.7066 | Max: 0.9755
[2026-06-04 02:47:00]   Round  16/50 | Avg: 0.8520 | Min: 0.7236 | Max: 0.9754
[2026-06-04 02:47:00]   Round  17/50 | Avg: 0.8542 | Min: 0.7294 | Max: 0.9752
[2026-06-04 02:47:00]   Round  18/50 | Avg: 0.8432 | Min: 0.7071 | Max: 0.9732
[2026-06-04 02:47:00]   Round  19/50 | Avg: 0.8513 | Min: 0.7372 | Max: 0.9657
[2026-06-04 02:47:00]   Round  20/50 | Avg: 0.8544 | Min: 0.7359 | Max: 0.9747
[2026-06-04 02:47:00]   Round  21/50 | Avg: 0.8521 | Min: 0.7408 | Max: 0.9756
[2026-06-04 02:47:00]   Round  22/50 | Avg: 0.8476 | Min: 0.7416 | Max: 0.9632
[2026-06-04 02:47:00]   Round  23/50 | Avg: 0.8529 | Min: 0.7348 | Max: 0.9715
[2026-06-04 02:47:00]   Round  24/50 | Avg: 0.8505 | Min: 0.6885 | Max: 0.9701
[2026-06-04 02:47:00]   Round  25/50 | Avg: 0.8501 | Min: 0.7267 | Max: 0.9763
[2026-06-04 02:47:00]   Round  26/50 | Avg: 0.8470 | Min: 0.7163 | Max: 0.9694
[2026-06-04 02:47:00]   Round  27/50 | Avg: 0.8516 | Min: 0.7321 | Max: 0.9689
[2026-06-04 02:47:00]   Round  28/50 | Avg: 0.8548 | Min: 0.7326 | Max: 0.9710
[2026-06-04 02:47:00]   Round  29/50 | Avg: 0.8562 | Min: 0.7315 | Max: 0.9757
[2026-06-04 02:47:00]   Round  30/50 | Avg: 0.8537 | Min: 0.7331 | Max: 0.9748
[2026-06-04 02:47:00]   Round  31/50 | Avg: 0.8561 | Min: 0.7372 | Max: 0.9683
[2026-06-04 02:47:00]   Round  32/50 | Avg: 0.8555 | Min: 0.7412 | Max: 0.9720
[2026-06-04 02:47:00]   Round  33/50 | Avg: 0.8527 | Min: 0.7379 | Max: 0.9693
[2026-06-04 02:47:00]   Round  34/50 | Avg: 0.8523 | Min: 0.7345 | Max: 0.9743
[2026-06-04 02:47:00]   Round  35/50 | Avg: 0.8532 | Min: 0.7356 | Max: 0.9745
[2026-06-04 02:47:00]   Round  36/50 | Avg: 0.8521 | Min: 0.7288 | Max: 0.9750
[2026-06-04 02:47:00]   Round  37/50 | Avg: 0.8518 | Min: 0.7273 | Max: 0.9670
[2026-06-04 02:47:00]   Round  38/50 | Avg: 0.8515 | Min: 0.7285 | Max: 0.9663
[2026-06-04 02:47:00]   Round  39/50 | Avg: 0.8514 | Min: 0.7308 | Max: 0.9736
[2026-06-04 02:47:00]   Round  40/50 | Avg: 0.8561 | Min: 0.7560 | Max: 0.9736
[2026-06-04 02:47:00]   Round  41/50 | Avg: 0.8559 | Min: 0.7517 | Max: 0.9727
[2026-06-04 02:47:00]   Round  42/50 | Avg: 0.8540 | Min: 0.7487 | Max: 0.9729
[2026-06-04 02:47:00]   Round  43/50 | Avg: 0.8567 | Min: 0.7420 | Max: 0.9724
[2026-06-04 02:47:00]   Round  44/50 | Avg: 0.8515 | Min: 0.7357 | Max: 0.9741
[2026-06-04 02:47:00]   Round  45/50 | Avg: 0.8500 | Min: 0.7143 | Max: 0.9726
[2026-06-04 02:47:00]   Round  46/50 | Avg: 0.8478 | Min: 0.7071 | Max: 0.9732
[2026-06-04 02:47:00]   Round  47/50 | Avg: 0.8522 | Min: 0.7262 | Max: 0.9745
[2026-06-04 02:47:00]   Round  48/50 | Avg: 0.8521 | Min: 0.7312 | Max: 0.9755
[2026-06-04 02:47:00]   Round  49/50 | Avg: 0.8524 | Min: 0.7314 | Max: 0.9750
[2026-06-04 02:47:00]   Round  50/50 | Avg: 0.8544 | Min: 0.7310 | Max: 0.9750
[2026-06-04 02:47:00]   Local done.
[2026-06-04 02:47:00] 
[2026-06-04 02:47:00] [seed=123]  LOCAL  dataset=mnist  hetero=uniform
[2026-06-04 02:47:00] Loading MNIST...
[2026-06-04 02:47:00]   -> 60000 train, 10000 test
[2026-06-04 02:47:00] Loading CIFAR-10...
[2026-06-04 02:47:00]   -> 50000 train, 10000 test
[2026-06-04 02:47:00] 
[2026-06-04 02:47:00] =================================================================
[2026-06-04 02:47:00]   Local — IID
[2026-06-04 02:47:00] =================================================================
[2026-06-04 02:47:00]   Round   1/50 | Avg: 0.9272 | Min: 0.8874 | Max: 0.9510
[2026-06-04 02:47:00]   Round   2/50 | Avg: 0.9370 | Min: 0.8963 | Max: 0.9657
[2026-06-04 02:47:00]   Round   3/50 | Avg: 0.9466 | Min: 0.9195 | Max: 0.9678
[2026-06-04 02:47:00]   Round   4/50 | Avg: 0.9485 | Min: 0.9182 | Max: 0.9735
[2026-06-04 02:47:00]   Round   5/50 | Avg: 0.9498 | Min: 0.9172 | Max: 0.9711
[2026-06-04 02:47:00]   Round   6/50 | Avg: 0.9493 | Min: 0.9217 | Max: 0.9730
[2026-06-04 02:47:00]   Round   7/50 | Avg: 0.9504 | Min: 0.9199 | Max: 0.9704
[2026-06-04 02:47:00]   Round   8/50 | Avg: 0.9521 | Min: 0.9197 | Max: 0.9701
[2026-06-04 02:47:00]   Round   9/50 | Avg: 0.9532 | Min: 0.9259 | Max: 0.9707
[2026-06-04 02:47:00]   Round  10/50 | Avg: 0.9527 | Min: 0.9244 | Max: 0.9739
[2026-06-04 02:47:00]   Round  11/50 | Avg: 0.9526 | Min: 0.9252 | Max: 0.9700
[2026-06-04 02:47:00]   Round  12/50 | Avg: 0.9517 | Min: 0.9207 | Max: 0.9699
[2026-06-04 02:47:00]   Round  13/50 | Avg: 0.9503 | Min: 0.9236 | Max: 0.9702
[2026-06-04 02:47:00]   Round  14/50 | Avg: 0.9520 | Min: 0.9243 | Max: 0.9728
[2026-06-04 02:47:00]   Round  15/50 | Avg: 0.9533 | Min: 0.9167 | Max: 0.9743
[2026-06-04 02:47:00]   Round  16/50 | Avg: 0.9563 | Min: 0.9267 | Max: 0.9749
[2026-06-04 02:47:00]   Round  17/50 | Avg: 0.9553 | Min: 0.9254 | Max: 0.9753
[2026-06-04 02:47:00]   Round  18/50 | Avg: 0.9560 | Min: 0.9268 | Max: 0.9750
[2026-06-04 02:47:00]   Round  19/50 | Avg: 0.9558 | Min: 0.9312 | Max: 0.9752
[2026-06-04 02:47:00]   Round  20/50 | Avg: 0.9560 | Min: 0.9226 | Max: 0.9754
[2026-06-04 02:47:00]   Round  21/50 | Avg: 0.9561 | Min: 0.9306 | Max: 0.9756
[2026-06-04 02:47:00]   Round  22/50 | Avg: 0.9558 | Min: 0.9321 | Max: 0.9752
[2026-06-04 02:47:00]   Round  23/50 | Avg: 0.9548 | Min: 0.9338 | Max: 0.9755
[2026-06-04 02:47:00]   Round  24/50 | Avg: 0.9573 | Min: 0.9330 | Max: 0.9754
[2026-06-04 02:47:00]   Round  25/50 | Avg: 0.9566 | Min: 0.9334 | Max: 0.9757
[2026-06-04 02:47:00]   Round  26/50 | Avg: 0.9579 | Min: 0.9329 | Max: 0.9755
[2026-06-04 02:47:00]   Round  27/50 | Avg: 0.9581 | Min: 0.9239 | Max: 0.9761
[2026-06-04 02:47:00]   Round  28/50 | Avg: 0.9580 | Min: 0.9286 | Max: 0.9755
[2026-06-04 02:47:00]   Round  29/50 | Avg: 0.9574 | Min: 0.9331 | Max: 0.9756
[2026-06-04 02:47:00]   Round  30/50 | Avg: 0.9573 | Min: 0.9246 | Max: 0.9751
[2026-06-04 02:47:00]   Round  31/50 | Avg: 0.9577 | Min: 0.9333 | Max: 0.9759
[2026-06-04 02:47:00]   Round  32/50 | Avg: 0.9577 | Min: 0.9363 | Max: 0.9752
[2026-06-04 02:47:00]   Round  33/50 | Avg: 0.9579 | Min: 0.9356 | Max: 0.9755
[2026-06-04 02:47:00]   Round  34/50 | Avg: 0.9568 | Min: 0.9171 | Max: 0.9756
[2026-06-04 02:47:00]   Round  35/50 | Avg: 0.9578 | Min: 0.9359 | Max: 0.9752
[2026-06-04 02:47:00]   Round  36/50 | Avg: 0.9566 | Min: 0.9343 | Max: 0.9748
[2026-06-04 02:47:00]   Round  37/50 | Avg: 0.9559 | Min: 0.9299 | Max: 0.9754
[2026-06-04 02:47:00]   Round  38/50 | Avg: 0.9564 | Min: 0.9295 | Max: 0.9754
[2026-06-04 02:47:00]   Round  39/50 | Avg: 0.9572 | Min: 0.9328 | Max: 0.9763
[2026-06-04 02:47:00]   Round  40/50 | Avg: 0.9573 | Min: 0.9352 | Max: 0.9761
[2026-06-04 02:47:00]   Round  41/50 | Avg: 0.9570 | Min: 0.9372 | Max: 0.9718
[2026-06-04 02:47:00]   Round  42/50 | Avg: 0.9563 | Min: 0.9341 | Max: 0.9719
[2026-06-04 02:47:00]   Round  43/50 | Avg: 0.9580 | Min: 0.9361 | Max: 0.9728
[2026-06-04 02:47:00]   Round  44/50 | Avg: 0.9584 | Min: 0.9377 | Max: 0.9751
[2026-06-04 02:47:00]   Round  45/50 | Avg: 0.9588 | Min: 0.9378 | Max: 0.9754
[2026-06-04 02:47:00]   Round  46/50 | Avg: 0.9585 | Min: 0.9326 | Max: 0.9731
[2026-06-04 02:47:00]   Round  47/50 | Avg: 0.9587 | Min: 0.9320 | Max: 0.9738
[2026-06-04 02:47:00]   Round  48/50 | Avg: 0.9577 | Min: 0.9310 | Max: 0.9743
[2026-06-04 02:47:00]   Round  49/50 | Avg: 0.9591 | Min: 0.9386 | Max: 0.9750
[2026-06-04 02:47:00]   Round  50/50 | Avg: 0.9598 | Min: 0.9392 | Max: 0.9753
[2026-06-04 02:47:00]   Local done.
[2026-06-04 02:47:00] 
[2026-06-04 02:47:00] =================================================================
[2026-06-04 02:47:00]   Local — NONIID
[2026-06-04 02:47:00] =================================================================
[2026-06-04 02:47:00]   Round   1/50 | Avg: 0.8293 | Min: 0.6588 | Max: 0.9494
[2026-06-04 02:47:00]   Round   2/50 | Avg: 0.8506 | Min: 0.6671 | Max: 0.9527
[2026-06-04 02:47:00]   Round   3/50 | Avg: 0.8627 | Min: 0.6727 | Max: 0.9594
[2026-06-04 02:47:00]   Round   4/50 | Avg: 0.8598 | Min: 0.6864 | Max: 0.9612
[2026-06-04 02:47:00]   Round   5/50 | Avg: 0.8605 | Min: 0.6675 | Max: 0.9626
[2026-06-04 02:47:00]   Round   6/50 | Avg: 0.8662 | Min: 0.6676 | Max: 0.9634
[2026-06-04 02:47:00]   Round   7/50 | Avg: 0.8621 | Min: 0.6690 | Max: 0.9602
[2026-06-04 02:47:00]   Round   8/50 | Avg: 0.8607 | Min: 0.6758 | Max: 0.9588
[2026-06-04 02:47:00]   Round   9/50 | Avg: 0.8638 | Min: 0.6979 | Max: 0.9658
[2026-06-04 02:47:00]   Round  10/50 | Avg: 0.8608 | Min: 0.6773 | Max: 0.9546
[2026-06-04 02:47:00]   Round  11/50 | Avg: 0.8599 | Min: 0.6915 | Max: 0.9555
[2026-06-04 02:47:00]   Round  12/50 | Avg: 0.8638 | Min: 0.6586 | Max: 0.9674
[2026-06-04 02:47:00]   Round  13/50 | Avg: 0.8588 | Min: 0.6711 | Max: 0.9609
[2026-06-04 02:47:00]   Round  14/50 | Avg: 0.8639 | Min: 0.6577 | Max: 0.9677
[2026-06-04 02:47:00]   Round  15/50 | Avg: 0.8668 | Min: 0.6857 | Max: 0.9694
[2026-06-04 02:47:00]   Round  16/50 | Avg: 0.8671 | Min: 0.6747 | Max: 0.9667
[2026-06-04 02:47:00]   Round  17/50 | Avg: 0.8668 | Min: 0.6612 | Max: 0.9666
[2026-06-04 02:47:00]   Round  18/50 | Avg: 0.8646 | Min: 0.6561 | Max: 0.9654
[2026-06-04 02:47:00]   Round  19/50 | Avg: 0.8584 | Min: 0.6654 | Max: 0.9702
[2026-06-04 02:47:00]   Round  20/50 | Avg: 0.8662 | Min: 0.6561 | Max: 0.9648
[2026-06-04 02:47:00]   Round  21/50 | Avg: 0.8642 | Min: 0.6552 | Max: 0.9682
[2026-06-04 02:47:00]   Round  22/50 | Avg: 0.8646 | Min: 0.6542 | Max: 0.9708
[2026-06-04 02:47:00]   Round  23/50 | Avg: 0.8688 | Min: 0.6531 | Max: 0.9678
[2026-06-04 02:47:00]   Round  24/50 | Avg: 0.8635 | Min: 0.6616 | Max: 0.9642
[2026-06-04 02:47:00]   Round  25/50 | Avg: 0.8667 | Min: 0.6519 | Max: 0.9691
[2026-06-04 02:47:00]   Round  26/50 | Avg: 0.8631 | Min: 0.6562 | Max: 0.9660
[2026-06-04 02:47:00]   Round  27/50 | Avg: 0.8666 | Min: 0.6700 | Max: 0.9625
[2026-06-04 02:47:00]   Round  28/50 | Avg: 0.8652 | Min: 0.6612 | Max: 0.9544
[2026-06-04 02:47:00]   Round  29/50 | Avg: 0.8670 | Min: 0.6644 | Max: 0.9607
[2026-06-04 02:47:00]   Round  30/50 | Avg: 0.8677 | Min: 0.6630 | Max: 0.9657
[2026-06-04 02:47:00]   Round  31/50 | Avg: 0.8660 | Min: 0.6578 | Max: 0.9626
[2026-06-04 02:47:00]   Round  32/50 | Avg: 0.8659 | Min: 0.6649 | Max: 0.9654
[2026-06-04 02:47:00]   Round  33/50 | Avg: 0.8672 | Min: 0.6488 | Max: 0.9611
[2026-06-04 02:47:00]   Round  34/50 | Avg: 0.8655 | Min: 0.6431 | Max: 0.9638
[2026-06-04 02:47:00]   Round  35/50 | Avg: 0.8642 | Min: 0.6437 | Max: 0.9573
[2026-06-04 02:47:00]   Round  36/50 | Avg: 0.8652 | Min: 0.6492 | Max: 0.9693
[2026-06-04 02:47:00]   Round  37/50 | Avg: 0.8665 | Min: 0.6480 | Max: 0.9684
[2026-06-04 02:47:00]   Round  38/50 | Avg: 0.8665 | Min: 0.6477 | Max: 0.9634
[2026-06-04 02:47:00]   Round  39/50 | Avg: 0.8687 | Min: 0.6521 | Max: 0.9608
[2026-06-04 02:47:00]   Round  40/50 | Avg: 0.8693 | Min: 0.6680 | Max: 0.9644
[2026-06-04 02:47:00]   Round  41/50 | Avg: 0.8639 | Min: 0.6480 | Max: 0.9630
[2026-06-04 02:47:00]   Round  42/50 | Avg: 0.8622 | Min: 0.6453 | Max: 0.9658
[2026-06-04 02:47:00]   Round  43/50 | Avg: 0.8641 | Min: 0.6593 | Max: 0.9633
[2026-06-04 02:47:00]   Round  44/50 | Avg: 0.8638 | Min: 0.6574 | Max: 0.9654
[2026-06-04 02:47:00]   Round  45/50 | Avg: 0.8699 | Min: 0.6475 | Max: 0.9643
[2026-06-04 02:47:00]   Round  46/50 | Avg: 0.8627 | Min: 0.6516 | Max: 0.9685
[2026-06-04 02:47:00]   Round  47/50 | Avg: 0.8681 | Min: 0.6576 | Max: 0.9675
[2026-06-04 02:47:00]   Round  48/50 | Avg: 0.8670 | Min: 0.6435 | Max: 0.9639
[2026-06-04 02:47:00]   Round  49/50 | Avg: 0.8653 | Min: 0.6405 | Max: 0.9651
[2026-06-04 02:47:00]   Round  50/50 | Avg: 0.8695 | Min: 0.6519 | Max: 0.9703
[2026-06-04 02:47:00]   Local done.
[2026-06-04 02:47:00] 
[2026-06-04 02:47:00] [seed=456]  LOCAL  dataset=mnist  hetero=uniform
[2026-06-04 02:47:00] Loading MNIST...
[2026-06-04 02:47:00]   -> 60000 train, 10000 test
[2026-06-04 02:47:00] Loading CIFAR-10...
[2026-06-04 02:47:00]   -> 50000 train, 10000 test
[2026-06-04 02:47:00] 
[2026-06-04 02:47:00] =================================================================
[2026-06-04 02:47:00]   Local — IID
[2026-06-04 02:47:00] =================================================================
[2026-06-04 02:47:00]   Round   1/50 | Avg: 0.9299 | Min: 0.8854 | Max: 0.9534
[2026-06-04 02:47:00]   Round   2/50 | Avg: 0.9380 | Min: 0.9052 | Max: 0.9650
[2026-06-04 02:47:00]   Round   3/50 | Avg: 0.9454 | Min: 0.9119 | Max: 0.9675
[2026-06-04 02:47:00]   Round   4/50 | Avg: 0.9475 | Min: 0.9223 | Max: 0.9692
[2026-06-04 02:47:00]   Round   5/50 | Avg: 0.9494 | Min: 0.9228 | Max: 0.9706
[2026-06-04 02:47:00]   Round   6/50 | Avg: 0.9476 | Min: 0.9174 | Max: 0.9707
[2026-06-04 02:47:00]   Round   7/50 | Avg: 0.9493 | Min: 0.9243 | Max: 0.9711
[2026-06-04 02:47:00]   Round   8/50 | Avg: 0.9492 | Min: 0.9244 | Max: 0.9721
[2026-06-04 02:47:00]   Round   9/50 | Avg: 0.9496 | Min: 0.9152 | Max: 0.9724
[2026-06-04 02:47:00]   Round  10/50 | Avg: 0.9522 | Min: 0.9255 | Max: 0.9725
[2026-06-04 02:47:00]   Round  11/50 | Avg: 0.9525 | Min: 0.9284 | Max: 0.9729
[2026-06-04 02:47:00]   Round  12/50 | Avg: 0.9527 | Min: 0.9296 | Max: 0.9740
[2026-06-04 02:47:00]   Round  13/50 | Avg: 0.9534 | Min: 0.9299 | Max: 0.9734
[2026-06-04 02:47:00]   Round  14/50 | Avg: 0.9526 | Min: 0.9275 | Max: 0.9734
[2026-06-04 02:47:00]   Round  15/50 | Avg: 0.9551 | Min: 0.9300 | Max: 0.9735
[2026-06-04 02:47:00]   Round  16/50 | Avg: 0.9534 | Min: 0.9283 | Max: 0.9732
[2026-06-04 02:47:00]   Round  17/50 | Avg: 0.9531 | Min: 0.9163 | Max: 0.9738
[2026-06-04 02:47:00]   Round  18/50 | Avg: 0.9547 | Min: 0.9230 | Max: 0.9747
[2026-06-04 02:47:00]   Round  19/50 | Avg: 0.9549 | Min: 0.9225 | Max: 0.9747
[2026-06-04 02:47:00]   Round  20/50 | Avg: 0.9557 | Min: 0.9283 | Max: 0.9741
[2026-06-04 02:47:00]   Round  21/50 | Avg: 0.9550 | Min: 0.9302 | Max: 0.9746
[2026-06-04 02:47:00]   Round  22/50 | Avg: 0.9561 | Min: 0.9295 | Max: 0.9736
[2026-06-04 02:47:00]   Round  23/50 | Avg: 0.9554 | Min: 0.9241 | Max: 0.9733
[2026-06-04 02:47:00]   Round  24/50 | Avg: 0.9560 | Min: 0.9260 | Max: 0.9734
[2026-06-04 02:47:00]   Round  25/50 | Avg: 0.9515 | Min: 0.9108 | Max: 0.9738
[2026-06-04 02:47:00]   Round  26/50 | Avg: 0.9548 | Min: 0.9324 | Max: 0.9740
[2026-06-04 02:47:00]   Round  27/50 | Avg: 0.9566 | Min: 0.9348 | Max: 0.9736
[2026-06-04 02:47:00]   Round  28/50 | Avg: 0.9557 | Min: 0.9291 | Max: 0.9733
[2026-06-04 02:47:00]   Round  29/50 | Avg: 0.9549 | Min: 0.9290 | Max: 0.9726
[2026-06-04 02:47:00]   Round  30/50 | Avg: 0.9554 | Min: 0.9295 | Max: 0.9713
[2026-06-04 02:47:00]   Round  31/50 | Avg: 0.9552 | Min: 0.9347 | Max: 0.9749
[2026-06-04 02:47:00]   Round  32/50 | Avg: 0.9572 | Min: 0.9333 | Max: 0.9757
[2026-06-04 02:47:00]   Round  33/50 | Avg: 0.9570 | Min: 0.9328 | Max: 0.9747
[2026-06-04 02:47:00]   Round  34/50 | Avg: 0.9562 | Min: 0.9195 | Max: 0.9751
[2026-06-04 02:47:00]   Round  35/50 | Avg: 0.9564 | Min: 0.9286 | Max: 0.9742
[2026-06-04 02:47:00]   Round  36/50 | Avg: 0.9560 | Min: 0.9304 | Max: 0.9744
[2026-06-04 02:47:00]   Round  37/50 | Avg: 0.9568 | Min: 0.9277 | Max: 0.9740
[2026-06-04 02:47:00]   Round  38/50 | Avg: 0.9579 | Min: 0.9328 | Max: 0.9738
[2026-06-04 02:47:00]   Round  39/50 | Avg: 0.9572 | Min: 0.9290 | Max: 0.9739
[2026-06-04 02:47:00]   Round  40/50 | Avg: 0.9564 | Min: 0.9335 | Max: 0.9742
[2026-06-04 02:47:00]   Round  41/50 | Avg: 0.9577 | Min: 0.9348 | Max: 0.9738
[2026-06-04 02:47:00]   Round  42/50 | Avg: 0.9582 | Min: 0.9360 | Max: 0.9738
[2026-06-04 02:47:00]   Round  43/50 | Avg: 0.9581 | Min: 0.9361 | Max: 0.9736
[2026-06-04 02:47:00]   Round  44/50 | Avg: 0.9563 | Min: 0.9327 | Max: 0.9738
[2026-06-04 02:47:00]   Round  45/50 | Avg: 0.9577 | Min: 0.9361 | Max: 0.9737
[2026-06-04 02:47:00]   Round  46/50 | Avg: 0.9564 | Min: 0.9153 | Max: 0.9731
[2026-06-04 02:47:00]   Round  47/50 | Avg: 0.9547 | Min: 0.9212 | Max: 0.9722
[2026-06-04 02:47:00]   Round  48/50 | Avg: 0.9566 | Min: 0.9341 | Max: 0.9724
[2026-06-04 02:47:00]   Round  49/50 | Avg: 0.9574 | Min: 0.9338 | Max: 0.9725
[2026-06-04 02:47:00]   Round  50/50 | Avg: 0.9574 | Min: 0.9339 | Max: 0.9728
[2026-06-04 02:47:00]   Local done.
[2026-06-04 02:47:00] 
[2026-06-04 02:47:00] =================================================================
[2026-06-04 02:47:00]   Local — NONIID
[2026-06-04 02:47:00] =================================================================
[2026-06-04 02:47:00]   Round   1/50 | Avg: 0.8001 | Min: 0.5034 | Max: 0.9448
[2026-06-04 02:47:00]   Round   2/50 | Avg: 0.8205 | Min: 0.5744 | Max: 0.9584
[2026-06-04 02:47:00]   Round   3/50 | Avg: 0.8282 | Min: 0.5777 | Max: 0.9404
[2026-06-04 02:47:00]   Round   4/50 | Avg: 0.8260 | Min: 0.5688 | Max: 0.9475
[2026-06-04 02:47:00]   Round   5/50 | Avg: 0.8289 | Min: 0.5732 | Max: 0.9459
[2026-06-04 02:47:00]   Round   6/50 | Avg: 0.8336 | Min: 0.5913 | Max: 0.9494
[2026-06-04 02:47:00]   Round   7/50 | Avg: 0.8344 | Min: 0.5881 | Max: 0.9535
[2026-06-04 02:47:00]   Round   8/50 | Avg: 0.8386 | Min: 0.5920 | Max: 0.9552
[2026-06-04 02:47:00]   Round   9/50 | Avg: 0.8393 | Min: 0.5911 | Max: 0.9549
[2026-06-04 02:47:00]   Round  10/50 | Avg: 0.8392 | Min: 0.5874 | Max: 0.9637
[2026-06-04 02:47:00]   Round  11/50 | Avg: 0.8407 | Min: 0.5835 | Max: 0.9521
[2026-06-04 02:47:00]   Round  12/50 | Avg: 0.8382 | Min: 0.5978 | Max: 0.9491
[2026-06-04 02:47:00]   Round  13/50 | Avg: 0.8403 | Min: 0.5831 | Max: 0.9550
[2026-06-04 02:47:00]   Round  14/50 | Avg: 0.8356 | Min: 0.5891 | Max: 0.9540
[2026-06-04 02:47:00]   Round  15/50 | Avg: 0.8413 | Min: 0.5858 | Max: 0.9559
[2026-06-04 02:47:00]   Round  16/50 | Avg: 0.8447 | Min: 0.5916 | Max: 0.9589
[2026-06-04 02:47:00]   Round  17/50 | Avg: 0.8377 | Min: 0.5902 | Max: 0.9557
[2026-06-04 02:47:00]   Round  18/50 | Avg: 0.8385 | Min: 0.5893 | Max: 0.9584
[2026-06-04 02:47:00]   Round  19/50 | Avg: 0.8464 | Min: 0.5870 | Max: 0.9568
[2026-06-04 02:47:00]   Round  20/50 | Avg: 0.8427 | Min: 0.6001 | Max: 0.9635
[2026-06-04 02:47:00]   Round  21/50 | Avg: 0.8381 | Min: 0.5862 | Max: 0.9530
[2026-06-04 02:47:00]   Round  22/50 | Avg: 0.8394 | Min: 0.5955 | Max: 0.9470
[2026-06-04 02:47:00]   Round  23/50 | Avg: 0.8397 | Min: 0.6000 | Max: 0.9461
[2026-06-04 02:47:00]   Round  24/50 | Avg: 0.8400 | Min: 0.5944 | Max: 0.9464
[2026-06-04 02:47:00]   Round  25/50 | Avg: 0.8389 | Min: 0.5882 | Max: 0.9463
[2026-06-04 02:47:00]   Round  26/50 | Avg: 0.8424 | Min: 0.5880 | Max: 0.9581
[2026-06-04 02:47:00]   Round  27/50 | Avg: 0.8427 | Min: 0.5914 | Max: 0.9581
[2026-06-04 02:47:00]   Round  28/50 | Avg: 0.8349 | Min: 0.5884 | Max: 0.9540
[2026-06-04 02:47:00]   Round  29/50 | Avg: 0.8404 | Min: 0.5917 | Max: 0.9508
[2026-06-04 02:47:00]   Round  30/50 | Avg: 0.8400 | Min: 0.5962 | Max: 0.9579
[2026-06-04 02:47:00]   Round  31/50 | Avg: 0.8385 | Min: 0.5896 | Max: 0.9603
[2026-06-04 02:47:00]   Round  32/50 | Avg: 0.8340 | Min: 0.5753 | Max: 0.9559
[2026-06-04 02:47:00]   Round  33/50 | Avg: 0.8412 | Min: 0.5750 | Max: 0.9498
[2026-06-04 02:47:00]   Round  34/50 | Avg: 0.8410 | Min: 0.5854 | Max: 0.9594
[2026-06-04 02:47:00]   Round  35/50 | Avg: 0.8405 | Min: 0.5777 | Max: 0.9567
[2026-06-04 02:47:00]   Round  36/50 | Avg: 0.8429 | Min: 0.5927 | Max: 0.9524
[2026-06-04 02:47:00]   Round  37/50 | Avg: 0.8378 | Min: 0.5952 | Max: 0.9594
[2026-06-04 02:47:00]   Round  38/50 | Avg: 0.8416 | Min: 0.5931 | Max: 0.9445
[2026-06-04 02:47:00]   Round  39/50 | Avg: 0.8366 | Min: 0.5957 | Max: 0.9537
[2026-06-04 02:47:00]   Round  40/50 | Avg: 0.8360 | Min: 0.5966 | Max: 0.9528
[2026-06-04 02:47:00]   Round  41/50 | Avg: 0.8403 | Min: 0.5944 | Max: 0.9608
[2026-06-04 02:47:00]   Round  42/50 | Avg: 0.8382 | Min: 0.5751 | Max: 0.9564
[2026-06-04 02:47:00]   Round  43/50 | Avg: 0.8367 | Min: 0.5815 | Max: 0.9571
[2026-06-04 02:47:00]   Round  44/50 | Avg: 0.8406 | Min: 0.5825 | Max: 0.9551
[2026-06-04 02:47:00]   Round  45/50 | Avg: 0.8411 | Min: 0.5779 | Max: 0.9495
[2026-06-04 02:47:00]   Round  46/50 | Avg: 0.8405 | Min: 0.5777 | Max: 0.9603
[2026-06-04 02:47:00]   Round  47/50 | Avg: 0.8424 | Min: 0.5829 | Max: 0.9520
[2026-06-04 02:47:00]   Round  48/50 | Avg: 0.8421 | Min: 0.5839 | Max: 0.9523
[2026-06-04 02:47:00]   Round  49/50 | Avg: 0.8436 | Min: 0.5846 | Max: 0.9617
[2026-06-04 02:47:00]   Round  50/50 | Avg: 0.8428 | Min: 0.5915 | Max: 0.9517
[2026-06-04 02:47:00]   Local done.
[2026-06-04 02:47:00]   Saved final_ci_mnist_uniform.png
[2026-06-04 02:47:00]   Saved per_client_mnist_uniform.png
[2026-06-04 02:47:00] 
[2026-06-04 02:47:00] =================================================================
[2026-06-04 02:47:00]   All experiments complete.
[2026-06-04 02:47:00]   Results  ->  /home/gad/Desktop/HomeSenseKD/results/phase1
[2026-06-04 02:47:00]   Figures  ->  /home/gad/Desktop/HomeSenseKD/results/phase1/figures
[2026-06-04 02:47:00] =================================================================
[2026-06-04 02:47:00] ============================================================
[2026-06-04 02:47:00]   JOB DONE    : mnist_local_uniform  (exit 0)
[2026-06-04 02:47:00]   Full log    : /home/gad/Desktop/HomeSenseKD/logs/phase1/mnist_local_uniform.log
[2026-06-04 02:47:00] ============================================================
