[2026-05-31 16:14:24] ============================================================
[2026-05-31 16:14:24]   JOB START   : mnist_fedakd_uniform
[2026-05-31 16:14:24]   PID         : 578735
[2026-05-31 16:14:24]   Log         : /home/gad/Desktop/HomeSenseKD/logs/phase1/mnist_fedakd_uniform.log
[2026-05-31 16:14:24]   Results dir : /home/gad/Desktop/HomeSenseKD/results/phase1
[2026-05-31 16:14:24]   Fig dir     : /home/gad/Desktop/HomeSenseKD/results/phase1/figures
[2026-05-31 16:14:24]   Cmd         : /home/gad/Desktop/HomeSenseKD/myenv/bin/python /home/gad/Desktop/HomeSenseKD/run_fedkd.py \
[2026-05-31 16:14:24]                   --config /home/gad/Desktop/HomeSenseKD/config/mnist.yaml \
[2026-05-31 16:14:24]                   --algorithm fedakd --heterogeneity uniform \
[2026-05-31 16:14:24]                   --override experiment.results_dir=/home/gad/Desktop/HomeSenseKD/results/phase1 \
[2026-05-31 16:14:24]                              experiment.fig_dir=/home/gad/Desktop/HomeSenseKD/results/phase1/figures
[2026-05-31 16:14:24] ============================================================
[2026-06-02 13:43:57] WARNING: All log messages before absl::InitializeLog() is called are written to STDERR
[2026-06-02 13:43:57] I0000 00:00:1780258465.173577  578757 port.cc:153] oneDNN custom operations are on. You may see slightly different numerical results due to floating-point round-off errors from different computation orders. To turn them off, set the environment variable `TF_ENABLE_ONEDNN_OPTS=0`.
[2026-06-02 13:43:57] I0000 00:00:1780258465.175693  578757 cudart_stub.cc:31] Could not find cuda drivers on your machine, GPU will not be used.
[2026-06-02 13:43:57] I0000 00:00:1780258465.389518  578757 cpu_feature_guard.cc:227] This TensorFlow binary is optimized to use available CPU instructions in performance-critical operations.
[2026-06-02 13:43:57] To enable the following instructions: AVX2 AVX_VNNI FMA, in other operations, rebuild TensorFlow with the appropriate compiler flags.
[2026-06-02 13:43:57] WARNING: All log messages before absl::InitializeLog() is called are written to STDERR
[2026-06-02 13:43:57] I0000 00:00:1780258466.314951  578757 port.cc:153] oneDNN custom operations are on. You may see slightly different numerical results due to floating-point round-off errors from different computation orders. To turn them off, set the environment variable `TF_ENABLE_ONEDNN_OPTS=0`.
[2026-06-02 13:43:57] I0000 00:00:1780258466.316251  578757 cudart_stub.cc:31] Could not find cuda drivers on your machine, GPU will not be used.
[2026-06-02 13:43:57] E0000 00:00:1780258469.660148  578757 cuda_platform.cc:52] failed call to cuInit: INTERNAL: CUDA error: Failed call to cuInit: CUDA_ERROR_NO_DEVICE: no CUDA-capable device is detected
[2026-06-02 13:43:57]   Saved tiers_mnist_uniform.png
[2026-06-02 13:43:57] =================================================================
[2026-06-02 13:43:57]   Dataset    : mnist  (public: cifar10)
[2026-06-02 13:43:57]   Algorithms : ['fedakd']
[2026-06-02 13:43:57]   Heterogen. : uniform  ->  ['small', 'small', 'small', 'small', 'small', 'small']...
[2026-06-02 13:43:57]   Seeds      : [42, 123, 456]
[2026-06-02 13:43:57]   Settings   : ['iid', 'noniid']
[2026-06-02 13:43:57] =================================================================
[2026-06-02 13:43:57] 
[2026-06-02 13:43:57] [seed=42]  FEDAKD  dataset=mnist  hetero=uniform
[2026-06-02 13:43:57] Loading MNIST...
[2026-06-02 13:43:57]   -> 60000 train, 10000 test
[2026-06-02 13:43:57] Loading CIFAR-10...
[2026-06-02 13:43:57]   -> 50000 train, 10000 test
[2026-06-02 13:43:57] 
[2026-06-02 13:43:57] =================================================================
[2026-06-02 13:43:57]   FEDAKD — IID
[2026-06-02 13:43:57] =================================================================
[2026-06-02 13:43:57]   Round   1/50 | Avg: 0.9316 | Min: 0.8966 | Max: 0.9588
[2026-06-02 13:43:57]   Round   2/50 | Avg: 0.9427 | Min: 0.9119 | Max: 0.9592
[2026-06-02 13:43:57]   Round   3/50 | Avg: 0.9482 | Min: 0.9160 | Max: 0.9659
[2026-06-02 13:43:57]   Round   4/50 | Avg: 0.9531 | Min: 0.9273 | Max: 0.9696
[2026-06-02 13:43:57]   Round   5/50 | Avg: 0.9548 | Min: 0.9281 | Max: 0.9709
[2026-06-02 13:43:57]   Round   6/50 | Avg: 0.9556 | Min: 0.9278 | Max: 0.9689
[2026-06-02 13:43:57]   Round   7/50 | Avg: 0.9561 | Min: 0.9364 | Max: 0.9682
[2026-06-02 13:43:57]   Round   8/50 | Avg: 0.9581 | Min: 0.9356 | Max: 0.9706
[2026-06-02 13:43:57]   Round   9/50 | Avg: 0.9582 | Min: 0.9359 | Max: 0.9708
[2026-06-02 13:43:57]   Round  10/50 | Avg: 0.9584 | Min: 0.9361 | Max: 0.9725
[2026-06-02 13:43:57]   Round  11/50 | Avg: 0.9577 | Min: 0.9369 | Max: 0.9713
[2026-06-02 13:43:57]   Round  12/50 | Avg: 0.9585 | Min: 0.9377 | Max: 0.9714
[2026-06-02 13:43:57]   Round  13/50 | Avg: 0.9583 | Min: 0.9308 | Max: 0.9725
[2026-06-02 13:43:57]   Round  14/50 | Avg: 0.9575 | Min: 0.9362 | Max: 0.9729
[2026-06-02 13:43:57]   Round  15/50 | Avg: 0.9591 | Min: 0.9371 | Max: 0.9705
[2026-06-02 13:43:57]   Round  16/50 | Avg: 0.9599 | Min: 0.9373 | Max: 0.9726
[2026-06-02 13:43:57]   Round  17/50 | Avg: 0.9578 | Min: 0.9374 | Max: 0.9715
[2026-06-02 13:43:57]   Round  18/50 | Avg: 0.9590 | Min: 0.9391 | Max: 0.9729
[2026-06-02 13:43:57]   Round  19/50 | Avg: 0.9593 | Min: 0.9393 | Max: 0.9728
[2026-06-02 13:43:57]   Round  20/50 | Avg: 0.9579 | Min: 0.9363 | Max: 0.9713
[2026-06-02 13:43:57]   Round  21/50 | Avg: 0.9592 | Min: 0.9391 | Max: 0.9708
[2026-06-02 13:43:57]   Round  22/50 | Avg: 0.9527 | Min: 0.9376 | Max: 0.9651
[2026-06-02 13:43:57]   Round  23/50 | Avg: 0.9582 | Min: 0.9369 | Max: 0.9704
[2026-06-02 13:43:57]   Round  24/50 | Avg: 0.9583 | Min: 0.9408 | Max: 0.9717
[2026-06-02 13:43:57]   Round  25/50 | Avg: 0.9593 | Min: 0.9397 | Max: 0.9724
[2026-06-02 13:43:57]   Round  26/50 | Avg: 0.9586 | Min: 0.9367 | Max: 0.9722
[2026-06-02 13:43:57]   Round  27/50 | Avg: 0.9602 | Min: 0.9423 | Max: 0.9718
[2026-06-02 13:43:57]   Round  28/50 | Avg: 0.9601 | Min: 0.9380 | Max: 0.9716
[2026-06-02 13:43:57]   Round  29/50 | Avg: 0.9596 | Min: 0.9398 | Max: 0.9741
[2026-06-02 13:43:57]   Round  30/50 | Avg: 0.9578 | Min: 0.9374 | Max: 0.9695
[2026-06-02 13:43:57]   Round  31/50 | Avg: 0.9567 | Min: 0.9385 | Max: 0.9693
[2026-06-02 13:43:57]   Round  32/50 | Avg: 0.9583 | Min: 0.9385 | Max: 0.9692
[2026-06-02 13:43:57]   Round  33/50 | Avg: 0.9587 | Min: 0.9408 | Max: 0.9704
[2026-06-02 13:43:57]   Round  34/50 | Avg: 0.9551 | Min: 0.9402 | Max: 0.9682
[2026-06-02 13:43:57]   Round  35/50 | Avg: 0.9569 | Min: 0.9370 | Max: 0.9713
[2026-06-02 13:43:57]   Round  36/50 | Avg: 0.9582 | Min: 0.9372 | Max: 0.9722
[2026-06-02 13:43:57]   Round  37/50 | Avg: 0.9597 | Min: 0.9387 | Max: 0.9719
[2026-06-02 13:43:57]   Round  38/50 | Avg: 0.9593 | Min: 0.9413 | Max: 0.9726
[2026-06-02 13:43:57]   Round  39/50 | Avg: 0.9596 | Min: 0.9412 | Max: 0.9729
[2026-06-02 13:43:57]   Round  40/50 | Avg: 0.9588 | Min: 0.9344 | Max: 0.9725
[2026-06-02 13:43:57]   Round  41/50 | Avg: 0.9596 | Min: 0.9382 | Max: 0.9722
[2026-06-02 13:43:57]   Round  42/50 | Avg: 0.9551 | Min: 0.9408 | Max: 0.9699
[2026-06-02 13:43:57]   Round  43/50 | Avg: 0.9592 | Min: 0.9395 | Max: 0.9707
[2026-06-02 13:43:57]   Round  44/50 | Avg: 0.9586 | Min: 0.9385 | Max: 0.9688
[2026-06-02 13:43:57]   Round  45/50 | Avg: 0.9589 | Min: 0.9365 | Max: 0.9700
[2026-06-02 13:43:57]   Round  46/50 | Avg: 0.9600 | Min: 0.9422 | Max: 0.9699
[2026-06-02 13:43:57]   Round  47/50 | Avg: 0.9579 | Min: 0.9380 | Max: 0.9694
[2026-06-02 13:43:57]   Round  48/50 | Avg: 0.9582 | Min: 0.9407 | Max: 0.9689
[2026-06-02 13:43:57]   Round  49/50 | Avg: 0.9556 | Min: 0.9380 | Max: 0.9678
[2026-06-02 13:43:57]   Round  50/50 | Avg: 0.9571 | Min: 0.9393 | Max: 0.9695
[2026-06-02 13:43:57]   FEDAKD — IID done.
[2026-06-02 13:43:57] 
[2026-06-02 13:43:57] =================================================================
[2026-06-02 13:43:57]   FEDAKD — NONIID
[2026-06-02 13:43:57] =================================================================
[2026-06-02 13:43:57]   Round   1/50 | Avg: 0.8222 | Min: 0.7221 | Max: 0.9582
[2026-06-02 13:43:57]   Round   2/50 | Avg: 0.8397 | Min: 0.7299 | Max: 0.9654
[2026-06-02 13:43:57]   Round   3/50 | Avg: 0.8472 | Min: 0.7302 | Max: 0.9756
[2026-06-02 13:43:57]   Round   4/50 | Avg: 0.8440 | Min: 0.7292 | Max: 0.9636
[2026-06-02 13:43:57]   Round   5/50 | Avg: 0.8494 | Min: 0.7301 | Max: 0.9662
[2026-06-02 13:43:57]   Round   6/50 | Avg: 0.8478 | Min: 0.7400 | Max: 0.9703
[2026-06-02 13:43:57]   Round   7/50 | Avg: 0.8516 | Min: 0.7384 | Max: 0.9698
[2026-06-02 13:43:57]   Round   8/50 | Avg: 0.8489 | Min: 0.7206 | Max: 0.9723
[2026-06-02 13:43:57]   Round   9/50 | Avg: 0.8497 | Min: 0.7349 | Max: 0.9617
[2026-06-02 13:43:57]   Round  10/50 | Avg: 0.8546 | Min: 0.7277 | Max: 0.9706
[2026-06-02 13:43:57]   Round  11/50 | Avg: 0.8541 | Min: 0.7277 | Max: 0.9696
[2026-06-02 13:43:57]   Round  12/50 | Avg: 0.8576 | Min: 0.7501 | Max: 0.9724
[2026-06-02 13:43:57]   Round  13/50 | Avg: 0.8538 | Min: 0.7408 | Max: 0.9622
[2026-06-02 13:43:57]   Round  14/50 | Avg: 0.8573 | Min: 0.7433 | Max: 0.9609
[2026-06-02 13:43:57]   Round  15/50 | Avg: 0.8567 | Min: 0.7385 | Max: 0.9777
[2026-06-02 13:43:57]   Round  16/50 | Avg: 0.8502 | Min: 0.7268 | Max: 0.9674
[2026-06-02 13:43:57]   Round  17/50 | Avg: 0.8527 | Min: 0.7316 | Max: 0.9734
[2026-06-02 13:43:57]   Round  18/50 | Avg: 0.8539 | Min: 0.7226 | Max: 0.9705
[2026-06-02 13:43:57]   Round  19/50 | Avg: 0.8501 | Min: 0.7147 | Max: 0.9707
[2026-06-02 13:43:57]   Round  20/50 | Avg: 0.8515 | Min: 0.7338 | Max: 0.9619
[2026-06-02 13:43:57]   Round  21/50 | Avg: 0.8550 | Min: 0.7293 | Max: 0.9682
[2026-06-02 13:43:57]   Round  22/50 | Avg: 0.8550 | Min: 0.7414 | Max: 0.9693
[2026-06-02 13:43:57]   Round  23/50 | Avg: 0.8526 | Min: 0.7369 | Max: 0.9721
[2026-06-02 13:43:57]   Round  24/50 | Avg: 0.8542 | Min: 0.7349 | Max: 0.9745
[2026-06-02 13:43:57]   Round  25/50 | Avg: 0.8558 | Min: 0.7298 | Max: 0.9723
[2026-06-02 13:43:57]   Round  26/50 | Avg: 0.8482 | Min: 0.7130 | Max: 0.9736
[2026-06-02 13:43:57]   Round  27/50 | Avg: 0.8537 | Min: 0.7223 | Max: 0.9705
[2026-06-02 13:43:57]   Round  28/50 | Avg: 0.8547 | Min: 0.7369 | Max: 0.9718
[2026-06-02 13:43:57]   Round  29/50 | Avg: 0.8515 | Min: 0.7390 | Max: 0.9708
[2026-06-02 13:43:57]   Round  30/50 | Avg: 0.8540 | Min: 0.7261 | Max: 0.9712
[2026-06-02 13:43:57]   Round  31/50 | Avg: 0.8547 | Min: 0.7245 | Max: 0.9713
[2026-06-02 13:43:57]   Round  32/50 | Avg: 0.8521 | Min: 0.7224 | Max: 0.9677
[2026-06-02 13:43:57]   Round  33/50 | Avg: 0.8522 | Min: 0.7264 | Max: 0.9682
[2026-06-02 13:43:57]   Round  34/50 | Avg: 0.8533 | Min: 0.7318 | Max: 0.9669
[2026-06-02 13:43:57]   Round  35/50 | Avg: 0.8571 | Min: 0.7289 | Max: 0.9711
[2026-06-02 13:43:57]   Round  36/50 | Avg: 0.8538 | Min: 0.7323 | Max: 0.9701
[2026-06-02 13:43:57]   Round  37/50 | Avg: 0.8521 | Min: 0.7221 | Max: 0.9686
[2026-06-02 13:43:57]   Round  38/50 | Avg: 0.8493 | Min: 0.7370 | Max: 0.9682
[2026-06-02 13:43:57]   Round  39/50 | Avg: 0.8526 | Min: 0.7368 | Max: 0.9715
[2026-06-02 13:43:57]   Round  40/50 | Avg: 0.8508 | Min: 0.7317 | Max: 0.9689
[2026-06-02 13:43:57]   Round  41/50 | Avg: 0.8541 | Min: 0.7346 | Max: 0.9690
[2026-06-02 13:43:57]   Round  42/50 | Avg: 0.8551 | Min: 0.7321 | Max: 0.9699
[2026-06-02 13:43:57]   Round  43/50 | Avg: 0.8544 | Min: 0.7294 | Max: 0.9732
[2026-06-02 13:43:57]   Round  44/50 | Avg: 0.8530 | Min: 0.7288 | Max: 0.9765
[2026-06-02 13:43:57]   Round  45/50 | Avg: 0.8533 | Min: 0.7336 | Max: 0.9709
[2026-06-02 13:43:57]   Round  46/50 | Avg: 0.8543 | Min: 0.7397 | Max: 0.9682
[2026-06-02 13:43:57]   Round  47/50 | Avg: 0.8579 | Min: 0.7501 | Max: 0.9730
[2026-06-02 13:43:57]   Round  48/50 | Avg: 0.8529 | Min: 0.7174 | Max: 0.9724
[2026-06-02 13:43:57]   Round  49/50 | Avg: 0.8550 | Min: 0.7513 | Max: 0.9716
[2026-06-02 13:43:57]   Round  50/50 | Avg: 0.8550 | Min: 0.7488 | Max: 0.9703
[2026-06-02 13:43:57]   FEDAKD — NONIID done.
[2026-06-02 13:43:57] 
[2026-06-02 13:43:57] [seed=123]  FEDAKD  dataset=mnist  hetero=uniform
[2026-06-02 13:43:57] Loading MNIST...
[2026-06-02 13:43:57]   -> 60000 train, 10000 test
[2026-06-02 13:43:57] Loading CIFAR-10...
[2026-06-02 13:43:57]   -> 50000 train, 10000 test
[2026-06-02 13:43:57] 
[2026-06-02 13:43:57] =================================================================
[2026-06-02 13:43:57]   FEDAKD — IID
[2026-06-02 13:43:57] =================================================================
[2026-06-02 13:43:57]   Round   1/50 | Avg: 0.9302 | Min: 0.8959 | Max: 0.9546
[2026-06-02 13:43:57]   Round   2/50 | Avg: 0.9452 | Min: 0.9154 | Max: 0.9657
[2026-06-02 13:43:57]   Round   3/50 | Avg: 0.9490 | Min: 0.9186 | Max: 0.9654
[2026-06-02 13:43:57]   Round   4/50 | Avg: 0.9540 | Min: 0.9300 | Max: 0.9693
[2026-06-02 13:43:57]   Round   5/50 | Avg: 0.9553 | Min: 0.9327 | Max: 0.9678
[2026-06-02 13:43:57]   Round   6/50 | Avg: 0.9569 | Min: 0.9336 | Max: 0.9734
[2026-06-02 13:43:57]   Round   7/50 | Avg: 0.9576 | Min: 0.9368 | Max: 0.9727
[2026-06-02 13:43:57]   Round   8/50 | Avg: 0.9580 | Min: 0.9377 | Max: 0.9744
[2026-06-02 13:43:57]   Round   9/50 | Avg: 0.9572 | Min: 0.9351 | Max: 0.9748
[2026-06-02 13:43:57]   Round  10/50 | Avg: 0.9582 | Min: 0.9388 | Max: 0.9711
[2026-06-02 13:43:57]   Round  11/50 | Avg: 0.9577 | Min: 0.9385 | Max: 0.9735
[2026-06-02 13:43:57]   Round  12/50 | Avg: 0.9591 | Min: 0.9368 | Max: 0.9752
[2026-06-02 13:43:57]   Round  13/50 | Avg: 0.9578 | Min: 0.9385 | Max: 0.9726
[2026-06-02 13:43:57]   Round  14/50 | Avg: 0.9590 | Min: 0.9364 | Max: 0.9751
[2026-06-02 13:43:57]   Round  15/50 | Avg: 0.9561 | Min: 0.9388 | Max: 0.9747
[2026-06-02 13:43:57]   Round  16/50 | Avg: 0.9593 | Min: 0.9393 | Max: 0.9742
[2026-06-02 13:43:57]   Round  17/50 | Avg: 0.9583 | Min: 0.9413 | Max: 0.9708
[2026-06-02 13:43:57]   Round  18/50 | Avg: 0.9598 | Min: 0.9355 | Max: 0.9757
[2026-06-02 13:43:57]   Round  19/50 | Avg: 0.9586 | Min: 0.9402 | Max: 0.9750
[2026-06-02 13:43:57]   Round  20/50 | Avg: 0.9585 | Min: 0.9390 | Max: 0.9733
[2026-06-02 13:43:57]   Round  21/50 | Avg: 0.9567 | Min: 0.9375 | Max: 0.9715
[2026-06-02 13:43:57]   Round  22/50 | Avg: 0.9577 | Min: 0.9330 | Max: 0.9729
[2026-06-02 13:43:57]   Round  23/50 | Avg: 0.9592 | Min: 0.9367 | Max: 0.9763
[2026-06-02 13:43:57]   Round  24/50 | Avg: 0.9573 | Min: 0.9368 | Max: 0.9736
[2026-06-02 13:43:57]   Round  25/50 | Avg: 0.9588 | Min: 0.9404 | Max: 0.9750
[2026-06-02 13:43:57]   Round  26/50 | Avg: 0.9578 | Min: 0.9368 | Max: 0.9746
[2026-06-02 13:43:57]   Round  27/50 | Avg: 0.9589 | Min: 0.9321 | Max: 0.9743
[2026-06-02 13:43:57]   Round  28/50 | Avg: 0.9580 | Min: 0.9368 | Max: 0.9762
[2026-06-02 13:43:57]   Round  29/50 | Avg: 0.9594 | Min: 0.9349 | Max: 0.9774
[2026-06-02 13:43:57]   Round  30/50 | Avg: 0.9581 | Min: 0.9278 | Max: 0.9774
[2026-06-02 13:43:57]   Round  31/50 | Avg: 0.9579 | Min: 0.9353 | Max: 0.9763
[2026-06-02 13:43:57]   Round  32/50 | Avg: 0.9591 | Min: 0.9400 | Max: 0.9759
[2026-06-02 13:43:57]   Round  33/50 | Avg: 0.9597 | Min: 0.9410 | Max: 0.9762
[2026-06-02 13:43:57]   Round  34/50 | Avg: 0.9597 | Min: 0.9386 | Max: 0.9763
[2026-06-02 13:43:57]   Round  35/50 | Avg: 0.9592 | Min: 0.9406 | Max: 0.9767
[2026-06-02 13:43:57]   Round  36/50 | Avg: 0.9550 | Min: 0.9402 | Max: 0.9680
[2026-06-02 13:43:57]   Round  37/50 | Avg: 0.9574 | Min: 0.9364 | Max: 0.9713
[2026-06-02 13:43:57]   Round  38/50 | Avg: 0.9584 | Min: 0.9407 | Max: 0.9699
[2026-06-02 13:43:57]   Round  39/50 | Avg: 0.9591 | Min: 0.9424 | Max: 0.9736
[2026-06-02 13:43:57]   Round  40/50 | Avg: 0.9585 | Min: 0.9402 | Max: 0.9726
[2026-06-02 13:43:57]   Round  41/50 | Avg: 0.9561 | Min: 0.9324 | Max: 0.9747
[2026-06-02 13:43:57]   Round  42/50 | Avg: 0.9590 | Min: 0.9394 | Max: 0.9743
[2026-06-02 13:43:57]   Round  43/50 | Avg: 0.9592 | Min: 0.9400 | Max: 0.9734
[2026-06-02 13:43:57]   Round  44/50 | Avg: 0.9593 | Min: 0.9368 | Max: 0.9735
[2026-06-02 13:43:57]   Round  45/50 | Avg: 0.9599 | Min: 0.9385 | Max: 0.9732
[2026-06-02 13:43:57]   Round  46/50 | Avg: 0.9597 | Min: 0.9398 | Max: 0.9736
[2026-06-02 13:43:57]   Round  47/50 | Avg: 0.9594 | Min: 0.9415 | Max: 0.9741
[2026-06-02 13:43:57]   Round  48/50 | Avg: 0.9593 | Min: 0.9391 | Max: 0.9743
[2026-06-02 13:43:57]   Round  49/50 | Avg: 0.9586 | Min: 0.9412 | Max: 0.9744
[2026-06-02 13:43:57]   Round  50/50 | Avg: 0.9579 | Min: 0.9381 | Max: 0.9726
[2026-06-02 13:43:57]   FEDAKD — IID done.
[2026-06-02 13:43:57] 
[2026-06-02 13:43:57] =================================================================
[2026-06-02 13:43:57]   FEDAKD — NONIID
[2026-06-02 13:43:57] =================================================================
[2026-06-02 13:43:57]   Round   1/50 | Avg: 0.8248 | Min: 0.6623 | Max: 0.9451
[2026-06-02 13:43:57]   Round   2/50 | Avg: 0.8570 | Min: 0.6810 | Max: 0.9589
[2026-06-02 13:43:57]   Round   3/50 | Avg: 0.8604 | Min: 0.6574 | Max: 0.9615
[2026-06-02 13:43:57]   Round   4/50 | Avg: 0.8671 | Min: 0.6966 | Max: 0.9710
[2026-06-02 13:43:57]   Round   5/50 | Avg: 0.8669 | Min: 0.6949 | Max: 0.9698
[2026-06-02 13:43:57]   Round   6/50 | Avg: 0.8657 | Min: 0.6592 | Max: 0.9720
[2026-06-02 13:43:57]   Round   7/50 | Avg: 0.8682 | Min: 0.6889 | Max: 0.9656
[2026-06-02 13:43:57]   Round   8/50 | Avg: 0.8654 | Min: 0.6703 | Max: 0.9597
[2026-06-02 13:43:57]   Round   9/50 | Avg: 0.8675 | Min: 0.6860 | Max: 0.9715
[2026-06-02 13:43:57]   Round  10/50 | Avg: 0.8692 | Min: 0.6935 | Max: 0.9656
[2026-06-02 13:43:57]   Round  11/50 | Avg: 0.8694 | Min: 0.6774 | Max: 0.9641
[2026-06-02 13:43:57]   Round  12/50 | Avg: 0.8655 | Min: 0.6664 | Max: 0.9705
[2026-06-02 13:43:57]   Round  13/50 | Avg: 0.8689 | Min: 0.6562 | Max: 0.9712
[2026-06-02 13:43:57]   Round  14/50 | Avg: 0.8703 | Min: 0.6726 | Max: 0.9621
[2026-06-02 13:43:57]   Round  15/50 | Avg: 0.8705 | Min: 0.6769 | Max: 0.9640
[2026-06-02 13:43:57]   Round  16/50 | Avg: 0.8667 | Min: 0.6875 | Max: 0.9596
[2026-06-02 13:43:57]   Round  17/50 | Avg: 0.8688 | Min: 0.6720 | Max: 0.9665
[2026-06-02 13:43:57]   Round  18/50 | Avg: 0.8612 | Min: 0.6691 | Max: 0.9661
[2026-06-02 13:43:57]   Round  19/50 | Avg: 0.8694 | Min: 0.6816 | Max: 0.9663
[2026-06-02 13:43:57]   Round  20/50 | Avg: 0.8699 | Min: 0.6673 | Max: 0.9675
[2026-06-02 13:43:57]   Round  21/50 | Avg: 0.8683 | Min: 0.6739 | Max: 0.9665
[2026-06-02 13:43:57]   Round  22/50 | Avg: 0.8668 | Min: 0.6584 | Max: 0.9679
[2026-06-02 13:43:57]   Round  23/50 | Avg: 0.8662 | Min: 0.6761 | Max: 0.9655
[2026-06-02 13:43:57]   Round  24/50 | Avg: 0.8676 | Min: 0.6676 | Max: 0.9651
[2026-06-02 13:43:57]   Round  25/50 | Avg: 0.8676 | Min: 0.6745 | Max: 0.9692
[2026-06-02 13:43:57]   Round  26/50 | Avg: 0.8677 | Min: 0.6739 | Max: 0.9690
[2026-06-02 13:43:57]   Round  27/50 | Avg: 0.8642 | Min: 0.6762 | Max: 0.9684
[2026-06-02 13:43:57]   Round  28/50 | Avg: 0.8672 | Min: 0.6712 | Max: 0.9568
[2026-06-02 13:43:57]   Round  29/50 | Avg: 0.8668 | Min: 0.6594 | Max: 0.9660
[2026-06-02 13:43:57]   Round  30/50 | Avg: 0.8683 | Min: 0.6523 | Max: 0.9686
[2026-06-02 13:43:57]   Round  31/50 | Avg: 0.8700 | Min: 0.6774 | Max: 0.9672
[2026-06-02 13:43:57]   Round  32/50 | Avg: 0.8709 | Min: 0.6712 | Max: 0.9699
[2026-06-02 13:43:57]   Round  33/50 | Avg: 0.8670 | Min: 0.6735 | Max: 0.9686
[2026-06-02 13:43:57]   Round  34/50 | Avg: 0.8696 | Min: 0.6714 | Max: 0.9711
[2026-06-02 13:43:57]   Round  35/50 | Avg: 0.8667 | Min: 0.6678 | Max: 0.9697
[2026-06-02 13:43:57]   Round  36/50 | Avg: 0.8658 | Min: 0.6758 | Max: 0.9646
[2026-06-02 13:43:57]   Round  37/50 | Avg: 0.8654 | Min: 0.6820 | Max: 0.9682
[2026-06-02 13:43:57]   Round  38/50 | Avg: 0.8611 | Min: 0.6577 | Max: 0.9651
[2026-06-02 13:43:57]   Round  39/50 | Avg: 0.8627 | Min: 0.6602 | Max: 0.9695
[2026-06-02 13:43:57]   Round  40/50 | Avg: 0.8656 | Min: 0.6798 | Max: 0.9681
[2026-06-02 13:43:57]   Round  41/50 | Avg: 0.8637 | Min: 0.6814 | Max: 0.9670
[2026-06-02 13:43:57]   Round  42/50 | Avg: 0.8638 | Min: 0.6769 | Max: 0.9667
[2026-06-02 13:43:57]   Round  43/50 | Avg: 0.8626 | Min: 0.6425 | Max: 0.9680
[2026-06-02 13:43:57]   Round  44/50 | Avg: 0.8620 | Min: 0.6579 | Max: 0.9626
[2026-06-02 13:43:57]   Round  45/50 | Avg: 0.8634 | Min: 0.6494 | Max: 0.9645
[2026-06-02 13:43:57]   Round  46/50 | Avg: 0.8635 | Min: 0.6556 | Max: 0.9701
[2026-06-02 13:43:57]   Round  47/50 | Avg: 0.8649 | Min: 0.6622 | Max: 0.9700
[2026-06-02 13:43:57]   Round  48/50 | Avg: 0.8645 | Min: 0.6641 | Max: 0.9691
[2026-06-02 13:43:57]   Round  49/50 | Avg: 0.8644 | Min: 0.6767 | Max: 0.9639
[2026-06-02 13:43:57]   Round  50/50 | Avg: 0.8566 | Min: 0.6607 | Max: 0.9642
[2026-06-02 13:43:57]   FEDAKD — NONIID done.
[2026-06-02 13:43:57] 
[2026-06-02 13:43:57] [seed=456]  FEDAKD  dataset=mnist  hetero=uniform
[2026-06-02 13:43:57] Loading MNIST...
[2026-06-02 13:43:57]   -> 60000 train, 10000 test
[2026-06-02 13:43:57] Loading CIFAR-10...
[2026-06-02 13:43:57]   -> 50000 train, 10000 test
[2026-06-02 13:43:57] 
[2026-06-02 13:43:57] =================================================================
[2026-06-02 13:43:57]   FEDAKD — IID
[2026-06-02 13:43:57] =================================================================
[2026-06-02 13:43:57]   Round   1/50 | Avg: 0.9278 | Min: 0.9010 | Max: 0.9545
[2026-06-02 13:43:57]   Round   2/50 | Avg: 0.9388 | Min: 0.9157 | Max: 0.9664
[2026-06-02 13:43:57]   Round   3/50 | Avg: 0.9489 | Min: 0.9237 | Max: 0.9661
[2026-06-02 13:43:57]   Round   4/50 | Avg: 0.9520 | Min: 0.9289 | Max: 0.9677
[2026-06-02 13:43:57]   Round   5/50 | Avg: 0.9543 | Min: 0.9317 | Max: 0.9680
[2026-06-02 13:43:57]   Round   6/50 | Avg: 0.9557 | Min: 0.9339 | Max: 0.9705
[2026-06-02 13:43:57]   Round   7/50 | Avg: 0.9564 | Min: 0.9343 | Max: 0.9700
[2026-06-02 13:43:57]   Round   8/50 | Avg: 0.9562 | Min: 0.9380 | Max: 0.9715
[2026-06-02 13:43:57]   Round   9/50 | Avg: 0.9567 | Min: 0.9324 | Max: 0.9715
[2026-06-02 13:43:57]   Round  10/50 | Avg: 0.9570 | Min: 0.9375 | Max: 0.9705
[2026-06-02 13:43:57]   Round  11/50 | Avg: 0.9581 | Min: 0.9345 | Max: 0.9702
[2026-06-02 13:43:57]   Round  12/50 | Avg: 0.9579 | Min: 0.9371 | Max: 0.9721
[2026-06-02 13:43:57]   Round  13/50 | Avg: 0.9570 | Min: 0.9378 | Max: 0.9725
[2026-06-02 13:43:57]   Round  14/50 | Avg: 0.9570 | Min: 0.9323 | Max: 0.9738
[2026-06-02 13:43:57]   Round  15/50 | Avg: 0.9578 | Min: 0.9366 | Max: 0.9706
[2026-06-02 13:43:57]   Round  16/50 | Avg: 0.9582 | Min: 0.9371 | Max: 0.9686
[2026-06-02 13:43:57]   Round  17/50 | Avg: 0.9584 | Min: 0.9422 | Max: 0.9711
[2026-06-02 13:43:57]   Round  18/50 | Avg: 0.9592 | Min: 0.9416 | Max: 0.9708
[2026-06-02 13:43:57]   Round  19/50 | Avg: 0.9588 | Min: 0.9402 | Max: 0.9713
[2026-06-02 13:43:57]   Round  20/50 | Avg: 0.9594 | Min: 0.9387 | Max: 0.9733
[2026-06-02 13:43:57]   Round  21/50 | Avg: 0.9577 | Min: 0.9387 | Max: 0.9710
[2026-06-02 13:43:57]   Round  22/50 | Avg: 0.9565 | Min: 0.9397 | Max: 0.9722
[2026-06-02 13:43:57]   Round  23/50 | Avg: 0.9561 | Min: 0.9403 | Max: 0.9700
[2026-06-02 13:43:57]   Round  24/50 | Avg: 0.9591 | Min: 0.9399 | Max: 0.9708
[2026-06-02 13:43:57]   Round  25/50 | Avg: 0.9578 | Min: 0.9398 | Max: 0.9746
[2026-06-02 13:43:57]   Round  26/50 | Avg: 0.9597 | Min: 0.9412 | Max: 0.9741
[2026-06-02 13:43:57]   Round  27/50 | Avg: 0.9592 | Min: 0.9343 | Max: 0.9747
[2026-06-02 13:43:57]   Round  28/50 | Avg: 0.9585 | Min: 0.9390 | Max: 0.9746
[2026-06-02 13:43:57]   Round  29/50 | Avg: 0.9587 | Min: 0.9394 | Max: 0.9738
[2026-06-02 13:43:57]   Round  30/50 | Avg: 0.9597 | Min: 0.9397 | Max: 0.9749
[2026-06-02 13:43:57]   Round  31/50 | Avg: 0.9588 | Min: 0.9359 | Max: 0.9705
[2026-06-02 13:43:57]   Round  32/50 | Avg: 0.9591 | Min: 0.9407 | Max: 0.9709
[2026-06-02 13:43:57]   Round  33/50 | Avg: 0.9594 | Min: 0.9382 | Max: 0.9709
[2026-06-02 13:43:57]   Round  34/50 | Avg: 0.9576 | Min: 0.9395 | Max: 0.9708
[2026-06-02 13:43:57]   Round  35/50 | Avg: 0.9551 | Min: 0.9345 | Max: 0.9694
[2026-06-02 13:43:57]   Round  36/50 | Avg: 0.9566 | Min: 0.9397 | Max: 0.9737
[2026-06-02 13:43:57]   Round  37/50 | Avg: 0.9580 | Min: 0.9370 | Max: 0.9689
[2026-06-02 13:43:57]   Round  38/50 | Avg: 0.9585 | Min: 0.9407 | Max: 0.9704
[2026-06-02 13:43:57]   Round  39/50 | Avg: 0.9585 | Min: 0.9410 | Max: 0.9711
[2026-06-02 13:43:57]   Round  40/50 | Avg: 0.9593 | Min: 0.9386 | Max: 0.9718
[2026-06-02 13:43:57]   Round  41/50 | Avg: 0.9589 | Min: 0.9402 | Max: 0.9699
[2026-06-02 13:43:57]   Round  42/50 | Avg: 0.9590 | Min: 0.9394 | Max: 0.9723
[2026-06-02 13:43:57]   Round  43/50 | Avg: 0.9585 | Min: 0.9380 | Max: 0.9722
[2026-06-02 13:43:57]   Round  44/50 | Avg: 0.9590 | Min: 0.9390 | Max: 0.9706
[2026-06-02 13:43:57]   Round  45/50 | Avg: 0.9581 | Min: 0.9420 | Max: 0.9688
[2026-06-02 13:43:57]   Round  46/50 | Avg: 0.9588 | Min: 0.9390 | Max: 0.9728
[2026-06-02 13:43:57]   Round  47/50 | Avg: 0.9596 | Min: 0.9411 | Max: 0.9726
[2026-06-02 13:43:57]   Round  48/50 | Avg: 0.9586 | Min: 0.9404 | Max: 0.9709
[2026-06-02 13:43:57]   Round  49/50 | Avg: 0.9584 | Min: 0.9405 | Max: 0.9700
[2026-06-02 13:43:57]   Round  50/50 | Avg: 0.9595 | Min: 0.9388 | Max: 0.9711
[2026-06-02 13:43:57]   FEDAKD — IID done.
[2026-06-02 13:43:57] 
[2026-06-02 13:43:57] =================================================================
[2026-06-02 13:43:57]   FEDAKD — NONIID
[2026-06-02 13:43:57] =================================================================
[2026-06-02 13:43:57]   Round   1/50 | Avg: 0.8065 | Min: 0.4609 | Max: 0.9361
[2026-06-02 13:43:57]   Round   2/50 | Avg: 0.8260 | Min: 0.5484 | Max: 0.9414
[2026-06-02 13:43:57]   Round   3/50 | Avg: 0.8365 | Min: 0.5821 | Max: 0.9527
[2026-06-02 13:43:57]   Round   4/50 | Avg: 0.8343 | Min: 0.5836 | Max: 0.9504
[2026-06-02 13:43:57]   Round   5/50 | Avg: 0.8347 | Min: 0.5728 | Max: 0.9498
[2026-06-02 13:43:57]   Round   6/50 | Avg: 0.8407 | Min: 0.5773 | Max: 0.9583
[2026-06-02 13:43:57]   Round   7/50 | Avg: 0.8437 | Min: 0.5973 | Max: 0.9567
[2026-06-02 13:43:57]   Round   8/50 | Avg: 0.8377 | Min: 0.5904 | Max: 0.9473
[2026-06-02 13:43:57]   Round   9/50 | Avg: 0.8416 | Min: 0.5840 | Max: 0.9580
[2026-06-02 13:43:57]   Round  10/50 | Avg: 0.8427 | Min: 0.5868 | Max: 0.9488
[2026-06-02 13:43:57]   Round  11/50 | Avg: 0.8434 | Min: 0.5917 | Max: 0.9610
[2026-06-02 13:43:57]   Round  12/50 | Avg: 0.8430 | Min: 0.5937 | Max: 0.9535
[2026-06-02 13:43:57]   Round  13/50 | Avg: 0.8466 | Min: 0.5952 | Max: 0.9583
[2026-06-02 13:43:57]   Round  14/50 | Avg: 0.8440 | Min: 0.5971 | Max: 0.9638
[2026-06-02 13:43:57]   Round  15/50 | Avg: 0.8393 | Min: 0.5913 | Max: 0.9587
[2026-06-02 13:43:57]   Round  16/50 | Avg: 0.8452 | Min: 0.5963 | Max: 0.9591
[2026-06-02 13:43:57]   Round  17/50 | Avg: 0.8444 | Min: 0.5869 | Max: 0.9609
[2026-06-02 13:43:57]   Round  18/50 | Avg: 0.8427 | Min: 0.5965 | Max: 0.9632
[2026-06-02 13:43:57]   Round  19/50 | Avg: 0.8458 | Min: 0.6047 | Max: 0.9552
[2026-06-02 13:43:57]   Round  20/50 | Avg: 0.8462 | Min: 0.6065 | Max: 0.9618
[2026-06-02 13:43:57]   Round  21/50 | Avg: 0.8440 | Min: 0.6093 | Max: 0.9558
[2026-06-02 13:43:57]   Round  22/50 | Avg: 0.8441 | Min: 0.6097 | Max: 0.9544
[2026-06-02 13:43:57]   Round  23/50 | Avg: 0.8470 | Min: 0.6129 | Max: 0.9559
[2026-06-02 13:43:57]   Round  24/50 | Avg: 0.8475 | Min: 0.6114 | Max: 0.9595
[2026-06-02 13:43:57]   Round  25/50 | Avg: 0.8438 | Min: 0.6001 | Max: 0.9582
[2026-06-02 13:43:57]   Round  26/50 | Avg: 0.8412 | Min: 0.6100 | Max: 0.9576
[2026-06-02 13:43:57]   Round  27/50 | Avg: 0.8382 | Min: 0.6060 | Max: 0.9581
[2026-06-02 13:43:57]   Round  28/50 | Avg: 0.8428 | Min: 0.6059 | Max: 0.9500
[2026-06-02 13:43:57]   Round  29/50 | Avg: 0.8404 | Min: 0.6022 | Max: 0.9434
[2026-06-02 13:43:57]   Round  30/50 | Avg: 0.8417 | Min: 0.6041 | Max: 0.9531
[2026-06-02 13:43:57]   Round  31/50 | Avg: 0.8409 | Min: 0.6118 | Max: 0.9607
[2026-06-02 13:43:57]   Round  32/50 | Avg: 0.8423 | Min: 0.6072 | Max: 0.9571
[2026-06-02 13:43:57]   Round  33/50 | Avg: 0.8401 | Min: 0.6046 | Max: 0.9599
[2026-06-02 13:43:57]   Round  34/50 | Avg: 0.8419 | Min: 0.6051 | Max: 0.9596
[2026-06-02 13:43:57]   Round  35/50 | Avg: 0.8457 | Min: 0.6027 | Max: 0.9596
[2026-06-02 13:43:57]   Round  36/50 | Avg: 0.8437 | Min: 0.6045 | Max: 0.9581
[2026-06-02 13:43:57]   Round  37/50 | Avg: 0.8403 | Min: 0.6034 | Max: 0.9608
[2026-06-02 13:43:57]   Round  38/50 | Avg: 0.8447 | Min: 0.6065 | Max: 0.9551
[2026-06-02 13:43:57]   Round  39/50 | Avg: 0.8451 | Min: 0.6042 | Max: 0.9549
[2026-06-02 13:43:57]   Round  40/50 | Avg: 0.8437 | Min: 0.5821 | Max: 0.9559
[2026-06-02 13:43:57]   Round  41/50 | Avg: 0.8412 | Min: 0.5968 | Max: 0.9553
[2026-06-02 13:43:57]   Round  42/50 | Avg: 0.8346 | Min: 0.5938 | Max: 0.9494
[2026-06-02 13:43:57]   Round  43/50 | Avg: 0.8408 | Min: 0.5961 | Max: 0.9618
[2026-06-02 13:43:57]   Round  44/50 | Avg: 0.8413 | Min: 0.5949 | Max: 0.9557
[2026-06-02 13:43:57]   Round  45/50 | Avg: 0.8386 | Min: 0.6017 | Max: 0.9566
[2026-06-02 13:43:57]   Round  46/50 | Avg: 0.8390 | Min: 0.6032 | Max: 0.9546
[2026-06-02 13:43:57]   Round  47/50 | Avg: 0.8400 | Min: 0.5997 | Max: 0.9555
[2026-06-02 13:43:57]   Round  48/50 | Avg: 0.8401 | Min: 0.6065 | Max: 0.9560
[2026-06-02 13:43:57]   Round  49/50 | Avg: 0.8401 | Min: 0.6033 | Max: 0.9530
[2026-06-02 13:43:57]   Round  50/50 | Avg: 0.8367 | Min: 0.6034 | Max: 0.9528
[2026-06-02 13:43:57]   FEDAKD — NONIID done.
[2026-06-02 13:43:57]   Saved final_ci_mnist_uniform.png
[2026-06-02 13:43:57]   Saved per_client_mnist_uniform.png
[2026-06-02 13:43:57] 
[2026-06-02 13:43:57] =================================================================
[2026-06-02 13:43:57]   All experiments complete.
[2026-06-02 13:43:57]   Results  ->  /home/gad/Desktop/HomeSenseKD/results/phase1
[2026-06-02 13:43:57]   Figures  ->  /home/gad/Desktop/HomeSenseKD/results/phase1/figures
[2026-06-02 13:43:57] =================================================================
[2026-06-02 13:43:57] ============================================================
[2026-06-02 13:43:57]   JOB DONE    : mnist_fedakd_uniform  (exit 0)
[2026-06-02 13:43:57]   Full log    : /home/gad/Desktop/HomeSenseKD/logs/phase1/mnist_fedakd_uniform.log
[2026-06-02 13:43:57] ============================================================
