[2026-05-31 16:14:24] ============================================================
[2026-05-31 16:14:24]   JOB START   : mnist_mks_uniform
[2026-05-31 16:14:24]   PID         : 578741
[2026-05-31 16:14:24]   Log         : /home/gad/Desktop/HomeSenseKD/logs/phase1/mnist_mks_uniform.log
[2026-05-31 16:14:24]   Results dir : /home/gad/Desktop/HomeSenseKD/results/phase1
[2026-05-31 16:14:24]   Fig dir     : /home/gad/Desktop/HomeSenseKD/results/phase1/figures
[2026-05-31 16:14:24]   Cmd         : /home/gad/Desktop/HomeSenseKD/myenv/bin/python /home/gad/Desktop/HomeSenseKD/run_fedkd.py \
[2026-05-31 16:14:24]                   --config /home/gad/Desktop/HomeSenseKD/config/mnist.yaml \
[2026-05-31 16:14:24]                   --algorithm mks --heterogeneity uniform \
[2026-05-31 16:14:24]                   --override experiment.results_dir=/home/gad/Desktop/HomeSenseKD/results/phase1 \
[2026-05-31 16:14:24]                              experiment.fig_dir=/home/gad/Desktop/HomeSenseKD/results/phase1/figures
[2026-05-31 16:14:24] ============================================================
[2026-06-02 13:38:21] WARNING: All log messages before absl::InitializeLog() is called are written to STDERR
[2026-06-02 13:38:21] I0000 00:00:1780258465.173576  578762 port.cc:153] oneDNN custom operations are on. You may see slightly different numerical results due to floating-point round-off errors from different computation orders. To turn them off, set the environment variable `TF_ENABLE_ONEDNN_OPTS=0`.
[2026-06-02 13:38:21] I0000 00:00:1780258465.175695  578762 cudart_stub.cc:31] Could not find cuda drivers on your machine, GPU will not be used.
[2026-06-02 13:38:21] I0000 00:00:1780258465.389518  578762 cpu_feature_guard.cc:227] This TensorFlow binary is optimized to use available CPU instructions in performance-critical operations.
[2026-06-02 13:38:21] To enable the following instructions: AVX2 AVX_VNNI FMA, in other operations, rebuild TensorFlow with the appropriate compiler flags.
[2026-06-02 13:38:21] WARNING: All log messages before absl::InitializeLog() is called are written to STDERR
[2026-06-02 13:38:21] I0000 00:00:1780258466.314951  578762 port.cc:153] oneDNN custom operations are on. You may see slightly different numerical results due to floating-point round-off errors from different computation orders. To turn them off, set the environment variable `TF_ENABLE_ONEDNN_OPTS=0`.
[2026-06-02 13:38:21] I0000 00:00:1780258466.316251  578762 cudart_stub.cc:31] Could not find cuda drivers on your machine, GPU will not be used.
[2026-06-02 13:38:21] E0000 00:00:1780258469.660149  578762 cuda_platform.cc:52] failed call to cuInit: INTERNAL: CUDA error: Failed call to cuInit: CUDA_ERROR_NO_DEVICE: no CUDA-capable device is detected
[2026-06-02 13:38:21]   Saved tiers_mnist_uniform.png
[2026-06-02 13:38:21] =================================================================
[2026-06-02 13:38:21]   Dataset    : mnist  (public: cifar10)
[2026-06-02 13:38:21]   Algorithms : ['mks']
[2026-06-02 13:38:21]   Heterogen. : uniform  ->  ['small', 'small', 'small', 'small', 'small', 'small']...
[2026-06-02 13:38:21]   Seeds      : [42, 123, 456]
[2026-06-02 13:38:21]   Settings   : ['iid', 'noniid']
[2026-06-02 13:38:21] =================================================================
[2026-06-02 13:38:21] 
[2026-06-02 13:38:21] [seed=42]  MKS  dataset=mnist  hetero=uniform
[2026-06-02 13:38:21] Loading MNIST...
[2026-06-02 13:38:21]   -> 60000 train, 10000 test
[2026-06-02 13:38:21] Loading CIFAR-10...
[2026-06-02 13:38:21]   -> 50000 train, 10000 test
[2026-06-02 13:38:21] 
[2026-06-02 13:38:21] =================================================================
[2026-06-02 13:38:21]   MKS — IID
[2026-06-02 13:38:21] =================================================================
[2026-06-02 13:38:21]   Round   1/50 | Avg: 0.9339 | Min: 0.8997 | Max: 0.9591
[2026-06-02 13:38:21]   Round   2/50 | Avg: 0.9122 | Min: 0.8712 | Max: 0.9407
[2026-06-02 13:38:21]   Round   3/50 | Avg: 0.9237 | Min: 0.8884 | Max: 0.9457
[2026-06-02 13:38:21]   Round   4/50 | Avg: 0.9352 | Min: 0.9084 | Max: 0.9545
[2026-06-02 13:38:21]   Round   5/50 | Avg: 0.9450 | Min: 0.9216 | Max: 0.9631
[2026-06-02 13:38:21]   Round   6/50 | Avg: 0.9511 | Min: 0.9304 | Max: 0.9653
[2026-06-02 13:38:21]   Round   7/50 | Avg: 0.9532 | Min: 0.9370 | Max: 0.9642
[2026-06-02 13:38:21]   Round   8/50 | Avg: 0.9575 | Min: 0.9463 | Max: 0.9705
[2026-06-02 13:38:21]   Round   9/50 | Avg: 0.9601 | Min: 0.9482 | Max: 0.9712
[2026-06-02 13:38:21]   Round  10/50 | Avg: 0.9627 | Min: 0.9495 | Max: 0.9743
[2026-06-02 13:38:21]   Round  11/50 | Avg: 0.9645 | Min: 0.9567 | Max: 0.9735
[2026-06-02 13:38:21]   Round  12/50 | Avg: 0.9662 | Min: 0.9585 | Max: 0.9722
[2026-06-02 13:38:21]   Round  13/50 | Avg: 0.9673 | Min: 0.9602 | Max: 0.9736
[2026-06-02 13:38:21]   Round  14/50 | Avg: 0.9682 | Min: 0.9530 | Max: 0.9755
[2026-06-02 13:38:21]   Round  15/50 | Avg: 0.9682 | Min: 0.9454 | Max: 0.9750
[2026-06-02 13:38:21]   Round  16/50 | Avg: 0.9705 | Min: 0.9637 | Max: 0.9767
[2026-06-02 13:38:21]   Round  17/50 | Avg: 0.9706 | Min: 0.9654 | Max: 0.9768
[2026-06-02 13:38:21]   Round  18/50 | Avg: 0.9704 | Min: 0.9632 | Max: 0.9772
[2026-06-02 13:38:21]   Round  19/50 | Avg: 0.9722 | Min: 0.9664 | Max: 0.9783
[2026-06-02 13:38:21]   Round  20/50 | Avg: 0.9711 | Min: 0.9660 | Max: 0.9769
[2026-06-02 13:38:21]   Round  21/50 | Avg: 0.9723 | Min: 0.9661 | Max: 0.9772
[2026-06-02 13:38:21]   Round  22/50 | Avg: 0.9705 | Min: 0.9654 | Max: 0.9765
[2026-06-02 13:38:21]   Round  23/50 | Avg: 0.9736 | Min: 0.9656 | Max: 0.9780
[2026-06-02 13:38:21]   Round  24/50 | Avg: 0.9732 | Min: 0.9672 | Max: 0.9787
[2026-06-02 13:38:21]   Round  25/50 | Avg: 0.9721 | Min: 0.9640 | Max: 0.9793
[2026-06-02 13:38:21]   Round  26/50 | Avg: 0.9716 | Min: 0.9636 | Max: 0.9781
[2026-06-02 13:38:21]   Round  27/50 | Avg: 0.9736 | Min: 0.9686 | Max: 0.9782
[2026-06-02 13:38:21]   Round  28/50 | Avg: 0.9737 | Min: 0.9683 | Max: 0.9777
[2026-06-02 13:38:21]   Round  29/50 | Avg: 0.9731 | Min: 0.9692 | Max: 0.9781
[2026-06-02 13:38:21]   Round  30/50 | Avg: 0.9723 | Min: 0.9629 | Max: 0.9798
[2026-06-02 13:38:21]   Round  31/50 | Avg: 0.9726 | Min: 0.9655 | Max: 0.9776
[2026-06-02 13:38:21]   Round  32/50 | Avg: 0.9738 | Min: 0.9649 | Max: 0.9794
[2026-06-02 13:38:21]   Round  33/50 | Avg: 0.9758 | Min: 0.9711 | Max: 0.9805
[2026-06-02 13:38:21]   Round  34/50 | Avg: 0.9722 | Min: 0.9686 | Max: 0.9776
[2026-06-02 13:38:21]   Round  35/50 | Avg: 0.9734 | Min: 0.9683 | Max: 0.9798
[2026-06-02 13:38:21]   Round  36/50 | Avg: 0.9751 | Min: 0.9703 | Max: 0.9800
[2026-06-02 13:38:21]   Round  37/50 | Avg: 0.9761 | Min: 0.9698 | Max: 0.9808
[2026-06-02 13:38:21]   Round  38/50 | Avg: 0.9748 | Min: 0.9692 | Max: 0.9801
[2026-06-02 13:38:21]   Round  39/50 | Avg: 0.9751 | Min: 0.9654 | Max: 0.9804
[2026-06-02 13:38:21]   Round  40/50 | Avg: 0.9741 | Min: 0.9664 | Max: 0.9799
[2026-06-02 13:38:21]   Round  41/50 | Avg: 0.9761 | Min: 0.9698 | Max: 0.9807
[2026-06-02 13:38:21]   Round  42/50 | Avg: 0.9744 | Min: 0.9660 | Max: 0.9793
[2026-06-02 13:38:21]   Round  43/50 | Avg: 0.9752 | Min: 0.9679 | Max: 0.9802
[2026-06-02 13:38:21]   Round  44/50 | Avg: 0.9747 | Min: 0.9670 | Max: 0.9803
[2026-06-02 13:38:21]   Round  45/50 | Avg: 0.9764 | Min: 0.9703 | Max: 0.9804
[2026-06-02 13:38:21]   Round  46/50 | Avg: 0.9766 | Min: 0.9681 | Max: 0.9818
[2026-06-02 13:38:21]   Round  47/50 | Avg: 0.9746 | Min: 0.9615 | Max: 0.9799
[2026-06-02 13:38:21]   Round  48/50 | Avg: 0.9755 | Min: 0.9676 | Max: 0.9800
[2026-06-02 13:38:21]   Round  49/50 | Avg: 0.9725 | Min: 0.9581 | Max: 0.9782
[2026-06-02 13:38:21]   Round  50/50 | Avg: 0.9770 | Min: 0.9681 | Max: 0.9814
[2026-06-02 13:38:21]   MKS — IID done.
[2026-06-02 13:38:21] 
[2026-06-02 13:38:21] =================================================================
[2026-06-02 13:38:21]   MKS — NONIID
[2026-06-02 13:38:21] =================================================================
[2026-06-02 13:38:21]   Round   1/50 | Avg: 0.8169 | Min: 0.7181 | Max: 0.9493
[2026-06-02 13:38:21]   Round   2/50 | Avg: 0.8191 | Min: 0.6962 | Max: 0.9553
[2026-06-02 13:38:21]   Round   3/50 | Avg: 0.8557 | Min: 0.7536 | Max: 0.9634
[2026-06-02 13:38:21]   Round   4/50 | Avg: 0.8912 | Min: 0.7617 | Max: 0.9600
[2026-06-02 13:38:21]   Round   5/50 | Avg: 0.9117 | Min: 0.8326 | Max: 0.9657
[2026-06-02 13:38:21]   Round   6/50 | Avg: 0.9208 | Min: 0.8362 | Max: 0.9723
[2026-06-02 13:38:21]   Round   7/50 | Avg: 0.9280 | Min: 0.8459 | Max: 0.9729
[2026-06-02 13:38:21]   Round   8/50 | Avg: 0.9344 | Min: 0.8681 | Max: 0.9753
[2026-06-02 13:38:21]   Round   9/50 | Avg: 0.9444 | Min: 0.8803 | Max: 0.9751
[2026-06-02 13:38:21]   Round  10/50 | Avg: 0.9474 | Min: 0.8958 | Max: 0.9774
[2026-06-02 13:38:21]   Round  11/50 | Avg: 0.9482 | Min: 0.8986 | Max: 0.9786
[2026-06-02 13:38:21]   Round  12/50 | Avg: 0.9528 | Min: 0.9064 | Max: 0.9786
[2026-06-02 13:38:21]   Round  13/50 | Avg: 0.9551 | Min: 0.9058 | Max: 0.9806
[2026-06-02 13:38:21]   Round  14/50 | Avg: 0.9567 | Min: 0.8812 | Max: 0.9827
[2026-06-02 13:38:21]   Round  15/50 | Avg: 0.9579 | Min: 0.9063 | Max: 0.9775
[2026-06-02 13:38:21]   Round  16/50 | Avg: 0.9597 | Min: 0.9109 | Max: 0.9841
[2026-06-02 13:38:21]   Round  17/50 | Avg: 0.9549 | Min: 0.8991 | Max: 0.9791
[2026-06-02 13:38:21]   Round  18/50 | Avg: 0.9635 | Min: 0.9319 | Max: 0.9806
[2026-06-02 13:38:21]   Round  19/50 | Avg: 0.9626 | Min: 0.9310 | Max: 0.9824
[2026-06-02 13:38:21]   Round  20/50 | Avg: 0.9676 | Min: 0.9414 | Max: 0.9846
[2026-06-02 13:38:21]   Round  21/50 | Avg: 0.9612 | Min: 0.9187 | Max: 0.9791
[2026-06-02 13:38:21]   Round  22/50 | Avg: 0.9629 | Min: 0.9337 | Max: 0.9849
[2026-06-02 13:38:21]   Round  23/50 | Avg: 0.9680 | Min: 0.9403 | Max: 0.9841
[2026-06-02 13:38:21]   Round  24/50 | Avg: 0.9671 | Min: 0.9342 | Max: 0.9820
[2026-06-02 13:38:21]   Round  25/50 | Avg: 0.9669 | Min: 0.9273 | Max: 0.9822
[2026-06-02 13:38:21]   Round  26/50 | Avg: 0.9617 | Min: 0.9375 | Max: 0.9815
[2026-06-02 13:38:21]   Round  27/50 | Avg: 0.9694 | Min: 0.9456 | Max: 0.9852
[2026-06-02 13:38:21]   Round  28/50 | Avg: 0.9708 | Min: 0.9442 | Max: 0.9863
[2026-06-02 13:38:21]   Round  29/50 | Avg: 0.9715 | Min: 0.9502 | Max: 0.9859
[2026-06-02 13:38:21]   Round  30/50 | Avg: 0.9662 | Min: 0.9226 | Max: 0.9831
[2026-06-02 13:38:21]   Round  31/50 | Avg: 0.9729 | Min: 0.9565 | Max: 0.9860
[2026-06-02 13:38:21]   Round  32/50 | Avg: 0.9682 | Min: 0.9087 | Max: 0.9878
[2026-06-02 13:38:21]   Round  33/50 | Avg: 0.9728 | Min: 0.9466 | Max: 0.9862
[2026-06-02 13:38:21]   Round  34/50 | Avg: 0.9704 | Min: 0.9506 | Max: 0.9830
[2026-06-02 13:38:21]   Round  35/50 | Avg: 0.9694 | Min: 0.9527 | Max: 0.9822
[2026-06-02 13:38:21]   Round  36/50 | Avg: 0.9724 | Min: 0.9461 | Max: 0.9856
[2026-06-02 13:38:21]   Round  37/50 | Avg: 0.9701 | Min: 0.9281 | Max: 0.9880
[2026-06-02 13:38:21]   Round  38/50 | Avg: 0.9673 | Min: 0.9474 | Max: 0.9818
[2026-06-02 13:38:21]   Round  39/50 | Avg: 0.9703 | Min: 0.9542 | Max: 0.9856
[2026-06-02 13:38:21]   Round  40/50 | Avg: 0.9742 | Min: 0.9426 | Max: 0.9866
[2026-06-02 13:38:21]   Round  41/50 | Avg: 0.9742 | Min: 0.9514 | Max: 0.9882
[2026-06-02 13:38:21]   Round  42/50 | Avg: 0.9760 | Min: 0.9502 | Max: 0.9868
[2026-06-02 13:38:21]   Round  43/50 | Avg: 0.9741 | Min: 0.9458 | Max: 0.9876
[2026-06-02 13:38:21]   Round  44/50 | Avg: 0.9710 | Min: 0.9212 | Max: 0.9864
[2026-06-02 13:38:21]   Round  45/50 | Avg: 0.9750 | Min: 0.9597 | Max: 0.9878
[2026-06-02 13:38:21]   Round  46/50 | Avg: 0.9716 | Min: 0.9464 | Max: 0.9858
[2026-06-02 13:38:21]   Round  47/50 | Avg: 0.9763 | Min: 0.9594 | Max: 0.9875
[2026-06-02 13:38:21]   Round  48/50 | Avg: 0.9762 | Min: 0.9595 | Max: 0.9858
[2026-06-02 13:38:21]   Round  49/50 | Avg: 0.9761 | Min: 0.9472 | Max: 0.9869
[2026-06-02 13:38:21]   Round  50/50 | Avg: 0.9758 | Min: 0.9434 | Max: 0.9873
[2026-06-02 13:38:21]   MKS — NONIID done.
[2026-06-02 13:38:21] 
[2026-06-02 13:38:21] [seed=123]  MKS  dataset=mnist  hetero=uniform
[2026-06-02 13:38:21] Loading MNIST...
[2026-06-02 13:38:21]   -> 60000 train, 10000 test
[2026-06-02 13:38:21] Loading CIFAR-10...
[2026-06-02 13:38:21]   -> 50000 train, 10000 test
[2026-06-02 13:38:21] 
[2026-06-02 13:38:21] =================================================================
[2026-06-02 13:38:21]   MKS — IID
[2026-06-02 13:38:21] =================================================================
[2026-06-02 13:38:21]   Round   1/50 | Avg: 0.9265 | Min: 0.8856 | Max: 0.9510
[2026-06-02 13:38:21]   Round   2/50 | Avg: 0.9044 | Min: 0.8544 | Max: 0.9366
[2026-06-02 13:38:21]   Round   3/50 | Avg: 0.9172 | Min: 0.8784 | Max: 0.9485
[2026-06-02 13:38:21]   Round   4/50 | Avg: 0.9302 | Min: 0.8912 | Max: 0.9551
[2026-06-02 13:38:21]   Round   5/50 | Avg: 0.9383 | Min: 0.9076 | Max: 0.9601
[2026-06-02 13:38:21]   Round   6/50 | Avg: 0.9444 | Min: 0.9151 | Max: 0.9658
[2026-06-02 13:38:21]   Round   7/50 | Avg: 0.9511 | Min: 0.9290 | Max: 0.9676
[2026-06-02 13:38:21]   Round   8/50 | Avg: 0.9553 | Min: 0.9349 | Max: 0.9697
[2026-06-02 13:38:21]   Round   9/50 | Avg: 0.9587 | Min: 0.9410 | Max: 0.9692
[2026-06-02 13:38:21]   Round  10/50 | Avg: 0.9600 | Min: 0.9473 | Max: 0.9706
[2026-06-02 13:38:21]   Round  11/50 | Avg: 0.9620 | Min: 0.9506 | Max: 0.9710
[2026-06-02 13:38:21]   Round  12/50 | Avg: 0.9640 | Min: 0.9534 | Max: 0.9727
[2026-06-02 13:38:21]   Round  13/50 | Avg: 0.9642 | Min: 0.9546 | Max: 0.9740
[2026-06-02 13:38:21]   Round  14/50 | Avg: 0.9657 | Min: 0.9560 | Max: 0.9738
[2026-06-02 13:38:21]   Round  15/50 | Avg: 0.9670 | Min: 0.9555 | Max: 0.9749
[2026-06-02 13:38:21]   Round  16/50 | Avg: 0.9678 | Min: 0.9589 | Max: 0.9743
[2026-06-02 13:38:21]   Round  17/50 | Avg: 0.9680 | Min: 0.9600 | Max: 0.9752
[2026-06-02 13:38:21]   Round  18/50 | Avg: 0.9688 | Min: 0.9598 | Max: 0.9758
[2026-06-02 13:38:21]   Round  19/50 | Avg: 0.9676 | Min: 0.9624 | Max: 0.9752
[2026-06-02 13:38:21]   Round  20/50 | Avg: 0.9691 | Min: 0.9615 | Max: 0.9757
[2026-06-02 13:38:21]   Round  21/50 | Avg: 0.9688 | Min: 0.9615 | Max: 0.9774
[2026-06-02 13:38:21]   Round  22/50 | Avg: 0.9700 | Min: 0.9632 | Max: 0.9753
[2026-06-02 13:38:21]   Round  23/50 | Avg: 0.9713 | Min: 0.9636 | Max: 0.9763
[2026-06-02 13:38:21]   Round  24/50 | Avg: 0.9706 | Min: 0.9639 | Max: 0.9775
[2026-06-02 13:38:21]   Round  25/50 | Avg: 0.9718 | Min: 0.9632 | Max: 0.9774
[2026-06-02 13:38:21]   Round  26/50 | Avg: 0.9710 | Min: 0.9634 | Max: 0.9789
[2026-06-02 13:38:21]   Round  27/50 | Avg: 0.9716 | Min: 0.9652 | Max: 0.9777
[2026-06-02 13:38:21]   Round  28/50 | Avg: 0.9721 | Min: 0.9658 | Max: 0.9781
[2026-06-02 13:38:21]   Round  29/50 | Avg: 0.9709 | Min: 0.9585 | Max: 0.9784
[2026-06-02 13:38:21]   Round  30/50 | Avg: 0.9731 | Min: 0.9656 | Max: 0.9807
[2026-06-02 13:38:21]   Round  31/50 | Avg: 0.9702 | Min: 0.9613 | Max: 0.9786
[2026-06-02 13:38:21]   Round  32/50 | Avg: 0.9731 | Min: 0.9669 | Max: 0.9795
[2026-06-02 13:38:21]   Round  33/50 | Avg: 0.9734 | Min: 0.9673 | Max: 0.9793
[2026-06-02 13:38:21]   Round  34/50 | Avg: 0.9724 | Min: 0.9660 | Max: 0.9794
[2026-06-02 13:38:21]   Round  35/50 | Avg: 0.9727 | Min: 0.9607 | Max: 0.9785
[2026-06-02 13:38:21]   Round  36/50 | Avg: 0.9707 | Min: 0.9650 | Max: 0.9768
[2026-06-02 13:38:21]   Round  37/50 | Avg: 0.9737 | Min: 0.9657 | Max: 0.9793
[2026-06-02 13:38:21]   Round  38/50 | Avg: 0.9740 | Min: 0.9676 | Max: 0.9796
[2026-06-02 13:38:21]   Round  39/50 | Avg: 0.9727 | Min: 0.9649 | Max: 0.9794
[2026-06-02 13:38:21]   Round  40/50 | Avg: 0.9717 | Min: 0.9617 | Max: 0.9780
[2026-06-02 13:38:21]   Round  41/50 | Avg: 0.9746 | Min: 0.9668 | Max: 0.9807
[2026-06-02 13:38:21]   Round  42/50 | Avg: 0.9745 | Min: 0.9675 | Max: 0.9804
[2026-06-02 13:38:21]   Round  43/50 | Avg: 0.9716 | Min: 0.9594 | Max: 0.9789
[2026-06-02 13:38:21]   Round  44/50 | Avg: 0.9736 | Min: 0.9681 | Max: 0.9796
[2026-06-02 13:38:21]   Round  45/50 | Avg: 0.9749 | Min: 0.9673 | Max: 0.9810
[2026-06-02 13:38:21]   Round  46/50 | Avg: 0.9727 | Min: 0.9665 | Max: 0.9793
[2026-06-02 13:38:21]   Round  47/50 | Avg: 0.9749 | Min: 0.9682 | Max: 0.9806
[2026-06-02 13:38:21]   Round  48/50 | Avg: 0.9744 | Min: 0.9660 | Max: 0.9821
[2026-06-02 13:38:21]   Round  49/50 | Avg: 0.9739 | Min: 0.9667 | Max: 0.9805
[2026-06-02 13:38:21]   Round  50/50 | Avg: 0.9749 | Min: 0.9660 | Max: 0.9812
[2026-06-02 13:38:21]   MKS — IID done.
[2026-06-02 13:38:21] 
[2026-06-02 13:38:21] =================================================================
[2026-06-02 13:38:21]   MKS — NONIID
[2026-06-02 13:38:21] =================================================================
[2026-06-02 13:38:21]   Round   1/50 | Avg: 0.8204 | Min: 0.6579 | Max: 0.9410
[2026-06-02 13:38:21]   Round   2/50 | Avg: 0.8174 | Min: 0.6506 | Max: 0.9397
[2026-06-02 13:38:21]   Round   3/50 | Avg: 0.8736 | Min: 0.7101 | Max: 0.9539
[2026-06-02 13:38:21]   Round   4/50 | Avg: 0.9035 | Min: 0.7625 | Max: 0.9625
[2026-06-02 13:38:21]   Round   5/50 | Avg: 0.9231 | Min: 0.8118 | Max: 0.9695
[2026-06-02 13:38:21]   Round   6/50 | Avg: 0.9295 | Min: 0.8706 | Max: 0.9747
[2026-06-02 13:38:21]   Round   7/50 | Avg: 0.9416 | Min: 0.8763 | Max: 0.9712
[2026-06-02 13:38:21]   Round   8/50 | Avg: 0.9469 | Min: 0.9023 | Max: 0.9731
[2026-06-02 13:38:21]   Round   9/50 | Avg: 0.9501 | Min: 0.8897 | Max: 0.9717
[2026-06-02 13:38:21]   Round  10/50 | Avg: 0.9536 | Min: 0.8900 | Max: 0.9825
[2026-06-02 13:38:21]   Round  11/50 | Avg: 0.9564 | Min: 0.9165 | Max: 0.9768
[2026-06-02 13:38:21]   Round  12/50 | Avg: 0.9553 | Min: 0.9140 | Max: 0.9805
[2026-06-02 13:38:21]   Round  13/50 | Avg: 0.9616 | Min: 0.9335 | Max: 0.9777
[2026-06-02 13:38:21]   Round  14/50 | Avg: 0.9625 | Min: 0.9244 | Max: 0.9785
[2026-06-02 13:38:21]   Round  15/50 | Avg: 0.9606 | Min: 0.8948 | Max: 0.9831
[2026-06-02 13:38:21]   Round  16/50 | Avg: 0.9634 | Min: 0.9292 | Max: 0.9789
[2026-06-02 13:38:21]   Round  17/50 | Avg: 0.9614 | Min: 0.9231 | Max: 0.9791
[2026-06-02 13:38:21]   Round  18/50 | Avg: 0.9613 | Min: 0.9123 | Max: 0.9808
[2026-06-02 13:38:21]   Round  19/50 | Avg: 0.9697 | Min: 0.9431 | Max: 0.9856
[2026-06-02 13:38:21]   Round  20/50 | Avg: 0.9670 | Min: 0.9328 | Max: 0.9845
[2026-06-02 13:38:21]   Round  21/50 | Avg: 0.9653 | Min: 0.9355 | Max: 0.9822
[2026-06-02 13:38:21]   Round  22/50 | Avg: 0.9651 | Min: 0.9290 | Max: 0.9840
[2026-06-02 13:38:21]   Round  23/50 | Avg: 0.9684 | Min: 0.9204 | Max: 0.9855
[2026-06-02 13:38:21]   Round  24/50 | Avg: 0.9698 | Min: 0.9551 | Max: 0.9821
[2026-06-02 13:38:21]   Round  25/50 | Avg: 0.9641 | Min: 0.9261 | Max: 0.9824
[2026-06-02 13:38:21]   Round  26/50 | Avg: 0.9719 | Min: 0.9458 | Max: 0.9854
[2026-06-02 13:38:21]   Round  27/50 | Avg: 0.9727 | Min: 0.9468 | Max: 0.9879
[2026-06-02 13:38:21]   Round  28/50 | Avg: 0.9649 | Min: 0.9422 | Max: 0.9845
[2026-06-02 13:38:21]   Round  29/50 | Avg: 0.9724 | Min: 0.9507 | Max: 0.9861
[2026-06-02 13:38:21]   Round  30/50 | Avg: 0.9722 | Min: 0.9416 | Max: 0.9855
[2026-06-02 13:38:21]   Round  31/50 | Avg: 0.9672 | Min: 0.9280 | Max: 0.9844
[2026-06-02 13:38:21]   Round  32/50 | Avg: 0.9731 | Min: 0.9501 | Max: 0.9868
[2026-06-02 13:38:21]   Round  33/50 | Avg: 0.9752 | Min: 0.9610 | Max: 0.9879
[2026-06-02 13:38:21]   Round  34/50 | Avg: 0.9691 | Min: 0.9307 | Max: 0.9869
[2026-06-02 13:38:21]   Round  35/50 | Avg: 0.9771 | Min: 0.9662 | Max: 0.9881
[2026-06-02 13:38:21]   Round  36/50 | Avg: 0.9745 | Min: 0.9543 | Max: 0.9860
[2026-06-02 13:38:21]   Round  37/50 | Avg: 0.9700 | Min: 0.9224 | Max: 0.9852
[2026-06-02 13:38:21]   Round  38/50 | Avg: 0.9731 | Min: 0.9459 | Max: 0.9876
[2026-06-02 13:38:21]   Round  39/50 | Avg: 0.9717 | Min: 0.9487 | Max: 0.9841
[2026-06-02 13:38:21]   Round  40/50 | Avg: 0.9689 | Min: 0.9269 | Max: 0.9846
[2026-06-02 13:38:21]   Round  41/50 | Avg: 0.9768 | Min: 0.9587 | Max: 0.9871
[2026-06-02 13:38:21]   Round  42/50 | Avg: 0.9768 | Min: 0.9636 | Max: 0.9878
[2026-06-02 13:38:21]   Round  43/50 | Avg: 0.9779 | Min: 0.9649 | Max: 0.9881
[2026-06-02 13:38:21]   Round  44/50 | Avg: 0.9685 | Min: 0.9157 | Max: 0.9849
[2026-06-02 13:38:21]   Round  45/50 | Avg: 0.9784 | Min: 0.9681 | Max: 0.9870
[2026-06-02 13:38:21]   Round  46/50 | Avg: 0.9797 | Min: 0.9680 | Max: 0.9884
[2026-06-02 13:38:21]   Round  47/50 | Avg: 0.9760 | Min: 0.9489 | Max: 0.9879
[2026-06-02 13:38:21]   Round  48/50 | Avg: 0.9759 | Min: 0.9574 | Max: 0.9886
[2026-06-02 13:38:21]   Round  49/50 | Avg: 0.9775 | Min: 0.9564 | Max: 0.9885
[2026-06-02 13:38:21]   Round  50/50 | Avg: 0.9681 | Min: 0.9346 | Max: 0.9815
[2026-06-02 13:38:21]   MKS — NONIID done.
[2026-06-02 13:38:21] 
[2026-06-02 13:38:21] [seed=456]  MKS  dataset=mnist  hetero=uniform
[2026-06-02 13:38:21] Loading MNIST...
[2026-06-02 13:38:21]   -> 60000 train, 10000 test
[2026-06-02 13:38:21] Loading CIFAR-10...
[2026-06-02 13:38:21]   -> 50000 train, 10000 test
[2026-06-02 13:38:21] 
[2026-06-02 13:38:21] =================================================================
[2026-06-02 13:38:21]   MKS — IID
[2026-06-02 13:38:21] =================================================================
[2026-06-02 13:38:21]   Round   1/50 | Avg: 0.9290 | Min: 0.8927 | Max: 0.9565
[2026-06-02 13:38:21]   Round   2/50 | Avg: 0.9118 | Min: 0.8708 | Max: 0.9380
[2026-06-02 13:38:21]   Round   3/50 | Avg: 0.9188 | Min: 0.8741 | Max: 0.9459
[2026-06-02 13:38:21]   Round   4/50 | Avg: 0.9280 | Min: 0.8924 | Max: 0.9538
[2026-06-02 13:38:21]   Round   5/50 | Avg: 0.9392 | Min: 0.9101 | Max: 0.9606
[2026-06-02 13:38:21]   Round   6/50 | Avg: 0.9456 | Min: 0.9228 | Max: 0.9624
[2026-06-02 13:38:21]   Round   7/50 | Avg: 0.9505 | Min: 0.9331 | Max: 0.9641
[2026-06-02 13:38:21]   Round   8/50 | Avg: 0.9554 | Min: 0.9399 | Max: 0.9663
[2026-06-02 13:38:21]   Round   9/50 | Avg: 0.9575 | Min: 0.9434 | Max: 0.9690
[2026-06-02 13:38:21]   Round  10/50 | Avg: 0.9605 | Min: 0.9474 | Max: 0.9704
[2026-06-02 13:38:21]   Round  11/50 | Avg: 0.9636 | Min: 0.9526 | Max: 0.9741
[2026-06-02 13:38:21]   Round  12/50 | Avg: 0.9636 | Min: 0.9547 | Max: 0.9708
[2026-06-02 13:38:21]   Round  13/50 | Avg: 0.9657 | Min: 0.9575 | Max: 0.9724
[2026-06-02 13:38:21]   Round  14/50 | Avg: 0.9681 | Min: 0.9579 | Max: 0.9749
[2026-06-02 13:38:21]   Round  15/50 | Avg: 0.9678 | Min: 0.9604 | Max: 0.9754
[2026-06-02 13:38:21]   Round  16/50 | Avg: 0.9671 | Min: 0.9578 | Max: 0.9743
[2026-06-02 13:38:21]   Round  17/50 | Avg: 0.9701 | Min: 0.9640 | Max: 0.9754
[2026-06-02 13:38:21]   Round  18/50 | Avg: 0.9700 | Min: 0.9629 | Max: 0.9755
[2026-06-02 13:38:21]   Round  19/50 | Avg: 0.9699 | Min: 0.9638 | Max: 0.9756
[2026-06-02 13:38:21]   Round  20/50 | Avg: 0.9704 | Min: 0.9642 | Max: 0.9755
[2026-06-02 13:38:21]   Round  21/50 | Avg: 0.9701 | Min: 0.9647 | Max: 0.9761
[2026-06-02 13:38:21]   Round  22/50 | Avg: 0.9716 | Min: 0.9646 | Max: 0.9762
[2026-06-02 13:38:21]   Round  23/50 | Avg: 0.9710 | Min: 0.9661 | Max: 0.9760
[2026-06-02 13:38:21]   Round  24/50 | Avg: 0.9728 | Min: 0.9639 | Max: 0.9779
[2026-06-02 13:38:21]   Round  25/50 | Avg: 0.9721 | Min: 0.9644 | Max: 0.9785
[2026-06-02 13:38:21]   Round  26/50 | Avg: 0.9732 | Min: 0.9666 | Max: 0.9785
[2026-06-02 13:38:21]   Round  27/50 | Avg: 0.9720 | Min: 0.9666 | Max: 0.9783
[2026-06-02 13:38:21]   Round  28/50 | Avg: 0.9730 | Min: 0.9672 | Max: 0.9790
[2026-06-02 13:38:21]   Round  29/50 | Avg: 0.9723 | Min: 0.9657 | Max: 0.9783
[2026-06-02 13:38:21]   Round  30/50 | Avg: 0.9737 | Min: 0.9679 | Max: 0.9789
[2026-06-02 13:38:21]   Round  31/50 | Avg: 0.9734 | Min: 0.9674 | Max: 0.9783
[2026-06-02 13:38:21]   Round  32/50 | Avg: 0.9740 | Min: 0.9685 | Max: 0.9786
[2026-06-02 13:38:21]   Round  33/50 | Avg: 0.9736 | Min: 0.9656 | Max: 0.9795
[2026-06-02 13:38:21]   Round  34/50 | Avg: 0.9718 | Min: 0.9668 | Max: 0.9775
[2026-06-02 13:38:21]   Round  35/50 | Avg: 0.9722 | Min: 0.9679 | Max: 0.9777
[2026-06-02 13:38:21]   Round  36/50 | Avg: 0.9747 | Min: 0.9656 | Max: 0.9802
[2026-06-02 13:38:21]   Round  37/50 | Avg: 0.9745 | Min: 0.9690 | Max: 0.9795
[2026-06-02 13:38:21]   Round  38/50 | Avg: 0.9746 | Min: 0.9684 | Max: 0.9792
[2026-06-02 13:38:21]   Round  39/50 | Avg: 0.9752 | Min: 0.9705 | Max: 0.9798
[2026-06-02 13:38:21]   Round  40/50 | Avg: 0.9738 | Min: 0.9683 | Max: 0.9799
[2026-06-02 13:38:21]   Round  41/50 | Avg: 0.9737 | Min: 0.9690 | Max: 0.9802
[2026-06-02 13:38:21]   Round  42/50 | Avg: 0.9737 | Min: 0.9671 | Max: 0.9785
[2026-06-02 13:38:21]   Round  43/50 | Avg: 0.9730 | Min: 0.9649 | Max: 0.9794
[2026-06-02 13:38:21]   Round  44/50 | Avg: 0.9741 | Min: 0.9655 | Max: 0.9796
[2026-06-02 13:38:21]   Round  45/50 | Avg: 0.9751 | Min: 0.9708 | Max: 0.9791
[2026-06-02 13:38:21]   Round  46/50 | Avg: 0.9753 | Min: 0.9705 | Max: 0.9793
[2026-06-02 13:38:21]   Round  47/50 | Avg: 0.9756 | Min: 0.9671 | Max: 0.9791
[2026-06-02 13:38:21]   Round  48/50 | Avg: 0.9719 | Min: 0.9558 | Max: 0.9803
[2026-06-02 13:38:21]   Round  49/50 | Avg: 0.9767 | Min: 0.9723 | Max: 0.9807
[2026-06-02 13:38:21]   Round  50/50 | Avg: 0.9768 | Min: 0.9705 | Max: 0.9807
[2026-06-02 13:38:21]   MKS — IID done.
[2026-06-02 13:38:21] 
[2026-06-02 13:38:21] =================================================================
[2026-06-02 13:38:21]   MKS — NONIID
[2026-06-02 13:38:21] =================================================================
[2026-06-02 13:38:21]   Round   1/50 | Avg: 0.8055 | Min: 0.4758 | Max: 0.9366
[2026-06-02 13:38:21]   Round   2/50 | Avg: 0.7918 | Min: 0.4933 | Max: 0.9208
[2026-06-02 13:38:21]   Round   3/50 | Avg: 0.8377 | Min: 0.6525 | Max: 0.9337
[2026-06-02 13:38:21]   Round   4/50 | Avg: 0.8719 | Min: 0.7510 | Max: 0.9592
[2026-06-02 13:38:21]   Round   5/50 | Avg: 0.8922 | Min: 0.7678 | Max: 0.9621
[2026-06-02 13:38:21]   Round   6/50 | Avg: 0.9134 | Min: 0.8186 | Max: 0.9635
[2026-06-02 13:38:21]   Round   7/50 | Avg: 0.9209 | Min: 0.8293 | Max: 0.9707
[2026-06-02 13:38:21]   Round   8/50 | Avg: 0.9270 | Min: 0.8316 | Max: 0.9671
[2026-06-02 13:38:21]   Round   9/50 | Avg: 0.9305 | Min: 0.8376 | Max: 0.9743
[2026-06-02 13:38:21]   Round  10/50 | Avg: 0.9367 | Min: 0.8369 | Max: 0.9744
[2026-06-02 13:38:21]   Round  11/50 | Avg: 0.9362 | Min: 0.8612 | Max: 0.9691
[2026-06-02 13:38:21]   Round  12/50 | Avg: 0.9443 | Min: 0.8635 | Max: 0.9759
[2026-06-02 13:38:21]   Round  13/50 | Avg: 0.9461 | Min: 0.8859 | Max: 0.9743
[2026-06-02 13:38:21]   Round  14/50 | Avg: 0.9471 | Min: 0.8611 | Max: 0.9774
[2026-06-02 13:38:21]   Round  15/50 | Avg: 0.9478 | Min: 0.8925 | Max: 0.9756
[2026-06-02 13:38:21]   Round  16/50 | Avg: 0.9496 | Min: 0.8603 | Max: 0.9777
[2026-06-02 13:38:21]   Round  17/50 | Avg: 0.9545 | Min: 0.8840 | Max: 0.9763
[2026-06-02 13:38:21]   Round  18/50 | Avg: 0.9490 | Min: 0.8421 | Max: 0.9786
[2026-06-02 13:38:21]   Round  19/50 | Avg: 0.9517 | Min: 0.8514 | Max: 0.9789
[2026-06-02 13:38:21]   Round  20/50 | Avg: 0.9563 | Min: 0.9264 | Max: 0.9775
[2026-06-02 13:38:21]   Round  21/50 | Avg: 0.9513 | Min: 0.8572 | Max: 0.9785
[2026-06-02 13:38:21]   Round  22/50 | Avg: 0.9593 | Min: 0.9225 | Max: 0.9782
[2026-06-02 13:38:21]   Round  23/50 | Avg: 0.9559 | Min: 0.8429 | Max: 0.9802
[2026-06-02 13:38:21]   Round  24/50 | Avg: 0.9572 | Min: 0.8794 | Max: 0.9797
[2026-06-02 13:38:21]   Round  25/50 | Avg: 0.9545 | Min: 0.8502 | Max: 0.9800
[2026-06-02 13:38:21]   Round  26/50 | Avg: 0.9571 | Min: 0.8802 | Max: 0.9772
[2026-06-02 13:38:21]   Round  27/50 | Avg: 0.9637 | Min: 0.9372 | Max: 0.9833
[2026-06-02 13:38:21]   Round  28/50 | Avg: 0.9606 | Min: 0.9310 | Max: 0.9819
[2026-06-02 13:38:21]   Round  29/50 | Avg: 0.9593 | Min: 0.8745 | Max: 0.9827
[2026-06-02 13:38:21]   Round  30/50 | Avg: 0.9632 | Min: 0.9289 | Max: 0.9780
[2026-06-02 13:38:21]   Round  31/50 | Avg: 0.9630 | Min: 0.9061 | Max: 0.9815
[2026-06-02 13:38:21]   Round  32/50 | Avg: 0.9564 | Min: 0.8762 | Max: 0.9864
[2026-06-02 13:38:21]   Round  33/50 | Avg: 0.9553 | Min: 0.8766 | Max: 0.9784
[2026-06-02 13:38:21]   Round  34/50 | Avg: 0.9673 | Min: 0.9338 | Max: 0.9843
[2026-06-02 13:38:21]   Round  35/50 | Avg: 0.9635 | Min: 0.9135 | Max: 0.9860
[2026-06-02 13:38:21]   Round  36/50 | Avg: 0.9633 | Min: 0.8833 | Max: 0.9824
[2026-06-02 13:38:21]   Round  37/50 | Avg: 0.9607 | Min: 0.9044 | Max: 0.9788
[2026-06-02 13:38:21]   Round  38/50 | Avg: 0.9696 | Min: 0.9463 | Max: 0.9839
[2026-06-02 13:38:21]   Round  39/50 | Avg: 0.9663 | Min: 0.9315 | Max: 0.9835
[2026-06-02 13:38:21]   Round  40/50 | Avg: 0.9630 | Min: 0.8957 | Max: 0.9811
[2026-06-02 13:38:21]   Round  41/50 | Avg: 0.9622 | Min: 0.8862 | Max: 0.9832
[2026-06-02 13:38:21]   Round  42/50 | Avg: 0.9655 | Min: 0.9053 | Max: 0.9856
[2026-06-02 13:38:21]   Round  43/50 | Avg: 0.9676 | Min: 0.9520 | Max: 0.9780
[2026-06-02 13:38:21]   Round  44/50 | Avg: 0.9715 | Min: 0.9520 | Max: 0.9838
[2026-06-02 13:38:21]   Round  45/50 | Avg: 0.9575 | Min: 0.9005 | Max: 0.9791
[2026-06-02 13:38:21]   Round  46/50 | Avg: 0.9689 | Min: 0.9304 | Max: 0.9845
[2026-06-02 13:38:21]   Round  47/50 | Avg: 0.9724 | Min: 0.9489 | Max: 0.9856
[2026-06-02 13:38:21]   Round  48/50 | Avg: 0.9709 | Min: 0.9547 | Max: 0.9828
[2026-06-02 13:38:21]   Round  49/50 | Avg: 0.9684 | Min: 0.9292 | Max: 0.9856
[2026-06-02 13:38:21]   Round  50/50 | Avg: 0.9655 | Min: 0.8845 | Max: 0.9863
[2026-06-02 13:38:21]   MKS — NONIID done.
[2026-06-02 13:38:21]   Saved final_ci_mnist_uniform.png
[2026-06-02 13:38:21]   Saved per_client_mnist_uniform.png
[2026-06-02 13:38:21] 
[2026-06-02 13:38:21] =================================================================
[2026-06-02 13:38:21]   All experiments complete.
[2026-06-02 13:38:21]   Results  ->  /home/gad/Desktop/HomeSenseKD/results/phase1
[2026-06-02 13:38:21]   Figures  ->  /home/gad/Desktop/HomeSenseKD/results/phase1/figures
[2026-06-02 13:38:21] =================================================================
[2026-06-02 13:38:21] ============================================================
[2026-06-02 13:38:21]   JOB DONE    : mnist_mks_uniform  (exit 0)
[2026-06-02 13:38:21]   Full log    : /home/gad/Desktop/HomeSenseKD/logs/phase1/mnist_mks_uniform.log
[2026-06-02 13:38:21] ============================================================
