[2026-06-01 12:20:16] ============================================================
[2026-06-01 12:20:16]   JOB START   : mnist_fedprox_uniform
[2026-06-01 12:20:16]   PID         : 3293563
[2026-06-01 12:20:16]   Log         : /home/gad/Desktop/HomeSenseKD/logs/phase1/mnist_fedprox_uniform.log
[2026-06-01 12:20:16]   Results dir : /home/gad/Desktop/HomeSenseKD/results/phase1
[2026-06-01 12:20:16]   Fig dir     : /home/gad/Desktop/HomeSenseKD/results/phase1/figures
[2026-06-01 12:20:16]   Cmd         : /home/gad/Desktop/HomeSenseKD/myenv/bin/python /home/gad/Desktop/HomeSenseKD/run_fedkd.py \
[2026-06-01 12:20:16]                   --config /home/gad/Desktop/HomeSenseKD/config/mnist.yaml \
[2026-06-01 12:20:16]                   --algorithm fedprox --heterogeneity uniform \
[2026-06-01 12:20:16]                   --override experiment.results_dir=/home/gad/Desktop/HomeSenseKD/results/phase1 \
[2026-06-01 12:20:16]                              experiment.fig_dir=/home/gad/Desktop/HomeSenseKD/results/phase1/figures
[2026-06-01 12:20:16] ============================================================
[2026-06-04 00:27:40] WARNING: All log messages before absl::InitializeLog() is called are written to STDERR
[2026-06-04 00:27:40] I0000 00:00:1780330817.899488 3293569 port.cc:153] oneDNN custom operations are on. You may see slightly different numerical results due to floating-point round-off errors from different computation orders. To turn them off, set the environment variable `TF_ENABLE_ONEDNN_OPTS=0`.
[2026-06-04 00:27:40] I0000 00:00:1780330817.900502 3293569 cudart_stub.cc:31] Could not find cuda drivers on your machine, GPU will not be used.
[2026-06-04 00:27:40] I0000 00:00:1780330817.977430 3293569 cpu_feature_guard.cc:227] This TensorFlow binary is optimized to use available CPU instructions in performance-critical operations.
[2026-06-04 00:27:40] To enable the following instructions: AVX2 AVX_VNNI FMA, in other operations, rebuild TensorFlow with the appropriate compiler flags.
[2026-06-04 00:27:40] WARNING: All log messages before absl::InitializeLog() is called are written to STDERR
[2026-06-04 00:27:40] I0000 00:00:1780330820.151505 3293569 port.cc:153] oneDNN custom operations are on. You may see slightly different numerical results due to floating-point round-off errors from different computation orders. To turn them off, set the environment variable `TF_ENABLE_ONEDNN_OPTS=0`.
[2026-06-04 00:27:40] I0000 00:00:1780330820.152032 3293569 cudart_stub.cc:31] Could not find cuda drivers on your machine, GPU will not be used.
[2026-06-04 00:27:40] E0000 00:00:1780330826.568036 3293569 cuda_platform.cc:52] failed call to cuInit: INTERNAL: CUDA error: Failed call to cuInit: CUDA_ERROR_NO_DEVICE: no CUDA-capable device is detected
[2026-06-04 00:27:40]   Saved tiers_mnist_uniform.png
[2026-06-04 00:27:40] =================================================================
[2026-06-04 00:27:40]   Dataset    : mnist  (public: cifar10)
[2026-06-04 00:27:40]   Algorithms : ['fedprox']
[2026-06-04 00:27:40]   Heterogen. : uniform  ->  ['small', 'small', 'small', 'small', 'small', 'small']...
[2026-06-04 00:27:40]   Seeds      : [42, 123, 456]
[2026-06-04 00:27:40]   Settings   : ['iid', 'noniid']
[2026-06-04 00:27:40] =================================================================
[2026-06-04 00:27:40] 
[2026-06-04 00:27:40] [seed=42]  FEDPROX  dataset=mnist  hetero=uniform
[2026-06-04 00:27:40] Loading MNIST...
[2026-06-04 00:27:40]   -> 60000 train, 10000 test
[2026-06-04 00:27:40] Loading CIFAR-10...
[2026-06-04 00:27:40]   -> 50000 train, 10000 test
[2026-06-04 00:27:40] 
[2026-06-04 00:27:40] =================================================================
[2026-06-04 00:27:40]   FEDPROX — IID
[2026-06-04 00:27:40] =================================================================
[2026-06-04 00:27:40]   Round   1/50 | Avg: 0.9050 | Min: 0.8926 | Max: 0.9147
[2026-06-04 00:27:40]   Round   2/50 | Avg: 0.8647 | Min: 0.8468 | Max: 0.8839
[2026-06-04 00:27:40]   Round   3/50 | Avg: 0.8915 | Min: 0.8694 | Max: 0.9096
[2026-06-04 00:27:40]   Round   4/50 | Avg: 0.9064 | Min: 0.8936 | Max: 0.9164
[2026-06-04 00:27:40]   Round   5/50 | Avg: 0.9197 | Min: 0.9037 | Max: 0.9284
[2026-06-04 00:27:40]   Round   6/50 | Avg: 0.9267 | Min: 0.9196 | Max: 0.9356
[2026-06-04 00:27:40]   Round   7/50 | Avg: 0.9291 | Min: 0.9165 | Max: 0.9373
[2026-06-04 00:27:40]   Round   8/50 | Avg: 0.9355 | Min: 0.9273 | Max: 0.9428
[2026-06-04 00:27:40]   Round   9/50 | Avg: 0.9371 | Min: 0.9286 | Max: 0.9433
[2026-06-04 00:27:40]   Round  10/50 | Avg: 0.9387 | Min: 0.9272 | Max: 0.9461
[2026-06-04 00:27:40]   Round  11/50 | Avg: 0.9423 | Min: 0.9288 | Max: 0.9480
[2026-06-04 00:27:40]   Round  12/50 | Avg: 0.9460 | Min: 0.9404 | Max: 0.9508
[2026-06-04 00:27:40]   Round  13/50 | Avg: 0.9480 | Min: 0.9384 | Max: 0.9536
[2026-06-04 00:27:40]   Round  14/50 | Avg: 0.9482 | Min: 0.9409 | Max: 0.9555
[2026-06-04 00:27:40]   Round  15/50 | Avg: 0.9482 | Min: 0.9261 | Max: 0.9574
[2026-06-04 00:27:40]   Round  16/50 | Avg: 0.9507 | Min: 0.9449 | Max: 0.9579
[2026-06-04 00:27:40]   Round  17/50 | Avg: 0.9519 | Min: 0.9471 | Max: 0.9572
[2026-06-04 00:27:40]   Round  18/50 | Avg: 0.9544 | Min: 0.9508 | Max: 0.9596
[2026-06-04 00:27:40]   Round  19/50 | Avg: 0.9559 | Min: 0.9508 | Max: 0.9622
[2026-06-04 00:27:40]   Round  20/50 | Avg: 0.9565 | Min: 0.9516 | Max: 0.9621
[2026-06-04 00:27:40]   Round  21/50 | Avg: 0.9568 | Min: 0.9506 | Max: 0.9613
[2026-06-04 00:27:40]   Round  22/50 | Avg: 0.9580 | Min: 0.9524 | Max: 0.9623
[2026-06-04 00:27:40]   Round  23/50 | Avg: 0.9588 | Min: 0.9485 | Max: 0.9646
[2026-06-04 00:27:40]   Round  24/50 | Avg: 0.9580 | Min: 0.9467 | Max: 0.9650
[2026-06-04 00:27:40]   Round  25/50 | Avg: 0.9602 | Min: 0.9553 | Max: 0.9642
[2026-06-04 00:27:40]   Round  26/50 | Avg: 0.9620 | Min: 0.9581 | Max: 0.9647
[2026-06-04 00:27:40]   Round  27/50 | Avg: 0.9621 | Min: 0.9558 | Max: 0.9673
[2026-06-04 00:27:40]   Round  28/50 | Avg: 0.9621 | Min: 0.9556 | Max: 0.9663
[2026-06-04 00:27:40]   Round  29/50 | Avg: 0.9633 | Min: 0.9569 | Max: 0.9679
[2026-06-04 00:27:40]   Round  30/50 | Avg: 0.9632 | Min: 0.9567 | Max: 0.9675
[2026-06-04 00:27:40]   Round  31/50 | Avg: 0.9651 | Min: 0.9624 | Max: 0.9684
[2026-06-04 00:27:40]   Round  32/50 | Avg: 0.9643 | Min: 0.9578 | Max: 0.9673
[2026-06-04 00:27:40]   Round  33/50 | Avg: 0.9657 | Min: 0.9611 | Max: 0.9702
[2026-06-04 00:27:40]   Round  34/50 | Avg: 0.9665 | Min: 0.9588 | Max: 0.9714
[2026-06-04 00:27:40]   Round  35/50 | Avg: 0.9669 | Min: 0.9618 | Max: 0.9696
[2026-06-04 00:27:40]   Round  36/50 | Avg: 0.9670 | Min: 0.9606 | Max: 0.9695
[2026-06-04 00:27:40]   Round  37/50 | Avg: 0.9674 | Min: 0.9603 | Max: 0.9711
[2026-06-04 00:27:40]   Round  38/50 | Avg: 0.9686 | Min: 0.9632 | Max: 0.9726
[2026-06-04 00:27:40]   Round  39/50 | Avg: 0.9684 | Min: 0.9599 | Max: 0.9708
[2026-06-04 00:27:40]   Round  40/50 | Avg: 0.9689 | Min: 0.9638 | Max: 0.9723
[2026-06-04 00:27:40]   Round  41/50 | Avg: 0.9698 | Min: 0.9669 | Max: 0.9727
[2026-06-04 00:27:40]   Round  42/50 | Avg: 0.9698 | Min: 0.9640 | Max: 0.9725
[2026-06-04 00:27:40]   Round  43/50 | Avg: 0.9707 | Min: 0.9661 | Max: 0.9730
[2026-06-04 00:27:40]   Round  44/50 | Avg: 0.9705 | Min: 0.9674 | Max: 0.9731
[2026-06-04 00:27:40]   Round  45/50 | Avg: 0.9719 | Min: 0.9677 | Max: 0.9746
[2026-06-04 00:27:40]   Round  46/50 | Avg: 0.9712 | Min: 0.9672 | Max: 0.9741
[2026-06-04 00:27:40]   Round  47/50 | Avg: 0.9713 | Min: 0.9644 | Max: 0.9748
[2026-06-04 00:27:40]   Round  48/50 | Avg: 0.9727 | Min: 0.9701 | Max: 0.9753
[2026-06-04 00:27:40]   Round  49/50 | Avg: 0.9730 | Min: 0.9709 | Max: 0.9756
[2026-06-04 00:27:40]   Round  50/50 | Avg: 0.9727 | Min: 0.9691 | Max: 0.9751
[2026-06-04 00:27:40]   FEDPROX — IID done.
[2026-06-04 00:27:40] 
[2026-06-04 00:27:40] =================================================================
[2026-06-04 00:27:40]   FEDPROX — NONIID
[2026-06-04 00:27:40] =================================================================
[2026-06-04 00:27:40]   Round   1/50 | Avg: 0.7817 | Min: 0.5951 | Max: 0.9278
[2026-06-04 00:27:40]   Round   2/50 | Avg: 0.6872 | Min: 0.4946 | Max: 0.8560
[2026-06-04 00:27:40]   Round   3/50 | Avg: 0.7482 | Min: 0.5899 | Max: 0.8802
[2026-06-04 00:27:40]   Round   4/50 | Avg: 0.8049 | Min: 0.6745 | Max: 0.8786
[2026-06-04 00:27:40]   Round   5/50 | Avg: 0.8282 | Min: 0.7284 | Max: 0.9241
[2026-06-04 00:27:40]   Round   6/50 | Avg: 0.8634 | Min: 0.7562 | Max: 0.9424
[2026-06-04 00:27:40]   Round   7/50 | Avg: 0.8769 | Min: 0.7683 | Max: 0.9493
[2026-06-04 00:27:40]   Round   8/50 | Avg: 0.8905 | Min: 0.8011 | Max: 0.9439
[2026-06-04 00:27:40]   Round   9/50 | Avg: 0.9004 | Min: 0.8258 | Max: 0.9488
[2026-06-04 00:27:40]   Round  10/50 | Avg: 0.9081 | Min: 0.8209 | Max: 0.9546
[2026-06-04 00:27:40]   Round  11/50 | Avg: 0.9155 | Min: 0.8092 | Max: 0.9610
[2026-06-04 00:27:40]   Round  12/50 | Avg: 0.9237 | Min: 0.8696 | Max: 0.9646
[2026-06-04 00:27:40]   Round  13/50 | Avg: 0.9306 | Min: 0.8887 | Max: 0.9618
[2026-06-04 00:27:40]   Round  14/50 | Avg: 0.9393 | Min: 0.8642 | Max: 0.9708
[2026-06-04 00:27:40]   Round  15/50 | Avg: 0.9378 | Min: 0.8701 | Max: 0.9656
[2026-06-04 00:27:40]   Round  16/50 | Avg: 0.9461 | Min: 0.9034 | Max: 0.9716
[2026-06-04 00:27:40]   Round  17/50 | Avg: 0.9440 | Min: 0.9076 | Max: 0.9737
[2026-06-04 00:27:40]   Round  18/50 | Avg: 0.9492 | Min: 0.9087 | Max: 0.9658
[2026-06-04 00:27:40]   Round  19/50 | Avg: 0.9543 | Min: 0.9037 | Max: 0.9761
[2026-06-04 00:27:40]   Round  20/50 | Avg: 0.9499 | Min: 0.8667 | Max: 0.9721
[2026-06-04 00:27:40]   Round  21/50 | Avg: 0.9553 | Min: 0.8982 | Max: 0.9767
[2026-06-04 00:27:40]   Round  22/50 | Avg: 0.9558 | Min: 0.9237 | Max: 0.9756
[2026-06-04 00:27:40]   Round  23/50 | Avg: 0.9570 | Min: 0.9174 | Max: 0.9764
[2026-06-04 00:27:40]   Round  24/50 | Avg: 0.9571 | Min: 0.8925 | Max: 0.9757
[2026-06-04 00:27:40]   Round  25/50 | Avg: 0.9574 | Min: 0.9029 | Max: 0.9765
[2026-06-04 00:27:40]   Round  26/50 | Avg: 0.9612 | Min: 0.9168 | Max: 0.9778
[2026-06-04 00:27:40]   Round  27/50 | Avg: 0.9635 | Min: 0.9280 | Max: 0.9763
[2026-06-04 00:27:40]   Round  28/50 | Avg: 0.9621 | Min: 0.8958 | Max: 0.9785
[2026-06-04 00:27:40]   Round  29/50 | Avg: 0.9629 | Min: 0.8963 | Max: 0.9800
[2026-06-04 00:27:40]   Round  30/50 | Avg: 0.9641 | Min: 0.9171 | Max: 0.9795
[2026-06-04 00:27:40]   Round  31/50 | Avg: 0.9652 | Min: 0.9381 | Max: 0.9803
[2026-06-04 00:27:40]   Round  32/50 | Avg: 0.9651 | Min: 0.9411 | Max: 0.9805
[2026-06-04 00:27:40]   Round  33/50 | Avg: 0.9648 | Min: 0.9379 | Max: 0.9779
[2026-06-04 00:27:40]   Round  34/50 | Avg: 0.9693 | Min: 0.9451 | Max: 0.9814
[2026-06-04 00:27:40]   Round  35/50 | Avg: 0.9692 | Min: 0.9386 | Max: 0.9801
[2026-06-04 00:27:40]   Round  36/50 | Avg: 0.9694 | Min: 0.9427 | Max: 0.9816
[2026-06-04 00:27:40]   Round  37/50 | Avg: 0.9669 | Min: 0.9175 | Max: 0.9762
[2026-06-04 00:27:40]   Round  38/50 | Avg: 0.9698 | Min: 0.9486 | Max: 0.9807
[2026-06-04 00:27:40]   Round  39/50 | Avg: 0.9709 | Min: 0.9491 | Max: 0.9827
[2026-06-04 00:27:40]   Round  40/50 | Avg: 0.9726 | Min: 0.9530 | Max: 0.9803
[2026-06-04 00:27:40]   Round  41/50 | Avg: 0.9738 | Min: 0.9584 | Max: 0.9824
[2026-06-04 00:27:40]   Round  42/50 | Avg: 0.9734 | Min: 0.9488 | Max: 0.9826
[2026-06-04 00:27:40]   Round  43/50 | Avg: 0.9741 | Min: 0.9460 | Max: 0.9820
[2026-06-04 00:27:40]   Round  44/50 | Avg: 0.9744 | Min: 0.9595 | Max: 0.9841
[2026-06-04 00:27:40]   Round  45/50 | Avg: 0.9734 | Min: 0.9466 | Max: 0.9833
[2026-06-04 00:27:40]   Round  46/50 | Avg: 0.9734 | Min: 0.9536 | Max: 0.9837
[2026-06-04 00:27:40]   Round  47/50 | Avg: 0.9747 | Min: 0.9547 | Max: 0.9827
[2026-06-04 00:27:40]   Round  48/50 | Avg: 0.9760 | Min: 0.9650 | Max: 0.9831
[2026-06-04 00:27:40]   Round  49/50 | Avg: 0.9752 | Min: 0.9587 | Max: 0.9848
[2026-06-04 00:27:40]   Round  50/50 | Avg: 0.9771 | Min: 0.9664 | Max: 0.9847
[2026-06-04 00:27:40]   FEDPROX — NONIID done.
[2026-06-04 00:27:40] 
[2026-06-04 00:27:40] [seed=123]  FEDPROX  dataset=mnist  hetero=uniform
[2026-06-04 00:27:40] Loading MNIST...
[2026-06-04 00:27:40]   -> 60000 train, 10000 test
[2026-06-04 00:27:40] Loading CIFAR-10...
[2026-06-04 00:27:40]   -> 50000 train, 10000 test
[2026-06-04 00:27:40] 
[2026-06-04 00:27:40] =================================================================
[2026-06-04 00:27:40]   FEDPROX — IID
[2026-06-04 00:27:40] =================================================================
[2026-06-04 00:27:40]   Round   1/50 | Avg: 0.9041 | Min: 0.8958 | Max: 0.9224
[2026-06-04 00:27:40]   Round   2/50 | Avg: 0.8674 | Min: 0.8301 | Max: 0.8890
[2026-06-04 00:27:40]   Round   3/50 | Avg: 0.8943 | Min: 0.8773 | Max: 0.9128
[2026-06-04 00:27:40]   Round   4/50 | Avg: 0.9068 | Min: 0.8916 | Max: 0.9160
[2026-06-04 00:27:40]   Round   5/50 | Avg: 0.9157 | Min: 0.9001 | Max: 0.9252
[2026-06-04 00:27:40]   Round   6/50 | Avg: 0.9252 | Min: 0.9127 | Max: 0.9321
[2026-06-04 00:27:40]   Round   7/50 | Avg: 0.9298 | Min: 0.9188 | Max: 0.9377
[2026-06-04 00:27:40]   Round   8/50 | Avg: 0.9354 | Min: 0.9289 | Max: 0.9429
[2026-06-04 00:27:40]   Round   9/50 | Avg: 0.9370 | Min: 0.9214 | Max: 0.9464
[2026-06-04 00:27:40]   Round  10/50 | Avg: 0.9404 | Min: 0.9346 | Max: 0.9459
[2026-06-04 00:27:40]   Round  11/50 | Avg: 0.9424 | Min: 0.9294 | Max: 0.9476
[2026-06-04 00:27:40]   Round  12/50 | Avg: 0.9451 | Min: 0.9398 | Max: 0.9534
[2026-06-04 00:27:40]   Round  13/50 | Avg: 0.9478 | Min: 0.9424 | Max: 0.9534
[2026-06-04 00:27:40]   Round  14/50 | Avg: 0.9486 | Min: 0.9413 | Max: 0.9538
[2026-06-04 00:27:40]   Round  15/50 | Avg: 0.9479 | Min: 0.9395 | Max: 0.9552
[2026-06-04 00:27:40]   Round  16/50 | Avg: 0.9520 | Min: 0.9460 | Max: 0.9585
[2026-06-04 00:27:40]   Round  17/50 | Avg: 0.9524 | Min: 0.9459 | Max: 0.9579
[2026-06-04 00:27:40]   Round  18/50 | Avg: 0.9532 | Min: 0.9462 | Max: 0.9575
[2026-06-04 00:27:40]   Round  19/50 | Avg: 0.9539 | Min: 0.9490 | Max: 0.9608
[2026-06-04 00:27:40]   Round  20/50 | Avg: 0.9549 | Min: 0.9412 | Max: 0.9592
[2026-06-04 00:27:40]   Round  21/50 | Avg: 0.9555 | Min: 0.9507 | Max: 0.9597
[2026-06-04 00:27:40]   Round  22/50 | Avg: 0.9570 | Min: 0.9524 | Max: 0.9607
[2026-06-04 00:27:40]   Round  23/50 | Avg: 0.9573 | Min: 0.9525 | Max: 0.9615
[2026-06-04 00:27:40]   Round  24/50 | Avg: 0.9587 | Min: 0.9539 | Max: 0.9627
[2026-06-04 00:27:40]   Round  25/50 | Avg: 0.9594 | Min: 0.9520 | Max: 0.9631
[2026-06-04 00:27:40]   Round  26/50 | Avg: 0.9593 | Min: 0.9542 | Max: 0.9630
[2026-06-04 00:27:40]   Round  27/50 | Avg: 0.9597 | Min: 0.9556 | Max: 0.9631
[2026-06-04 00:27:40]   Round  28/50 | Avg: 0.9614 | Min: 0.9581 | Max: 0.9656
[2026-06-04 00:27:40]   Round  29/50 | Avg: 0.9611 | Min: 0.9560 | Max: 0.9655
[2026-06-04 00:27:40]   Round  30/50 | Avg: 0.9620 | Min: 0.9520 | Max: 0.9661
[2026-06-04 00:27:40]   Round  31/50 | Avg: 0.9633 | Min: 0.9580 | Max: 0.9656
[2026-06-04 00:27:40]   Round  32/50 | Avg: 0.9630 | Min: 0.9582 | Max: 0.9680
[2026-06-04 00:27:40]   Round  33/50 | Avg: 0.9644 | Min: 0.9596 | Max: 0.9664
[2026-06-04 00:27:40]   Round  34/50 | Avg: 0.9633 | Min: 0.9533 | Max: 0.9683
[2026-06-04 00:27:40]   Round  35/50 | Avg: 0.9636 | Min: 0.9573 | Max: 0.9697
[2026-06-04 00:27:40]   Round  36/50 | Avg: 0.9639 | Min: 0.9579 | Max: 0.9685
[2026-06-04 00:27:40]   Round  37/50 | Avg: 0.9652 | Min: 0.9589 | Max: 0.9693
[2026-06-04 00:27:40]   Round  38/50 | Avg: 0.9661 | Min: 0.9593 | Max: 0.9693
[2026-06-04 00:27:40]   Round  39/50 | Avg: 0.9654 | Min: 0.9617 | Max: 0.9690
[2026-06-04 00:27:40]   Round  40/50 | Avg: 0.9675 | Min: 0.9629 | Max: 0.9710
[2026-06-04 00:27:40]   Round  41/50 | Avg: 0.9677 | Min: 0.9635 | Max: 0.9703
[2026-06-04 00:27:40]   Round  42/50 | Avg: 0.9676 | Min: 0.9580 | Max: 0.9705
[2026-06-04 00:27:40]   Round  43/50 | Avg: 0.9687 | Min: 0.9650 | Max: 0.9715
[2026-06-04 00:27:40]   Round  44/50 | Avg: 0.9697 | Min: 0.9655 | Max: 0.9729
[2026-06-04 00:27:40]   Round  45/50 | Avg: 0.9680 | Min: 0.9609 | Max: 0.9726
[2026-06-04 00:27:40]   Round  46/50 | Avg: 0.9691 | Min: 0.9642 | Max: 0.9720
[2026-06-04 00:27:40]   Round  47/50 | Avg: 0.9700 | Min: 0.9665 | Max: 0.9734
[2026-06-04 00:27:40]   Round  48/50 | Avg: 0.9704 | Min: 0.9662 | Max: 0.9741
[2026-06-04 00:27:40]   Round  49/50 | Avg: 0.9704 | Min: 0.9675 | Max: 0.9738
[2026-06-04 00:27:40]   Round  50/50 | Avg: 0.9704 | Min: 0.9659 | Max: 0.9736
[2026-06-04 00:27:40]   FEDPROX — IID done.
[2026-06-04 00:27:40] 
[2026-06-04 00:27:40] =================================================================
[2026-06-04 00:27:40]   FEDPROX — NONIID
[2026-06-04 00:27:40] =================================================================
[2026-06-04 00:27:40]   Round   1/50 | Avg: 0.7852 | Min: 0.6295 | Max: 0.9380
[2026-06-04 00:27:40]   Round   2/50 | Avg: 0.7071 | Min: 0.5351 | Max: 0.8877
[2026-06-04 00:27:40]   Round   3/50 | Avg: 0.7845 | Min: 0.6342 | Max: 0.9163
[2026-06-04 00:27:40]   Round   4/50 | Avg: 0.8354 | Min: 0.6844 | Max: 0.9410
[2026-06-04 00:27:40]   Round   5/50 | Avg: 0.8723 | Min: 0.7776 | Max: 0.9422
[2026-06-04 00:27:40]   Round   6/50 | Avg: 0.8887 | Min: 0.7733 | Max: 0.9553
[2026-06-04 00:27:40]   Round   7/50 | Avg: 0.9086 | Min: 0.8535 | Max: 0.9581
[2026-06-04 00:27:40]   Round   8/50 | Avg: 0.9192 | Min: 0.8520 | Max: 0.9612
[2026-06-04 00:27:40]   Round   9/50 | Avg: 0.9150 | Min: 0.8137 | Max: 0.9618
[2026-06-04 00:27:40]   Round  10/50 | Avg: 0.9256 | Min: 0.8435 | Max: 0.9652
[2026-06-04 00:27:40]   Round  11/50 | Avg: 0.9363 | Min: 0.8594 | Max: 0.9704
[2026-06-04 00:27:40]   Round  12/50 | Avg: 0.9390 | Min: 0.9005 | Max: 0.9703
[2026-06-04 00:27:40]   Round  13/50 | Avg: 0.9427 | Min: 0.9014 | Max: 0.9734
[2026-06-04 00:27:40]   Round  14/50 | Avg: 0.9494 | Min: 0.9254 | Max: 0.9726
[2026-06-04 00:27:40]   Round  15/50 | Avg: 0.9521 | Min: 0.9138 | Max: 0.9748
[2026-06-04 00:27:40]   Round  16/50 | Avg: 0.9495 | Min: 0.9179 | Max: 0.9721
[2026-06-04 00:27:40]   Round  17/50 | Avg: 0.9532 | Min: 0.9162 | Max: 0.9735
[2026-06-04 00:27:40]   Round  18/50 | Avg: 0.9550 | Min: 0.9078 | Max: 0.9705
[2026-06-04 00:27:40]   Round  19/50 | Avg: 0.9552 | Min: 0.9283 | Max: 0.9744
[2026-06-04 00:27:40]   Round  20/50 | Avg: 0.9594 | Min: 0.9148 | Max: 0.9754
[2026-06-04 00:27:40]   Round  21/50 | Avg: 0.9577 | Min: 0.9180 | Max: 0.9782
[2026-06-04 00:27:40]   Round  22/50 | Avg: 0.9610 | Min: 0.9235 | Max: 0.9790
[2026-06-04 00:27:40]   Round  23/50 | Avg: 0.9599 | Min: 0.9410 | Max: 0.9781
[2026-06-04 00:27:40]   Round  24/50 | Avg: 0.9636 | Min: 0.9381 | Max: 0.9780
[2026-06-04 00:27:40]   Round  25/50 | Avg: 0.9658 | Min: 0.9389 | Max: 0.9786
[2026-06-04 00:27:40]   Round  26/50 | Avg: 0.9659 | Min: 0.9410 | Max: 0.9798
[2026-06-04 00:27:40]   Round  27/50 | Avg: 0.9679 | Min: 0.9470 | Max: 0.9799
[2026-06-04 00:27:40]   Round  28/50 | Avg: 0.9658 | Min: 0.9490 | Max: 0.9814
[2026-06-04 00:27:40]   Round  29/50 | Avg: 0.9658 | Min: 0.9274 | Max: 0.9789
[2026-06-04 00:27:40]   Round  30/50 | Avg: 0.9682 | Min: 0.9423 | Max: 0.9820
[2026-06-04 00:27:40]   Round  31/50 | Avg: 0.9705 | Min: 0.9507 | Max: 0.9819
[2026-06-04 00:27:40]   Round  32/50 | Avg: 0.9696 | Min: 0.9528 | Max: 0.9810
[2026-06-04 00:27:40]   Round  33/50 | Avg: 0.9716 | Min: 0.9601 | Max: 0.9809
[2026-06-04 00:27:40]   Round  34/50 | Avg: 0.9682 | Min: 0.9538 | Max: 0.9811
[2026-06-04 00:27:40]   Round  35/50 | Avg: 0.9697 | Min: 0.9518 | Max: 0.9812
[2026-06-04 00:27:40]   Round  36/50 | Avg: 0.9718 | Min: 0.9507 | Max: 0.9806
[2026-06-04 00:27:40]   Round  37/50 | Avg: 0.9721 | Min: 0.9552 | Max: 0.9827
[2026-06-04 00:27:40]   Round  38/50 | Avg: 0.9709 | Min: 0.9557 | Max: 0.9814
[2026-06-04 00:27:40]   Round  39/50 | Avg: 0.9727 | Min: 0.9591 | Max: 0.9838
[2026-06-04 00:27:40]   Round  40/50 | Avg: 0.9729 | Min: 0.9616 | Max: 0.9815
[2026-06-04 00:27:40]   Round  41/50 | Avg: 0.9735 | Min: 0.9609 | Max: 0.9823
[2026-06-04 00:27:40]   Round  42/50 | Avg: 0.9739 | Min: 0.9565 | Max: 0.9839
[2026-06-04 00:27:40]   Round  43/50 | Avg: 0.9735 | Min: 0.9622 | Max: 0.9831
[2026-06-04 00:27:40]   Round  44/50 | Avg: 0.9738 | Min: 0.9618 | Max: 0.9847
[2026-06-04 00:27:40]   Round  45/50 | Avg: 0.9741 | Min: 0.9533 | Max: 0.9831
[2026-06-04 00:27:40]   Round  46/50 | Avg: 0.9753 | Min: 0.9628 | Max: 0.9837
[2026-06-04 00:27:40]   Round  47/50 | Avg: 0.9744 | Min: 0.9490 | Max: 0.9850
[2026-06-04 00:27:40]   Round  48/50 | Avg: 0.9752 | Min: 0.9509 | Max: 0.9829
[2026-06-04 00:27:40]   Round  49/50 | Avg: 0.9750 | Min: 0.9623 | Max: 0.9853
[2026-06-04 00:27:40]   Round  50/50 | Avg: 0.9762 | Min: 0.9493 | Max: 0.9838
[2026-06-04 00:27:40]   FEDPROX — NONIID done.
[2026-06-04 00:27:40] 
[2026-06-04 00:27:40] [seed=456]  FEDPROX  dataset=mnist  hetero=uniform
[2026-06-04 00:27:40] Loading MNIST...
[2026-06-04 00:27:40]   -> 60000 train, 10000 test
[2026-06-04 00:27:40] Loading CIFAR-10...
[2026-06-04 00:27:40]   -> 50000 train, 10000 test
[2026-06-04 00:27:40] 
[2026-06-04 00:27:40] =================================================================
[2026-06-04 00:27:40]   FEDPROX — IID
[2026-06-04 00:27:40] =================================================================
[2026-06-04 00:27:40]   Round   1/50 | Avg: 0.9024 | Min: 0.8929 | Max: 0.9147
[2026-06-04 00:27:40]   Round   2/50 | Avg: 0.8693 | Min: 0.8484 | Max: 0.8911
[2026-06-04 00:27:40]   Round   3/50 | Avg: 0.8907 | Min: 0.8753 | Max: 0.9077
[2026-06-04 00:27:40]   Round   4/50 | Avg: 0.9082 | Min: 0.8787 | Max: 0.9201
[2026-06-04 00:27:40]   Round   5/50 | Avg: 0.9185 | Min: 0.9015 | Max: 0.9293
[2026-06-04 00:27:40]   Round   6/50 | Avg: 0.9254 | Min: 0.9163 | Max: 0.9338
[2026-06-04 00:27:40]   Round   7/50 | Avg: 0.9313 | Min: 0.9212 | Max: 0.9406
[2026-06-04 00:27:40]   Round   8/50 | Avg: 0.9348 | Min: 0.9229 | Max: 0.9410
[2026-06-04 00:27:40]   Round   9/50 | Avg: 0.9372 | Min: 0.9285 | Max: 0.9439
[2026-06-04 00:27:40]   Round  10/50 | Avg: 0.9402 | Min: 0.9309 | Max: 0.9477
[2026-06-04 00:27:40]   Round  11/50 | Avg: 0.9413 | Min: 0.9317 | Max: 0.9480
[2026-06-04 00:27:40]   Round  12/50 | Avg: 0.9441 | Min: 0.9357 | Max: 0.9492
[2026-06-04 00:27:40]   Round  13/50 | Avg: 0.9456 | Min: 0.9380 | Max: 0.9550
[2026-06-04 00:27:40]   Round  14/50 | Avg: 0.9458 | Min: 0.9365 | Max: 0.9550
[2026-06-04 00:27:40]   Round  15/50 | Avg: 0.9471 | Min: 0.9348 | Max: 0.9536
[2026-06-04 00:27:40]   Round  16/50 | Avg: 0.9509 | Min: 0.9453 | Max: 0.9574
[2026-06-04 00:27:40]   Round  17/50 | Avg: 0.9511 | Min: 0.9423 | Max: 0.9568
[2026-06-04 00:27:40]   Round  18/50 | Avg: 0.9513 | Min: 0.9404 | Max: 0.9576
[2026-06-04 00:27:40]   Round  19/50 | Avg: 0.9529 | Min: 0.9463 | Max: 0.9575
[2026-06-04 00:27:40]   Round  20/50 | Avg: 0.9545 | Min: 0.9483 | Max: 0.9600
[2026-06-04 00:27:40]   Round  21/50 | Avg: 0.9550 | Min: 0.9492 | Max: 0.9606
[2026-06-04 00:27:40]   Round  22/50 | Avg: 0.9564 | Min: 0.9504 | Max: 0.9605
[2026-06-04 00:27:40]   Round  23/50 | Avg: 0.9577 | Min: 0.9544 | Max: 0.9614
[2026-06-04 00:27:40]   Round  24/50 | Avg: 0.9585 | Min: 0.9535 | Max: 0.9636
[2026-06-04 00:27:40]   Round  25/50 | Avg: 0.9592 | Min: 0.9522 | Max: 0.9639
[2026-06-04 00:27:40]   Round  26/50 | Avg: 0.9589 | Min: 0.9531 | Max: 0.9645
[2026-06-04 00:27:40]   Round  27/50 | Avg: 0.9605 | Min: 0.9560 | Max: 0.9636
[2026-06-04 00:27:40]   Round  28/50 | Avg: 0.9608 | Min: 0.9556 | Max: 0.9635
[2026-06-04 00:27:40]   Round  29/50 | Avg: 0.9615 | Min: 0.9571 | Max: 0.9658
[2026-06-04 00:27:40]   Round  30/50 | Avg: 0.9618 | Min: 0.9548 | Max: 0.9660
[2026-06-04 00:27:40]   Round  31/50 | Avg: 0.9626 | Min: 0.9600 | Max: 0.9663
[2026-06-04 00:27:40]   Round  32/50 | Avg: 0.9631 | Min: 0.9581 | Max: 0.9664
[2026-06-04 00:27:40]   Round  33/50 | Avg: 0.9634 | Min: 0.9577 | Max: 0.9670
[2026-06-04 00:27:40]   Round  34/50 | Avg: 0.9637 | Min: 0.9601 | Max: 0.9677
[2026-06-04 00:27:40]   Round  35/50 | Avg: 0.9647 | Min: 0.9587 | Max: 0.9675
[2026-06-04 00:27:40]   Round  36/50 | Avg: 0.9644 | Min: 0.9566 | Max: 0.9697
[2026-06-04 00:27:40]   Round  37/50 | Avg: 0.9663 | Min: 0.9631 | Max: 0.9691
[2026-06-04 00:27:40]   Round  38/50 | Avg: 0.9663 | Min: 0.9592 | Max: 0.9716
[2026-06-04 00:27:40]   Round  39/50 | Avg: 0.9670 | Min: 0.9639 | Max: 0.9700
[2026-06-04 00:27:40]   Round  40/50 | Avg: 0.9676 | Min: 0.9612 | Max: 0.9701
[2026-06-04 00:27:40]   Round  41/50 | Avg: 0.9683 | Min: 0.9649 | Max: 0.9704
[2026-06-04 00:27:40]   Round  42/50 | Avg: 0.9673 | Min: 0.9634 | Max: 0.9707
[2026-06-04 00:27:40]   Round  43/50 | Avg: 0.9689 | Min: 0.9655 | Max: 0.9722
[2026-06-04 00:27:40]   Round  44/50 | Avg: 0.9697 | Min: 0.9670 | Max: 0.9727
[2026-06-04 00:27:40]   Round  45/50 | Avg: 0.9701 | Min: 0.9657 | Max: 0.9737
[2026-06-04 00:27:40]   Round  46/50 | Avg: 0.9704 | Min: 0.9655 | Max: 0.9729
[2026-06-04 00:27:40]   Round  47/50 | Avg: 0.9705 | Min: 0.9615 | Max: 0.9742
[2026-06-04 00:27:40]   Round  48/50 | Avg: 0.9713 | Min: 0.9674 | Max: 0.9741
[2026-06-04 00:27:40]   Round  49/50 | Avg: 0.9710 | Min: 0.9672 | Max: 0.9740
[2026-06-04 00:27:40]   Round  50/50 | Avg: 0.9716 | Min: 0.9627 | Max: 0.9746
[2026-06-04 00:27:40]   FEDPROX — IID done.
[2026-06-04 00:27:40] 
[2026-06-04 00:27:40] =================================================================
[2026-06-04 00:27:40]   FEDPROX — NONIID
[2026-06-04 00:27:40] =================================================================
[2026-06-04 00:27:40]   Round   1/50 | Avg: 0.7716 | Min: 0.4601 | Max: 0.9118
[2026-06-04 00:27:40]   Round   2/50 | Avg: 0.6780 | Min: 0.3829 | Max: 0.8328
[2026-06-04 00:27:40]   Round   3/50 | Avg: 0.7588 | Min: 0.5815 | Max: 0.8690
[2026-06-04 00:27:40]   Round   4/50 | Avg: 0.7995 | Min: 0.5643 | Max: 0.9051
[2026-06-04 00:27:40]   Round   5/50 | Avg: 0.8441 | Min: 0.7283 | Max: 0.9294
[2026-06-04 00:27:40]   Round   6/50 | Avg: 0.8626 | Min: 0.7526 | Max: 0.9291
[2026-06-04 00:27:40]   Round   7/50 | Avg: 0.8774 | Min: 0.7928 | Max: 0.9387
[2026-06-04 00:27:40]   Round   8/50 | Avg: 0.8956 | Min: 0.8316 | Max: 0.9439
[2026-06-04 00:27:40]   Round   9/50 | Avg: 0.8999 | Min: 0.8132 | Max: 0.9488
[2026-06-04 00:27:40]   Round  10/50 | Avg: 0.9069 | Min: 0.8133 | Max: 0.9625
[2026-06-04 00:27:40]   Round  11/50 | Avg: 0.9178 | Min: 0.8278 | Max: 0.9568
[2026-06-04 00:27:40]   Round  12/50 | Avg: 0.9278 | Min: 0.8701 | Max: 0.9623
[2026-06-04 00:27:40]   Round  13/50 | Avg: 0.9303 | Min: 0.8810 | Max: 0.9597
[2026-06-04 00:27:40]   Round  14/50 | Avg: 0.9346 | Min: 0.8927 | Max: 0.9605
[2026-06-04 00:27:40]   Round  15/50 | Avg: 0.9358 | Min: 0.8834 | Max: 0.9618
[2026-06-04 00:27:40]   Round  16/50 | Avg: 0.9408 | Min: 0.8816 | Max: 0.9707
[2026-06-04 00:27:40]   Round  17/50 | Avg: 0.9394 | Min: 0.9071 | Max: 0.9668
[2026-06-04 00:27:40]   Round  18/50 | Avg: 0.9471 | Min: 0.9050 | Max: 0.9705
[2026-06-04 00:27:40]   Round  19/50 | Avg: 0.9468 | Min: 0.8851 | Max: 0.9695
[2026-06-04 00:27:40]   Round  20/50 | Avg: 0.9509 | Min: 0.9007 | Max: 0.9716
[2026-06-04 00:27:40]   Round  21/50 | Avg: 0.9530 | Min: 0.9174 | Max: 0.9726
[2026-06-04 00:27:40]   Round  22/50 | Avg: 0.9560 | Min: 0.9400 | Max: 0.9773
[2026-06-04 00:27:40]   Round  23/50 | Avg: 0.9556 | Min: 0.9215 | Max: 0.9743
[2026-06-04 00:27:40]   Round  24/50 | Avg: 0.9567 | Min: 0.9362 | Max: 0.9719
[2026-06-04 00:27:40]   Round  25/50 | Avg: 0.9575 | Min: 0.9345 | Max: 0.9737
[2026-06-04 00:27:40]   Round  26/50 | Avg: 0.9569 | Min: 0.9261 | Max: 0.9718
[2026-06-04 00:27:40]   Round  27/50 | Avg: 0.9596 | Min: 0.9365 | Max: 0.9768
[2026-06-04 00:27:40]   Round  28/50 | Avg: 0.9605 | Min: 0.9193 | Max: 0.9756
[2026-06-04 00:27:40]   Round  29/50 | Avg: 0.9653 | Min: 0.9532 | Max: 0.9750
[2026-06-04 00:27:40]   Round  30/50 | Avg: 0.9628 | Min: 0.9278 | Max: 0.9772
[2026-06-04 00:27:40]   Round  31/50 | Avg: 0.9631 | Min: 0.9335 | Max: 0.9775
[2026-06-04 00:27:40]   Round  32/50 | Avg: 0.9627 | Min: 0.9432 | Max: 0.9789
[2026-06-04 00:27:40]   Round  33/50 | Avg: 0.9649 | Min: 0.9384 | Max: 0.9775
[2026-06-04 00:27:40]   Round  34/50 | Avg: 0.9663 | Min: 0.9523 | Max: 0.9750
[2026-06-04 00:27:40]   Round  35/50 | Avg: 0.9664 | Min: 0.9448 | Max: 0.9774
[2026-06-04 00:27:40]   Round  36/50 | Avg: 0.9698 | Min: 0.9543 | Max: 0.9821
[2026-06-04 00:27:40]   Round  37/50 | Avg: 0.9670 | Min: 0.9450 | Max: 0.9800
[2026-06-04 00:27:40]   Round  38/50 | Avg: 0.9697 | Min: 0.9587 | Max: 0.9803
[2026-06-04 00:27:40]   Round  39/50 | Avg: 0.9643 | Min: 0.9220 | Max: 0.9795
[2026-06-04 00:27:40]   Round  40/50 | Avg: 0.9687 | Min: 0.9497 | Max: 0.9797
[2026-06-04 00:27:40]   Round  41/50 | Avg: 0.9695 | Min: 0.9517 | Max: 0.9785
[2026-06-04 00:27:40]   Round  42/50 | Avg: 0.9710 | Min: 0.9453 | Max: 0.9805
[2026-06-04 00:27:40]   Round  43/50 | Avg: 0.9705 | Min: 0.9391 | Max: 0.9820
[2026-06-04 00:27:40]   Round  44/50 | Avg: 0.9693 | Min: 0.9491 | Max: 0.9785
[2026-06-04 00:27:40]   Round  45/50 | Avg: 0.9702 | Min: 0.9530 | Max: 0.9797
[2026-06-04 00:27:40]   Round  46/50 | Avg: 0.9720 | Min: 0.9545 | Max: 0.9786
[2026-06-04 00:27:40]   Round  47/50 | Avg: 0.9728 | Min: 0.9581 | Max: 0.9803
[2026-06-04 00:27:40]   Round  48/50 | Avg: 0.9733 | Min: 0.9584 | Max: 0.9826
[2026-06-04 00:27:40]   Round  49/50 | Avg: 0.9702 | Min: 0.9458 | Max: 0.9796
[2026-06-04 00:27:40]   Round  50/50 | Avg: 0.9717 | Min: 0.9363 | Max: 0.9820
[2026-06-04 00:27:40]   FEDPROX — NONIID done.
[2026-06-04 00:27:40]   Saved final_ci_mnist_uniform.png
[2026-06-04 00:27:40]   Saved per_client_mnist_uniform.png
[2026-06-04 00:27:40] 
[2026-06-04 00:27:40] =================================================================
[2026-06-04 00:27:40]   All experiments complete.
[2026-06-04 00:27:40]   Results  ->  /home/gad/Desktop/HomeSenseKD/results/phase1
[2026-06-04 00:27:40]   Figures  ->  /home/gad/Desktop/HomeSenseKD/results/phase1/figures
[2026-06-04 00:27:40] =================================================================
[2026-06-04 00:27:40] ============================================================
[2026-06-04 00:27:40]   JOB DONE    : mnist_fedprox_uniform  (exit 0)
[2026-06-04 00:27:40]   Full log    : /home/gad/Desktop/HomeSenseKD/logs/phase1/mnist_fedprox_uniform.log
[2026-06-04 00:27:40] ============================================================
